{"C:\\Users\\BigPoppa\\Desktop\\minivirson\\server\\src\\app.module.ts": {"path":"C:\\Users\\BigPoppa\\Desktop\\minivirson\\server\\src\\app.module.ts","statementMap":{"0":{"start":{"line":1,"column":0},"end":{"line":1,"column":40}},"1":{"start":{"line":2,"column":0},"end":{"line":2,"column":41}},"2":{"start":{"line":3,"column":0},"end":{"line":3,"column":46}},"3":{"start":{"line":4,"column":0},"end":{"line":4,"column":68}},"4":{"start":{"line":5,"column":0},"end":{"line":5,"column":54}},"5":{"start":{"line":6,"column":0},"end":{"line":6,"column":48}},"6":{"start":{"line":7,"column":0},"end":{"line":7,"column":51}},"7":{"start":{"line":8,"column":0},"end":{"line":8,"column":63}},"8":{"start":{"line":9,"column":0},"end":{"line":9,"column":66}},"9":{"start":{"line":10,"column":0},"end":{"line":10,"column":57}},"10":{"start":{"line":11,"column":0},"end":{"line":11,"column":57}},"11":{"start":{"line":12,"column":0},"end":{"line":12,"column":66}},"12":{"start":{"line":13,"column":0},"end":{"line":13,"column":51}},"13":{"start":{"line":14,"column":0},"end":{"line":14,"column":54}},"14":{"start":{"line":54,"column":7},"end":{"line":54,"column":null}},"15":{"start":{"line":54,"column":13},"end":{"line":54,"column":22}},"16":{"start":{"line":54,"column":13},"end":{"line":54,"column":null}},"17":{"start":{"line":23,"column":16},"end":{"line":25,"column":17}},"18":{"start":{"line":24,"column":20},"end":{"line":24,"column":83}},"19":{"start":{"line":26,"column":16},"end":{"line":28,"column":17}},"20":{"start":{"line":27,"column":20},"end":{"line":27,"column":85}},"21":{"start":{"line":29,"column":16},"end":{"line":29,"column":30}}},"fnMap":{"0":{"name":"(anonymous_1)","decl":{"start":{"line":21,"column":22},"end":{"line":21,"column":23}},"loc":{"start":{"line":21,"column":33},"end":{"line":30,"column":13}}}},"branchMap":{"0":{"loc":{"start":{"line":23,"column":16},"end":{"line":25,"column":17}},"type":"if","locations":[{"start":{"line":23,"column":16},"end":{"line":25,"column":17}}]},"1":{"loc":{"start":{"line":26,"column":16},"end":{"line":28,"column":17}},"type":"if","locations":[{"start":{"line":26,"column":16},"end":{"line":28,"column":17}}]}},"s":{"0":0,"1":0,"2":0,"3":0,"4":0,"5":0,"6":0,"7":0,"8":0,"9":0,"10":0,"11":0,"12":0,"13":0,"14":0,"15":0,"16":0,"17":0,"18":0,"19":0,"20":0,"21":0},"f":{"0":0},"b":{"0":[0],"1":[0]}}
,"C:\\Users\\BigPoppa\\Desktop\\minivirson\\server\\src\\main.ts": {"path":"C:\\Users\\BigPoppa\\Desktop\\minivirson\\server\\src\\main.ts","statementMap":{"0":{"start":{"line":1,"column":0},"end":{"line":1,"column":43}},"1":{"start":{"line":2,"column":0},"end":{"line":2,"column":56}},"2":{"start":{"line":3,"column":0},"end":{"line":3,"column":65}},"3":{"start":{"line":4,"column":0},"end":{"line":4,"column":41}},"4":{"start":{"line":5,"column":0},"end":{"line":5,"column":79}},"5":{"start":{"line":6,"column":0},"end":{"line":6,"column":28}},"6":{"start":{"line":7,"column":0},"end":{"line":7,"column":38}},"7":{"start":{"line":8,"column":0},"end":{"line":8,"column":33}},"8":{"start":{"line":10,"column":0},"end":{"line":10,"column":35}},"9":{"start":{"line":13,"column":19},"end":{"line":13,"column":42}},"10":{"start":{"line":14,"column":16},"end":{"line":14,"column":51}},"11":{"start":{"line":17,"column":4},"end":{"line":28,"column":8}},"12":{"start":{"line":31,"column":4},"end":{"line":31,"column":27}},"13":{"start":{"line":34,"column":27},"end":{"line":37,"column":6}},"14":{"start":{"line":39,"column":4},"end":{"line":52,"column":7}},"15":{"start":{"line":42,"column":12},"end":{"line":47,"column":13}},"16":{"start":{"line":43,"column":16},"end":{"line":43,"column":37}},"17":{"start":{"line":45,"column":16},"end":{"line":45,"column":68}},"18":{"start":{"line":46,"column":16},"end":{"line":46,"column":59}},"19":{"start":{"line":55,"column":4},"end":{"line":62,"column":6}},"20":{"start":{"line":64,"column":4},"end":{"line":64,"column":31}},"21":{"start":{"line":65,"column":4},"end":{"line":65,"column":56}},"22":{"start":{"line":68,"column":4},"end":{"line":77,"column":5}},"23":{"start":{"line":69,"column":23},"end":{"line":74,"column":20}},"24":{"start":{"line":75,"column":25},"end":{"line":75,"column":66}},"25":{"start":{"line":76,"column":8},"end":{"line":76,"column":55}},"26":{"start":{"line":80,"column":4},"end":{"line":80,"column":30}},"27":{"start":{"line":82,"column":17},"end":{"line":82,"column":41}},"28":{"start":{"line":83,"column":4},"end":{"line":83,"column":27}},"29":{"start":{"line":84,"column":4},"end":{"line":84,"column":64}},"30":{"start":{"line":85,"column":4},"end":{"line":85,"column":74}},"31":{"start":{"line":88,"column":0},"end":{"line":88,"column":12}}},"fnMap":{"0":{"name":"bootstrap","decl":{"start":{"line":12,"column":15},"end":{"line":12,"column":24}},"loc":{"start":{"line":12,"column":24},"end":{"line":86,"column":1}}},"1":{"name":"(anonymous_1)","decl":{"start":{"line":40,"column":16},"end":{"line":40,"column":17}},"loc":{"start":{"line":40,"column":37},"end":{"line":48,"column":9}}}},"branchMap":{"0":{"loc":{"start":{"line":24,"column":39},"end":{"line":24,"column":88}},"type":"binary-expr","locations":[{"start":{"line":24,"column":39},"end":{"line":24,"column":61}},{"start":{"line":24,"column":65},"end":{"line":24,"column":88}}]},"1":{"loc":{"start":{"line":34,"column":27},"end":{"line":37,"column":6}},"type":"binary-expr","locations":[{"start":{"line":34,"column":27},"end":{"line":34,"column":66}},{"start":{"line":34,"column":70},"end":{"line":37,"column":6}}]},"2":{"loc":{"start":{"line":42,"column":12},"end":{"line":47,"column":13}},"type":"if","locations":[{"start":{"line":42,"column":12},"end":{"line":47,"column":13}},{"start":{"line":44,"column":19},"end":{"line":47,"column":13}}]},"3":{"loc":{"start":{"line":42,"column":16},"end":{"line":42,"column":58}},"type":"binary-expr","locations":[{"start":{"line":42,"column":16},"end":{"line":42,"column":23}},{"start":{"line":42,"column":27},"end":{"line":42,"column":58}}]},"4":{"loc":{"start":{"line":68,"column":4},"end":{"line":77,"column":5}},"type":"if","locations":[{"start":{"line":68,"column":4},"end":{"line":77,"column":5}}]},"5":{"loc":{"start":{"line":82,"column":17},"end":{"line":82,"column":41}},"type":"binary-expr","locations":[{"start":{"line":82,"column":17},"end":{"line":82,"column":33}},{"start":{"line":82,"column":37},"end":{"line":82,"column":41}}]}},"s":{"0":0,"1":0,"2":0,"3":0,"4":0,"5":0,"6":0,"7":0,"8":0,"9":0,"10":0,"11":0,"12":0,"13":0,"14":0,"15":0,"16":0,"17":0,"18":0,"19":0,"20":0,"21":0,"22":0,"23":0,"24":0,"25":0,"26":0,"27":0,"28":0,"29":0,"30":0,"31":0},"f":{"0":0,"1":0},"b":{"0":[0,0],"1":[0,0],"2":[0,0],"3":[0,0],"4":[0],"5":[0,0]}}
,"C:\\Users\\BigPoppa\\Desktop\\minivirson\\server\\src\\attendance\\attendance.controller.ts": {"path":"C:\\Users\\BigPoppa\\Desktop\\minivirson\\server\\src\\attendance\\attendance.controller.ts","statementMap":{"0":{"start":{"line":1,"column":0},"end":{"line":1,"column":null}},"1":{"start":{"line":4,"column":0},"end":{"line":4,"column":57}},"2":{"start":{"line":5,"column":0},"end":{"line":5,"column":null}},"3":{"start":{"line":10,"column":0},"end":{"line":10,"column":61}},"4":{"start":{"line":11,"column":0},"end":{"line":11,"column":56}},"5":{"start":{"line":12,"column":0},"end":{"line":12,"column":59}},"6":{"start":{"line":16,"column":7},"end":{"line":114,"column":null}},"7":{"start":{"line":17,"column":24},"end":{"line":17,"column":43}},"8":{"start":{"line":29,"column":8},"end":{"line":29,"column":80}},"9":{"start":{"line":38,"column":8},"end":{"line":38,"column":84}},"10":{"start":{"line":43,"column":8},"end":{"line":43,"column":60}},"11":{"start":{"line":57,"column":8},"end":{"line":57,"column":94}},"12":{"start":{"line":68,"column":8},"end":{"line":68,"column":85}},"13":{"start":{"line":80,"column":8},"end":{"line":80,"column":99}},"14":{"start":{"line":90,"column":8},"end":{"line":90,"column":102}},"15":{"start":{"line":101,"column":8},"end":{"line":101,"column":93}},"16":{"start":{"line":112,"column":8},"end":{"line":112,"column":91}},"17":{"start":{"line":16,"column":13},"end":{"line":16,"column":33}},"18":{"start":{"line":24,"column":4},"end":{"line":30,"column":null}},"19":{"start":{"line":33,"column":4},"end":{"line":39,"column":null}},"20":{"start":{"line":42,"column":4},"end":{"line":44,"column":null}},"21":{"start":{"line":51,"column":4},"end":{"line":58,"column":null}},"22":{"start":{"line":63,"column":4},"end":{"line":69,"column":null}},"23":{"start":{"line":74,"column":4},"end":{"line":81,"column":null}},"24":{"start":{"line":84,"column":4},"end":{"line":91,"column":null}},"25":{"start":{"line":96,"column":4},"end":{"line":102,"column":null}},"26":{"start":{"line":107,"column":4},"end":{"line":113,"column":null}},"27":{"start":{"line":16,"column":13},"end":{"line":114,"column":null}}},"fnMap":{"0":{"name":"(anonymous_4)","decl":{"start":{"line":17,"column":4},"end":{"line":17,"column":24}},"loc":{"start":{"line":17,"column":60},"end":{"line":17,"column":65}}},"1":{"name":"(anonymous_5)","decl":{"start":{"line":24,"column":4},"end":{"line":24,"column":17}},"loc":{"start":{"line":27,"column":22},"end":{"line":30,"column":5}}},"2":{"name":"(anonymous_6)","decl":{"start":{"line":33,"column":4},"end":{"line":33,"column":20}},"loc":{"start":{"line":36,"column":42},"end":{"line":39,"column":5}}},"3":{"name":"(anonymous_7)","decl":{"start":{"line":42,"column":4},"end":{"line":42,"column":14}},"loc":{"start":{"line":42,"column":52},"end":{"line":44,"column":5}}},"4":{"name":"(anonymous_8)","decl":{"start":{"line":51,"column":4},"end":{"line":51,"column":18}},"loc":{"start":{"line":55,"column":22},"end":{"line":58,"column":5}}},"5":{"name":"(anonymous_9)","decl":{"start":{"line":63,"column":4},"end":{"line":63,"column":22}},"loc":{"start":{"line":66,"column":22},"end":{"line":69,"column":5}}},"6":{"name":"(anonymous_10)","decl":{"start":{"line":74,"column":4},"end":{"line":74,"column":24}},"loc":{"start":{"line":78,"column":42},"end":{"line":81,"column":5}}},"7":{"name":"(anonymous_11)","decl":{"start":{"line":84,"column":4},"end":{"line":84,"column":19}},"loc":{"start":{"line":88,"column":42},"end":{"line":91,"column":5}}},"8":{"name":"(anonymous_12)","decl":{"start":{"line":96,"column":4},"end":{"line":96,"column":19}},"loc":{"start":{"line":99,"column":42},"end":{"line":102,"column":5}}},"9":{"name":"(anonymous_13)","decl":{"start":{"line":107,"column":4},"end":{"line":107,"column":14}},"loc":{"start":{"line":110,"column":42},"end":{"line":113,"column":5}}}},"branchMap":{},"s":{"0":0,"1":0,"2":0,"3":0,"4":0,"5":0,"6":0,"7":0,"8":0,"9":0,"10":0,"11":0,"12":0,"13":0,"14":0,"15":0,"16":0,"17":0,"18":0,"19":0,"20":0,"21":0,"22":0,"23":0,"24":0,"25":0,"26":0,"27":0},"f":{"0":0,"1":0,"2":0,"3":0,"4":0,"5":0,"6":0,"7":0,"8":0,"9":0},"b":{}}
,"C:\\Users\\BigPoppa\\Desktop\\minivirson\\server\\src\\attendance\\attendance.module.ts": {"path":"C:\\Users\\BigPoppa\\Desktop\\minivirson\\server\\src\\attendance\\attendance.module.ts","statementMap":{"0":{"start":{"line":1,"column":0},"end":{"line":1,"column":40}},"1":{"start":{"line":2,"column":0},"end":{"line":2,"column":57}},"2":{"start":{"line":3,"column":0},"end":{"line":3,"column":63}},"3":{"start":{"line":10,"column":7},"end":{"line":10,"column":null}},"4":{"start":{"line":10,"column":13},"end":{"line":10,"column":29}},"5":{"start":{"line":10,"column":13},"end":{"line":10,"column":null}}},"fnMap":{},"branchMap":{},"s":{"0":0,"1":0,"2":0,"3":0,"4":0,"5":0},"f":{},"b":{}}
,"C:\\Users\\BigPoppa\\Desktop\\minivirson\\server\\src\\attendance\\attendance.service.ts": {"path":"C:\\Users\\BigPoppa\\Desktop\\minivirson\\server\\src\\attendance\\attendance.service.ts","statementMap":{"0":{"start":{"line":1,"column":0},"end":{"line":1,"column":90}},"1":{"start":{"line":2,"column":0},"end":{"line":2,"column":57}},"2":{"start":{"line":3,"column":0},"end":{"line":3,"column":null}},"3":{"start":{"line":10,"column":26},"end":{"line":10,"column":28}},"4":{"start":{"line":11,"column":22},"end":{"line":11,"column":25}},"5":{"start":{"line":14,"column":30},"end":{"line":411,"column":null}},"6":{"start":{"line":17,"column":24},"end":{"line":17,"column":32}},"7":{"start":{"line":15,"column":21},"end":{"line":15,"column":65}},"8":{"start":{"line":22,"column":20},"end":{"line":22,"column":82}},"9":{"start":{"line":23,"column":8},"end":{"line":23,"column":65}},"10":{"start":{"line":23,"column":18},"end":{"line":23,"column":65}},"11":{"start":{"line":25,"column":21},"end":{"line":25,"column":39}},"12":{"start":{"line":27,"column":8},"end":{"line":27,"column":34}},"13":{"start":{"line":29,"column":25},"end":{"line":31,"column":10}},"14":{"start":{"line":32,"column":8},"end":{"line":32,"column":101}},"15":{"start":{"line":32,"column":22},"end":{"line":32,"column":101}},"16":{"start":{"line":34,"column":8},"end":{"line":48,"column":11}},"17":{"start":{"line":58,"column":25},"end":{"line":58,"column":68}},"18":{"start":{"line":59,"column":21},"end":{"line":59,"column":55}},"19":{"start":{"line":61,"column":27},"end":{"line":61,"column":38}},"20":{"start":{"line":62,"column":8},"end":{"line":66,"column":9}},"21":{"start":{"line":63,"column":12},"end":{"line":63,"column":28}},"22":{"start":{"line":64,"column":12},"end":{"line":64,"column":64}},"23":{"start":{"line":64,"column":27},"end":{"line":64,"column":64}},"24":{"start":{"line":65,"column":12},"end":{"line":65,"column":60}},"25":{"start":{"line":65,"column":25},"end":{"line":65,"column":60}},"26":{"start":{"line":68,"column":34},"end":{"line":84,"column":10}},"27":{"start":{"line":86,"column":8},"end":{"line":94,"column":10}},"28":{"start":{"line":98,"column":24},"end":{"line":120,"column":10}},"29":{"start":{"line":121,"column":8},"end":{"line":121,"column":82}},"30":{"start":{"line":121,"column":22},"end":{"line":121,"column":82}},"31":{"start":{"line":122,"column":8},"end":{"line":122,"column":23}},"32":{"start":{"line":128,"column":24},"end":{"line":128,"column":100}},"33":{"start":{"line":129,"column":8},"end":{"line":129,"column":71}},"34":{"start":{"line":129,"column":22},"end":{"line":129,"column":71}},"35":{"start":{"line":132,"column":30},"end":{"line":132,"column":61}},"36":{"start":{"line":133,"column":8},"end":{"line":135,"column":9}},"37":{"start":{"line":134,"column":12},"end":{"line":134,"column":103}},"38":{"start":{"line":137,"column":8},"end":{"line":155,"column":11}},"39":{"start":{"line":159,"column":21},"end":{"line":159,"column":39}},"40":{"start":{"line":160,"column":8},"end":{"line":160,"column":34}},"41":{"start":{"line":163,"column":8},"end":{"line":231,"column":11}},"42":{"start":{"line":165,"column":26},"end":{"line":167,"column":14}},"43":{"start":{"line":169,"column":12},"end":{"line":178,"column":13}},"44":{"start":{"line":170,"column":16},"end":{"line":177,"column":19}},"45":{"start":{"line":181,"column":34},"end":{"line":181,"column":65}},"46":{"start":{"line":182,"column":12},"end":{"line":188,"column":13}},"47":{"start":{"line":183,"column":16},"end":{"line":187,"column":17}},"48":{"start":{"line":184,"column":20},"end":{"line":186,"column":22}},"49":{"start":{"line":191,"column":28},"end":{"line":212,"column":null}},"50":{"start":{"line":193,"column":20},"end":{"line":211,"column":22}},"51":{"start":{"line":216,"column":28},"end":{"line":222,"column":14}},"52":{"start":{"line":218,"column":47},"end":{"line":218,"column":84}},"53":{"start":{"line":219,"column":46},"end":{"line":219,"column":82}},"54":{"start":{"line":220,"column":44},"end":{"line":220,"column":78}},"55":{"start":{"line":221,"column":47},"end":{"line":221,"column":84}},"56":{"start":{"line":224,"column":12},"end":{"line":224,"column":126}},"57":{"start":{"line":226,"column":12},"end":{"line":230,"column":14}},"58":{"start":{"line":244,"column":25},"end":{"line":244,"column":68}},"59":{"start":{"line":245,"column":21},"end":{"line":245,"column":55}},"60":{"start":{"line":247,"column":27},"end":{"line":247,"column":40}},"61":{"start":{"line":248,"column":8},"end":{"line":248,"column":49}},"62":{"start":{"line":248,"column":21},"end":{"line":248,"column":49}},"63":{"start":{"line":249,"column":8},"end":{"line":254,"column":9}},"64":{"start":{"line":250,"column":12},"end":{"line":250,"column":48}},"65":{"start":{"line":251,"column":12},"end":{"line":251,"column":36}},"66":{"start":{"line":252,"column":12},"end":{"line":252,"column":72}},"67":{"start":{"line":252,"column":27},"end":{"line":252,"column":72}},"68":{"start":{"line":253,"column":12},"end":{"line":253,"column":68}},"69":{"start":{"line":253,"column":25},"end":{"line":253,"column":68}},"70":{"start":{"line":256,"column":33},"end":{"line":273,"column":10}},"71":{"start":{"line":276,"column":37},"end":{"line":279,"column":10}},"72":{"start":{"line":281,"column":24},"end":{"line":281,"column":67}},"73":{"start":{"line":283,"column":8},"end":{"line":292,"column":10}},"74":{"start":{"line":296,"column":32},"end":{"line":296,"column":34}},"75":{"start":{"line":297,"column":8},"end":{"line":297,"column":60}},"76":{"start":{"line":297,"column":23},"end":{"line":297,"column":60}},"77":{"start":{"line":298,"column":8},"end":{"line":298,"column":56}},"78":{"start":{"line":298,"column":21},"end":{"line":298,"column":56}},"79":{"start":{"line":300,"column":25},"end":{"line":313,"column":10}},"80":{"start":{"line":316,"column":27},"end":{"line":316,"column":null}},"81":{"start":{"line":325,"column":8},"end":{"line":343,"column":9}},"82":{"start":{"line":326,"column":12},"end":{"line":342,"column":13}},"83":{"start":{"line":327,"column":28},"end":{"line":327,"column":44}},"84":{"start":{"line":328,"column":16},"end":{"line":333,"column":17}},"85":{"start":{"line":329,"column":20},"end":{"line":332,"column":23}},"86":{"start":{"line":334,"column":30},"end":{"line":334,"column":50}},"87":{"start":{"line":335,"column":16},"end":{"line":335,"column":30}},"88":{"start":{"line":336,"column":16},"end":{"line":341,"column":17}},"89":{"start":{"line":337,"column":51},"end":{"line":337,"column":67}},"90":{"start":{"line":337,"column":68},"end":{"line":337,"column":74}},"91":{"start":{"line":338,"column":50},"end":{"line":338,"column":65}},"92":{"start":{"line":338,"column":66},"end":{"line":338,"column":72}},"93":{"start":{"line":339,"column":48},"end":{"line":339,"column":61}},"94":{"start":{"line":339,"column":62},"end":{"line":339,"column":68}},"95":{"start":{"line":340,"column":51},"end":{"line":340,"column":67}},"96":{"start":{"line":340,"column":68},"end":{"line":340,"column":74}},"97":{"start":{"line":345,"column":33},"end":{"line":349,"column":11}},"98":{"start":{"line":345,"column":88},"end":{"line":349,"column":10}},"99":{"start":{"line":351,"column":8},"end":{"line":354,"column":10}},"100":{"start":{"line":353,"column":54},"end":{"line":353,"column":82}},"101":{"start":{"line":358,"column":8},"end":{"line":360,"column":9}},"102":{"start":{"line":359,"column":12},"end":{"line":359,"column":105}},"103":{"start":{"line":363,"column":32},"end":{"line":363,"column":34}},"104":{"start":{"line":364,"column":8},"end":{"line":364,"column":77}},"105":{"start":{"line":364,"column":32},"end":{"line":364,"column":77}},"106":{"start":{"line":365,"column":8},"end":{"line":365,"column":73}},"107":{"start":{"line":365,"column":30},"end":{"line":365,"column":73}},"108":{"start":{"line":367,"column":41},"end":{"line":382,"column":10}},"109":{"start":{"line":384,"column":8},"end":{"line":390,"column":10}},"110":{"start":{"line":388,"column":48},"end":{"line":388,"column":85}},"111":{"start":{"line":396,"column":22},"end":{"line":396,"column":36}},"112":{"start":{"line":397,"column":24},"end":{"line":397,"column":91}},"113":{"start":{"line":397,"column":46},"end":{"line":397,"column":83}},"114":{"start":{"line":398,"column":23},"end":{"line":398,"column":89}},"115":{"start":{"line":398,"column":45},"end":{"line":398,"column":81}},"116":{"start":{"line":399,"column":21},"end":{"line":399,"column":85}},"117":{"start":{"line":399,"column":43},"end":{"line":399,"column":77}},"118":{"start":{"line":400,"column":24},"end":{"line":400,"column":91}},"119":{"start":{"line":400,"column":46},"end":{"line":400,"column":83}},"120":{"start":{"line":402,"column":8},"end":{"line":409,"column":10}},"121":{"start":{"line":14,"column":13},"end":{"line":14,"column":30}},"122":{"start":{"line":14,"column":13},"end":{"line":411,"column":null}}},"fnMap":{"0":{"name":"(anonymous_2)","decl":{"start":{"line":17,"column":4},"end":{"line":17,"column":24}},"loc":{"start":{"line":17,"column":45},"end":{"line":17,"column":50}}},"1":{"name":"(anonymous_3)","decl":{"start":{"line":21,"column":4},"end":{"line":21,"column":9}},"loc":{"start":{"line":21,"column":91},"end":{"line":49,"column":5}}},"2":{"name":"(anonymous_4)","decl":{"start":{"line":51,"column":4},"end":{"line":51,"column":9}},"loc":{"start":{"line":56,"column":41},"end":{"line":95,"column":5}}},"3":{"name":"(anonymous_5)","decl":{"start":{"line":97,"column":4},"end":{"line":97,"column":9}},"loc":{"start":{"line":97,"column":38},"end":{"line":123,"column":5}}},"4":{"name":"(anonymous_6)","decl":{"start":{"line":127,"column":4},"end":{"line":127,"column":9}},"loc":{"start":{"line":127,"column":104},"end":{"line":156,"column":5}}},"5":{"name":"(anonymous_7)","decl":{"start":{"line":158,"column":4},"end":{"line":158,"column":9}},"loc":{"start":{"line":158,"column":87},"end":{"line":232,"column":5}}},"6":{"name":"(anonymous_8)","decl":{"start":{"line":163,"column":40},"end":{"line":163,"column":45}},"loc":{"start":{"line":163,"column":53},"end":{"line":231,"column":9}}},"7":{"name":"(anonymous_9)","decl":{"start":{"line":192,"column":32},"end":{"line":192,"column":33}},"loc":{"start":{"line":193,"column":20},"end":{"line":211,"column":22}}},"8":{"name":"(anonymous_10)","decl":{"start":{"line":218,"column":40},"end":{"line":218,"column":41}},"loc":{"start":{"line":218,"column":47},"end":{"line":218,"column":84}}},"9":{"name":"(anonymous_11)","decl":{"start":{"line":219,"column":39},"end":{"line":219,"column":40}},"loc":{"start":{"line":219,"column":46},"end":{"line":219,"column":82}}},"10":{"name":"(anonymous_12)","decl":{"start":{"line":220,"column":37},"end":{"line":220,"column":38}},"loc":{"start":{"line":220,"column":44},"end":{"line":220,"column":78}}},"11":{"name":"(anonymous_13)","decl":{"start":{"line":221,"column":40},"end":{"line":221,"column":41}},"loc":{"start":{"line":221,"column":47},"end":{"line":221,"column":84}}},"12":{"name":"(anonymous_14)","decl":{"start":{"line":236,"column":4},"end":{"line":236,"column":9}},"loc":{"start":{"line":242,"column":41},"end":{"line":293,"column":5}}},"13":{"name":"(anonymous_15)","decl":{"start":{"line":295,"column":4},"end":{"line":295,"column":9}},"loc":{"start":{"line":295,"column":89},"end":{"line":355,"column":5}}},"14":{"name":"(anonymous_16)","decl":{"start":{"line":345,"column":70},"end":{"line":345,"column":71}},"loc":{"start":{"line":345,"column":88},"end":{"line":349,"column":10}}},"15":{"name":"(anonymous_17)","decl":{"start":{"line":353,"column":44},"end":{"line":353,"column":45}},"loc":{"start":{"line":353,"column":54},"end":{"line":353,"column":82}}},"16":{"name":"(anonymous_18)","decl":{"start":{"line":357,"column":4},"end":{"line":357,"column":9}},"loc":{"start":{"line":357,"column":98},"end":{"line":391,"column":5}}},"17":{"name":"(anonymous_19)","decl":{"start":{"line":388,"column":40},"end":{"line":388,"column":41}},"loc":{"start":{"line":388,"column":48},"end":{"line":388,"column":85}}},"18":{"name":"(anonymous_20)","decl":{"start":{"line":395,"column":12},"end":{"line":395,"column":28}},"loc":{"start":{"line":395,"column":58},"end":{"line":410,"column":5}}},"19":{"name":"(anonymous_21)","decl":{"start":{"line":397,"column":39},"end":{"line":397,"column":40}},"loc":{"start":{"line":397,"column":46},"end":{"line":397,"column":83}}},"20":{"name":"(anonymous_22)","decl":{"start":{"line":398,"column":38},"end":{"line":398,"column":39}},"loc":{"start":{"line":398,"column":45},"end":{"line":398,"column":81}}},"21":{"name":"(anonymous_23)","decl":{"start":{"line":399,"column":36},"end":{"line":399,"column":37}},"loc":{"start":{"line":399,"column":43},"end":{"line":399,"column":77}}},"22":{"name":"(anonymous_24)","decl":{"start":{"line":400,"column":39},"end":{"line":400,"column":40}},"loc":{"start":{"line":400,"column":46},"end":{"line":400,"column":83}}}},"branchMap":{"0":{"loc":{"start":{"line":23,"column":8},"end":{"line":23,"column":65}},"type":"if","locations":[{"start":{"line":23,"column":8},"end":{"line":23,"column":65}}]},"1":{"loc":{"start":{"line":32,"column":8},"end":{"line":32,"column":101}},"type":"if","locations":[{"start":{"line":32,"column":8},"end":{"line":32,"column":101}}]},"2":{"loc":{"start":{"line":55,"column":8},"end":{"line":55,"column":24}},"type":"default-arg","locations":[{"start":{"line":55,"column":23},"end":{"line":55,"column":24}}]},"3":{"loc":{"start":{"line":56,"column":8},"end":{"line":56,"column":41}},"type":"default-arg","locations":[{"start":{"line":56,"column":24},"end":{"line":56,"column":41}}]},"4":{"loc":{"start":{"line":62,"column":8},"end":{"line":66,"column":9}},"type":"if","locations":[{"start":{"line":62,"column":8},"end":{"line":66,"column":9}}]},"5":{"loc":{"start":{"line":62,"column":12},"end":{"line":62,"column":32}},"type":"binary-expr","locations":[{"start":{"line":62,"column":12},"end":{"line":62,"column":21}},{"start":{"line":62,"column":25},"end":{"line":62,"column":32}}]},"6":{"loc":{"start":{"line":64,"column":12},"end":{"line":64,"column":64}},"type":"if","locations":[{"start":{"line":64,"column":12},"end":{"line":64,"column":64}}]},"7":{"loc":{"start":{"line":65,"column":12},"end":{"line":65,"column":60}},"type":"if","locations":[{"start":{"line":65,"column":12},"end":{"line":65,"column":60}}]},"8":{"loc":{"start":{"line":121,"column":8},"end":{"line":121,"column":82}},"type":"if","locations":[{"start":{"line":121,"column":8},"end":{"line":121,"column":82}}]},"9":{"loc":{"start":{"line":129,"column":8},"end":{"line":129,"column":71}},"type":"if","locations":[{"start":{"line":129,"column":8},"end":{"line":129,"column":71}}]},"10":{"loc":{"start":{"line":133,"column":8},"end":{"line":135,"column":9}},"type":"if","locations":[{"start":{"line":133,"column":8},"end":{"line":135,"column":9}}]},"11":{"loc":{"start":{"line":169,"column":12},"end":{"line":178,"column":13}},"type":"if","locations":[{"start":{"line":169,"column":12},"end":{"line":178,"column":13}}]},"12":{"loc":{"start":{"line":183,"column":16},"end":{"line":187,"column":17}},"type":"if","locations":[{"start":{"line":183,"column":16},"end":{"line":187,"column":17}}]},"13":{"loc":{"start":{"line":241,"column":8},"end":{"line":241,"column":24}},"type":"default-arg","locations":[{"start":{"line":241,"column":23},"end":{"line":241,"column":24}}]},"14":{"loc":{"start":{"line":242,"column":8},"end":{"line":242,"column":41}},"type":"default-arg","locations":[{"start":{"line":242,"column":24},"end":{"line":242,"column":41}}]},"15":{"loc":{"start":{"line":248,"column":8},"end":{"line":248,"column":49}},"type":"if","locations":[{"start":{"line":248,"column":8},"end":{"line":248,"column":49}}]},"16":{"loc":{"start":{"line":249,"column":8},"end":{"line":254,"column":9}},"type":"if","locations":[{"start":{"line":249,"column":8},"end":{"line":254,"column":9}}]},"17":{"loc":{"start":{"line":249,"column":12},"end":{"line":249,"column":32}},"type":"binary-expr","locations":[{"start":{"line":249,"column":12},"end":{"line":249,"column":21}},{"start":{"line":249,"column":25},"end":{"line":249,"column":32}}]},"18":{"loc":{"start":{"line":250,"column":28},"end":{"line":250,"column":47}},"type":"binary-expr","locations":[{"start":{"line":250,"column":28},"end":{"line":250,"column":41}},{"start":{"line":250,"column":45},"end":{"line":250,"column":47}}]},"19":{"loc":{"start":{"line":252,"column":12},"end":{"line":252,"column":72}},"type":"if","locations":[{"start":{"line":252,"column":12},"end":{"line":252,"column":72}}]},"20":{"loc":{"start":{"line":253,"column":12},"end":{"line":253,"column":68}},"type":"if","locations":[{"start":{"line":253,"column":12},"end":{"line":253,"column":68}}]},"21":{"loc":{"start":{"line":297,"column":8},"end":{"line":297,"column":60}},"type":"if","locations":[{"start":{"line":297,"column":8},"end":{"line":297,"column":60}}]},"22":{"loc":{"start":{"line":298,"column":8},"end":{"line":298,"column":56}},"type":"if","locations":[{"start":{"line":298,"column":8},"end":{"line":298,"column":56}}]},"23":{"loc":{"start":{"line":303,"column":20},"end":{"line":303,"column":82}},"type":"cond-expr","locations":[{"start":{"line":303,"column":57},"end":{"line":303,"column":77}},{"start":{"line":303,"column":80},"end":{"line":303,"column":82}}]},"24":{"loc":{"start":{"line":328,"column":16},"end":{"line":333,"column":17}},"type":"if","locations":[{"start":{"line":328,"column":16},"end":{"line":333,"column":17}}]},"25":{"loc":{"start":{"line":336,"column":16},"end":{"line":341,"column":17}},"type":"switch","locations":[{"start":{"line":337,"column":20},"end":{"line":337,"column":74}},{"start":{"line":338,"column":20},"end":{"line":338,"column":72}},{"start":{"line":339,"column":20},"end":{"line":339,"column":68}},{"start":{"line":340,"column":20},"end":{"line":340,"column":74}}]},"26":{"loc":{"start":{"line":348,"column":28},"end":{"line":348,"column":112}},"type":"cond-expr","locations":[{"start":{"line":348,"column":46},"end":{"line":348,"column":108}},{"start":{"line":348,"column":111},"end":{"line":348,"column":112}}]},"27":{"loc":{"start":{"line":358,"column":8},"end":{"line":360,"column":9}},"type":"if","locations":[{"start":{"line":358,"column":8},"end":{"line":360,"column":9}}]},"28":{"loc":{"start":{"line":364,"column":8},"end":{"line":364,"column":77}},"type":"if","locations":[{"start":{"line":364,"column":8},"end":{"line":364,"column":77}}]},"29":{"loc":{"start":{"line":365,"column":8},"end":{"line":365,"column":73}},"type":"if","locations":[{"start":{"line":365,"column":8},"end":{"line":365,"column":73}}]},"30":{"loc":{"start":{"line":369,"column":23},"end":{"line":369,"column":85}},"type":"cond-expr","locations":[{"start":{"line":369,"column":60},"end":{"line":369,"column":80}},{"start":{"line":369,"column":83},"end":{"line":369,"column":85}}]},"31":{"loc":{"start":{"line":379,"column":23},"end":{"line":379,"column":98}},"type":"cond-expr","locations":[{"start":{"line":379,"column":60},"end":{"line":379,"column":93}},{"start":{"line":379,"column":96},"end":{"line":379,"column":98}}]},"32":{"loc":{"start":{"line":386,"column":23},"end":{"line":386,"column":85}},"type":"cond-expr","locations":[{"start":{"line":386,"column":60},"end":{"line":386,"column":80}},{"start":{"line":386,"column":83},"end":{"line":386,"column":85}}]},"33":{"loc":{"start":{"line":408,"column":28},"end":{"line":408,"column":88}},"type":"cond-expr","locations":[{"start":{"line":408,"column":40},"end":{"line":408,"column":84}},{"start":{"line":408,"column":87},"end":{"line":408,"column":88}}]}},"s":{"0":0,"1":0,"2":0,"3":0,"4":0,"5":0,"6":0,"7":0,"8":0,"9":0,"10":0,"11":0,"12":0,"13":0,"14":0,"15":0,"16":0,"17":0,"18":0,"19":0,"20":0,"21":0,"22":0,"23":0,"24":0,"25":0,"26":0,"27":0,"28":0,"29":0,"30":0,"31":0,"32":0,"33":0,"34":0,"35":0,"36":0,"37":0,"38":0,"39":0,"40":0,"41":0,"42":0,"43":0,"44":0,"45":0,"46":0,"47":0,"48":0,"49":0,"50":0,"51":0,"52":0,"53":0,"54":0,"55":0,"56":0,"57":0,"58":0,"59":0,"60":0,"61":0,"62":0,"63":0,"64":0,"65":0,"66":0,"67":0,"68":0,"69":0,"70":0,"71":0,"72":0,"73":0,"74":0,"75":0,"76":0,"77":0,"78":0,"79":0,"80":0,"81":0,"82":0,"83":0,"84":0,"85":0,"86":0,"87":0,"88":0,"89":0,"90":0,"91":0,"92":0,"93":0,"94":0,"95":0,"96":0,"97":0,"98":0,"99":0,"100":0,"101":0,"102":0,"103":0,"104":0,"105":0,"106":0,"107":0,"108":0,"109":0,"110":0,"111":0,"112":0,"113":0,"114":0,"115":0,"116":0,"117":0,"118":0,"119":0,"120":0,"121":0,"122":0},"f":{"0":0,"1":0,"2":0,"3":0,"4":0,"5":0,"6":0,"7":0,"8":0,"9":0,"10":0,"11":0,"12":0,"13":0,"14":0,"15":0,"16":0,"17":0,"18":0,"19":0,"20":0,"21":0,"22":0},"b":{"0":[0],"1":[0],"2":[0],"3":[0],"4":[0],"5":[0,0],"6":[0],"7":[0],"8":[0],"9":[0],"10":[0],"11":[0],"12":[0],"13":[0],"14":[0],"15":[0],"16":[0],"17":[0,0],"18":[0,0],"19":[0],"20":[0],"21":[0],"22":[0],"23":[0,0],"24":[0],"25":[0,0,0,0],"26":[0,0],"27":[0],"28":[0],"29":[0],"30":[0,0],"31":[0,0],"32":[0,0],"33":[0,0]}}
,"C:\\Users\\BigPoppa\\Desktop\\minivirson\\server\\src\\attendance\\dto\\attendance.dto.ts": {"path":"C:\\Users\\BigPoppa\\Desktop\\minivirson\\server\\src\\attendance\\dto\\attendance.dto.ts","statementMap":{"0":{"start":{"line":1,"column":0},"end":{"line":1,"column":135}},"1":{"start":{"line":2,"column":0},"end":{"line":2,"column":41}},"2":{"start":{"line":4,"column":0},"end":{"line":4,"column":null}},"3":{"start":{"line":5,"column":4},"end":{"line":5,"column":null}},"4":{"start":{"line":6,"column":4},"end":{"line":6,"column":null}},"5":{"start":{"line":7,"column":4},"end":{"line":7,"column":null}},"6":{"start":{"line":8,"column":4},"end":{"line":8,"column":null}},"7":{"start":{"line":13,"column":0},"end":{"line":13,"column":13}},"8":{"start":{"line":15,"column":4},"end":{"line":15,"column":null}},"9":{"start":{"line":20,"column":4},"end":{"line":20,"column":null}},"10":{"start":{"line":25,"column":0},"end":{"line":25,"column":13}},"11":{"start":{"line":28,"column":4},"end":{"line":28,"column":null}},"12":{"start":{"line":33,"column":4},"end":{"line":33,"column":null}},"13":{"start":{"line":36,"column":0},"end":{"line":36,"column":13}},"14":{"start":{"line":38,"column":4},"end":{"line":38,"column":null}},"15":{"start":{"line":42,"column":4},"end":{"line":42,"column":null}},"16":{"start":{"line":47,"column":4},"end":{"line":47,"column":null}},"17":{"start":{"line":50,"column":0},"end":{"line":50,"column":13}},"18":{"start":{"line":52,"column":4},"end":{"line":52,"column":null}},"19":{"start":{"line":58,"column":4},"end":{"line":58,"column":null}},"20":{"start":{"line":57,"column":16},"end":{"line":57,"column":35}},"21":{"start":{"line":63,"column":4},"end":{"line":63,"column":null}},"22":{"start":{"line":68,"column":0},"end":{"line":68,"column":13}},"23":{"start":{"line":71,"column":4},"end":{"line":71,"column":null}},"24":{"start":{"line":75,"column":4},"end":{"line":75,"column":null}}},"fnMap":{"0":{"name":"(anonymous_2)","decl":{"start":{"line":4,"column":0},"end":{"line":4,"column":12}},"loc":{"start":{"line":4,"column":28},"end":{"line":9,"column":1}}},"1":{"name":"(anonymous_3)","decl":{"start":{"line":57,"column":10},"end":{"line":57,"column":13}},"loc":{"start":{"line":57,"column":16},"end":{"line":57,"column":35}}}},"branchMap":{"0":{"loc":{"start":{"line":4,"column":12},"end":{"line":4,"column":null}},"type":"binary-expr","locations":[{"start":{"line":4,"column":12},"end":{"line":4,"column":28}},{"start":{"line":4,"column":28},"end":{"line":4,"column":null}}]}},"s":{"0":0,"1":0,"2":0,"3":0,"4":0,"5":0,"6":0,"7":0,"8":0,"9":0,"10":0,"11":0,"12":0,"13":0,"14":0,"15":0,"16":0,"17":0,"18":0,"19":0,"20":0,"21":0,"22":0,"23":0,"24":0},"f":{"0":0,"1":0},"b":{"0":[0,0]}}
,"C:\\Users\\BigPoppa\\Desktop\\minivirson\\server\\src\\auth\\auth.controller.ts": {"path":"C:\\Users\\BigPoppa\\Desktop\\minivirson\\server\\src\\auth\\auth.controller.ts","statementMap":{"0":{"start":{"line":1,"column":0},"end":{"line":1,"column":103}},"1":{"start":{"line":2,"column":0},"end":{"line":2,"column":84}},"2":{"start":{"line":3,"column":0},"end":{"line":3,"column":45}},"3":{"start":{"line":4,"column":0},"end":{"line":4,"column":67}},"4":{"start":{"line":5,"column":0},"end":{"line":5,"column":55}},"5":{"start":{"line":9,"column":7},"end":{"line":57,"column":null}},"6":{"start":{"line":10,"column":24},"end":{"line":10,"column":37}},"7":{"start":{"line":17,"column":8},"end":{"line":17,"column":46}},"8":{"start":{"line":26,"column":8},"end":{"line":26,"column":43}},"9":{"start":{"line":35,"column":8},"end":{"line":35,"column":58}},"10":{"start":{"line":45,"column":8},"end":{"line":45,"column":67}},"11":{"start":{"line":55,"column":8},"end":{"line":55,"column":57}},"12":{"start":{"line":9,"column":13},"end":{"line":9,"column":27}},"13":{"start":{"line":16,"column":10},"end":{"line":18,"column":null}},"14":{"start":{"line":25,"column":10},"end":{"line":27,"column":null}},"15":{"start":{"line":34,"column":10},"end":{"line":36,"column":null}},"16":{"start":{"line":44,"column":10},"end":{"line":46,"column":null}},"17":{"start":{"line":54,"column":10},"end":{"line":56,"column":null}},"18":{"start":{"line":9,"column":13},"end":{"line":57,"column":null}}},"fnMap":{"0":{"name":"(anonymous_4)","decl":{"start":{"line":10,"column":4},"end":{"line":10,"column":24}},"loc":{"start":{"line":10,"column":48},"end":{"line":10,"column":53}}},"1":{"name":"(anonymous_5)","decl":{"start":{"line":16,"column":4},"end":{"line":16,"column":9}},"loc":{"start":{"line":16,"column":43},"end":{"line":18,"column":5}}},"2":{"name":"(anonymous_6)","decl":{"start":{"line":25,"column":4},"end":{"line":25,"column":9}},"loc":{"start":{"line":25,"column":37},"end":{"line":27,"column":5}}},"3":{"name":"(anonymous_7)","decl":{"start":{"line":34,"column":4},"end":{"line":34,"column":9}},"loc":{"start":{"line":34,"column":41},"end":{"line":36,"column":5}}},"4":{"name":"(anonymous_8)","decl":{"start":{"line":44,"column":4},"end":{"line":44,"column":9}},"loc":{"start":{"line":44,"column":76},"end":{"line":46,"column":5}}},"5":{"name":"(anonymous_9)","decl":{"start":{"line":54,"column":4},"end":{"line":54,"column":9}},"loc":{"start":{"line":54,"column":35},"end":{"line":56,"column":5}}}},"branchMap":{},"s":{"0":0,"1":0,"2":0,"3":0,"4":0,"5":0,"6":0,"7":0,"8":0,"9":0,"10":0,"11":0,"12":0,"13":0,"14":0,"15":0,"16":0,"17":0,"18":0},"f":{"0":0,"1":0,"2":0,"3":0,"4":0,"5":0},"b":{}}
,"C:\\Users\\BigPoppa\\Desktop\\minivirson\\server\\src\\auth\\auth.module.ts": {"path":"C:\\Users\\BigPoppa\\Desktop\\minivirson\\server\\src\\auth\\auth.module.ts","statementMap":{"0":{"start":{"line":1,"column":0},"end":{"line":1,"column":40}},"1":{"start":{"line":2,"column":0},"end":{"line":2,"column":40}},"2":{"start":{"line":3,"column":0},"end":{"line":3,"column":50}},"3":{"start":{"line":4,"column":0},"end":{"line":4,"column":51}},"4":{"start":{"line":5,"column":0},"end":{"line":5,"column":45}},"5":{"start":{"line":6,"column":0},"end":{"line":6,"column":56}},"6":{"start":{"line":20,"column":7},"end":{"line":20,"column":null}},"7":{"start":{"line":20,"column":13},"end":{"line":20,"column":23}},"8":{"start":{"line":20,"column":13},"end":{"line":20,"column":null}}},"fnMap":{},"branchMap":{"0":{"loc":{"start":{"line":12,"column":20},"end":{"line":12,"column":62}},"type":"binary-expr","locations":[{"start":{"line":12,"column":20},"end":{"line":12,"column":42}},{"start":{"line":12,"column":46},"end":{"line":12,"column":62}}]}},"s":{"0":0,"1":0,"2":0,"3":0,"4":0,"5":0,"6":0,"7":0,"8":0},"f":{},"b":{"0":[0,0]}}
,"C:\\Users\\BigPoppa\\Desktop\\minivirson\\server\\src\\auth\\auth.service.ts": {"path":"C:\\Users\\BigPoppa\\Desktop\\minivirson\\server\\src\\auth\\auth.service.ts","statementMap":{"0":{"start":{"line":1,"column":0},"end":{"line":1,"column":94}},"1":{"start":{"line":2,"column":0},"end":{"line":2,"column":41}},"2":{"start":{"line":3,"column":0},"end":{"line":3,"column":47}},"3":{"start":{"line":4,"column":0},"end":{"line":4,"column":57}},"4":{"start":{"line":5,"column":0},"end":{"line":5,"column":62}},"5":{"start":{"line":6,"column":0},"end":{"line":6,"column":33}},"6":{"start":{"line":8,"column":0},"end":{"line":8,"column":36}},"7":{"start":{"line":17,"column":24},"end":{"line":195,"column":null}},"8":{"start":{"line":21,"column":16},"end":{"line":21,"column":24}},"9":{"start":{"line":22,"column":16},"end":{"line":22,"column":28}},"10":{"start":{"line":23,"column":16},"end":{"line":23,"column":31}},"11":{"start":{"line":18,"column":21},"end":{"line":18,"column":59}},"12":{"start":{"line":28,"column":25},"end":{"line":30,"column":10}},"13":{"start":{"line":31,"column":8},"end":{"line":33,"column":9}},"14":{"start":{"line":32,"column":12},"end":{"line":32,"column":68}},"15":{"start":{"line":36,"column":29},"end":{"line":36,"column":64}},"16":{"start":{"line":39,"column":21},"end":{"line":41,"column":10}},"17":{"start":{"line":42,"column":8},"end":{"line":44,"column":9}},"18":{"start":{"line":43,"column":12},"end":{"line":43,"column":77}},"19":{"start":{"line":47,"column":21},"end":{"line":61,"column":10}},"20":{"start":{"line":63,"column":8},"end":{"line":63,"column":72}},"21":{"start":{"line":66,"column":23},"end":{"line":66,"column":81}},"22":{"start":{"line":67,"column":8},"end":{"line":70,"column":10}},"23":{"start":{"line":74,"column":21},"end":{"line":79,"column":10}},"24":{"start":{"line":81,"column":8},"end":{"line":83,"column":9}},"25":{"start":{"line":82,"column":12},"end":{"line":82,"column":67}},"26":{"start":{"line":85,"column":8},"end":{"line":87,"column":9}},"27":{"start":{"line":86,"column":12},"end":{"line":86,"column":80}},"28":{"start":{"line":89,"column":32},"end":{"line":89,"column":85}},"29":{"start":{"line":90,"column":8},"end":{"line":92,"column":9}},"30":{"start":{"line":91,"column":12},"end":{"line":91,"column":67}},"31":{"start":{"line":95,"column":8},"end":{"line":98,"column":11}},"32":{"start":{"line":100,"column":22},"end":{"line":100,"column":62}},"33":{"start":{"line":100,"column":49},"end":{"line":100,"column":61}},"34":{"start":{"line":101,"column":23},"end":{"line":101,"column":76}},"35":{"start":{"line":103,"column":8},"end":{"line":103,"column":57}},"36":{"start":{"line":105,"column":8},"end":{"line":108,"column":10}},"37":{"start":{"line":112,"column":23},"end":{"line":117,"column":10}},"38":{"start":{"line":119,"column":8},"end":{"line":121,"column":9}},"39":{"start":{"line":120,"column":12},"end":{"line":120,"column":80}},"40":{"start":{"line":124,"column":8},"end":{"line":124,"column":76}},"41":{"start":{"line":126,"column":22},"end":{"line":126,"column":69}},"42":{"start":{"line":126,"column":56},"end":{"line":126,"column":68}},"43":{"start":{"line":127,"column":23},"end":{"line":127,"column":90}},"44":{"start":{"line":129,"column":8},"end":{"line":129,"column":74}},"45":{"start":{"line":131,"column":8},"end":{"line":134,"column":10}},"46":{"start":{"line":138,"column":21},"end":{"line":141,"column":10}},"47":{"start":{"line":142,"column":8},"end":{"line":142,"column":69}},"48":{"start":{"line":142,"column":19},"end":{"line":142,"column":69}},"49":{"start":{"line":143,"column":8},"end":{"line":143,"column":34}},"50":{"start":{"line":148,"column":8},"end":{"line":156,"column":9}},"51":{"start":{"line":149,"column":12},"end":{"line":151,"column":15}},"52":{"start":{"line":153,"column":12},"end":{"line":155,"column":15}},"53":{"start":{"line":158,"column":8},"end":{"line":158,"column":54}},"54":{"start":{"line":159,"column":8},"end":{"line":159,"column":35}},"55":{"start":{"line":163,"column":38},"end":{"line":163,"column":67}},"56":{"start":{"line":165,"column":23},"end":{"line":165,"column":67}},"57":{"start":{"line":166,"column":30},"end":{"line":166,"column":82}},"58":{"start":{"line":167,"column":26},"end":{"line":167,"column":81}},"59":{"start":{"line":168,"column":33},"end":{"line":168,"column":95}},"60":{"start":{"line":170,"column":8},"end":{"line":172,"column":9}},"61":{"start":{"line":171,"column":12},"end":{"line":171,"column":73}},"62":{"start":{"line":174,"column":28},"end":{"line":177,"column":10}},"63":{"start":{"line":179,"column":29},"end":{"line":179,"column":37}},"64":{"start":{"line":180,"column":26},"end":{"line":180,"column":36}},"65":{"start":{"line":182,"column":21},"end":{"line":182,"column":52}},"66":{"start":{"line":183,"column":8},"end":{"line":183,"column":54}},"67":{"start":{"line":185,"column":8},"end":{"line":191,"column":11}},"68":{"start":{"line":193,"column":8},"end":{"line":193,"column":45}},"69":{"start":{"line":17,"column":13},"end":{"line":17,"column":24}},"70":{"start":{"line":17,"column":13},"end":{"line":195,"column":null}}},"fnMap":{"0":{"name":"(anonymous_2)","decl":{"start":{"line":20,"column":4},"end":{"line":20,"column":null}},"loc":{"start":{"line":23,"column":44},"end":{"line":24,"column":9}}},"1":{"name":"(anonymous_3)","decl":{"start":{"line":26,"column":4},"end":{"line":26,"column":9}},"loc":{"start":{"line":26,"column":35},"end":{"line":71,"column":5}}},"2":{"name":"(anonymous_4)","decl":{"start":{"line":73,"column":4},"end":{"line":73,"column":9}},"loc":{"start":{"line":73,"column":29},"end":{"line":109,"column":5}}},"3":{"name":"(anonymous_5)","decl":{"start":{"line":100,"column":41},"end":{"line":100,"column":42}},"loc":{"start":{"line":100,"column":49},"end":{"line":100,"column":61}}},"4":{"name":"(anonymous_6)","decl":{"start":{"line":111,"column":4},"end":{"line":111,"column":9}},"loc":{"start":{"line":111,"column":38},"end":{"line":135,"column":5}}},"5":{"name":"(anonymous_7)","decl":{"start":{"line":126,"column":48},"end":{"line":126,"column":49}},"loc":{"start":{"line":126,"column":56},"end":{"line":126,"column":68}}},"6":{"name":"(anonymous_8)","decl":{"start":{"line":137,"column":4},"end":{"line":137,"column":9}},"loc":{"start":{"line":137,"column":35},"end":{"line":144,"column":5}}},"7":{"name":"(anonymous_9)","decl":{"start":{"line":146,"column":4},"end":{"line":146,"column":9}},"loc":{"start":{"line":146,"column":54},"end":{"line":160,"column":5}}},"8":{"name":"(anonymous_10)","decl":{"start":{"line":162,"column":12},"end":{"line":162,"column":17}},"loc":{"start":{"line":162,"column":79},"end":{"line":194,"column":5}}}},"branchMap":{"0":{"loc":{"start":{"line":31,"column":8},"end":{"line":33,"column":9}},"type":"if","locations":[{"start":{"line":31,"column":8},"end":{"line":33,"column":9}}]},"1":{"loc":{"start":{"line":42,"column":8},"end":{"line":44,"column":9}},"type":"if","locations":[{"start":{"line":42,"column":8},"end":{"line":44,"column":9}}]},"2":{"loc":{"start":{"line":81,"column":8},"end":{"line":83,"column":9}},"type":"if","locations":[{"start":{"line":81,"column":8},"end":{"line":83,"column":9}}]},"3":{"loc":{"start":{"line":85,"column":8},"end":{"line":87,"column":9}},"type":"if","locations":[{"start":{"line":85,"column":8},"end":{"line":87,"column":9}}]},"4":{"loc":{"start":{"line":90,"column":8},"end":{"line":92,"column":9}},"type":"if","locations":[{"start":{"line":90,"column":8},"end":{"line":92,"column":9}}]},"5":{"loc":{"start":{"line":119,"column":8},"end":{"line":121,"column":9}},"type":"if","locations":[{"start":{"line":119,"column":8},"end":{"line":121,"column":9}}]},"6":{"loc":{"start":{"line":119,"column":12},"end":{"line":119,"column":52}},"type":"binary-expr","locations":[{"start":{"line":119,"column":12},"end":{"line":119,"column":19}},{"start":{"line":119,"column":23},"end":{"line":119,"column":52}}]},"7":{"loc":{"start":{"line":142,"column":8},"end":{"line":142,"column":69}},"type":"if","locations":[{"start":{"line":142,"column":8},"end":{"line":142,"column":69}}]},"8":{"loc":{"start":{"line":148,"column":8},"end":{"line":156,"column":9}},"type":"if","locations":[{"start":{"line":148,"column":8},"end":{"line":156,"column":9}},{"start":{"line":152,"column":15},"end":{"line":156,"column":9}}]},"9":{"loc":{"start":{"line":170,"column":8},"end":{"line":172,"column":9}},"type":"if","locations":[{"start":{"line":170,"column":8},"end":{"line":172,"column":9}}]},"10":{"loc":{"start":{"line":182,"column":21},"end":{"line":182,"column":52}},"type":"binary-expr","locations":[{"start":{"line":182,"column":21},"end":{"line":182,"column":47}},{"start":{"line":182,"column":51},"end":{"line":182,"column":52}}]}},"s":{"0":1,"1":1,"2":1,"3":1,"4":1,"5":1,"6":1,"7":1,"8":10,"9":10,"10":10,"11":10,"12":3,"13":3,"14":1,"15":2,"16":2,"17":2,"18":1,"19":1,"20":1,"21":1,"22":1,"23":4,"24":4,"25":1,"26":3,"27":1,"28":2,"29":2,"30":1,"31":1,"32":1,"33":1,"34":1,"35":1,"36":1,"37":3,"38":3,"39":2,"40":1,"41":1,"42":1,"43":1,"44":1,"45":1,"46":0,"47":0,"48":0,"49":0,"50":0,"51":0,"52":0,"53":0,"54":0,"55":3,"56":3,"57":3,"58":3,"59":3,"60":3,"61":0,"62":3,"63":3,"64":3,"65":3,"66":3,"67":3,"68":3,"69":1,"70":1},"f":{"0":10,"1":3,"2":4,"3":1,"4":3,"5":1,"6":0,"7":0,"8":3},"b":{"0":[1],"1":[1],"2":[1],"3":[1],"4":[1],"5":[2],"6":[3,2],"7":[0],"8":[0,0],"9":[0],"10":[3,0]}}
,"C:\\Users\\BigPoppa\\Desktop\\minivirson\\server\\src\\auth\\decorators\\roles.decorator.ts": {"path":"C:\\Users\\BigPoppa\\Desktop\\minivirson\\server\\src\\auth\\decorators\\roles.decorator.ts","statementMap":{"0":{"start":{"line":1,"column":0},"end":{"line":1,"column":45}},"1":{"start":{"line":2,"column":0},"end":{"line":2,"column":50}},"2":{"start":{"line":4,"column":21},"end":{"line":4,"column":74}},"3":{"start":{"line":4,"column":45},"end":{"line":4,"column":74}},"4":{"start":{"line":4,"column":13},"end":{"line":4,"column":21}}},"fnMap":{"0":{"name":"(anonymous_0)","decl":{"start":{"line":4,"column":21},"end":{"line":4,"column":22}},"loc":{"start":{"line":4,"column":45},"end":{"line":4,"column":74}}}},"branchMap":{},"s":{"0":0,"1":0,"2":0,"3":0,"4":0},"f":{"0":0},"b":{}}
,"C:\\Users\\BigPoppa\\Desktop\\minivirson\\server\\src\\auth\\dto\\auth.dto.ts": {"path":"C:\\Users\\BigPoppa\\Desktop\\minivirson\\server\\src\\auth\\dto\\auth.dto.ts","statementMap":{"0":{"start":{"line":1,"column":0},"end":{"line":1,"column":95}},"1":{"start":{"line":3,"column":0},"end":{"line":3,"column":13}},"2":{"start":{"line":6,"column":4},"end":{"line":6,"column":null}},"3":{"start":{"line":14,"column":4},"end":{"line":14,"column":null}},"4":{"start":{"line":19,"column":4},"end":{"line":19,"column":null}},"5":{"start":{"line":24,"column":4},"end":{"line":24,"column":null}},"6":{"start":{"line":29,"column":4},"end":{"line":29,"column":null}},"7":{"start":{"line":33,"column":4},"end":{"line":33,"column":null}},"8":{"start":{"line":36,"column":0},"end":{"line":36,"column":13}},"9":{"start":{"line":39,"column":4},"end":{"line":39,"column":null}},"10":{"start":{"line":44,"column":4},"end":{"line":44,"column":null}},"11":{"start":{"line":47,"column":0},"end":{"line":47,"column":13}},"12":{"start":{"line":50,"column":4},"end":{"line":50,"column":null}}},"fnMap":{},"branchMap":{},"s":{"0":0,"1":0,"2":0,"3":0,"4":0,"5":0,"6":0,"7":0,"8":0,"9":0,"10":0,"11":0,"12":0},"f":{},"b":{}}
,"C:\\Users\\BigPoppa\\Desktop\\minivirson\\server\\src\\auth\\guards\\jwt-auth.guard.ts": {"path":"C:\\Users\\BigPoppa\\Desktop\\minivirson\\server\\src\\auth\\guards\\jwt-auth.guard.ts","statementMap":{"0":{"start":{"line":1,"column":0},"end":{"line":1,"column":44}},"1":{"start":{"line":2,"column":0},"end":{"line":2,"column":45}},"2":{"start":{"line":5,"column":7},"end":{"line":5,"column":null}},"3":{"start":{"line":5,"column":13},"end":{"line":5,"column":25}},"4":{"start":{"line":5,"column":13},"end":{"line":5,"column":null}}},"fnMap":{},"branchMap":{},"s":{"0":0,"1":0,"2":0,"3":0,"4":0},"f":{},"b":{}}
,"C:\\Users\\BigPoppa\\Desktop\\minivirson\\server\\src\\auth\\guards\\roles.guard.ts": {"path":"C:\\Users\\BigPoppa\\Desktop\\minivirson\\server\\src\\auth\\guards\\roles.guard.ts","statementMap":{"0":{"start":{"line":1,"column":0},"end":{"line":1,"column":95}},"1":{"start":{"line":2,"column":0},"end":{"line":2,"column":41}},"2":{"start":{"line":4,"column":13},"end":{"line":4,"column":33}},"3":{"start":{"line":7,"column":7},"end":{"line":32,"column":null}},"4":{"start":{"line":8,"column":24},"end":{"line":8,"column":35}},"5":{"start":{"line":11,"column":30},"end":{"line":14,"column":10}},"6":{"start":{"line":16,"column":8},"end":{"line":18,"column":9}},"7":{"start":{"line":17,"column":12},"end":{"line":17,"column":24}},"8":{"start":{"line":20,"column":25},"end":{"line":20,"column":60}},"9":{"start":{"line":21,"column":8},"end":{"line":23,"column":9}},"10":{"start":{"line":22,"column":12},"end":{"line":22,"column":58}},"11":{"start":{"line":25,"column":24},"end":{"line":25,"column":79}},"12":{"start":{"line":25,"column":53},"end":{"line":25,"column":78}},"13":{"start":{"line":26,"column":8},"end":{"line":28,"column":9}},"14":{"start":{"line":27,"column":12},"end":{"line":27,"column":69}},"15":{"start":{"line":30,"column":8},"end":{"line":30,"column":20}},"16":{"start":{"line":7,"column":13},"end":{"line":7,"column":23}},"17":{"start":{"line":7,"column":13},"end":{"line":32,"column":null}}},"fnMap":{"0":{"name":"(anonymous_2)","decl":{"start":{"line":8,"column":4},"end":{"line":8,"column":24}},"loc":{"start":{"line":8,"column":44},"end":{"line":8,"column":49}}},"1":{"name":"(anonymous_3)","decl":{"start":{"line":10,"column":4},"end":{"line":10,"column":15}},"loc":{"start":{"line":10,"column":41},"end":{"line":31,"column":5}}},"2":{"name":"(anonymous_4)","decl":{"start":{"line":25,"column":43},"end":{"line":25,"column":44}},"loc":{"start":{"line":25,"column":53},"end":{"line":25,"column":78}}}},"branchMap":{"0":{"loc":{"start":{"line":16,"column":8},"end":{"line":18,"column":9}},"type":"if","locations":[{"start":{"line":16,"column":8},"end":{"line":18,"column":9}}]},"1":{"loc":{"start":{"line":21,"column":8},"end":{"line":23,"column":9}},"type":"if","locations":[{"start":{"line":21,"column":8},"end":{"line":23,"column":9}}]},"2":{"loc":{"start":{"line":21,"column":12},"end":{"line":21,"column":32}},"type":"binary-expr","locations":[{"start":{"line":21,"column":12},"end":{"line":21,"column":17}},{"start":{"line":21,"column":21},"end":{"line":21,"column":32}}]},"3":{"loc":{"start":{"line":26,"column":8},"end":{"line":28,"column":9}},"type":"if","locations":[{"start":{"line":26,"column":8},"end":{"line":28,"column":9}}]}},"s":{"0":0,"1":0,"2":0,"3":0,"4":0,"5":0,"6":0,"7":0,"8":0,"9":0,"10":0,"11":0,"12":0,"13":0,"14":0,"15":0,"16":0,"17":0},"f":{"0":0,"1":0,"2":0},"b":{"0":[0],"1":[0],"2":[0,0],"3":[0]}}
,"C:\\Users\\BigPoppa\\Desktop\\minivirson\\server\\src\\auth\\strategies\\jwt.strategy.ts": {"path":"C:\\Users\\BigPoppa\\Desktop\\minivirson\\server\\src\\auth\\strategies\\jwt.strategy.ts","statementMap":{"0":{"start":{"line":1,"column":0},"end":{"line":1,"column":67}},"1":{"start":{"line":2,"column":0},"end":{"line":2,"column":52}},"2":{"start":{"line":3,"column":0},"end":{"line":3,"column":52}},"3":{"start":{"line":6,"column":7},"end":{"line":27,"column":null}},"4":{"start":{"line":8,"column":23},"end":{"line":8,"column":45}},"5":{"start":{"line":9,"column":8},"end":{"line":11,"column":9}},"6":{"start":{"line":10,"column":12},"end":{"line":10,"column":91}},"7":{"start":{"line":13,"column":8},"end":{"line":17,"column":11}},"8":{"start":{"line":21,"column":8},"end":{"line":25,"column":10}},"9":{"start":{"line":6,"column":13},"end":{"line":6,"column":24}},"10":{"start":{"line":6,"column":13},"end":{"line":27,"column":null}}},"fnMap":{"0":{"name":"(anonymous_2)","decl":{"start":{"line":7,"column":4},"end":{"line":7,"column":null}},"loc":{"start":{"line":7,"column":4},"end":{"line":18,"column":5}}},"1":{"name":"(anonymous_3)","decl":{"start":{"line":20,"column":4},"end":{"line":20,"column":9}},"loc":{"start":{"line":20,"column":31},"end":{"line":26,"column":5}}}},"branchMap":{"0":{"loc":{"start":{"line":9,"column":8},"end":{"line":11,"column":9}},"type":"if","locations":[{"start":{"line":9,"column":8},"end":{"line":11,"column":9}}]}},"s":{"0":0,"1":0,"2":0,"3":0,"4":0,"5":0,"6":0,"7":0,"8":0,"9":0,"10":0},"f":{"0":0,"1":0},"b":{"0":[0]}}
,"C:\\Users\\BigPoppa\\Desktop\\minivirson\\server\\src\\common\\guards\\ws-rate-limit.guard.ts": {"path":"C:\\Users\\BigPoppa\\Desktop\\minivirson\\server\\src\\common\\guards\\ws-rate-limit.guard.ts","statementMap":{"0":{"start":{"line":1,"column":0},"end":{"line":1,"column":75}},"1":{"start":{"line":17,"column":7},"end":{"line":68,"column":null}},"2":{"start":{"line":18,"column":12},"end":{"line":18,"column":90}},"3":{"start":{"line":20,"column":21},"end":{"line":23,"column":6}},"4":{"start":{"line":28,"column":23},"end":{"line":28,"column":63}},"5":{"start":{"line":29,"column":22},"end":{"line":29,"column":55}},"6":{"start":{"line":31,"column":8},"end":{"line":31,"column":49}},"7":{"start":{"line":35,"column":20},"end":{"line":35,"column":30}},"8":{"start":{"line":36,"column":20},"end":{"line":36,"column":42}},"9":{"start":{"line":38,"column":8},"end":{"line":40,"column":9}},"10":{"start":{"line":39,"column":12},"end":{"line":39,"column":49}},"11":{"start":{"line":42,"column":29},"end":{"line":42,"column":55}},"12":{"start":{"line":43,"column":22},"end":{"line":43,"column":45}},"13":{"start":{"line":45,"column":8},"end":{"line":52,"column":9}},"14":{"start":{"line":47,"column":12},"end":{"line":50,"column":15}},"15":{"start":{"line":51,"column":12},"end":{"line":51,"column":24}},"16":{"start":{"line":54,"column":8},"end":{"line":56,"column":9}},"17":{"start":{"line":55,"column":12},"end":{"line":55,"column":25}},"18":{"start":{"line":58,"column":8},"end":{"line":58,"column":22}},"19":{"start":{"line":59,"column":8},"end":{"line":59,"column":20}},"20":{"start":{"line":66,"column":8},"end":{"line":66,"column":37}},"21":{"start":{"line":17,"column":13},"end":{"line":17,"column":29}},"22":{"start":{"line":17,"column":13},"end":{"line":68,"column":null}}},"fnMap":{"0":{"name":"(anonymous_1)","decl":{"start":{"line":17,"column":7},"end":{"line":17,"column":13}},"loc":{"start":{"line":17,"column":7},"end":{"line":68,"column":1}}},"1":{"name":"(anonymous_2)","decl":{"start":{"line":25,"column":4},"end":{"line":25,"column":15}},"loc":{"start":{"line":26,"column":33},"end":{"line":32,"column":5}}},"2":{"name":"(anonymous_3)","decl":{"start":{"line":34,"column":12},"end":{"line":34,"column":22}},"loc":{"start":{"line":34,"column":54},"end":{"line":60,"column":5}}},"3":{"name":"(anonymous_4)","decl":{"start":{"line":65,"column":4},"end":{"line":65,"column":11}},"loc":{"start":{"line":65,"column":28},"end":{"line":67,"column":5}}}},"branchMap":{"0":{"loc":{"start":{"line":38,"column":8},"end":{"line":40,"column":9}},"type":"if","locations":[{"start":{"line":38,"column":8},"end":{"line":40,"column":9}}]},"1":{"loc":{"start":{"line":45,"column":8},"end":{"line":52,"column":9}},"type":"if","locations":[{"start":{"line":45,"column":8},"end":{"line":52,"column":9}}]},"2":{"loc":{"start":{"line":45,"column":12},"end":{"line":45,"column":43}},"type":"binary-expr","locations":[{"start":{"line":45,"column":12},"end":{"line":45,"column":18}},{"start":{"line":45,"column":22},"end":{"line":45,"column":43}}]},"3":{"loc":{"start":{"line":54,"column":8},"end":{"line":56,"column":9}},"type":"if","locations":[{"start":{"line":54,"column":8},"end":{"line":56,"column":9}}]}},"s":{"0":0,"1":0,"2":0,"3":0,"4":0,"5":0,"6":0,"7":0,"8":0,"9":0,"10":0,"11":0,"12":0,"13":0,"14":0,"15":0,"16":0,"17":0,"18":0,"19":0,"20":0,"21":0,"22":0},"f":{"0":0,"1":0,"2":0,"3":0},"b":{"0":[0],"1":[0],"2":[0,0],"3":[0]}}
,"C:\\Users\\BigPoppa\\Desktop\\minivirson\\server\\src\\common\\interceptors\\logging.interceptor.ts": {"path":"C:\\Users\\BigPoppa\\Desktop\\minivirson\\server\\src\\common\\interceptors\\logging.interceptor.ts","statementMap":{"0":{"start":{"line":1,"column":0},"end":{"line":1,"column":100}},"1":{"start":{"line":3,"column":0},"end":{"line":3,"column":37}},"2":{"start":{"line":15,"column":31},"end":{"line":84,"column":null}},"3":{"start":{"line":16,"column":21},"end":{"line":16,"column":66}},"4":{"start":{"line":19,"column":24},"end":{"line":19,"column":76}},"5":{"start":{"line":20,"column":51},"end":{"line":20,"column":58}},"6":{"start":{"line":21,"column":20},"end":{"line":21,"column":30}},"7":{"start":{"line":24,"column":30},"end":{"line":24,"column":53}},"8":{"start":{"line":26,"column":8},"end":{"line":67,"column":10}},"9":{"start":{"line":29,"column":37},"end":{"line":29,"column":73}},"10":{"start":{"line":30,"column":39},"end":{"line":30,"column":58}},"11":{"start":{"line":31,"column":34},"end":{"line":31,"column":50}},"12":{"start":{"line":33,"column":36},"end":{"line":42,"column":22}},"13":{"start":{"line":44,"column":20},"end":{"line":48,"column":21}},"14":{"start":{"line":45,"column":24},"end":{"line":45,"column":66}},"15":{"start":{"line":47,"column":24},"end":{"line":47,"column":65}},"16":{"start":{"line":51,"column":34},"end":{"line":51,"column":50}},"17":{"start":{"line":53,"column":36},"end":{"line":62,"column":22}},"18":{"start":{"line":64,"column":20},"end":{"line":64,"column":63}},"19":{"start":{"line":71,"column":8},"end":{"line":71,"column":59}},"20":{"start":{"line":71,"column":47},"end":{"line":71,"column":59}},"21":{"start":{"line":73,"column":32},"end":{"line":73,"column":95}},"22":{"start":{"line":74,"column":26},"end":{"line":74,"column":37}},"23":{"start":{"line":76,"column":8},"end":{"line":80,"column":9}},"24":{"start":{"line":77,"column":12},"end":{"line":79,"column":13}},"25":{"start":{"line":78,"column":16},"end":{"line":78,"column":52}},"26":{"start":{"line":82,"column":8},"end":{"line":82,"column":25}},"27":{"start":{"line":15,"column":13},"end":{"line":15,"column":31}},"28":{"start":{"line":15,"column":13},"end":{"line":84,"column":null}}},"fnMap":{"0":{"name":"(anonymous_1)","decl":{"start":{"line":15,"column":7},"end":{"line":15,"column":13}},"loc":{"start":{"line":15,"column":7},"end":{"line":84,"column":1}}},"1":{"name":"(anonymous_2)","decl":{"start":{"line":18,"column":4},"end":{"line":18,"column":13}},"loc":{"start":{"line":18,"column":58},"end":{"line":68,"column":5}}},"2":{"name":"(anonymous_3)","decl":{"start":{"line":28,"column":22},"end":{"line":28,"column":25}},"loc":{"start":{"line":28,"column":27},"end":{"line":49,"column":17}}},"3":{"name":"(anonymous_4)","decl":{"start":{"line":50,"column":23},"end":{"line":50,"column":24}},"loc":{"start":{"line":50,"column":33},"end":{"line":65,"column":17}}},"4":{"name":"(anonymous_5)","decl":{"start":{"line":70,"column":12},"end":{"line":70,"column":24}},"loc":{"start":{"line":70,"column":34},"end":{"line":83,"column":5}}}},"branchMap":{"0":{"loc":{"start":{"line":41,"column":28},"end":{"line":41,"column":93}},"type":"binary-expr","locations":[{"start":{"line":41,"column":28},"end":{"line":41,"column":66}},{"start":{"line":41,"column":70},"end":{"line":41,"column":93}}]},"1":{"loc":{"start":{"line":44,"column":20},"end":{"line":48,"column":21}},"type":"if","locations":[{"start":{"line":44,"column":20},"end":{"line":48,"column":21}},{"start":{"line":46,"column":27},"end":{"line":48,"column":21}}]},"2":{"loc":{"start":{"line":56,"column":36},"end":{"line":56,"column":55}},"type":"binary-expr","locations":[{"start":{"line":56,"column":36},"end":{"line":56,"column":48}},{"start":{"line":56,"column":52},"end":{"line":56,"column":55}}]},"3":{"loc":{"start":{"line":61,"column":31},"end":{"line":61,"column":95}},"type":"cond-expr","locations":[{"start":{"line":61,"column":72},"end":{"line":61,"column":83}},{"start":{"line":61,"column":86},"end":{"line":61,"column":95}}]},"4":{"loc":{"start":{"line":71,"column":8},"end":{"line":71,"column":59}},"type":"if","locations":[{"start":{"line":71,"column":8},"end":{"line":71,"column":59}}]},"5":{"loc":{"start":{"line":71,"column":12},"end":{"line":71,"column":45}},"type":"binary-expr","locations":[{"start":{"line":71,"column":12},"end":{"line":71,"column":17}},{"start":{"line":71,"column":21},"end":{"line":71,"column":45}}]},"6":{"loc":{"start":{"line":77,"column":12},"end":{"line":79,"column":13}},"type":"if","locations":[{"start":{"line":77,"column":12},"end":{"line":79,"column":13}}]}},"s":{"0":0,"1":0,"2":0,"3":0,"4":0,"5":0,"6":0,"7":0,"8":0,"9":0,"10":0,"11":0,"12":0,"13":0,"14":0,"15":0,"16":0,"17":0,"18":0,"19":0,"20":0,"21":0,"22":0,"23":0,"24":0,"25":0,"26":0,"27":0,"28":0},"f":{"0":0,"1":0,"2":0,"3":0,"4":0},"b":{"0":[0,0],"1":[0,0],"2":[0,0],"3":[0,0],"4":[0],"5":[0,0],"6":[0]}}
,"C:\\Users\\BigPoppa\\Desktop\\minivirson\\server\\src\\common\\utils\\audit-helper.ts": {"path":"C:\\Users\\BigPoppa\\Desktop\\minivirson\\server\\src\\common\\utils\\audit-helper.ts","statementMap":{"0":{"start":{"line":16,"column":0},"end":{"line":16,"column":7}},"1":{"start":{"line":20,"column":4},"end":{"line":34,"column":5}},"2":{"start":{"line":21,"column":8},"end":{"line":30,"column":11}},"3":{"start":{"line":33,"column":8},"end":{"line":33,"column":60}},"4":{"start":{"line":40,"column":13},"end":{"line":59,"column":11}}},"fnMap":{"0":{"name":"createAuditLog","decl":{"start":{"line":16,"column":22},"end":{"line":16,"column":36}},"loc":{"start":{"line":18,"column":19},"end":{"line":35,"column":1}}}},"branchMap":{"0":{"loc":{"start":{"line":24,"column":27},"end":{"line":24,"column":49}},"type":"binary-expr","locations":[{"start":{"line":24,"column":27},"end":{"line":24,"column":41}},{"start":{"line":24,"column":45},"end":{"line":24,"column":49}}]},"1":{"loc":{"start":{"line":25,"column":27},"end":{"line":25,"column":49}},"type":"binary-expr","locations":[{"start":{"line":25,"column":27},"end":{"line":25,"column":41}},{"start":{"line":25,"column":45},"end":{"line":25,"column":49}}]},"2":{"loc":{"start":{"line":27,"column":26},"end":{"line":27,"column":47}},"type":"binary-expr","locations":[{"start":{"line":27,"column":26},"end":{"line":27,"column":39}},{"start":{"line":27,"column":43},"end":{"line":27,"column":47}}]},"3":{"loc":{"start":{"line":28,"column":26},"end":{"line":28,"column":52}},"type":"binary-expr","locations":[{"start":{"line":28,"column":26},"end":{"line":28,"column":39}},{"start":{"line":28,"column":43},"end":{"line":28,"column":52}}]}},"s":{"0":1,"1":3,"2":3,"3":1,"4":1},"f":{"0":3},"b":{"0":[3,2],"1":[3,2],"2":[3,3],"3":[3,2]}}
,"C:\\Users\\BigPoppa\\Desktop\\minivirson\\server\\src\\common\\utils\\user-sanitizer.ts": {"path":"C:\\Users\\BigPoppa\\Desktop\\minivirson\\server\\src\\common\\utils\\user-sanitizer.ts","statementMap":{"0":{"start":{"line":29,"column":0},"end":{"line":29,"column":16}},"1":{"start":{"line":40,"column":0},"end":{"line":40,"column":16}},"2":{"start":{"line":30,"column":49},"end":{"line":30,"column":53}},"3":{"start":{"line":31,"column":4},"end":{"line":34,"column":6}},"4":{"start":{"line":33,"column":38},"end":{"line":33,"column":50}},"5":{"start":{"line":41,"column":4},"end":{"line":41,"column":35}}},"fnMap":{"0":{"name":"sanitizeUser","decl":{"start":{"line":29,"column":16},"end":{"line":29,"column":28}},"loc":{"start":{"line":29,"column":48},"end":{"line":35,"column":1}}},"1":{"name":"(anonymous_1)","decl":{"start":{"line":33,"column":30},"end":{"line":33,"column":31}},"loc":{"start":{"line":33,"column":38},"end":{"line":33,"column":50}}},"2":{"name":"sanitizeUsers","decl":{"start":{"line":40,"column":16},"end":{"line":40,"column":29}},"loc":{"start":{"line":40,"column":52},"end":{"line":42,"column":1}}}},"branchMap":{"0":{"loc":{"start":{"line":33,"column":15},"end":{"line":33,"column":57}},"type":"binary-expr","locations":[{"start":{"line":33,"column":15},"end":{"line":33,"column":51}},{"start":{"line":33,"column":55},"end":{"line":33,"column":57}}]}},"s":{"0":2,"1":2,"2":8,"3":8,"4":9,"5":2},"f":{"0":8,"1":9,"2":2},"b":{"0":[8,1]}}
,"C:\\Users\\BigPoppa\\Desktop\\minivirson\\server\\src\\courses\\courses.controller.ts": {"path":"C:\\Users\\BigPoppa\\Desktop\\minivirson\\server\\src\\courses\\courses.controller.ts","statementMap":{"0":{"start":{"line":1,"column":0},"end":{"line":1,"column":null}},"1":{"start":{"line":4,"column":0},"end":{"line":4,"column":81}},"2":{"start":{"line":5,"column":0},"end":{"line":5,"column":51}},"3":{"start":{"line":6,"column":0},"end":{"line":6,"column":null}},"4":{"start":{"line":12,"column":0},"end":{"line":12,"column":61}},"5":{"start":{"line":13,"column":0},"end":{"line":13,"column":56}},"6":{"start":{"line":14,"column":0},"end":{"line":14,"column":59}},"7":{"start":{"line":20,"column":7},"end":{"line":75,"column":null}},"8":{"start":{"line":21,"column":24},"end":{"line":21,"column":40}},"9":{"start":{"line":30,"column":8},"end":{"line":30,"column":53}},"10":{"start":{"line":47,"column":8},"end":{"line":51,"column":68}},"11":{"start":{"line":57,"column":8},"end":{"line":57,"column":54}},"12":{"start":{"line":65,"column":8},"end":{"line":65,"column":57}},"13":{"start":{"line":73,"column":8},"end":{"line":73,"column":52}},"14":{"start":{"line":20,"column":13},"end":{"line":20,"column":30}},"15":{"start":{"line":29,"column":4},"end":{"line":31,"column":null}},"16":{"start":{"line":40,"column":4},"end":{"line":52,"column":null}},"17":{"start":{"line":56,"column":4},"end":{"line":58,"column":null}},"18":{"start":{"line":64,"column":4},"end":{"line":66,"column":null}},"19":{"start":{"line":72,"column":4},"end":{"line":74,"column":null}},"20":{"start":{"line":20,"column":13},"end":{"line":75,"column":null}},"21":{"start":{"line":83,"column":7},"end":{"line":215,"column":null}},"22":{"start":{"line":84,"column":24},"end":{"line":84,"column":40}},"23":{"start":{"line":91,"column":8},"end":{"line":91,"column":52}},"24":{"start":{"line":110,"column":8},"end":{"line":114,"column":10}},"25":{"start":{"line":121,"column":22},"end":{"line":121,"column":42}},"26":{"start":{"line":122,"column":8},"end":{"line":124,"column":9}},"27":{"start":{"line":123,"column":12},"end":{"line":123,"column":77}},"28":{"start":{"line":125,"column":8},"end":{"line":125,"column":73}},"29":{"start":{"line":131,"column":8},"end":{"line":131,"column":53}},"30":{"start":{"line":139,"column":8},"end":{"line":139,"column":56}},"31":{"start":{"line":147,"column":8},"end":{"line":147,"column":51}},"32":{"start":{"line":157,"column":8},"end":{"line":157,"column":63}},"33":{"start":{"line":165,"column":8},"end":{"line":165,"column":71}},"34":{"start":{"line":173,"column":8},"end":{"line":173,"column":67}},"35":{"start":{"line":185,"column":8},"end":{"line":189,"column":10}},"36":{"start":{"line":199,"column":8},"end":{"line":199,"column":72}},"37":{"start":{"line":205,"column":8},"end":{"line":205,"column":57}},"38":{"start":{"line":213,"column":8},"end":{"line":213,"column":62}},"39":{"start":{"line":83,"column":13},"end":{"line":83,"column":30}},"40":{"start":{"line":90,"column":4},"end":{"line":92,"column":null}},"41":{"start":{"line":102,"column":4},"end":{"line":115,"column":null}},"42":{"start":{"line":120,"column":4},"end":{"line":126,"column":null}},"43":{"start":{"line":130,"column":4},"end":{"line":132,"column":null}},"44":{"start":{"line":138,"column":4},"end":{"line":140,"column":null}},"45":{"start":{"line":146,"column":4},"end":{"line":148,"column":null}},"46":{"start":{"line":156,"column":4},"end":{"line":158,"column":null}},"47":{"start":{"line":164,"column":4},"end":{"line":166,"column":null}},"48":{"start":{"line":172,"column":4},"end":{"line":174,"column":null}},"49":{"start":{"line":180,"column":4},"end":{"line":190,"column":null}},"50":{"start":{"line":198,"column":4},"end":{"line":200,"column":null}},"51":{"start":{"line":204,"column":4},"end":{"line":206,"column":null}},"52":{"start":{"line":212,"column":4},"end":{"line":214,"column":null}},"53":{"start":{"line":83,"column":13},"end":{"line":215,"column":null}}},"fnMap":{"0":{"name":"(anonymous_4)","decl":{"start":{"line":21,"column":4},"end":{"line":21,"column":24}},"loc":{"start":{"line":21,"column":54},"end":{"line":21,"column":59}}},"1":{"name":"(anonymous_5)","decl":{"start":{"line":29,"column":4},"end":{"line":29,"column":16}},"loc":{"start":{"line":29,"column":45},"end":{"line":31,"column":5}}},"2":{"name":"(anonymous_6)","decl":{"start":{"line":40,"column":4},"end":{"line":40,"column":18}},"loc":{"start":{"line":45,"column":38},"end":{"line":52,"column":5}}},"3":{"name":"(anonymous_7)","decl":{"start":{"line":56,"column":4},"end":{"line":56,"column":14}},"loc":{"start":{"line":56,"column":38},"end":{"line":58,"column":5}}},"4":{"name":"(anonymous_8)","decl":{"start":{"line":64,"column":4},"end":{"line":64,"column":16}},"loc":{"start":{"line":64,"column":70},"end":{"line":66,"column":5}}},"5":{"name":"(anonymous_9)","decl":{"start":{"line":72,"column":4},"end":{"line":72,"column":16}},"loc":{"start":{"line":72,"column":40},"end":{"line":74,"column":5}}},"6":{"name":"(anonymous_10)","decl":{"start":{"line":84,"column":4},"end":{"line":84,"column":24}},"loc":{"start":{"line":84,"column":54},"end":{"line":84,"column":59}}},"7":{"name":"(anonymous_11)","decl":{"start":{"line":90,"column":4},"end":{"line":90,"column":15}},"loc":{"start":{"line":90,"column":43},"end":{"line":92,"column":5}}},"8":{"name":"(anonymous_12)","decl":{"start":{"line":102,"column":4},"end":{"line":102,"column":18}},"loc":{"start":{"line":108,"column":38},"end":{"line":115,"column":5}}},"9":{"name":"(anonymous_13)","decl":{"start":{"line":120,"column":4},"end":{"line":120,"column":16}},"loc":{"start":{"line":120,"column":61},"end":{"line":126,"column":5}}},"10":{"name":"(anonymous_14)","decl":{"start":{"line":130,"column":4},"end":{"line":130,"column":13}},"loc":{"start":{"line":130,"column":37},"end":{"line":132,"column":5}}},"11":{"name":"(anonymous_15)","decl":{"start":{"line":138,"column":4},"end":{"line":138,"column":15}},"loc":{"start":{"line":138,"column":68},"end":{"line":140,"column":5}}},"12":{"name":"(anonymous_16)","decl":{"start":{"line":146,"column":4},"end":{"line":146,"column":15}},"loc":{"start":{"line":146,"column":39},"end":{"line":148,"column":5}}},"13":{"name":"(anonymous_17)","decl":{"start":{"line":156,"column":4},"end":{"line":156,"column":17}},"loc":{"start":{"line":156,"column":77},"end":{"line":158,"column":5}}},"14":{"name":"(anonymous_18)","decl":{"start":{"line":164,"column":4},"end":{"line":164,"column":14}},"loc":{"start":{"line":164,"column":71},"end":{"line":166,"column":5}}},"15":{"name":"(anonymous_19)","decl":{"start":{"line":172,"column":4},"end":{"line":172,"column":15}},"loc":{"start":{"line":172,"column":83},"end":{"line":174,"column":5}}},"16":{"name":"(anonymous_20)","decl":{"start":{"line":180,"column":4},"end":{"line":180,"column":13}},"loc":{"start":{"line":183,"column":38},"end":{"line":190,"column":5}}},"17":{"name":"(anonymous_21)","decl":{"start":{"line":198,"column":4},"end":{"line":198,"column":16}},"loc":{"start":{"line":198,"column":75},"end":{"line":200,"column":5}}},"18":{"name":"(anonymous_22)","decl":{"start":{"line":204,"column":4},"end":{"line":204,"column":16}},"loc":{"start":{"line":204,"column":45},"end":{"line":206,"column":5}}},"19":{"name":"(anonymous_23)","decl":{"start":{"line":212,"column":4},"end":{"line":212,"column":18}},"loc":{"start":{"line":212,"column":58},"end":{"line":214,"column":5}}}},"branchMap":{"0":{"loc":{"start":{"line":49,"column":22},"end":{"line":49,"column":74}},"type":"cond-expr","locations":[{"start":{"line":49,"column":45},"end":{"line":49,"column":62}},{"start":{"line":49,"column":65},"end":{"line":49,"column":74}}]},"1":{"loc":{"start":{"line":51,"column":11},"end":{"line":51,"column":36}},"type":"cond-expr","locations":[{"start":{"line":51,"column":18},"end":{"line":51,"column":32}},{"start":{"line":51,"column":35},"end":{"line":51,"column":36}}]},"2":{"loc":{"start":{"line":51,"column":38},"end":{"line":51,"column":66}},"type":"cond-expr","locations":[{"start":{"line":51,"column":46},"end":{"line":51,"column":61}},{"start":{"line":51,"column":64},"end":{"line":51,"column":66}}]},"3":{"loc":{"start":{"line":112,"column":12},"end":{"line":112,"column":37}},"type":"cond-expr","locations":[{"start":{"line":112,"column":19},"end":{"line":112,"column":33}},{"start":{"line":112,"column":36},"end":{"line":112,"column":37}}]},"4":{"loc":{"start":{"line":113,"column":12},"end":{"line":113,"column":40}},"type":"cond-expr","locations":[{"start":{"line":113,"column":20},"end":{"line":113,"column":35}},{"start":{"line":113,"column":38},"end":{"line":113,"column":40}}]},"5":{"loc":{"start":{"line":121,"column":22},"end":{"line":121,"column":42}},"type":"binary-expr","locations":[{"start":{"line":121,"column":22},"end":{"line":121,"column":36}},{"start":{"line":121,"column":40},"end":{"line":121,"column":42}}]},"6":{"loc":{"start":{"line":122,"column":8},"end":{"line":124,"column":9}},"type":"if","locations":[{"start":{"line":122,"column":8},"end":{"line":124,"column":9}}]},"7":{"loc":{"start":{"line":187,"column":12},"end":{"line":187,"column":37}},"type":"cond-expr","locations":[{"start":{"line":187,"column":19},"end":{"line":187,"column":33}},{"start":{"line":187,"column":36},"end":{"line":187,"column":37}}]},"8":{"loc":{"start":{"line":188,"column":12},"end":{"line":188,"column":40}},"type":"cond-expr","locations":[{"start":{"line":188,"column":20},"end":{"line":188,"column":35}},{"start":{"line":188,"column":38},"end":{"line":188,"column":40}}]}},"s":{"0":0,"1":0,"2":0,"3":0,"4":0,"5":0,"6":0,"7":0,"8":0,"9":0,"10":0,"11":0,"12":0,"13":0,"14":0,"15":0,"16":0,"17":0,"18":0,"19":0,"20":0,"21":0,"22":0,"23":0,"24":0,"25":0,"26":0,"27":0,"28":0,"29":0,"30":0,"31":0,"32":0,"33":0,"34":0,"35":0,"36":0,"37":0,"38":0,"39":0,"40":0,"41":0,"42":0,"43":0,"44":0,"45":0,"46":0,"47":0,"48":0,"49":0,"50":0,"51":0,"52":0,"53":0},"f":{"0":0,"1":0,"2":0,"3":0,"4":0,"5":0,"6":0,"7":0,"8":0,"9":0,"10":0,"11":0,"12":0,"13":0,"14":0,"15":0,"16":0,"17":0,"18":0,"19":0},"b":{"0":[0,0],"1":[0,0],"2":[0,0],"3":[0,0],"4":[0,0],"5":[0,0],"6":[0],"7":[0,0],"8":[0,0]}}
,"C:\\Users\\BigPoppa\\Desktop\\minivirson\\server\\src\\courses\\courses.module.ts": {"path":"C:\\Users\\BigPoppa\\Desktop\\minivirson\\server\\src\\courses\\courses.module.ts","statementMap":{"0":{"start":{"line":1,"column":0},"end":{"line":1,"column":40}},"1":{"start":{"line":2,"column":0},"end":{"line":2,"column":51}},"2":{"start":{"line":3,"column":0},"end":{"line":3,"column":76}},"3":{"start":{"line":10,"column":7},"end":{"line":10,"column":null}},"4":{"start":{"line":10,"column":13},"end":{"line":10,"column":26}},"5":{"start":{"line":10,"column":13},"end":{"line":10,"column":null}}},"fnMap":{},"branchMap":{},"s":{"0":0,"1":0,"2":0,"3":0,"4":0,"5":0},"f":{},"b":{}}
,"C:\\Users\\BigPoppa\\Desktop\\minivirson\\server\\src\\courses\\courses.service.ts": {"path":"C:\\Users\\BigPoppa\\Desktop\\minivirson\\server\\src\\courses\\courses.service.ts","statementMap":{"0":{"start":{"line":1,"column":0},"end":{"line":1,"column":110}},"1":{"start":{"line":2,"column":0},"end":{"line":2,"column":57}},"2":{"start":{"line":10,"column":26},"end":{"line":10,"column":28}},"3":{"start":{"line":11,"column":22},"end":{"line":11,"column":25}},"4":{"start":{"line":14,"column":27},"end":{"line":449,"column":null}},"5":{"start":{"line":17,"column":24},"end":{"line":17,"column":32}},"6":{"start":{"line":15,"column":21},"end":{"line":15,"column":62}},"7":{"start":{"line":22,"column":25},"end":{"line":22,"column":105}},"8":{"start":{"line":23,"column":8},"end":{"line":23,"column":92}},"9":{"start":{"line":23,"column":22},"end":{"line":23,"column":92}},"10":{"start":{"line":25,"column":8},"end":{"line":33,"column":11}},"11":{"start":{"line":41,"column":25},"end":{"line":41,"column":68}},"12":{"start":{"line":42,"column":21},"end":{"line":42,"column":55}},"13":{"start":{"line":44,"column":27},"end":{"line":44,"column":29}},"14":{"start":{"line":45,"column":8},"end":{"line":45,"column":71}},"15":{"start":{"line":45,"column":33},"end":{"line":45,"column":71}},"16":{"start":{"line":46,"column":8},"end":{"line":46,"column":79}},"17":{"start":{"line":46,"column":45},"end":{"line":46,"column":79}},"18":{"start":{"line":47,"column":8},"end":{"line":52,"column":9}},"19":{"start":{"line":48,"column":12},"end":{"line":51,"column":14}},"20":{"start":{"line":54,"column":33},"end":{"line":63,"column":10}},"21":{"start":{"line":65,"column":8},"end":{"line":73,"column":10}},"22":{"start":{"line":77,"column":23},"end":{"line":88,"column":10}},"23":{"start":{"line":89,"column":8},"end":{"line":89,"column":69}},"24":{"start":{"line":89,"column":21},"end":{"line":89,"column":69}},"25":{"start":{"line":90,"column":8},"end":{"line":90,"column":22}},"26":{"start":{"line":94,"column":8},"end":{"line":94,"column":38}},"27":{"start":{"line":95,"column":8},"end":{"line":95,"column":71}},"28":{"start":{"line":99,"column":8},"end":{"line":99,"column":38}},"29":{"start":{"line":100,"column":8},"end":{"line":100,"column":60}},"30":{"start":{"line":107,"column":23},"end":{"line":107,"column
[...]
,"C:\\Users\\BigPoppa\\Desktop\\minivirson\\server\\src\\moderation\\moderation.module.ts": {"path":"C:\\Users\\BigPoppa\\Desktop\\minivirson\\server\\src\\moderation\\moderation.module.ts","statementMap":{"0":{"start":{"line":1,"column":0},"end":{"line":1,"column":40}},"1":{"start":{"line":2,"column":0},"end":{"line":2,"column":63}},"2":{"start":{"line":3,"column":0},"end":{"line":3,"column":57}},"3":{"start":{"line":10,"column":7},"end":{"line":10,"column":null}},"4":{"start":{"line":10,"column":13},"end":{"line":10,"column":29}},"5":{"start":{"line":10,"column":13},"end":{"line":10,"column":null}}},"fnMap":{},"branchMap":{},"s":{"0":0,"1":0,"2":0,"3":0,"4":0,"5":0},"f":{},"b":{}}
,"C:\\Users\\BigPoppa\\Desktop\\minivirson\\server\\src\\moderation\\moderation.service.ts": {"path":"C:\\Users\\BigPoppa\\Desktop\\minivirson\\server\\src\\moderation\\moderation.service.ts","statementMap":{"0":{"start":{"line":1,"column":0},"end":{"line":1,"column":91}},"1":{"start":{"line":2,"column":0},"end":{"line":2,"column":57}},"2":{"start":{"line":3,"column":0},"end":{"line":3,"column":76}},"3":{"start":{"line":6,"column":30},"end":{"line":192,"column":null}},"4":{"start":{"line":9,"column":24},"end":{"line":9,"column":32}},"5":{"start":{"line":7,"column":21},"end":{"line":7,"column":65}},"6":{"start":{"line":12,"column":23},"end":{"line":14,"column":10}},"7":{"start":{"line":15,"column":8},"end":{"line":15,"column":89}},"8":{"start":{"line":15,"column":21},"end":{"line":15,"column":89}},"9":{"start":{"line":17,"column":8},"end":{"line":20,"column":11}},"10":{"start":{"line":22,"column":8},"end":{"line":27,"column":11}},"11":{"start":{"line":29,"column":8},"end":{"line":29,"column":92}},"12":{"start":{"line":30,"column":8},"end":{"line":30,"column":64}},"13":{"start":{"line":34,"column":8},"end":{"line":37,"column":11}},"14":{"start":{"line":39,"column":8},"end":{"line":44,"column":11}},"15":{"start":{"line":46,"column":8},"end":{"line":46,"column":94}},"16":{"start":{"line":47,"column":8},"end":{"line":47,"column":65}},"17":{"start":{"line":51,"column":23},"end":{"line":53,"column":10}},"18":{"start":{"line":54,"column":8},"end":{"line":54,"column":89}},"19":{"start":{"line":54,"column":21},"end":{"line":54,"column":89}},"20":{"start":{"line":56,"column":8},"end":{"line":59,"column":11}},"21":{"start":{"line":61,"column":8},"end":{"line":66,"column":11}},"22":{"start":{"line":68,"column":8},"end":{"line":68,"column":95}},"23":{"start":{"line":69,"column":8},"end":{"line":69,"column":65}},"24":{"start":{"line":73,"column":8},"end":{"line":76,"column":11}},"25":{"start":{"line":78,"column":8},"end":{"line":83,"column":11}},"26":{"start":{"line":85,"column":8},"end":{"line":85,"column":97}},"27":{"start":{"line":86,"column":8},"end":{"line":86,"column":66}},"28":{"start":{"line":90,"column":24},"end":{"line":90,"column":90}},"29":{"start":{"line":91,"column":8},"end":{"line":91,"column":71}},"30":{"start":{"line":91,"column":22},"end":{"line":91,"column":71}},"31":{"start":{"line":93,"column":8},"end":{"line":96,"column":11}},"32":{"start":{"line":98,"column":8},"end":{"line":103,"column":11}},"33":{"start":{"line":105,"column":8},"end":{"line":105,"column":70}},"34":{"start":{"line":106,"column":8},"end":{"line":106,"column":44}},"35":{"start":{"line":110,"column":24},"end":{"line":110,"column":90}},"36":{"start":{"line":111,"column":8},"end":{"line":111,"column":71}},"37":{"start":{"line":111,"column":22},"end":{"line":111,"column":71}},"38":{"start":{"line":113,"column":8},"end":{"line":116,"column":11}},"39":{"start":{"line":118,"column":8},"end":{"line":122,"column":11}},"40":{"start":{"line":124,"column":8},"end":{"line":124,"column":71}},"41":{"start":{"line":125,"column":8},"end":{"line":125,"column":45}},"42":{"start":{"line":129,"column":8},"end":{"line":132,"column":11}},"43":{"start":{"line":134,"column":8},"end":{"line":138,"column":11}},"44":{"start":{"line":140,"column":8},"end":{"line":140,"column":73}},"45":{"start":{"line":141,"column":8},"end":{"line":141,"column":46}},"46":{"start":{"line":145,"column":25},"end":{"line":145,"column":28}},"47":{"start":{"line":146,"column":25},"end":{"line":146,"column":63}},"48":{"start":{"line":148,"column":30},"end":{"line":163,"column":10}},"49":{"start":{"line":165,"column":8},"end":{"line":172,"column":10}},"50":{"start":{"line":176,"column":8},"end":{"line":190,"column":11}},"51":{"start":{"line":6,"column":13},"end":{"line":6,"column":30}},"52":{"start":{"line":6,"column":13},"end":{"line":192,"column":null}}},"fnMap":{"0":{"name":"(anonymous_2)","decl":{"start":{"line":9,"column":4},"end":{"line":9,"column":24}},"loc":{"start":{"line":9,"column":45},"end":{"line":9,"column":50}}},"1":{"name":"(anonymous_3)","decl":{"start":{"line":11,"column":4},"end":{"line":11,"column":9}},"loc":{"start":{"line":11,"column":75},"end":{"line":31,"column":5}}},"2":{"name":"(anonymous_4)","decl":{"start":{"line":33,"column":4},"end":{"line":33,"column":9}},"loc":{"start":{"line":33,"column":77},"end":{"line":48,"column":5}}},"3":{"name":"(anonymous_5)","decl":{"start":{"line":50,"column":4},"end":{"line":50,"column":9}},"loc":{"start":{"line":50,"column":74},"end":{"line":70,"column":5}}},"4":{"name":"(anonymous_6)","decl":{"start":{"line":72,"column":4},"end":{"line":72,"column":9}},"loc":{"start":{"line":72,"column":76},"end":{"line":87,"column":5}}},"5":{"name":"(anonymous_7)","decl":{"start":{"line":89,"column":4},"end":{"line":89,"column":9}},"loc":{"start":{"line":89,"column":58},"end":{"line":107,"column":5}}},"6":{"name":"(anonymous_8)","decl":{"start":{"line":109,"column":4},"end":{"line":109,"column":9}},"loc":{"start":{"line":109,"column":59},"end":{"line":126,"column":5}}},"7":{"name":"(anonymous_9)","decl":{"start":{"line":128,"column":4},"end":{"line":128,"column":9}},"loc":{"start":{"line":128,"column":61},"end":{"line":142,"column":5}}},"8":{"name":"(anonymous_10)","decl":{"start":{"line":144,"column":4},"end":{"line":144,"column":9}},"loc":{"start":{"line":144,"column":81},"end":{"line":173,"column":5}}},"9":{"name":"(anonymous_11)","decl":{"start":{"line":175,"column":4},"end":{"line":175,"column":9}},"loc":{"start":{"line":175,"column":45},"end":{"line":191,"column":5}}}},"branchMap":{"0":{"loc":{"start":{"line":15,"column":8},"end":{"line":15,"column":89}},"type":"if","locations":[{"start":{"line":15,"column":8},"end":{"line":15,"column":89}}]},"1":{"loc":{"start":{"line":54,"column":8},"end":{"line":54,"column":89}},"type":"if","locations":[{"start":{"line":54,"column":8},"end":{"line":54,"column":89}}]},"2":{"loc":{"start":{"line":91,"column":8},"end":{"line":91,"column":71}},"type":"if","locations":[{"start":{"line":91,"column":8},"end":{"line":91,"column":71}}]},"3":{"loc":{"start":{"line":111,"column":8},"end":{"line":111,"column":71}},"type":"if","locations":[{"start":{"line":111,"column":8},"end":{"line":111,"column":71}}]},"4":{"loc":{"start":{"line":144,"column":42},"end":{"line":144,"column":61}},"type":"default-arg","locations":[{"start":{"line":144,"column":58},"end":{"line":144,"column":61}}]},"5":{"loc":{"start":{"line":144,"column":63},"end":{"line":144,"column":81}},"type":"default-arg","locations":[{"start":{"line":144,"column":80},"end":{"line":144,"column":81}}]},"6":{"loc":{"start":{"line":150,"column":23},"end":{"line":150,"column":53}},"type":"cond-expr","locations":[{"start":{"line":150,"column":35},"end":{"line":150,"column":48}},{"start":{"line":150,"column":51},"end":{"line":150,"column":53}}]},"7":{"loc":{"start":{"line":161,"column":23},"end":{"line":161,"column":53}},"type":"cond-expr","locations":[{"start":{"line":161,"column":35},"end":{"line":161,"column":48}},{"start":{"line":161,"column":51},"end":{"line":161,"column":53}}]}},"s":{"0":0,"1":0,"2":0,"3":0,"4":0,"5":0,"6":0,"7":0,"8":0,"9":0,"10":0,"11":0,"12":0,"13":0,"14":0,"15":0,"16":0,"17":0,"18":0,"19":0,"20":0,"21":0,"22":0,"23":0,"24":0,"25":0,"26":0,"27":0,"28":0,"29":0,"30":0,"31":0,"32":0,"33":0,"34":0,"35":0,"36":0,"37":0,"38":0,"39":0,"40":0,"41":0,"42":0,"43":0,"44":0,"45":0,"46":0,"47":0,"48":0,"49":0,"50":0,"51":0,"52":0},"f":{"0":0,"1":0,"2":0,"3":0,"4":0,"5":0,"6":0,"7":0,"8":0,"9":0},"b":{"0":[0],"1":[0],"2":[0],"3":[0],"4":[0],"5":[0],"6":[0,0],"7":[0,0]}}
,"C:\\Users\\BigPoppa\\Desktop\\minivirson\\server\\src\\prisma\\prisma.module.ts": {"path":"C:\\Users\\BigPoppa\\Desktop\\minivirson\\server\\src\\prisma\\prisma.module.ts","statementMap":{"0":{"start":{"line":1,"column":0},"end":{"line":1,"column":48}},"1":{"start":{"line":2,"column":0},"end":{"line":2,"column":49}},"2":{"start":{"line":9,"column":7},"end":{"line":9,"column":null}},"3":{"start":{"line":9,"column":13},"end":{"line":9,"column":25}},"4":{"start":{"line":9,"column":13},"end":{"line":9,"column":null}}},"fnMap":{},"branchMap":{},"s":{"0":0,"1":0,"2":0,"3":0,"4":0},"f":{},"b":{}}
,"C:\\Users\\BigPoppa\\Desktop\\minivirson\\server\\src\\prisma\\prisma.service.ts": {"path":"C:\\Users\\BigPoppa\\Desktop\\minivirson\\server\\src\\prisma\\prisma.service.ts","statementMap":{"0":{"start":{"line":1,"column":0},"end":{"line":1,"column":83}},"1":{"start":{"line":2,"column":0},"end":{"line":2,"column":46}},"2":{"start":{"line":5,"column":26},"end":{"line":63,"column":null}},"3":{"start":{"line":10,"column":28},"end":{"line":10,"column":52}},"4":{"start":{"line":12,"column":8},"end":{"line":22,"column":11}},"5":{"start":{"line":6,"column":21},"end":{"line":6,"column":61}},"6":{"start":{"line":26,"column":8},"end":{"line":26,"column":30}},"7":{"start":{"line":27,"column":8},"end":{"line":27,"column":48}},"8":{"start":{"line":30,"column":8},"end":{"line":32,"column":9}},"9":{"start":{"line":31,"column":12},"end":{"line":31,"column":66}},"10":{"start":{"line":36,"column":8},"end":{"line":36,"column":33}},"11":{"start":{"line":37,"column":8},"end":{"line":37,"column":49}},"12":{"start":{"line":44,"column":8},"end":{"line":49,"column":9}},"13":{"start":{"line":45,"column":12},"end":{"line":45,"column":68}},"14":{"start":{"line":47,"column":12},"end":{"line":47,"column":68}},"15":{"start":{"line":48,"column":12},"end":{"line":48,"column":24}},"16":{"start":{"line":56,"column":8},"end":{"line":61,"column":9}},"17":{"start":{"line":57,"column":12},"end":{"line":57,"column":43}},"18":{"start":{"line":58,"column":12},"end":{"line":58,"column":24}},"19":{"start":{"line":60,"column":12},"end":{"line":60,"column":25}},"20":{"start":{"line":5,"column":13},"end":{"line":5,"column":26}},"21":{"start":{"line":5,"column":13},"end":{"line":63,"column":null}}},"fnMap":{"0":{"name":"(anonymous_2)","decl":{"start":{"line":8,"column":4},"end":{"line":8,"column":null}},"loc":{"start":{"line":8,"column":4},"end":{"line":23,"column":5}}},"1":{"name":"(anonymous_3)","decl":{"start":{"line":25,"column":4},"end":{"line":25,"column":9}},"loc":{"start":{"line":25,"column":22},"end":{"line":33,"column":5}}},"2":{"name":"(anonymous_4)","decl":{"start":{"line":35,"column":4},"end":{"line":35,"column":9}},"loc":{"start":{"line":35,"column":25},"end":{"line":38,"column":5}}},"3":{"name":"(anonymous_5)","decl":{"start":{"line":43,"column":4},"end":{"line":43,"column":9}},"loc":{"start":{"line":43,"column":56},"end":{"line":50,"column":5}}},"4":{"name":"(anonymous_6)","decl":{"start":{"line":55,"column":4},"end":{"line":55,"column":9}},"loc":{"start":{"line":55,"column":21},"end":{"line":62,"column":5}}}},"branchMap":{"0":{"loc":{"start":{"line":19,"column":17},"end":{"line":21,"column":35}},"type":"cond-expr","locations":[{"start":{"line":20,"column":18},"end":{"line":20,"column":52}},{"start":{"line":21,"column":18},"end":{"line":21,"column":35}}]},"1":{"loc":{"start":{"line":30,"column":8},"end":{"line":32,"column":9}},"type":"if","locations":[{"start":{"line":30,"column":8},"end":{"line":32,"column":9}}]}},"s":{"0":1,"1":1,"2":1,"3":0,"4":0,"5":0,"6":0,"7":0,"8":0,"9":0,"10":0,"11":0,"12":0,"13":0,"14":0,"15":0,"16":0,"17":0,"18":0,"19":0,"20":1,"21":1},"f":{"0":0,"1":0,"2":0,"3":0,"4":0},"b":{"0":[0,0],"1":[0]}}
,"C:\\Users\\BigPoppa\\Desktop\\minivirson\\server\\src\\users\\users.controller.ts": {"path":"C:\\Users\\BigPoppa\\Desktop\\minivirson\\server\\src\\users\\users.controller.ts","statementMap":{"0":{"start":{"line":1,"column":0},"end":{"line":1,"column":106}},"1":{"start":{"line":2,"column":0},"end":{"line":2,"column":81}},"2":{"start":{"line":3,"column":0},"end":{"line":3,"column":47}},"3":{"start":{"line":4,"column":0},"end":{"line":4,"column":61}},"4":{"start":{"line":5,"column":0},"end":{"line":5,"column":56}},"5":{"start":{"line":6,"column":0},"end":{"line":6,"column":59}},"6":{"start":{"line":12,"column":7},"end":{"line":53,"column":null}},"7":{"start":{"line":13,"column":24},"end":{"line":13,"column":38}},"8":{"start":{"line":25,"column":8},"end":{"line":25,"column":54}},"9":{"start":{"line":39,"column":8},"end":{"line":39,"column":67}},"10":{"start":{"line":45,"column":8},"end":{"line":45,"column":46}},"11":{"start":{"line":51,"column":8},"end":{"line":51,"column":55}},"12":{"start":{"line":12,"column":13},"end":{"line":12,"column":28}},"13":{"start":{"line":21,"column":10},"end":{"line":26,"column":null}},"14":{"start":{"line":34,"column":10},"end":{"line":40,"column":null}},"15":{"start":{"line":44,"column":10},"end":{"line":46,"column":null}},"16":{"start":{"line":50,"column":10},"end":{"line":52,"column":null}},"17":{"start":{"line":12,"column":13},"end":{"line":53,"column":null}}},"fnMap":{"0":{"name":"(anonymous_4)","decl":{"start":{"line":13,"column":4},"end":{"line":13,"column":24}},"loc":{"start":{"line":13,"column":50},"end":{"line":13,"column":55}}},"1":{"name":"(anonymous_5)","decl":{"start":{"line":21,"column":4},"end":{"line":21,"column":9}},"loc":{"start":{"line":23,"column":77},"end":{"line":26,"column":5}}},"2":{"name":"(anonymous_6)","decl":{"start":{"line":34,"column":4},"end":{"line":34,"column":9}},"loc":{"start":{"line":37,"column":77},"end":{"line":40,"column":5}}},"3":{"name":"(anonymous_7)","decl":{"start":{"line":44,"column":4},"end":{"line":44,"column":9}},"loc":{"start":{"line":44,"column":42},"end":{"line":46,"column":5}}},"4":{"name":"(anonymous_8)","decl":{"start":{"line":50,"column":4},"end":{"line":50,"column":9}},"loc":{"start":{"line":50,"column":45},"end":{"line":52,"column":5}}}},"branchMap":{},"s":{"0":0,"1":0,"2":0,"3":0,"4":0,"5":0,"6":0,"7":0,"8":0,"9":0,"10":0,"11":0,"12":0,"13":0,"14":0,"15":0,"16":0,"17":0},"f":{"0":0,"1":0,"2":0,"3":0,"4":0},"b":{}}
,"C:\\Users\\BigPoppa\\Desktop\\minivirson\\server\\src\\users\\users.module.ts": {"path":"C:\\Users\\BigPoppa\\Desktop\\minivirson\\server\\src\\users\\users.module.ts","statementMap":{"0":{"start":{"line":1,"column":0},"end":{"line":1,"column":40}},"1":{"start":{"line":2,"column":0},"end":{"line":2,"column":53}},"2":{"start":{"line":3,"column":0},"end":{"line":3,"column":47}},"3":{"start":{"line":10,"column":7},"end":{"line":10,"column":null}},"4":{"start":{"line":10,"column":13},"end":{"line":10,"column":24}},"5":{"start":{"line":10,"column":13},"end":{"line":10,"column":null}}},"fnMap":{},"branchMap":{},"s":{"0":0,"1":0,"2":0,"3":0,"4":0,"5":0},"f":{},"b":{}}
,"C:\\Users\\BigPoppa\\Desktop\\minivirson\\server\\src\\users\\users.service.ts": {"path":"C:\\Users\\BigPoppa\\Desktop\\minivirson\\server\\src\\users\\users.service.ts","statementMap":{"0":{"start":{"line":1,"column":0},"end":{"line":1,"column":44}},"1":{"start":{"line":2,"column":0},"end":{"line":2,"column":57}},"2":{"start":{"line":3,"column":0},"end":{"line":3,"column":77}},"3":{"start":{"line":5,"column":26},"end":{"line":5,"column":28}},"4":{"start":{"line":6,"column":22},"end":{"line":6,"column":25}},"5":{"start":{"line":9,"column":7},"end":{"line":100,"column":null}},"6":{"start":{"line":10,"column":24},"end":{"line":10,"column":32}},"7":{"start":{"line":13,"column":25},"end":{"line":13,"column":68}},"8":{"start":{"line":14,"column":21},"end":{"line":14,"column":55}},"9":{"start":{"line":16,"column":31},"end":{"line":24,"column":10}},"10":{"start":{"line":26,"column":8},"end":{"line":34,"column":10}},"11":{"start":{"line":38,"column":21},"end":{"line":41,"column":10}},"12":{"start":{"line":42,"column":8},"end":{"line":42,"column":31}},"13":{"start":{"line":42,"column":19},"end":{"line":42,"column":31}},"14":{"start":{"line":43,"column":8},"end":{"line":43,"column":34}},"15":{"start":{"line":47,"column":25},"end":{"line":47,"column":68}},"16":{"start":{"line":48,"column":21},"end":{"line":48,"column":55}},"17":{"start":{"line":50,"column":31},"end":{"line":67,"column":10}},"18":{"start":{"line":69,"column":8},"end":{"line":77,"column":10}},"19":{"start":{"line":81,"column":26},"end":{"line":88,"column":10}},"20":{"start":{"line":89,"column":8},"end":{"line":89,"column":61}},"21":{"start":{"line":89,"column":36},"end":{"line":89,"column":59}},"22":{"start":{"line":93,"column":21},"end":{"line":96,"column":10}},"23":{"start":{"line":97,"column":8},"end":{"line":97,"column":31}},"24":{"start":{"line":97,"column":19},"end":{"line":97,"column":31}},"25":{"start":{"line":98,"column":8},"end":{"line":98,"column":34}},"26":{"start":{"line":9,"column":13},"end":{"line":9,"column":25}},"27":{"start":{"line":9,"column":13},"end":{"line":100,"column":null}}},"fnMap":{"0":{"name":"(anonymous_2)","decl":{"start":{"line":10,"column":4},"end":{"line":10,"column":24}},"loc":{"start":{"line":10,"column":45},"end":{"line":10,"column":50}}},"1":{"name":"(anonymous_3)","decl":{"start":{"line":12,"column":4},"end":{"line":12,"column":9}},"loc":{"start":{"line":12,"column":69},"end":{"line":35,"column":5}}},"2":{"name":"(anonymous_4)","decl":{"start":{"line":37,"column":4},"end":{"line":37,"column":9}},"loc":{"start":{"line":37,"column":29},"end":{"line":44,"column":5}}},"3":{"name":"(anonymous_5)","decl":{"start":{"line":46,"column":4},"end":{"line":46,"column":9}},"loc":{"start":{"line":46,"column":90},"end":{"line":78,"column":5}}},"4":{"name":"(anonymous_6)","decl":{"start":{"line":80,"column":4},"end":{"line":80,"column":9}},"loc":{"start":{"line":80,"column":44},"end":{"line":90,"column":5}}},"5":{"name":"(anonymous_7)","decl":{"start":{"line":89,"column":29},"end":{"line":89,"column":30}},"loc":{"start":{"line":89,"column":36},"end":{"line":89,"column":59}}},"6":{"name":"(anonymous_8)","decl":{"start":{"line":92,"column":4},"end":{"line":92,"column":9}},"loc":{"start":{"line":92,"column":35},"end":{"line":99,"column":5}}}},"branchMap":{"0":{"loc":{"start":{"line":12,"column":18},"end":{"line":12,"column":34}},"type":"default-arg","locations":[{"start":{"line":12,"column":33},"end":{"line":12,"column":34}}]},"1":{"loc":{"start":{"line":12,"column":36},"end":{"line":12,"column":69}},"type":"default-arg","locations":[{"start":{"line":12,"column":52},"end":{"line":12,"column":69}}]},"2":{"loc":{"start":{"line":42,"column":8},"end":{"line":42,"column":31}},"type":"if","locations":[{"start":{"line":42,"column":8},"end":{"line":42,"column":31}}]},"3":{"loc":{"start":{"line":46,"column":39},"end":{"line":46,"column":55}},"type":"default-arg","locations":[{"start":{"line":46,"column":54},"end":{"line":46,"column":55}}]},"4":{"loc":{"start":{"line":46,"column":57},"end":{"line":46,"column":90}},"type":"default-arg","locations":[{"start":{"line":46,"column":73},"end":{"line":46,"column":90}}]},"5":{"loc":{"start":{"line":97,"column":8},"end":{"line":97,"column":31}},"type":"if","locations":[{"start":{"line":97,"column":8},"end":{"line":97,"column":31}}]}},"s":{"0":0,"1":0,"2":0,"3":0,"4":0,"5":0,"6":0,"7":0,"8":0,"9":0,"10":0,"11":0,"12":0,"13":0,"14":0,"15":0,"16":0,"17":0,"18":0,"19":0,"20":0,"21":0,"22":0,"23":0,"24":0,"25":0,"26":0,"27":0},"f":{"0":0,"1":0,"2":0,"3":0,"4":0,"5":0,"6":0},"b":{"0":[0],"1":[0],"2":[0],"3":[0],"4":[0],"5":[0]}}
}
