{"C:\\Users\\BigPoppa\\Desktop\\minivirson\\server\\src\\app.module.ts": {"path":"C:\\Users\\BigPoppa\\Desktop\\minivirson\\server\\src\\app.module.ts","statementMap":{"0":{"start":{"line":1,"column":0},"end":{"line":1,"column":40}},"1":{"start":{"line":2,"column":0},"end":{"line":2,"column":41}},"2":{"start":{"line":3,"column":0},"end":{"line":3,"column":46}},"3":{"start":{"line":4,"column":0},"end":{"line":4,"column":68}},"4":{"start":{"line":5,"column":0},"end":{"line":5,"column":45}},"5":{"start":{"line":6,"column":0},"end":{"line":6,"column":50}},"6":{"start":{"line":7,"column":0},"end":{"line":7,"column":54}},"7":{"start":{"line":8,"column":0},"end":{"line":8,"column":48}},"8":{"start":{"line":9,"column":0},"end":{"line":9,"column":51}},"9":{"start":{"line":10,"column":0},"end":{"line":10,"column":63}},"10":{"start":{"line":11,"column":0},"end":{"line":11,"column":66}},"11":{"start":{"line":12,"column":0},"end":{"line":12,"column":57}},"12":{"start":{"line":13,"column":0},"end":{"line":13,"column":57}},"13":{"start":{"line":14,"column":0},"end":{"line":14,"column":66}},"14":{"start":{"line":15,"column":0},"end":{"line":15,"column":51}},"15":{"start":{"line":16,"column":0},"end":{"line":16,"column":54}},"16":{"start":{"line":17,"column":0},"end":{"line":17,"column":51}},"17":{"start":{"line":18,"column":0},"end":{"line":18,"column":63}},"18":{"start":{"line":19,"column":0},"end":{"line":19,"column":75}},"19":{"start":{"line":20,"column":0},"end":{"line":20,"column":60}},"20":{"start":{"line":21,"column":0},"end":{"line":21,"column":51}},"21":{"start":{"line":22,"column":0},"end":{"line":22,"column":75}},"22":{"start":{"line":23,"column":0},"end":{"line":23,"column":54}},"23":{"start":{"line":24,"column":0},"end":{"line":24,"column":57}},"24":{"start":{"line":25,"column":0},"end":{"line":25,"column":63}},"25":{"start":{"line":75,"column":7},"end":{"line":75,"column":null}},"26":{"start":{"line":75,"column":13},"end":{"line":75,"column":22}},"27":{"start":{"line":75,"column":13},"end":{"line":75,"column":null}},"28":{"start":{"line":35,"column":16},"end":{"line":37,"column":17}},"29":{"start":{"line":36,"column":20},"end":{"line":36,"column":83}},"30":{"start":{"line":38,"column":16},"end":{"line":40,"column":17}},"31":{"start":{"line":39,"column":20},"end":{"line":39,"column":85}},"32":{"start":{"line":41,"column":16},"end":{"line":41,"column":30}}},"fnMap":{"0":{"name":"(anonymous_1)","decl":{"start":{"line":33,"column":22},"end":{"line":33,"column":23}},"loc":{"start":{"line":33,"column":33},"end":{"line":42,"column":13}}}},"branchMap":{"0":{"loc":{"start":{"line":35,"column":16},"end":{"line":37,"column":17}},"type":"if","locations":[{"start":{"line":35,"column":16},"end":{"line":37,"column":17}}]},"1":{"loc":{"start":{"line":38,"column":16},"end":{"line":40,"column":17}},"type":"if","locations":[{"start":{"line":38,"column":16},"end":{"line":40,"column":17}}]}},"s":{"0":0,"1":0,"2":0,"3":0,"4":0,"5":0,"6":0,"7":0,"8":0,"9":0,"10":0,"11":0,"12":0,"13":0,"14":0,"15":0,"16":0,"17":0,"18":0,"19":0,"20":0,"21":0,"22":0,"23":0,"24":0,"25":0,"26":0,"27":0,"28":0,"29":0,"30":0,"31":0,"32":0},"f":{"0":0},"b":{"0":[0],"1":[0]}}
,"C:\\Users\\BigPoppa\\Desktop\\minivirson\\server\\src\\main.ts": {"path":"C:\\Users\\BigPoppa\\Desktop\\minivirson\\server\\src\\main.ts","statementMap":{"0":{"start":{"line":1,"column":0},"end":{"line":1,"column":43}},"1":{"start":{"line":2,"column":0},"end":{"line":2,"column":56}},"2":{"start":{"line":3,"column":0},"end":{"line":3,"column":65}},"3":{"start":{"line":4,"column":0},"end":{"line":4,"column":41}},"4":{"start":{"line":5,"column":0},"end":{"line":5,"column":60}},"5":{"start":{"line":6,"column":0},"end":{"line":6,"column":79}},"6":{"start":{"line":7,"column":0},"end":{"line":7,"column":59}},"7":{"start":{"line":8,"column":0},"end":{"line":8,"column":28}},"8":{"start":{"line":9,"column":0},"end":{"line":9,"column":38}},"9":{"start":{"line":10,"column":0},"end":{"line":10,"column":33}},"10":{"start":{"line":11,"column":0},"end":{"line":11,"column":41}},"11":{"start":{"line":13,"column":0},"end":{"line":13,"column":28}},"12":{"start":{"line":14,"column":0},"end":{"line":14,"column":43}},"13":{"start":{"line":16,"column":0},"end":{"line":16,"column":35}},"14":{"start":{"line":19,"column":19},"end":{"line":19,"column":42}},"15":{"start":{"line":20,"column":16},"end":{"line":20,"column":75}},"16":{"start":{"line":23,"column":25},"end":{"line":23,"column":59}},"17":{"start":{"line":24,"column":4},"end":{"line":26,"column":5}},"18":{"start":{"line":25,"column":8},"end":{"line":25,"column":53}},"19":{"start":{"line":29,"column":4},"end":{"line":31,"column":7}},"20":{"start":{"line":34,"column":4},"end":{"line":49,"column":8}},"21":{"start":{"line":52,"column":4},"end":{"line":52,"column":27}},"22":{"start":{"line":55,"column":4},"end":{"line":55,"column":28}},"23":{"start":{"line":58,"column":27},"end":{"line":61,"column":6}},"24":{"start":{"line":63,"column":26},"end":{"line":63,"column":63}},"25":{"start":{"line":65,"column":4},"end":{"line":95,"column":7}},"26":{"start":{"line":68,"column":12},"end":{"line":71,"column":13}},"27":{"start":{"line":69,"column":16},"end":{"line":69,"column":37}},"28":{"start":{"line":70,"column":16},"end":{"line":70,"column":23}},"29":{"start":{"line":74,"column":12},"end":{"line":77,"column":13}},"30":{"start":{"line":75,"column":16},"end":{"line":75,"column":37}},"31":{"start":{"line":76,"column":16},"end":{"line":76,"column":23}},"32":{"start":{"line":81,"column":12},"end":{"line":87,"column":13}},"33":{"start":{"line":82,"column":36},"end":{"line":82,"column":75}},"34":{"start":{"line":83,"column":16},"end":{"line":86,"column":17}},"35":{"start":{"line":84,"column":20},"end":{"line":84,"column":41}},"36":{"start":{"line":85,"column":20},"end":{"line":85,"column":27}},"37":{"start":{"line":89,"column":12},"end":{"line":89,"column":64}},"38":{"start":{"line":90,"column":12},"end":{"line":90,"column":55}},"39":{"start":{"line":99,"column":4},"end":{"line":110,"column":6}},"40":{"start":{"line":112,"column":4},"end":{"line":112,"column":31}},"41":{"start":{"line":115,"column":4},"end":{"line":124,"column":5}},"42":{"start":{"line":116,"column":23},"end":{"line":121,"column":20}},"43":{"start":{"line":122,"column":25},"end":{"line":122,"column":66}},"44":{"start":{"line":123,"column":8},"end":{"line":123,"column":55}},"45":{"start":{"line":127,"column":27},"end":{"line":127,"column":50}},"46":{"start":{"line":128,"column":4},"end":{"line":128,"column":70}},"47":{"start":{"line":131,"column":4},"end":{"line":131,"column":30}},"48":{"start":{"line":133,"column":17},"end":{"line":133,"column":41}},"49":{"start":{"line":134,"column":4},"end":{"line":134,"column":27}},"50":{"start":{"line":135,"column":4},"end":{"line":135,"column":64}},"51":{"start":{"line":136,"column":4},"end":{"line":136,"column":74}},"52":{"start":{"line":139,"column":0},"end":{"line":139,"column":12}}},"fnMap":{"0":{"name":"bootstrap","decl":{"start":{"line":18,"column":15},"end":{"line":18,"column":24}},"loc":{"start":{"line":18,"column":24},"end":{"line":137,"column":1}}},"1":{"name":"(anonymous_11)","decl":{"start":{"line":66,"column":16},"end":{"line":66,"column":17}},"loc":{"start":{"line":66,"column":37},"end":{"line":91,"column":9}}}},"branchMap":{"0":{"loc":{"start":{"line":24,"column":4},"end":{"line":26,"column":5}},"type":"if","locations":[{"start":{"line":24,"column":4},"end":{"line":26,"column":5}}]},"1":{"loc":{"start":{"line":41,"column":39},"end":{"line":41,"column":88}},"type":"binary-expr","locations":[{"start":{"line":41,"column":39},"end":{"line":41,"column":61}},{"start":{"line":41,"column":65},"end":{"line":41,"column":88}}]},"2":{"loc":{"start":{"line":45,"column":14},"end":{"line":47,"column":19}},"type":"cond-expr","locations":[{"start":{"line":46,"column":14},"end":{"line":46,"column":74}},{"start":{"line":47,"column":14},"end":{"line":47,"column":19}}]},"3":{"loc":{"start":{"line":58,"column":27},"end":{"line":61,"column":6}},"type":"binary-expr","locations":[{"start":{"line":58,"column":27},"end":{"line":58,"column":66}},{"start":{"line":58,"column":70},"end":{"line":61,"column":6}}]},"4":{"loc":{"start":{"line":68,"column":12},"end":{"line":71,"column":13}},"type":"if","locations":[{"start":{"line":68,"column":12},"end":{"line":71,"column":13}}]},"5":{"loc":{"start":{"line":74,"column":12},"end":{"line":77,"column":13}},"type":"if","locations":[{"start":{"line":74,"column":12},"end":{"line":77,"column":13}}]},"6":{"loc":{"start":{"line":81,"column":12},"end":{"line":87,"column":13}},"type":"if","locations":[{"start":{"line":81,"column":12},"end":{"line":87,"column":13}}]},"7":{"loc":{"start":{"line":83,"column":16},"end":{"line":86,"column":17}},"type":"if","locations":[{"start":{"line":83,"column":16},"end":{"line":86,"column":17}}]},"8":{"loc":{"start":{"line":115,"column":4},"end":{"line":124,"column":5}},"type":"if","locations":[{"start":{"line":115,"column":4},"end":{"line":124,"column":5}}]},"9":{"loc":{"start":{"line":133,"column":17},"end":{"line":133,"column":41}},"type":"binary-expr","locations":[{"start":{"line":133,"column":17},"end":{"line":133,"column":33}},{"start":{"line":133,"column":37},"end":{"line":133,"column":41}}]}},"s":{"0":0,"1":0,"2":0,"3":0,"4":0,"5":0,"6":0,"7":0,"8":0,"9":0,"10":0,"11":0,"12":0,"13":0,"14":0,"15":0,"16":0,"17":0,"18":0,"19":0,"20":0,"21":0,"22":0,"23":0,"24":0,"25":0,"26":0,"27":0,"28":0,"29":0,"30":0,"31":0,"32":0,"33":0,"34":0,"35":0,"36":0,"37":0,"38":0,"39":0,"40":0,"41":0,"42":0,"43":0,"44":0,"45":0,"46":0,"47":0,"48":0,"49":0,"50":0,"51":0,"52":0},"f":{"0":0,"1":0},"b":{"0":[0],"1":[0,0],"2":[0,0],"3":[0,0],"4":[0],"5":[0],"6":[0],"7":[0],"8":[0],"9":[0,0]}}
,"C:\\Users\\BigPoppa\\Desktop\\minivirson\\server\\src\\admin\\admin.controller.ts": {"path":"C:\\Users\\BigPoppa\\Desktop\\minivirson\\server\\src\\admin\\admin.controller.ts","statementMap":{"0":{"start":{"line":1,"column":0},"end":{"line":1,"column":null}},"1":{"start":{"line":16,"column":0},"end":{"line":16,"column":81}},"2":{"start":{"line":17,"column":0},"end":{"line":17,"column":47}},"3":{"start":{"line":18,"column":0},"end":{"line":18,"column":61}},"4":{"start":{"line":19,"column":0},"end":{"line":19,"column":56}},"5":{"start":{"line":20,"column":0},"end":{"line":20,"column":59}},"6":{"start":{"line":21,"column":0},"end":{"line":21,"column":null}},"7":{"start":{"line":29,"column":0},"end":{"line":29,"column":73}},"8":{"start":{"line":30,"column":0},"end":{"line":30,"column":69}},"9":{"start":{"line":31,"column":0},"end":{"line":31,"column":54}},"10":{"start":{"line":38,"column":7},"end":{"line":304,"column":null}},"11":{"start":{"line":39,"column":24},"end":{"line":39,"column":38}},"12":{"start":{"line":47,"column":8},"end":{"line":47,"column":52}},"13":{"start":{"line":54,"column":8},"end":{"line":54,"column":60}},"14":{"start":{"line":60,"column":8},"end":{"line":60,"column":52}},"15":{"start":{"line":79,"column":8},"end":{"line":79,"column":81}},"16":{"start":{"line":89,"column":8},"end":{"line":89,"column":77}},"17":{"start":{"line":95,"column":8},"end":{"line":95,"column":63}},"18":{"start":{"line":101,"column":8},"end":{"line":101,"column":63}},"19":{"start":{"line":107,"column":8},"end":{"line":107,"column":63}},"20":{"start":{"line":113,"column":8},"end":{"line":113,"column":70}},"21":{"start":{"line":119,"column":8},"end":{"line":119,"column":68}},"22":{"start":{"line":129,"column":8},"end":{"line":129,"column":71}},"23":{"start":{"line":135,"column":8},"end":{"line":135,"column":66}},"24":{"start":{"line":141,"column":8},"end":{"line":141,"column":69}},"25":{"start":{"line":154,"column":8},"end":{"line":154,"column":65}},"26":{"start":{"line":162,"column":8},"end":{"line":162,"column":53}},"27":{"start":{"line":168,"column":8},"end":{"line":168,"column":73}},"28":{"start":{"line":189,"column":8},"end":{"line":189,"column":100}},"29":{"start":{"line":197,"column":8},"end":{"line":197,"column":49}},"30":{"start":{"line":198,"column":8},"end":{"line":198,"column":65}},"31":{"start":{"line":209,"column":8},"end":{"line":209,"column":80}},"32":{"start":{"line":218,"column":8},"end":{"line":218,"column":73}},"33":{"start":{"line":224,"column":8},"end":{"line":224,"column":60}},"34":{"start":{"line":230,"column":8},"end":{"line":230,"column":58}},"35":{"start":{"line":236,"column":8},"end":{"line":236,"column":58}},"36":{"start":{"line":244,"column":8},"end":{"line":244,"column":55}},"37":{"start":{"line":250,"column":8},"end":{"line":250,"column":57}},"38":{"start":{"line":259,"column":8},"end":{"line":259,"column":72}},"39":{"start":{"line":268,"column":8},"end":{"line":268,"column":69}},"40":{"start":{"line":276,"column":8},"end":{"line":276,"column":52}},"41":{"start":{"line":282,"column":8},"end":{"line":282,"column":58}},"42":{"start":{"line":288,"column":8},"end":{"line":288,"column":60}},"43":{"start":{"line":296,"column":8},"end":{"line":296,"column":55}},"44":{"start":{"line":302,"column":8},"end":{"line":302,"column":66}},"45":{"start":{"line":38,"column":13},"end":{"line":38,"column":28}},"46":{"start":{"line":46,"column":10},"end":{"line":48,"column":null}},"47":{"start":{"line":53,"column":10},"end":{"line":55,"column":null}},"48":{"start":{"line":59,"column":10},"end":{"line":61,"column":null}},"49":{"start":{"line":72,"column":10},"end":{"line":80,"column":null}},"50":{"start":{"line":84,"column":10},"end":{"line":90,"column":null}},"51":{"start":{"line":94,"column":10},"end":{"line":96,"column":null}},"52":{"start":{"line":100,"column":10},"end":{"line":102,"column":null}},"53":{"start":{"line":106,"column":10},"end":{"line":108,"column":null}},"54":{"start":{"line":112,"column":10},"end":{"line":114,"column":null}},"55":{"start":{"line":118,"column":10},"end":{"line":120,"column":null}},"56":{"start":{"line":124,"column":10},"end":{"line":130,"column":null}},"57":{"start":{"line":134,"column":10},"end":{"line":136,"column":null}},"58":{"start":{"line":140,"column":10},"end":{"line":142,"column":null}},"59":{"start":{"line":150,"column":10},"end":{"line":155,"column":null}},"60":{"start":{"line":161,"column":10},"end":{"line":163,"column":null}},"61":{"start":{"line":167,"column":10},"end":{"line":169,"column":null}},"62":{"start":{"line":181,"column":10},"end":{"line":190,"column":null}},"63":{"start":{"line":196,"column":10},"end":{"line":199,"column":null}},"64":{"start":{"line":205,"column":10},"end":{"line":210,"column":null}},"65":{"start":{"line":214,"column":10},"end":{"line":219,"column":null}},"66":{"start":{"line":223,"column":10},"end":{"line":225,"column":null}},"67":{"start":{"line":229,"column":10},"end":{"line":231,"column":null}},"68":{"start":{"line":235,"column":10},"end":{"line":237,"column":null}},"69":{"start":{"line":243,"column":10},"end":{"line":245,"column":null}},"70":{"start":{"line":249,"column":10},"end":{"line":251,"column":null}},"71":{"start":{"line":255,"column":10},"end":{"line":260,"column":null}},"72":{"start":{"line":264,"column":10},"end":{"line":269,"column":null}},"73":{"start":{"line":275,"column":10},"end":{"line":277,"column":null}},"74":{"start":{"line":281,"column":10},"end":{"line":283,"column":null}},"75":{"start":{"line":287,"column":10},"end":{"line":289,"column":null}},"76":{"start":{"line":295,"column":10},"end":{"line":297,"column":null}},"77":{"start":{"line":301,"column":10},"end":{"line":303,"column":null}},"78":{"start":{"line":38,"column":13},"end":{"line":304,"column":null}}},"fnMap":{"0":{"name":"(anonymous_4)","decl":{"start":{"line":39,"column":4},"end":{"line":39,"column":24}},"loc":{"start":{"line":39,"column":50},"end":{"line":39,"column":55}}},"1":{"name":"(anonymous_5)","decl":{"start":{"line":46,"column":4},"end":{"line":46,"column":9}},"loc":{"start":{"line":46,"column":70},"end":{"line":48,"column":5}}},"2":{"name":"(anonymous_6)","decl":{"start":{"line":53,"column":4},"end":{"line":53,"column":9}},"loc":{"start":{"line":53,"column":71},"end":{"line":55,"column":5}}},"3":{"name":"(anonymous_7)","decl":{"start":{"line":59,"column":4},"end":{"line":59,"column":9}},"loc":{"start":{"line":59,"column":26},"end":{"line":61,"column":5}}},"4":{"name":"(anonymous_8)","decl":{"start":{"line":72,"column":4},"end":{"line":72,"column":9}},"loc":{"start":{"line":77,"column":78},"end":{"line":80,"column":5}}},"5":{"name":"(anonymous_9)","decl":{"start":{"line":84,"column":4},"end":{"line":84,"column":9}},"loc":{"start":{"line":87,"column":22},"end":{"line":90,"column":5}}},"6":{"name":"(anonymous_10)","decl":{"start":{"line":94,"column":4},"end":{"line":94,"column":9}},"loc":{"start":{"line":94,"column":63},"end":{"line":96,"column":5}}},"7":{"name":"(anonymous_11)","decl":{"start":{"line":100,"column":4},"end":{"line":100,"column":9}},"loc":{"start":{"line":100,"column":63},"end":{"line":102,"column":5}}},"8":{"name":"(anonymous_12)","decl":{"start":{"line":106,"column":4},"end":{"line":106,"column":9}},"loc":{"start":{"line":106,"column":63},"end":{"line":108,"column":5}}},"9":{"name":"(anonymous_13)","decl":{"start":{"line":112,"column":4},"end":{"line":112,"column":9}},"loc":{"start":{"line":112,"column":63},"end":{"line":114,"column":5}}},"10":{"name":"(anonymous_14)","decl":{"start":{"line":118,"column":4},"end":{"line":118,"column":9}},"loc":{"start":{"line":118,"column":72},"end":{"line":120,"column":5}}},"11":{"name":"(anonymous_15)","decl":{"start":{"line":124,"column":4},"end":{"line":124,"column":9}},"loc":{"start":{"line":127,"column":22},"end":{"line":130,"column":5}}},"12":{"name":"(anonymous_16)","decl":{"start":{"line":134,"column":4},"end":{"line":134,"column":9}},"loc":{"start":{"line":134,"column":64},"end":{"line":136,"column":5}}},"13":{"name":"(anonymous_17)","decl":{"start":{"line":140,"column":4},"end":{"line":140,"column":9}},"loc":{"start":{"line":140,"column":67},"end":{"line":142,"column":5}}},"14":{"name":"(anonymous_18)","decl":{"start":{"line":150,"column":4},"end":{"line":150,"column":9}},"loc":{"start":{"line":152,"column":78},"end":{"line":155,"column":5}}},"15":{"name":"(anonymous_19)","decl":{"start":{"line":161,"column":4},"end":{"line":161,"column":9}},"loc":{"start":{"line":161,"column":27},"end":{"line":163,"column":5}}},"16":{"name":"(anonymous_20)","decl":{"start":{"line":167,"column":4},"end":{"line":167,"column":9}},"loc":{"start":{"line":167,"column":77},"end":{"line":169,"column":5}}},"17":{"name":"(anonymous_21)","decl":{"start":{"line":181,"column":4},"end":{"line":181,"column":9}},"loc":{"start":{"line":187,"column":42},"end":{"line":190,"column":5}}},"18":{"name":"(anonymous_22)","decl":{"start":{"line":196,"column":4},"end":{"line":196,"column":9}},"loc":{"start":{"line":196,"column":39},"end":{"line":199,"column":5}}},"19":{"name":"(anonymous_23)","decl":{"start":{"line":205,"column":4},"end":{"line":205,"column":9}},"loc":{"start":{"line":207,"column":42},"end":{"line":210,"column":5}}},"20":{"name":"(anonymous_24)","decl":{"start":{"line":214,"column":4},"end":{"line":214,"column":9}},"loc":{"start":{"line":216,"column":22},"end":{"line":219,"column":5}}},"21":{"name":"(anonymous_25)","decl":{"start":{"line":223,"column":4},"end":{"line":223,"column":9}},"loc":{"start":{"line":223,"column":56},"end":{"line":225,"column":5}}},"22":{"name":"(anonymous_26)","decl":{"start":{"line":229,"column":4},"end":{"line":229,"column":9}},"loc":{"start":{"line":229,"column":32},"end":{"line":231,"column":5}}},"23":{"name":"(anonymous_27)","decl":{"start":{"line":235,"column":4},"end":{"line":235,"column":9}},"loc":{"start":{"line":235,"column":32},"end":{"line":237,"column":5}}},"24":{"name":"(anonymous_28)","decl":{"start":{"line":243,"column":4},"end":{"line":243,"column":9}},"loc":{"start":{"line":243,"column":29},"end":{"line":245,"column":5}}},"25":{"name":"(anonymous_29)","decl":{"start":{"line":249,"column":4},"end":{"line":249,"column":9}},"loc":{"start":{"line":249,"column":31},"end":{"line":251,"column":5}}},"26":{"name":"(anonymous_30)","decl":{"start":{"line":255,"column":4},"end":{"line":255,"column":9}},"loc":{"start":{"line":257,"column":43},"end":{"line":260,"column":5}}},"27":{"name":"(anonymous_31)","decl":{"start":{"line":264,"column":4},"end":{"line":264,"column":9}},"loc":{"start":{"line":266,"column":45},"end":{"line":269,"column":5}}},"28":{"name":"(anonymous_32)","decl":{"start":{"line":275,"column":4},"end":{"line":275,"column":9}},"loc":{"start":{"line":275,"column":26},"end":{"line":277,"column":5}}},"29":{"name":"(anonymous_33)","decl":{"start":{"line":281,"column":4},"end":{"line":281,"column":9}},"loc":{"start":{"line":281,"column":95},"end":{"line":283,"column":5}}},"30":{"name":"(anonymous_34)","decl":{"start":{"line":287,"column":4},"end":{"line":287,"column":9}},"loc":{"start":{"line":287,"column":56},"end":{"line":289,"column":5}}},"31":{"name":"(anonymous_35)","decl":{"start":{"line":295,"column":4},"end":{"line":295,"column":9}},"loc":{"start":{"line":295,"column":29},"end":{"line":297,"column":5}}},"32":{"name":"(anonymous_36)","decl":{"start":{"line":301,"column":4},"end":{"line":301,"column":9}},"loc":{"start":{"line":301,"column":43},"end":{"line":303,"column":5}}}},"branchMap":{"0":{"loc":{"start":{"line":46,"column":37},"end":{"line":46,"column":70}},"type":"default-arg","locations":[{"start":{"line":46,"column":56},"end":{"line":46,"column":70}}]},"1":{"loc":{"start":{"line":53,"column":38},"end":{"line":53,"column":71}},"type":"default-arg","locations":[{"start":{"line":53,"column":57},"end":{"line":53,"column":71}}]}},"s":{"0":0,"1":0,"2":0,"3":0,"4":0,"5":0,"6":0,"7":0,"8":0,"9":0,"10":0,"11":0,"12":0,"13":0,"14":0,"15":0,"16":0,"17":0,"18":0,"19":0,"20":0,"21":0,"22":0,"23":0,"24":0,"25":0,"26":0,"27":0,"28":0,"29":0,"30":0,"31":0,"32":0,"33":0,"34":0,"35":0,"36":0,"37":0,"38":0,"39":0,"40":0,"41":0,"42":0,"43":0,"44":0,"45":0,"46":0,"47":0,"48":0,"49":0,"50":0,"51":0,"52":0,"53":0,"54":0,"55":0,"56":0,"57":0,"58":0,"59":0,"60":0,"61":0,"62":0,"63":0,"64":0,"65":0,"66":0,"67":0,"68":0,"69":0,"70":0,"71":0,"72":0,"73":0,"74":0,"75":0,"76":0,"77":0,"78":0},"f":{"0":0,"1":0,"2":0,"3":0,"4":0,"5":0,"6":0,"7":0,"8":0,"9":0,"10":0,"11":0,"12":0,"13":0,"14":0,"15":0,"16":0,"17":0,"18":0,"19":0,"20":0,"21":0,"22":0,"23":0,"24":0,"25":0,"26":0,"27":0,"28":0,"29":0,"30":0,"31":0,"32":0},"b":{"0":[0],"1":[0]}}
,"C:\\Users\\BigPoppa\\Desktop\\minivirson\\server\\src\\admin\\admin.gateway.ts": {"path":"C:\\Users\\BigPoppa\\Desktop\\minivirson\\server\\src\\admin\\admin.gateway.ts","statementMap":{"0":{"start":{"line":1,"column":0},"end":{"line":1,"column":null}},"1":{"start":{"line":10,"column":0},"end":{"line":10,"column":43}},"2":{"start":{"line":11,"column":0},"end":{"line":11,"column":40}},"3":{"start":{"line":12,"column":0},"end":{"line":12,"column":41}},"4":{"start":{"line":13,"column":0},"end":{"line":13,"column":47}},"5":{"start":{"line":14,"column":0},"end":{"line":14,"column":54}},"6":{"start":{"line":15,"column":0},"end":{"line":15,"column":57}},"7":{"start":{"line":16,"column":0},"end":{"line":16,"column":47}},"8":{"start":{"line":17,"column":0},"end":{"line":17,"column":56}},"9":{"start":{"line":18,"column":0},"end":{"line":18,"column":32}},"10":{"start":{"line":46,"column":25},"end":{"line":335,"column":null}},"11":{"start":{"line":66,"column":16},"end":{"line":66,"column":28}},"12":{"start":{"line":67,"column":16},"end":{"line":67,"column":31}},"13":{"start":{"line":68,"column":16},"end":{"line":68,"column":30}},"14":{"start":{"line":50,"column":21},"end":{"line":50,"column":60}},"15":{"start":{"line":51,"column":12},"end":{"line":51,"column":71}},"16":{"start":{"line":58,"column":21},"end":{"line":63,"column":6}},"17":{"start":{"line":72,"column":8},"end":{"line":72,"column":67}},"18":{"start":{"line":74,"column":25},"end":{"line":74,"column":68}},"19":{"start":{"line":75,"column":8},"end":{"line":77,"column":9}},"20":{"start":{"line":76,"column":12},"end":{"line":76,"column":74}},"21":{"start":{"line":80,"column":8},"end":{"line":91,"column":9}},"22":{"start":{"line":81,"column":12},"end":{"line":81,"column":82}},"23":{"start":{"line":82,"column":30},"end":{"line":82,"column":46}},"24":{"start":{"line":83,"column":30},"end":{"line":83,"column":51}},"25":{"start":{"line":85,"column":13},"end":{"line":85,"column":74}},"26":{"start":{"line":87,"column":12},"end":{"line":87,"column":79}},"27":{"start":{"line":89,"column":12},"end":{"line":89,"column":85}},"28":{"start":{"line":90,"column":12},"end":{"line":90,"column":24}},"29":{"start":{"line":94,"column":8},"end":{"line":94,"column":50}},"30":{"start":{"line":95,"column":8},"end":{"line":97,"column":11}},"31":{"start":{"line":96,"column":12},"end":{"line":96,"column":70}},"32":{"start":{"line":101,"column":8},"end":{"line":138,"column":9}},"33":{"start":{"line":102,"column":26},"end":{"line":102,"column":97}},"34":{"start":{"line":104,"column":12},"end":{"line":108,"column":13}},"35":{"start":{"line":105,"column":16},"end":{"line":105,"column":90}},"36":{"start":{"line":106,"column":16},"end":{"line":106,"column":36}},"37":{"start":{"line":107,"column":16},"end":{"line":107,"column":23}},"38":{"start":{"line":110,"column":27},"end":{"line":110,"column":71}},"39":{"start":{"line":111,"column":12},"end":{"line":113,"column":13}},"40":{"start":{"line":112,"column":16},"end":{"line":112,"column":61}},"41":{"start":{"line":115,"column":28},"end":{"line":115,"column":69}},"42":{"start":{"line":118,"column":12},"end":{"line":122,"column":13}},"43":{"start":{"line":119,"column":16},"end":{"line":119,"column":102}},"44":{"start":{"line":120,"column":16},"end":{"line":120,"column":36}},"45":{"start":{"line":121,"column":16},"end":{"line":121,"column":23}},"46":{"start":{"line":124,"column":12},"end":{"line":124,"column":34}},"47":{"start":{"line":125,"column":12},"end":{"line":125,"column":53}},"48":{"start":{"line":128,"column":28},"end":{"line":128,"column":70}},"49":{"start":{"line":129,"column":12},"end":{"line":129,"column":54}},"50":{"start":{"line":132,"column":12},"end":{"line":132,"column":43}},"51":{"start":{"line":134,"column":12},"end":{"line":134,"column":92}},"52":{"start":{"line":136,"column":12},"end":{"line":136,"column":68}},"53":{"start":{"line":137,"column":12},"end":{"line":137,"column":32}},"54":{"start":{"line":142,"column":8},"end":{"line":142,"column":44}},"55":{"start":{"line":143,"column":8},"end":{"line":145,"column":9}},"56":{"start":{"line":144,"column":12},"end":{"line":144,"column":86}},"57":{"start":{"line":151,"column":23},"end":{"line":151,"column":46}},"58":{"start":{"line":152,"column":8},"end":{"line":152,"column":33}},"59":{"start":{"line":152,"column":21},"end":{"line":152,"column":33}},"60":{"start":{"line":154,"column":20},"end":{"line":154,"column":49}},"61":{"start":{"line":155,"column":8},"end":{"line":166,"column":9}},"62":{"start":{"line":156,"column":28},"end":{"line":156,"column":63}},"63":{"start":{"line":157,"column":12},"end":{"line":160,"column":13}},"64":{"start":{"line":159,"column":16},"end":{"line":159,"column":71}},"65":{"start":{"line":161,"column":12},"end":{"line":161,"column":41}},"66":{"start":{"line":164,"column":12},"end":{"line":164,"column":90}},"67":{"start":{"line":165,"column":12},"end":{"line":165,"column":24}},"68":{"start":{"line":173,"column":22},"end":{"line":173,"column":23}},"69":{"start":{"line":174,"column":8},"end":{"line":179,"column":9}},"70":{"start":{"line":175,"column":12},"end":{"line":178,"column":13}},"71":{"start":{"line":176,"column":16},"end":{"line":176,"column":45}},"72":{"start":{"line":177,"column":16},"end":{"line":177,"column":26}},"73":{"start":{"line":180,"column":8},"end":{"line":182,"column":9}},"74":{"start":{"line":181,"column":12},"end":{"line":181,"column":77}},"75":{"start":{"line":189,"column":8},"end":{"line":189,"column":64}},"76":{"start":{"line":189,"column":26},"end":{"line":189,"column":64}},"77":{"start":{"line":191,"column":8},"end":{"line":193,"column":9}},"78":{"start":{"line":192,"column":12},"end":{"line":192,"column":52}},"79":{"start":{"line":196,"column":24},"end":{"line":196,"column":66}},"80":{"start":{"line":197,"column":8},"end":{"line":197,"column":50}},"81":{"start":{"line":199,"column":8},"end":{"line":199,"column":33}},"82":{"start":{"line":204,"column":8},"end":{"line":204,"column":64}},"83":{"start":{"line":204,"column":26},"end":{"line":204,"column":64}},"84":{"start":{"line":206,"column":8},"end":{"line":208,"column":9}},"85":{"start":{"line":207,"column":12},"end":{"line":207,"column":84}},"86":{"start":{"line":210,"column":8},"end":{"line":223,"column":9}},"87":{"start":{"line":211,"column":40},"end":{"line":214,"column":14}},"88":{"start":{"line":216,"column":12},"end":{"line":216,"column":54}},"89":{"start":{"line":217,"column":12},"end":{"line":217,"column":56}},"90":{"start":{"line":219,"column":12},"end":{"line":219,"column":37}},"91":{"start":{"line":221,"column":12},"end":{"line":221,"column":77}},"92":{"start":{"line":222,"column":12},"end":{"line":222,"column":55}},"93":{"start":{"line":228,"column":8},"end":{"line":228,"column":64}},"94":{"start":{"line":228,"column":26},"end":{"line":228,"column":64}},"95":{"start":{"line":230,"column":8},"end":{"line":232,"column":9}},"96":{"start":{"line":231,"column":12},"end":{"line":231,"column":52}},"97":{"start":{"line":234,"column":8},"end":{"line":234,"column":35}},"98":{"start":{"line":235,"column":8},"end":{"line":235,"column":33}},"99":{"start":{"line":240,"column":8},"end":{"line":240,"column":64}},"100":{"start":{"line":240,"column":26},"end":{"line":240,"column":64}},"101":{"start":{"line":242,"column":8},"end":{"line":244,"column":9}},"102":{"start":{"line":243,"column":12},"end":{"line":243,"column":52}},"103":{"start":{"line":246,"column":8},"end":{"line":246,"column":40}},"104":{"start":{"line":247,"column":8},"end":{"line":247,"column":33}},"105":{"start":{"line":253,"column":8},"end":{"line":258,"column":9}},"106":{"start":{"line":254,"column":28},"end":{"line":254,"column":70}},"107":{"start":{"line":255,"column":12},"end":{"line":255,"column":81}},"108":{"start":{"line":257,"column":12},"end":{"line":257,"column":77}},"109":{"start":{"line":262,"column":8},"end":{"line":267,"column":9}},"110":{"start":{"line":263,"column":26},"end":{"line":263,"column":68}},"111":{"start":{"line":264,"column":12},"end":{"line":264,"column":80}},"112":{"start":{"line":266,"column":12},"end":{"line":266,"column":84}},"113":{"start":{"line":271,"column":8},"end":{"line":274,"column":11}},"114":{"start":{"line":278,"column":8},"end":{"line":283,"column":11}},"115":{"start":{"line":287,"column":8},"end":{"line":290,"column":11}},"116":{"start":{"line":294,"column":8},"end":{"line":297,"column":11}},"117":{"start":{"line":301,"column":8},"end":{"line":304,"column":11}},"118":{"start":{"line":311,"column":8},"end":{"line":313,"column":9}},"119":{"start":{"line":312,"column":12},"end":{"line":312,"column":48}},"120":{"start":{"line":318,"column":8},"end":{"line":320,"column":9}},"121":{"start":{"line":319,"column":12},"end":{"line":319,"column":42}},"122":{"start":{"line":326,"column":8},"end":{"line":326,"column":38}},"123":{"start":{"line":330,"column":8},"end":{"line":333,"column":12}},"124":{"start":{"line":330,"column":69},"end":{"line":333,"column":10}},"125":{"start":{"line":46,"column":13},"end":{"line":46,"column":25}},"126":{"start":{"line":48,"column":4},"end":{"line":48,"column":null}},"127":{"start":{"line":172,"column":4},"end":{"line":183,"column":null}},"128":{"start":{"line":188,"column":10},"end":{"line":200,"column":null}},"129":{"start":{"line":203,"column":10},"end":{"line":224,"column":null}},"130":{"start":{"line":227,"column":10},"end":{"line":236,"column":null}},"131":{"start":{"line":239,"column":10},"end":{"line":248,"column":null}},"132":{"start":{"line":310,"column":10},"end":{"line":314,"column":null}},"133":{"start":{"line":317,"column":10},"end":{"line":321,"column":null}},"134":{"start":{"line":46,"column":13},"end":{"line":335,"column":null}},"135":{"start":{"line":31,"column":35},"end":{"line":34,"column":14}},"136":{"start":{"line":35,"column":32},"end":{"line":35,"column":81}},"137":{"start":{"line":36,"column":12},"end":{"line":40,"column":13}},"138":{"start":{"line":37,"column":16},"end":{"line":37,"column":37}},"139":{"start":{"line":39,"column":16},"end":{"line":39,"column":66}}},"fnMap":{"0":{"name":"(anonymous_4)","decl":{"start":{"line":65,"column":4},"end":{"line":65,"column":null}},"loc":{"start":{"line":68,"column":42},"end":{"line":69,"column":9}}},"1":{"name":"(anonymous_5)","decl":{"start":{"line":71,"column":4},"end":{"line":71,"column":9}},"loc":{"start":{"line":71,"column":34},"end":{"line":98,"column":5}}},"2":{"name":"(anonymous_6)","decl":{"start":{"line":95,"column":40},"end":{"line":95,"column":41}},"loc":{"start":{"line":95,"column":48},"end":{"line":97,"column":9}}},"3":{"name":"(anonymous_7)","decl":{"start":{"line":100,"column":4},"end":{"line":100,"column":9}},"loc":{"start":{"line":100,"column":54},"end":{"line":139,"column":5}}},"4":{"name":"(anonymous_8)","decl":{"start":{"line":141,"column":4},"end":{"line":141,"column":20}},"loc":{"start":{"line":141,"column":48},"end":{"line":146,"column":5}}},"5":{"name":"(anonymous_9)","decl":{"start":{"line":150,"column":12},"end":{"line":150,"column":17}},"loc":{"start":{"line":150,"column":62},"end":{"line":167,"column":5}}},"6":{"name":"(anonymous_10)","decl":{"start":{"line":172,"column":4},"end":{"line":172,"column":30}},"loc":{"start":{"line":172,"column":30},"end":{"line":183,"column":5}}},"7":{"name":"(anonymous_11)","decl":{"start":{"line":188,"column":4},"end":{"line":188,"column":9}},"loc":{"start":{"line":188,"column":72},"end":{"line":200,"column":5}}},"8":{"name":"(anonymous_12)","decl":{"start":{"line":203,"column":4},"end":{"line":203,"column":9}},"loc":{"start":{"line":203,"column":70},"end":{"line":224,"column":5}}},"9":{"name":"(anonymous_13)","decl":{"start":{"line":227,"column":4},"end":{"line":227,"column":9}},"loc":{"start":{"line":227,"column":77},"end":{"line":236,"column":5}}},"10":{"name":"(anonymous_14)","decl":{"start":{"line":239,"column":4},"end":{"line":239,"column":9}},"loc":{"start":{"line":239,"column":82},"end":{"line":248,"column":5}}},"11":{"name":"(anonymous_15)","decl":{"start":{"line":252,"column":4},"end":{"line":252,"column":9}},"loc":{"start":{"line":252,"column":26},"end":{"line":259,"column":5}}},"12":{"name":"(anonymous_16)","decl":{"start":{"line":261,"column":4},"end":{"line":261,"column":9}},"loc":{"start":{"line":261,"column":32},"end":{"line":268,"column":5}}},"13":{"name":"(anonymous_17)","decl":{"start":{"line":270,"column":4},"end":{"line":270,"column":20}},"loc":{"start":{"line":270,"column":30},"end":{"line":275,"column":5}}},"14":{"name":"(anonymous_18)","decl":{"start":{"line":277,"column":4},"end":{"line":277,"column":29}},"loc":{"start":{"line":277,"column":77},"end":{"line":284,"column":5}}},"15":{"name":"(anonymous_19)","decl":{"start":{"line":286,"column":4},"end":{"line":286,"column":23}},"loc":{"start":{"line":286,"column":36},"end":{"line":291,"column":5}}},"16":{"name":"(anonymous_20)","decl":{"start":{"line":293,"column":4},"end":{"line":293,"column":27}},"loc":{"start":{"line":293,"column":40},"end":{"line":298,"column":5}}},"17":{"name":"(anonymous_21)","decl":{"start":{"line":300,"column":4},"end":{"line":300,"column":24}},"loc":{"start":{"line":300,"column":105},"end":{"line":305,"column":5}}},"18":{"name":"(anonymous_22)","decl":{"start":{"line":310,"column":4},"end":{"line":310,"column":9}},"loc":{"start":{"line":310,"column":33},"end":{"line":314,"column":5}}},"19":{"name":"(anonymous_23)","decl":{"start":{"line":317,"column":4},"end":{"line":317,"column":9}},"loc":{"start":{"line":317,"column":32},"end":{"line":321,"column":5}}},"20":{"name":"(anonymous_24)","decl":{"start":{"line":325,"column":4},"end":{"line":325,"column":26}},"loc":{"start":{"line":325,"column":26},"end":{"line":327,"column":5}}},"21":{"name":"(anonymous_25)","decl":{"start":{"line":329,"column":4},"end":{"line":329,"column":22}},"loc":{"start":{"line":329,"column":22},"end":{"line":334,"column":5}}},"22":{"name":"(anonymous_26)","decl":{"start":{"line":330,"column":58},"end":{"line":330,"column":64}},"loc":{"start":{"line":330,"column":69},"end":{"line":333,"column":10}}},"23":{"name":"(anonymous_27)","decl":{"start":{"line":30,"column":16},"end":{"line":30,"column":17}},"loc":{"start":{"line":30,"column":37},"end":{"line":41,"column":9}}}},"branchMap":{"0":{"loc":{"start":{"line":75,"column":8},"end":{"line":77,"column":9}},"type":"if","locations":[{"start":{"line":75,"column":8},"end":{"line":77,"column":9}}]},"1":{"loc":{"start":{"line":102,"column":26},"end":{"line":102,"column":97}},"type":"binary-expr","locations":[{"start":{"line":102,"column":26},"end":{"line":102,"column":54}},{"start":{"line":102,"column":58},"end":{"line":102,"column":97}}]},"2":{"loc":{"start":{"line":104,"column":12},"end":{"line":108,"column":13}},"type":"if","locations":[{"start":{"line":104,"column":12},"end":{"line":108,"column":13}}]},"3":{"loc":{"start":{"line":111,"column":12},"end":{"line":113,"column":13}},"type":"if","locations":[{"start":{"line":111,"column":12},"end":{"line":113,"column":13}}]},"4":{"loc":{"start":{"line":118,"column":12},"end":{"line":122,"column":13}},"type":"if","locations":[{"start":{"line":118,"column":12},"end":{"line":122,"column":13}}]},"5":{"loc":{"start":{"line":143,"column":8},"end":{"line":145,"column":9}},"type":"if","locations":[{"start":{"line":143,"column":8},"end":{"line":145,"column":9}}]},"6":{"loc":{"start":{"line":152,"column":8},"end":{"line":152,"column":33}},"type":"if","locations":[{"start":{"line":152,"column":8},"end":{"line":152,"column":33}}]},"7":{"loc":{"start":{"line":157,"column":12},"end":{"line":160,"column":13}},"type":"if","locations":[{"start":{"line":157,"column":12},"end":{"line":160,"column":13}}]},"8":{"loc":{"start":{"line":175,"column":12},"end":{"line":178,"column":13}},"type":"if","locations":[{"start":{"line":175,"column":12},"end":{"line":178,"column":13}}]},"9":{"loc":{"start":{"line":180,"column":8},"end":{"line":182,"column":9}},"type":"if","locations":[{"start":{"line":180,"column":8},"end":{"line":182,"column":9}}]},"10":{"loc":{"start":{"line":189,"column":8},"end":{"line":189,"column":64}},"type":"if","locations":[{"start":{"line":189,"column":8},"end":{"line":189,"column":64}}]},"11":{"loc":{"start":{"line":191,"column":8},"end":{"line":193,"column":9}},"type":"if","locations":[{"start":{"line":191,"column":8},"end":{"line":193,"column":9}}]},"12":{"loc":{"start":{"line":204,"column":8},"end":{"line":204,"column":64}},"type":"if","locations":[{"start":{"line":204,"column":8},"end":{"line":204,"column":64}}]},"13":{"loc":{"start":{"line":206,"column":8},"end":{"line":208,"column":9}},"type":"if","locations":[{"start":{"line":206,"column":8},"end":{"line":208,"column":9}}]},"14":{"loc":{"start":{"line":228,"column":8},"end":{"line":228,"column":64}},"type":"if","locations":[{"start":{"line":228,"column":8},"end":{"line":228,"column":64}}]},"15":{"loc":{"start":{"line":230,"column":8},"end":{"line":232,"column":9}},"type":"if","locations":[{"start":{"line":230,"column":8},"end":{"line":232,"column":9}}]},"16":{"loc":{"start":{"line":240,"column":8},"end":{"line":240,"column":64}},"type":"if","locations":[{"start":{"line":240,"column":8},"end":{"line":240,"column":64}}]},"17":{"loc":{"start":{"line":242,"column":8},"end":{"line":244,"column":9}},"type":"if","locations":[{"start":{"line":242,"column":8},"end":{"line":244,"column":9}}]},"18":{"loc":{"start":{"line":311,"column":8},"end":{"line":313,"column":9}},"type":"if","locations":[{"start":{"line":311,"column":8},"end":{"line":313,"column":9}}]},"19":{"loc":{"start":{"line":318,"column":8},"end":{"line":320,"column":9}},"type":"if","locations":[{"start":{"line":318,"column":8},"end":{"line":320,"column":9}}]},"20":{"loc":{"start":{"line":31,"column":35},"end":{"line":34,"column":14}},"type":"binary-expr","locations":[{"start":{"line":31,"column":35},"end":{"line":31,"column":74}},{"start":{"line":31,"column":78},"end":{"line":34,"column":14}}]},"21":{"loc":{"start":{"line":35,"column":32},"end":{"line":35,"column":81}},"type":"binary-expr","locations":[{"start":{"line":35,"column":32},"end":{"line":35,"column":38}},{"start":{"line":35,"column":42},"end":{"line":35,"column":81}}]},"22":{"loc":{"start":{"line":36,"column":12},"end":{"line":40,"column":13}},"type":"if","locations":[{"start":{"line":36,"column":12},"end":{"line":40,"column":13}},{"start":{"line":38,"column":19},"end":{"line":40,"column":13}}]},"23":{"loc":{"start":{"line":36,"column":16},"end":{"line":36,"column":73}},"type":"binary-expr","locations":[{"start":{"line":36,"column":16},"end":{"line":36,"column":23}},{"start":{"line":36,"column":27},"end":{"line":36,"column":58}},{"start":{"line":36,"column":62},"end":{"line":36,"column":73}}]}},"s":{"0":0,"1":0,"2":0,"3":0,"4":0,"5":0,"6":0,"7":0,"8":0,"9":0,"10":0,"11":0,"12":0,"13":0,"14":0,"15":0,"16":0,"17":0,"18":0,"19":0,"20":0,"21":0,"22":0,"23":0,"24":0,"25":0,"26":0,"27":0,"28":0,"29":0,"30":0,"31":0,"32":0,"33":0,"34":0,"35":0,"36":0,"37":0,"38":0,"39":0,"40":0,"41":0,"42":0,"43":0,"44":0,"45":0,"46":0,"47":0,"48":0,"49":0,"50":0,"51":0,"52":0,"53":0,"54":0,"55":0,"56":0,"57":0,"58":0,"59":0,"60":0,"61":0,"62":0,"63":0,"64":0,"65":0,"66":0,"67":0,"68":0,"69":0,"70":0,"71":0,"72":0,"73":0,"74":0,"75":0,"76":0,"77":0,"78":0,"79":0,"80":0,"81":0,"82":0,"83":0,"84":0,"85":0,"86":0,"87":0,"88":0,"89":0,"90":0,"91":0,"92":0,"93":0,"94":0,"95":0,"96":0,"97":0,"98":0,"99":0,"100":0,"101":0,"102":0,"103":0,"104":0,"105":0,"106":0,"107":0,"108":0,"109":0,"110":0,"111":0,"112":0,"113":0,"114":0,"115":0,"116":0,"117":0,"118":0,"119":0,"120":0,"121":0,"122":0,"123":0,"124":0,"125":0,"126":0,"127":0,"128":0,"129":0,"130":0,"131":0,"132":0,"133":0,"134":0,"135":0,"136":0,"137":0,"138":0,"139":0},"f":{"0":0,"1":0,"2":0,"3":0,"4":0,"5":0,"6":0,"7":0,"8":0,"9":0,"10":0,"11":0,"12":0,"13":0,"14":0,"15":0,"16":0,"17":0,"18":0,"19":0,"20":0,"21":0,"22":0,"23":0},"b":{"0":[0],"1":[0,0],"2":[0],"3":[0],"4":[0],"5":[0],"6":[0],"7":[0],"8":[0],"9":[0],"10":[0],"11":[0],"12":[0],"13":[0],"14":[0],"15":[0],"16":[0],"17":[0],"18":[0],"19":[0],"20":[0,0],"21":[0,0],"22":[0,0],"23":[0,0,0]}}
,"C:\\Users\\BigPoppa\\Desktop\\minivirson\\server\\src\\admin\\admin.module.ts": {"path":"C:\\Users\\BigPoppa\\Desktop\\minivirson\\server\\src\\admin\\admin.module.ts","statementMap":{"0":{"start":{"line":1,"column":0},"end":{"line":1,"column":40}},"1":{"start":{"line":2,"column":0},"end":{"line":2,"column":40}},"2":{"start":{"line":3,"column":0},"end":{"line":3,"column":47}},"3":{"start":{"line":4,"column":0},"end":{"line":4,"column":53}},"4":{"start":{"line":5,"column":0},"end":{"line":5,"column":47}},"5":{"start":{"line":6,"column":0},"end":{"line":6,"column":55}},"6":{"start":{"line":7,"column":0},"end":{"line":7,"column":50}},"7":{"start":{"line":15,"column":7},"end":{"line":15,"column":null}},"8":{"start":{"line":15,"column":13},"end":{"line":15,"column":24}},"9":{"start":{"line":15,"column":13},"end":{"line":15,"column":null}}},"fnMap":{},"branchMap":{},"s":{"0":0,"1":0,"2":0,"3":0,"4":0,"5":0,"6":0,"7":0,"8":0,"9":0},"f":{},"b":{}}
,"C:\\Users\\BigPoppa\\Desktop\\minivirson\\server\\src\\admin\\admin.service.ts": {"path":"C:\\Users\\BigPoppa\\Desktop\\minivirson\\server\\src\\admin\\admin.service.ts","statementMap":{"0":{"start":{"line":1,"column":0},"end":{"line":1,"column":111}},"1":{"start":{"line":2,"column":0},"end":{"line":2,"column":57}},"2":{"start":{"line":3,"column":0},"end":{"line":3,"column":40}},"3":{"start":{"line":4,"column":0},"end":{"line":4,"column":63}},"4":{"start":{"line":7,"column":0},"end":{"line":7,"column":null}},"5":{"start":{"line":8,"column":4},"end":{"line":8,"column":null}},"6":{"start":{"line":9,"column":4},"end":{"line":9,"column":null}},"7":{"start":{"line":10,"column":4},"end":{"line":10,"column":null}},"8":{"start":{"line":13,"column":0},"end":{"line":13,"column":null}},"9":{"start":{"line":14,"column":4},"end":{"line":14,"column":null}},"10":{"start":{"line":15,"column":4},"end":{"line":15,"column":null}},"11":{"start":{"line":16,"column":4},"end":{"line":16,"column":null}},"12":{"start":{"line":17,"column":4},"end":{"line":17,"column":null}},"13":{"start":{"line":18,"column":4},"end":{"line":18,"column":null}},"14":{"start":{"line":19,"column":4},"end":{"line":19,"column":null}},"15":{"start":{"line":20,"column":4},"end":{"line":20,"column":null}},"16":{"start":{"line":21,"column":4},"end":{"line":21,"column":null}},"17":{"start":{"line":22,"column":4},"end":{"line":22,"column":null}},"18":{"start":{"line":23,"column":4},"end":{"line":23,"column":null}},"19":{"start":{"line":31,"column":0},"end":{"line":31,"column":33}},"20":{"start":{"line":32,"column":0},"end":{"line":32,"column":33}},"21":{"start":{"line":98,"column":25},"end":{"line":1660,"column":null}},"22":{"start":{"line":103,"column":24},"end":{"line":103,"column":32}},"23":{"start":{"line":99,"column":21},"end":{"line":99,"column":60}},"24":{"start":{"line":100,"column":12},"end":{"line":100,"column":83}},"25":{"start":{"line":101,"column":21},"end":{"line":101,"column":39}},"26":{"start":{"line":108,"column":25},"end":{"line":108,"column":91}},"27":{"start":{"line":109,"column":8},"end":{"line":109,"column":78}},"28":{"start":{"line":109,"column":22},"end":{"line":109,"column":78}},"29":{"start":{"line":112,"column":21},"end":{"line":112,"column":85}},"30":{"start":{"line":113,"column":8},"end":{"line":113,"column":84}},"31":{"start":{"line":113,"column":19},"end":{"line":113,"column":84}},"32":{"start":{"line":116,"column":25},"end":{"line":116,"column":78}},"33":{"start":{"line":117,"column":29},"end":{"line":117,"column":60}},"34":{"start":{"line":119,"column":21},"end":{"line":130,"column":10}},"35":{"start":{"line":132,"column":8},"end":{"line":139,"column":11}},"36":{"start":{"line":141,"column":8},"end":{"line":141,"column":20}},"37":{"start":{"line":145,"column":23},"end":{"line":148,"column":10}},"38":{"start":{"line":149,"column":24},"end":{"line":152,"column":10}},"39":{"start":{"line":154,"column":8},"end":{"line":154,"column":92}},"40":{"start":{"line":154,"column":33},"end":{"line":154,"column":92}},"41":{"start":{"line":156,"column":25},"end":{"line":156,"column":77}},"42":{"start":{"line":156,"column":52},"end":{"line":156,"column":76}},"43":{"start":{"line":157,"column":26},"end":{"line":157,"column":80}},"44":{"start":{"line":157,"column":54},"end":{"line":157,"column":79}},"45":{"start":{"line":159,"column":8},"end":{"line":159,"column":103}},"46":{"start":{"line":159,"column":23},"end":{"line":159,"column":103}},"47":{"start":{"line":160,"column":8},"end":{"line":160,"column":106}},"48":{"start":{"line":160,"column":24},"end":{"line":160,"column":106}},"49":{"start":{"line":163,"column":25},"end":{"line":170,"column":10}},"50":{"start":{"line":172,"column":8},"end":{"line":172,"column":73}},"51":{"start":{"line":172,"column":22},"end":{"line":172,"column":73}},"52":{"start":{"line":174,"column":8},"end":{"line":179,"column":11}},"53":{"start":{"line":181,"column":8},"end":{"line":188,"column":11}},"54":{"start":{"line":190,"column":8},"end":{"line":190,"column":33}},"55":{"start":{"line":194,"column":23},"end":{"line":197,"column":10}},"56":{"start":{"line":198,"column":8},"end":{"line":201,"column":10}},"57":{"start":{"line":205,"column":35},"end":{"line":205,"column":38}},"58":{"start":{"line":206,"column":8},"end":{"line":213,"column":9}},"59":{"start":{"line":208,"column":16},"end":{"line":208,"column":57}},"60":{"start":{"line":210,"column":16},"end":{"line":210,"column":65}},"61":{"start":{"line":212,"column":16},"end":{"line":212,"column":79}},"62":{"start":{"line":235,"column":12},"end":{"line":235,"column":18}},"63":{"start":{"line":237,"column":45},"end":{"line":237,"column":47}},"64":{"start":{"line":240,"column":8},"end":{"line":242,"column":9}},"65":{"start":{"line":241,"column":12},"end":{"line":241,"column":35}},"66":{"start":{"line":244,"column":8},"end":{"line":252,"column":9}},"67":{"start":{"line":246,"column":36},"end":{"line":246,"column":69}},"68":{"start":{"line":247,"column":12},"end":{"line":251,"column":14}},"69":{"start":{"line":254,"column":8},"end":{"line":256,"column":9}},"70":{"start":{"line":255,"column":12},"end":{"line":255,"column":34}},"71":{"start":{"line":258,"column":8},"end":{"line":266,"column":9}},"72":{"start":{"line":259,"column":12},"end":{"line":265,"column":14}},"73":{"start":{"line":268,"column":21},"end":{"line":268,"column":39}},"74":{"start":{"line":270,"column":31},"end":{"line":291,"column":10}},"75":{"start":{"line":293,"column":8},"end":{"line":293,"column":32}},"76":{"start":{"line":297,"column":21},"end":{"line":322,"column":10}},"77":{"start":{"line":324,"column":8},"end":{"line":326,"column":9}},"78":{"start":{"line":325,"column":12},"end":{"line":325,"column":58}},"79":{"start":{"line":328,"column":8},"end":{"line":328,"column":20}},"80":{"start":{"line":332,"column":21},"end":{"line":334,"column":10}},"81":{"start":{"line":336,"column":8},"end":{"line":338,"column":9}},"82":{"start":{"line":337,"column":12},"end":{"line":337,"column":58}},"83":{"start":{"line":340,"column":28},"end":{"line":346,"column":10}},"84":{"start":{"line":349,"column":8},"end":{"line":357,"column":11}},"85":{"start":{"line":359,"column":8},"end":{"line":359,"column":27}},"86":{"start":{"line":363,"column":21},"end":{"line":363,"column":81}},"87":{"start":{"line":364,"column":8},"end":{"line":364,"column":65}},"88":{"start":{"line":364,"column":19},"end":{"line":364,"column":65}},"89":{"start":{"line":365,"column":8},"end":{"line":367,"column":9}},"90":{"start":{"line":366,"column":12},"end":{"line":366,"column":74}},"91":{"start":{"line":369,"column":28},"end":{"line":372,"column":10}},"92":{"start":{"line":374,"column":8},"end":{"line":382,"column":11}},"93":{"start":{"line":384,"column":8},"end":{"line":384,"column":27}},"94":{"start":{"line":388,"column":21},"end":{"line":388,"column":81}},"95":{"start":{"line":389,"column":8},"end":{"line":389,"column":65}},"96":{"start":{"line":389,"column":19},"end":{"line":389,"column":65}},"97":{"start":{"line":390,"column":8},"end":{"line":392,"column":9}},"98":{"start":{"line":391,"column":12},"end":{"line":391,"column":69}},"99":{"start":{"line":394,"column":28},"end":{"line":397,"column":10}},"100":{"start":{"line":399,"column":8},"end":{"line":407,"column":11}},"101":{"start":{"line":409,"column":8},"end":{"line":409,"column":27}},"102":{"start":{"line":413,"column":21},"end":{"line":413,"column":81}},"103":{"start":{"line":414,"column":8},"end":{"line":414,"column":65}},"104":{"start":{"line":414,"column":19},"end":{"line":414,"column":65}},"105":{"start":{"line":416,"column":28},"end":{"line":419,"column":10}},"106":{"start":{"line":421,"column":8},"end":{"line":429,"column":11}},"107":{"start":{"line":431,"column":8},"end":{"line":431,"column":27}},"108":{"start":{"line":435,"column":21},"end":{"line":435,"column":81}},"109":{"start":{"line":436,"column":8},"end":{"line":436,"column":65}},"110":{"start":{"line":436,"column":19},"end":{"line":436,"column":65}},"111":{"start":{"line":437,"column":8},"end":{"line":439,"column":9}},"112":{"start":{"line":438,"column":12},"end":{"line":438,"column":68}},"113":{"start":{"line":441,"column":8},"end":{"line":477,"column":9}},"114":{"start":{"line":443,"column":12},"end":{"line":445,"column":13}},"115":{"start":{"line":444,"column":16},"end":{"line":444,"column":107}},"116":{"start":{"line":447,"column":12},"end":{"line":457,"column":15}},"117":{"start":{"line":460,"column":12},"end":{"line":476,"column":15}},"118":{"start":{"line":484,"column":8},"end":{"line":486,"column":9}},"119":{"start":{"line":485,"column":12},"end":{"line":485,"column":42}},"120":{"start":{"line":488,"column":22},"end":{"line":488,"column":32}},"121":{"start":{"line":489,"column":8},"end":{"line":489,"column":35}},"122":{"start":{"line":490,"column":24},"end":{"line":490,"column":39}},"123":{"start":{"line":491,"column":8},"end":{"line":491,"column":47}},"124":{"start":{"line":507,"column":12},"end":{"line":529,"column":10}},"125":{"start":{"line":531,"column":27},"end":{"line":531,"column":78}},"126":{"start":{"line":531,"column":57},"end":{"line":531,"column":74}},"127":{"start":{"line":532,"column":28},"end":{"line":532,"column":96}},"128":{"start":{"line":532,"column":49},"end":{"line":532,"column":79}},"129":{"start":{"line":533,"column":25},"end":{"line":533,"column":95}},"130":{"start":{"line":534,"column":28},"end":{"line":534,"column":100}},"131":{"start":{"line":537,"column":47},"end":{"line":537,"column":49}},"132":{"start":{"line":538,"column":8},"end":{"line":541,"column":9}},"133":{"start":{"line":539,"column":25},"end":{"line":539,"column":88}},"134":{"start":{"line":540,"column":12},"end":{"line":540,"column":63}},"135":{"start":{"line":543,"column":39},"end":{"line":582,"column":10}},"136":{"start":{"line":584,"column":8},"end":{"line":584,"column":69}},"137":{"start":{"line":585,"column":8},"end":{"line":585,"column":23}},"138":{"start":{"line":599,"column":25},"end":{"line":599,"column":87}},"139":{"start":{"line":600,"column":22},"end":{"line":600,"column":37}},"140":{"start":{"line":601,"column":26},"end":{"line":601,"column":38}},"141":{"start":{"line":605,"column":24},"end":{"line":614,"column":null}},"142":{"start":{"line":618,"column":29},"end":{"line":618,"column":54}},"143":{"start":{"line":619,"column":8},"end":{"line":621,"column":11}},"144":{"start":{"line":620,"column":12},"end":{"line":620,"column":86}},"145":{"start":{"line":624,"column":21},"end":{"line":624,"column":58}},"146":{"start":{"line":625,"column":8},"end":{"line":628,"column":11}},"147":{"start":{"line":626,"column":28},"end":{"line":626,"column":59}},"148":{"start":{"line":627,"column":12},"end":{"line":627,"column":50}},"149":{"start":{"line":632,"column":30},"end":{"line":632,"column":32}},"150":{"start":{"line":633,"column":24},"end":{"line":633,"column":43}},"151":{"start":{"line":634,"column":20},"end":{"line":634,"column":37}},"152":{"start":{"line":636,"column":8},"end":{"line":639,"column":9}},"153":{"start":{"line":637,"column":12},"end":{"line":637,"column":42}},"154":{"start":{"line":638,"column":12},"end":{"line":638,"column":51}},"155":{"start":{"line":641,"column":8},"end":{"line":641,"column":21}},"156":{"start":{"line":646,"column":49},"end":{"line":652,"column":10}},"157":{"start":{"line":653,"column":21},"end":{"line":653,"column":80}},"158":{"start":{"line":654,"column":24},"end":{"line":654,"column":34}},"159":{"start":{"line":655,"column":26},"end":{"line":655,"column":36}},"160":{"start":{"line":656,"column":8},"end":{"line":656,"column":54}},"161":{"start":{"line":658,"column":67},"end":{"line":663,"column":10}},"162":{"start":{"line":665,"column":8},"end":{"line":672,"column":10}},"163":{"start":{"line":666,"column":39},"end":{"line":666,"column":104}},"164":{"start":{"line":677,"column":56},"end":{"line":677,"column":65}},"165":{"start":{"line":678,"column":8},"end":{"line":682,"column":9}},"166":{"start":{"line":679,"column":12},"end":{"line":679,"column":50}},"167":{"start":{"line":681,"column":12},"end":{"line":681,"column":30}},"168":{"start":{"line":685,"column":63},"end":{"line":685,"column":72}},"169":{"start":{"line":687,"column":8},"end":{"line":696,"column":10}},"170":{"start":{"line":702,"column":8},"end":{"line":702,"column":61}},"171":{"start":{"line":706,"column":58},"end":{"line":706,"column":61}},"172":{"start":{"line":709,"column":8},"end":{"line":711,"column":9}},"173":{"start":{"line":710,"column":12},"end":{"line":710,"column":66}},"174":{"start":{"line":712,"column":8},"end":{"line":714,"column":9}},"175":{"start":{"line":713,"column":12},"end":{"line":713,"column":92}},"176":{"start":{"line":715,"column":26},"end":{"line":715,"column":91}},"177":{"start":{"line":716,"column":8},"end":{"line":720,"column":9}},"178":{"start":{"line":717,"column":12},"end":{"line":719,"column":13}},"179":{"start":{"line":718,"column":16},"end":{"line":718,"column":74}},"180":{"start":{"line":722,"column":22},"end":{"line":722,"column":23}},"181":{"start":{"line":723,"column":21},"end":{"line":723,"column":22}},"182":{"start":{"line":726,"column":8},"end":{"line":747,"column":9}},"183":{"start":{"line":727,"column":12},"end":{"line":746,"column":13}},"184":{"start":{"line":728,"column":16},"end":{"line":741,"column":17}},"185":{"start":{"line":730,"column":24},"end":{"line":730,"column":91}},"186":{"start":{"line":731,"column":24},"end":{"line":731,"column":30}},"187":{"start":{"line":733,"column":24},"end":{"line":733,"column":86}},"188":{"start":{"line":734,"column":24},"end":{"line":734,"column":30}},"189":{"start":{"line":736,"column":24},"end":{"line":736,"column":85}},"190":{"start":{"line":737,"column":24},"end":{"line":737,"column":30}},"191":{"start":{"line":739,"column":24},"end":{"line":739,"column":33}},"192":{"start":{"line":740,"column":24},"end":{"line":740,"column":33}},"193":{"start":{"line":742,"column":16},"end":{"line":742,"column":26}},"194":{"start":{"line":744,"column":16},"end":{"line":744,"column":99}},"195":{"start":{"line":745,"column":16},"end":{"line":745,"column":25}},"196":{"start":{"line":749,"column":8},"end":{"line":749,"column":103}},"197":{"start":{"line":750,"column":8},"end":{"line":750,"column":35}},"198":{"start":{"line":754,"column":8},"end":{"line":771,"column":9}},"199":{"start":{"line":756,"column":16},"end":{"line":756,"column":64}},"200":{"start":{"line":757,"column":16},"end":{"line":757,"column":22}},"201":{"start":{"line":759,"column":16},"end":{"line":759,"column":59}},"202":{"start":{"line":760,"column":16},"end":{"line":760,"column":22}},"203":{"start":{"line":763,"column":16},"end":{"line":763,"column":62}},"204":{"start":{"line":764,"column":16},"end":{"line":764,"column":22}},"205":{"start":{"line":767,"column":16},"end":{"line":767,"column":61}},"206":{"start":{"line":768,"column":16},"end":{"line":768,"column":22}},"207":{"start":{"line":770,"column":16},"end":{"line":770,"column":80}},"208":{"start":{"line":775,"column":24},"end":{"line":775,"column":90}},"209":{"start":{"line":776,"column":8},"end":{"line":776,"column":71}},"210":{"start":{"line":776,"column":22},"end":{"line":776,"column":71}},"211":{"start":{"line":778,"column":8},"end":{"line":796,"column":9}},"212":{"start":{"line":780,"column":16},"end":{"line":783,"column":19}},"213":{"start":{"line":784,"column":16},"end":{"line":792,"column":19}},"214":{"start":{"line":793,"column":16},"end":{"line":793,"column":22}},"215":{"start":{"line":795,"column":16},"end":{"line":795,"column":83}},"216":{"start":{"line":800,"column":25},"end":{"line":800,"column":46}},"217":{"start":{"line":801,"column":8},"end":{"line":801,"column":67}},"218":{"start":{"line":805,"column":8},"end":{"line":829,"column":9}},"219":{"start":{"line":807,"column":34},"end":{"line":807,"column":44}},"220":{"start":{"line":808,"column":12},"end":{"line":808,"column":64}},"221":{"start":{"line":810,"column":51},"end":{"line":820,"column":14}},"222":{"start":{"line":822,"column":12},"end":{"line":822,"column":47}},"223":{"start":{"line":822,"column":36},"end":{"line":822,"column":47}},"224":{"start":{"line":825,"column":12},"end":{"line":825,"column":69}},"225":{"start":{"line":827,"column":12},"end":{"line":827,"column":77}},"226":{"start":{"line":828,"column":12},"end":{"line":828,"column":22}},"227":{"start":{"line":838,"column":71},"end":{"line":838,"column":77}},"228":{"start":{"line":839,"column":21},"end":{"line":839,"column":39}},"229":{"start":{"line":841,"column":8},"end":{"line":871,"column":9}},"230":{"start":{"line":842,"column":52},"end":{"line":842,"column":54}},"231":{"start":{"line":843,"column":12},"end":{"line":847,"column":13}},"232":{"start":{"line":846,"column":16},"end":{"line":846,"column":40}},"233":{"start":{"line":849,"column":38},"end":{"line":865,"column":14}},"234":{"start":{"line":867,"column":12},"end":{"line":870,"column":14}},"235":{"start":{"line":868,"column":44},"end":{"line":868,"column":76}},"236":{"start":{"line":873,"column":8},"end":{"line":873,"column":41}},"237":{"start":{"line":877,"column":48},"end":{"line":877,"column":62}},"238":{"start":{"line":879,"column":8},"end":{"line":902,"column":9}},"239":{"start":{"line":880,"column":28},"end":{"line":882,"column":14}},"240":{"start":{"line":883,"column":12},"end":{"line":883,"column":75}},"241":{"start":{"line":883,"column":26},"end":{"line":883,"column":75}},"242":{"start":{"line":885,"column":35},"end":{"line":890,"column":14}},"243":{"start":{"line":892,"column":12},"end":{"line":899,"column":15}},"244":{"start":{"line":901,"column":12},"end":{"line":901,"column":34}},"245":{"start":{"line":904,"column":8},"end":{"line":904,"column":66}},"246":{"start":{"line":914,"column":56},"end":{"line":914,"column":69}},"247":{"start":{"line":915,"column":24},"end":{"line":915,"column":33}},"248":{"start":{"line":916,"column":25},"end":{"line":916,"column":36}},"249":{"start":{"line":917,"column":21},"end":{"line":917,"column":45}},"250":{"start":{"line":919,"column":49},"end":{"line":919,"column":51}},"251":{"start":{"line":920,"column":8},"end":{"line":920,"column":45}},"252":{"start":{"line":920,"column":21},"end":{"line":920,"column":45}},"253":{"start":{"line":921,"column":8},"end":{"line":921,"column":42}},"254":{"start":{"line":921,"column":20},"end":{"line":921,"column":42}},"255":{"start":{"line":922,"column":8},"end":{"line":926,"column":9}},"256":{"start":{"line":923,"column":12},"end":{"line":923,"column":33}},"257":{"start":{"line":924,"column":12},"end":{"line":924,"column":69}},"258":{"start":{"line":924,"column":27},"end":{"line":924,"column":69}},"259":{"start":{"line":925,"column":12},"end":{"line":925,"column":65}},"260":{"start":{"line":925,"column":25},"end":{"line":925,"column":65}},"261":{"start":{"line":928,"column":30},"end":{"line":941,"column":10}},"262":{"start":{"line":943,"column":8},"end":{"line":943,"column":31}},"263":{"start":{"line":947,"column":27},"end":{"line":947,"column":37}},"264":{"start":{"line":948,"column":8},"end":{"line":948,"column":62}},"265":{"start":{"line":950,"column":23},"end":{"line":952,"column":10}},"266":{"start":{"line":954,"column":8},"end":{"line":954,"column":69}},"267":{"start":{"line":955,"column":8},"end":{"line":955,"column":41}},"268":{"start":{"line":959,"column":28},"end":{"line":959,"column":63}},"269":{"start":{"line":960,"column":8},"end":{"line":963,"column":10}},"270":{"start":{"line":973,"column":51},"end":{"line":973,"column":57}},"271":{"start":{"line":974,"column":21},"end":{"line":974,"column":39}},"272":{"start":{"line":976,"column":47},"end":{"line":976,"column":49}},"273":{"start":{"line":977,"column":8},"end":{"line":977,"column":62}},"274":{"start":{"line":977,"column":36},"end":{"line":977,"column":62}},"275":{"start":{"line":979,"column":33},"end":{"line":990,"column":10}},"276":{"start":{"line":992,"column":8},"end":{"line":992,"column":34}},"277":{"start":{"line":999,"column":41},"end":{"line":999,"column":47}},"278":{"start":{"line":1000,"column":21},"end":{"line":1000,"column":39}},"279":{"start":{"line":1002,"column":33},"end":{"line":1014,"column":10}},"280":{"start":{"line":1016,"column":8},"end":{"line":1016,"column":34}},"281":{"start":{"line":1020,"column":23},"end":{"line":1020,"column":87}},"282":{"start":{"line":1021,"column":8},"end":{"line":1021,"column":69}},"283":{"start":{"line":1021,"column":21},"end":{"line":1021,"column":69}},"284":{"start":{"line":1023,"column":30},"end":{"line":1026,"column":10}},"285":{"start":{"line":1028,"column":8},"end":{"line":1035,"column":11}},"286":{"start":{"line":1037,"column":8},"end":{"line":1037,"column":29}},"287":{"start":{"line":1044,"column":8},"end":{"line":1051,"column":10}},"288":{"start":{"line":1056,"column":8},"end":{"line":1056,"column":75}},"289":{"start":{"line":1058,"column":8},"end":{"line":1065,"column":11}},"290":{"start":{"line":1067,"column":8},"end":{"line":1067,"column":24}},"291":{"start":{"line":1078,"column":71},"end":{"line":1091,"column":10}},"292":{"start":{"line":1093,"column":8},"end":{"line":1098,"column":10}},"293":{"start":{"line":1105,"column":29},"end":{"line":1107,"column":10}},"294":{"start":{"line":1109,"column":8},"end":{"line":1111,"column":9}},"295":{"start":{"line":1110,"column":12},"end":{"line":1110,"column":81}},"296":{"start":{"line":1114,"column":29},"end":{"line":1114,"column":66}},"297":{"start":{"line":1115,"column":31},"end":{"line":1115,"column":68}},"298":{"start":{"line":1118,"column":21},"end":{"line":1120,"column":10}},"299":{"start":{"line":1122,"column":8},"end":{"line":1124,"column":9}},"300":{"start":{"line":1123,"column":12},"end":{"line":1123,"column":74}},"301":{"start":{"line":1127,"column":21},"end":{"line":1178,"column":10}},"302":{"start":{"line":1128,"column":28},"end":{"line":1137,"column":14}},"303":{"start":{"line":1140,"column":12},"end":{"line":1145,"column":15}},"304":{"start":{"line":1148,"column":12},"end":{"line":1155,"column":13}},"305":{"start":{"line":1149,"column":16},"end":{"line":1154,"column":19}},"306":{"start":{"line":1157,"column":12},"end":{"line":1164,"column":13}},"307":{"start":{"line":1158,"column":16},"end":{"line":1163,"column":19}},"308":{"start":{"line":1159,"column":55},"end":{"line":1162,"column":22}},"309":{"start":{"line":1167,"column":12},"end":{"line":1175,"column":13}},"310":{"start":{"line":1168,"column":16},"end":{"line":1174,"column":19}},"311":{"start":{"line":1169,"column":55},"end":{"line":1173,"column":22}},"312":{"start":{"line":1177,"column":12},"end":{"line":1177,"column":27}},"313":{"start":{"line":1181,"column":8},"end":{"line":1192,"column":11}},"314":{"start":{"line":1194,"column":8},"end":{"line":1194,"column":82}},"315":{"start":{"line":1197,"column":8},"end":{"line":1197,"column":48}},"316":{"start":{"line":1201,"column":31},"end":{"line":1201,"column":33}},"317":{"start":{"line":1202,"column":22},"end":{"line":1202,"column":23}},"318":{"start":{"line":1203,"column":21},"end":{"line":1203,"column":22}},"319":{"start":{"line":1205,"column":8},"end":{"line":1214,"column":9}},"320":{"start":{"line":1206,"column":12},"end":{"line":1213,"column":13}},"321":{"start":{"line":1207,"column":29},"end":{"line":1207,"column":68}},"322":{"start":{"line":1208,"column":16},"end":{"line":1208,"column":76}},"323":{"start":{"line":1209,"column":16},"end":{"line":1209,"column":26}},"324":{"start":{"line":1211,"column":16},"end":{"line":1211,"column":91}},"325":{"start":{"line":1212,"column":16},"end":{"line":1212,"column":25}},"326":{"start":{"line":1216,"column":8},"end":{"line":1216,"column":103}},"327":{"start":{"line":1217,"column":8},"end":{"line":1217,"column":44}},"328":{"start":{"line":1221,"column":21},"end":{"line":1221,"column":81}},"329":{"start":{"line":1222,"column":8},"end":{"line":1222,"column":65}},"330":{"start":{"line":1222,"column":19},"end":{"line":1222,"column":65}},"331":{"start":{"line":1225,"column":29},"end":{"line":1225,"column":66}},"332":{"start":{"line":1226,"column":31},"end":{"line":1226,"column":68}},"333":{"start":{"line":1228,"column":8},"end":{"line":1234,"column":11}},"334":{"start":{"line":1236,"column":8},"end":{"line":1243,"column":11}},"335":{"start":{"line":1245,"column":8},"end":{"line":1245,"column":75}},"336":{"start":{"line":1246,"column":8},"end":{"line":1246,"column":32}},"337":{"start":{"line":1251,"column":21},"end":{"line":1251,"column":59}},"338":{"start":{"line":1252,"column":21},"end":{"line":1252,"column":90}},"339":{"start":{"line":1253,"column":8},"end":{"line":1253,"column":33}},"340":{"start":{"line":1259,"column":27},"end":{"line":1259,"column":29}},"341":{"start":{"line":1260,"column":8},"end":{"line":1260,"column":51}},"342":{"start":{"line":1260,"column":23},"end":{"line":1260,"column":51}},"343":{"start":{"line":1261,"column":8},"end":{"line":1261,"column":45}},"344":{"start":{"line":1261,"column":21},"end":{"line":1261,"column":45}},"345":{"start":{"line":1263,"column":8},"end":{"line":1276,"column":11}},"346":{"start":{"line":1281,"column":24},"end":{"line":1286,"column":10}},"347":{"start":{"line":1287,"column":8},"end":{"line":1287,"column":71}},"348":{"start":{"line":1287,"column":22},"end":{"line":1287,"column":71}},"349":{"start":{"line":1290,"column":28},"end":{"line":1292,"column":10}},"350":{"start":{"line":1293,"column":8},"end":{"line":1293,"column":73}},"351":{"start":{"line":1293,"column":26},"end":{"line":1293,"column":73}},"352":{"start":{"line":1296,"column":25},"end":{"line":1300,"column":10}},"353":{"start":{"line":1301,"column":8},"end":{"line":1301,"column":97}},"354":{"start":{"line":1301,"column":22},"end":{"line":1301,"column":97}},"355":{"start":{"line":1304,"column":8},"end":{"line":1309,"column":9}},"356":{"start":{"line":1305,"column":12},"end":{"line":1308,"column":15}},"357":{"start":{"line":1311,"column":27},"end":{"line":1328,"column":10}},"358":{"start":{"line":1330,"column":8},"end":{"line":1337,"column":11}},"359":{"start":{"line":1339,"column":8},"end":{"line":1339,"column":99}},"360":{"start":{"line":1340,"column":8},"end":{"line":1340,"column":26}},"361":{"start":{"line":1344,"column":27},"end":{"line":1346,"column":10}},"362":{"start":{"line":1347,"column":8},"end":{"line":1347,"column":77}},"363":{"start":{"line":1347,"column":25},"end":{"line":1347,"column":77}},"364":{"start":{"line":1349,"column":8},"end":{"line":1351,"column":11}},"365":{"start":{"line":1353,"column":8},"end":{"line":1353,"column":100}},"366":{"start":{"line":1354,"column":8},"end":{"line":1354,"column":33}},"367":{"start":{"line":1358,"column":25},"end":{"line":1380,"column":10}},"368":{"start":{"line":1382,"column":8},"end":{"line":1391,"column":12}},"369":{"start":{"line":1382,"column":34},"end":{"line":1391,"column":10}},"370":{"start":{"line":1385,"column":51},"end":{"line":1390,"column":14}},"371":{"start":{"line":1395,"column":24},"end":{"line":1409,"column":10}},"372":{"start":{"line":1411,"column":8},"end":{"line":1421,"column":12}},"373":{"start":{"line":1411,"column":33},"end":{"line":1421,"column":10}},"374":{"start":{"line":1415,"column":43},"end":{"line":1420,"column":14}},"375":{"start":{"line":1427,"column":24},"end":{"line":1449,"column":10}},"376":{"start":{"line":1451,"column":8},"end":{"line":1468,"column":12}},"377":{"start":{"line":1451,"column":33},"end":{"line":1468,"column":10}},"378":{"start":{"line":1459,"column":46},"end":{"line":1467,"column":14}},"379":{"start":{"line":1473,"column":28},"end":{"line":1473,"column":93}},"380":{"start":{"line":1474,"column":8},"end":{"line":1474,"column":36}},"381":{"start":{"line":1474,"column":26},"end":{"line":1474,"column":36}},"382":{"start":{"line":1476,"column":25},"end":{"line":1495,"column":10}},"383":{"start":{"line":1497,"column":8},"end":{"line":1497,"column":24}},"384":{"start":{"line":1502,"column":25},"end":{"line":1504,"column":10}},"385":{"start":{"line":1505,"column":8},"end":{"line":1514,"column":9}},"386":{"start":{"line":1506,"column":12},"end":{"line":1508,"column":13}},"387":{"start":{"line":1507,"column":16},"end":{"line":1507,"column":91}},"388":{"start":{"line":1510,"column":12},"end":{"line":1513,"column":15}},"389":{"start":{"line":1516,"column":8},"end":{"line":1518,"column":11}},"390":{"start":{"line":1522,"column":27},"end":{"line":1524,"column":10}},"391":{"start":{"line":1525,"column":8},"end":{"line":1525,"column":77}},"392":{"start":{"line":1525,"column":25},"end":{"line":1525,"column":77}},"393":{"start":{"line":1527,"column":8},"end":{"line":1530,"column":11}},"394":{"start":{"line":1536,"column":8},"end":{"line":1538,"column":11}},"395":{"start":{"line":1542,"column":8},"end":{"line":1549,"column":11}},"396":{"start":{"line":1554,"column":8},"end":{"line":1557,"column":11}},"397":{"start":{"line":1559,"column":8},"end":{"line":1562,"column":11}},"398":{"start":{"line":1568,"column":28},"end":{"line":1568,"column":93}},"399":{"start":{"line":1569,"column":8},"end":{"line":1569,"column":58}},"400":{"start":{"line":1569,"column":26},"end":{"line":1569,"column":58}},"401":{"start":{"line":1571,"column":25},"end":{"line":1578,"column":10}},"402":{"start":{"line":1581,"column":49},"end":{"line":1581,"column":51}},"403":{"start":{"line":1582,"column":22},"end":{"line":1582,"column":23}},"404":{"start":{"line":1583,"column":8},"end":{"line":1589,"column":9}},"405":{"start":{"line":1584,"column":12},"end":{"line":1587,"column":13}},"406":{"start":{"line":1585,"column":16},"end":{"line":1585,"column":26}},"407":{"start":{"line":1586,"column":16},"end":{"line":1586,"column":25}},"408":{"start":{"line":1588,"column":12},"end":{"line":1588,"column":71}},"409":{"start":{"line":1591,"column":23},"end":{"line":1601,"column":14}},"410":{"start":{"line":1593,"column":28},"end":{"line":1593,"column":66}},"411":{"start":{"line":1594,"column":34},"end":{"line":1594,"column":78}},"412":{"start":{"line":1595,"column":16},"end":{"line":1595,"column":90}},"413":{"start":{"line":1598,"column":29},"end":{"line":1598,"column":81}},"414":{"start":{"line":1599,"column":29},"end":{"line":1599,"column":81}},"415":{"start":{"line":1600,"column":16},"end":{"line":1600,"column":35}},"416":{"start":{"line":1603,"column":8},"end":{"line":1603,"column":59}},"417":{"start":{"line":1607,"column":28},"end":{"line":1607,"column":93}},"418":{"start":{"line":1608,"column":8},"end":{"line":1608,"column":80}},"419":{"start":{"line":1608,"column":26},"end":{"line":1608,"column":80}},"420":{"start":{"line":1610,"column":25},"end":{"line":1618,"column":10}},"421":{"start":{"line":1620,"column":23},"end":{"line":1620,"column":24}},"422":{"start":{"line":1621,"column":24},"end":{"line":1621,"column":25}},"423":{"start":{"line":1623,"column":8},"end":{"line":1640,"column":9}},"424":{"start":{"line":1624,"column":24},"end":{"line":1624,"column":70}},"425":{"start":{"line":1625,"column":12},"end":{"line":1625,"column":37}},"426":{"start":{"line":1625,"column":28},"end":{"line":1625,"column":37}},"427":{"start":{"line":1627,"column":12},"end":{"line":1639,"column":13}},"428":{"start":{"line":1628,"column":16},"end":{"line":1631,"column":19}},"429":{"start":{"line":1632,"column":16},"end":{"line":1632,"column":28}},"430":{"start":{"line":1634,"column":16},"end":{"line":1637,"column":19}},"431":{"start":{"line":1638,"column":16},"end":{"line":1638,"column":27}},"432":{"start":{"line":1643,"column":8},"end":{"line":1646,"column":11}},"433":{"start":{"line":1649,"column":8},"end":{"line":1655,"column":11}},"434":{"start":{"line":1657,"column":8},"end":{"line":1657,"column":103}},"435":{"start":{"line":1658,"column":8},"end":{"line":1658,"column":63}},"436":{"start":{"line":98,"column":13},"end":{"line":98,"column":25}},"437":{"start":{"line":98,"column":13},"end":{"line":1660,"column":null}}},"fnMap":{"0":{"name":"(anonymous_11)","decl":{"start":{"line":7,"column":0},"end":{"line":7,"column":5}},"loc":{"start":{"line":7,"column":15},"end":{"line":11,"column":1}}},"1":{"name":"(anonymous_12)","decl":{"start":{"line":13,"column":0},"end":{"line":13,"column":5}},"loc":{"start":{"line":13,"column":16},"end":{"line":24,"column":1}}},"2":{"name":"(anonymous_13)","decl":{"start":{"line":103,"column":4},"end":{"line":103,"column":24}},"loc":{"start":{"line":103,"column":45},"end":{"line":103,"column":50}}},"3":{"name":"(anonymous_14)","decl":{"start":{"line":107,"column":4},"end":{"line":107,"column":9}},"loc":{"start":{"line":107,"column":56},"end":{"line":142,"column":5}}},"4":{"name":"(anonymous_15)","decl":{"start":{"line":144,"column":4},"end":{"line":144,"column":9}},"loc":{"start":{"line":144,"column":63},"end":{"line":191,"column":5}}},"5":{"name":"(anonymous_16)","decl":{"start":{"line":156,"column":47},"end":{"line":156,"column":48}},"loc":{"start":{"line":156,"column":52},"end":{"line":156,"column":76}}},"6":{"name":"(anonymous_17)","decl":{"start":{"line":157,"column":49},"end":{"line":157,"column":50}},"loc":{"start":{"line":157,"column":54},"end":{"line":157,"column":79}}},"7":{"name":"(anonymous_18)","decl":{"start":{"line":193,"column":4},"end":{"line":193,"column":9}},"loc":{"start":{"line":193,"column":109},"end":{"line":202,"column":5}}},"8":{"name":"(anonymous_19)","decl":{"start":{"line":204,"column":4},"end":{"line":204,"column":9}},"loc":{"start":{"line":204,"column":68},"end":{"line":214,"column":5}}},"9":{"name":"(anonymous_20)","decl":{"start":{"line":216,"column":4},"end":{"line":216,"column":9}},"loc":{"start":{"line":225,"column":5},"end":{"line":294,"column":5}}},"10":{"name":"(anonymous_21)","decl":{"start":{"line":296,"column":4},"end":{"line":296,"column":9}},"loc":{"start":{"line":296,"column":36},"end":{"line":329,"column":5}}},"11":{"name":"(anonymous_22)","decl":{"start":{"line":331,"column":4},"end":{"line":331,"column":9}},"loc":{"start":{"line":331,"column":79},"end":{"line":360,"column":5}}},"12":{"name":"(anonymous_23)","decl":{"start":{"line":362,"column":4},"end":{"line":362,"column":9}},"loc":{"start":{"line":362,"column":53},"end":{"line":385,"column":5}}},"13":{"name":"(anonymous_24)","decl":{"start":{"line":387,"column":4},"end":{"line":387,"column":9}},"loc":{"start":{"line":387,"column":69},"end":{"line":410,"column":5}}},"14":{"name":"(anonymous_25)","decl":{"start":{"line":412,"column":4},"end":{"line":412,"column":9}},"loc":{"start":{"line":412,"column":56},"end":{"line":432,"column":5}}},"15":{"name":"(anonymous_26)","decl":{"start":{"line":434,"column":4},"end":{"line":434,"column":9}},"loc":{"start":{"line":434,"column":80},"end":{"line":478,"column":5}}},"16":{"name":"(anonymous_27)","decl":{"start":{"line":482,"column":4},"end":{"line":482,"column":9}},"loc":{"start":{"line":482,"column":26},"end":{"line":586,"column":5}}},"17":{"name":"(anonymous_28)","decl":{"start":{"line":531,"column":45},"end":{"line":531,"column":46}},"loc":{"start":{"line":531,"column":57},"end":{"line":531,"column":74}}},"18":{"name":"(anonymous_29)","decl":{"start":{"line":532,"column":44},"end":{"line":532,"column":45}},"loc":{"start":{"line":532,"column":49},"end":{"line":532,"column":79}}},"19":{"name":"(anonymous_30)","decl":{"start":{"line":593,"column":12},"end":{"line":593,"column":17}},"loc":{"start":{"line":596,"column":21},"end":{"line":629,"column":5}}},"20":{"name":"(anonymous_31)","decl":{"start":{"line":619,"column":24},"end":{"line":619,"column":25}},"loc":{"start":{"line":619,"column":37},"end":{"line":621,"column":9}}},"21":{"name":"(anonymous_32)","decl":{"start":{"line":625,"column":24},"end":{"line":625,"column":27}},"loc":{"start":{"line":625,"column":30},"end":{"line":628,"column":9}}},"22":{"name":"(anonymous_33)","decl":{"start":{"line":631,"column":12},"end":{"line":631,"column":24}},"loc":{"start":{"line":631,"column":55},"end":{"line":642,"column":5}}},"23":{"name":"(anonymous_34)","decl":{"start":{"line":644,"column":4},"end":{"line":644,"column":9}},"loc":{"start":{"line":644,"column":44},"end":{"line":673,"column":5}}},"24":{"name":"(anonymous_35)","decl":{"start":{"line":666,"column":34},"end":{"line":666,"column":35}},"loc":{"start":{"line":666,"column":39},"end":{"line":666,"column":104}}},"25":{"name":"(anonymous_36)","decl":{"start":{"line":675,"column":4},"end":{"line":675,"column":9}},"loc":{"start":{"line":675,"column":26},"end":{"line":697,"column":5}}},"26":{"name":"(anonymous_37)","decl":{"start":{"line":701,"column":4},"end":{"line":701,"column":9}},"loc":{"start":{"line":701,"column":58},"end":{"line":703,"column":5}}},"27":{"name":"(anonymous_38)","decl":{"start":{"line":705,"column":4},"end":{"line":705,"column":9}},"loc":{"start":{"line":705,"column":46},"end":{"line":751,"column":5}}},"28":{"name":"(anonymous_39)","decl":{"s
[...]
13,"column":13},"end":{"line":13,"column":28}},"26":{"start":{"line":22,"column":10},"end":{"line":27,"column":null}},"27":{"start":{"line":35,"column":10},"end":{"line":41,"column":null}},"28":{"start":{"line":45,"column":10},"end":{"line":57,"column":null}},"29":{"start":{"line":61,"column":10},"end":{"line":72,"column":null}},"30":{"start":{"line":78,"column":10},"end":{"line":80,"column":null}},"31":{"start":{"line":84,"column":10},"end":{"line":89,"column":null}},"32":{"start":{"line":13,"column":13},"end":{"line":90,"column":null}}},"fnMap":{"0":{"name":"(anonymous_4)","decl":{"start":{"line":14,"column":4},"end":{"line":14,"column":24}},"loc":{"start":{"line":14,"column":50},"end":{"line":14,"column":55}}},"1":{"name":"(anonymous_5)","decl":{"start":{"line":22,"column":4},"end":{"line":22,"column":9}},"loc":{"start":{"line":24,"column":77},"end":{"line":27,"column":5}}},"2":{"name":"(anonymous_6)","decl":{"start":{"line":35,"column":4},"end":{"line":35,"column":9}},"loc":{"start":{"line":38,"column":77},"end":{"line":41,"column":5}}},"3":{"name":"(anonymous_7)","decl":{"start":{"line":45,"column":4},"end":{"line":45,"column":9}},"loc":{"start":{"line":45,"column":59},"end":{"line":57,"column":5}}},"4":{"name":"(anonymous_8)","decl":{"start":{"line":61,"column":4},"end":{"line":61,"column":9}},"loc":{"start":{"line":61,"column":62},"end":{"line":72,"column":5}}},"5":{"name":"(anonymous_9)","decl":{"start":{"line":78,"column":4},"end":{"line":78,"column":9}},"loc":{"start":{"line":78,"column":54},"end":{"line":80,"column":5}}},"6":{"name":"(anonymous_10)","decl":{"start":{"line":84,"column":4},"end":{"line":84,"column":9}},"loc":{"start":{"line":86,"column":47},"end":{"line":89,"column":5}}}},"branchMap":{"0":{"loc":{"start":{"line":47,"column":41},"end":{"line":47,"column":61}},"type":"binary-expr","locations":[{"start":{"line":47,"column":41},"end":{"line":47,"column":55}},{"start":{"line":47,"column":59},"end":{"line":47,"column":61}}]},"1":{"loc":{"start":{"line":48,"column":33},"end":{"line":48,"column":103}},"type":"binary-expr","locations":[{"start":{"line":48,"column":33},"end":{"line":48,"column":65}},{"start":{"line":48,"column":69},"end":{"line":48,"column":103}}]},"2":{"loc":{"start":{"line":51,"column":8},"end":{"line":53,"column":9}},"type":"if","locations":[{"start":{"line":51,"column":8},"end":{"line":53,"column":9}}]},"3":{"loc":{"start":{"line":51,"column":12},"end":{"line":51,"column":50}},"type":"binary-expr","locations":[{"start":{"line":51,"column":12},"end":{"line":51,"column":30}},{"start":{"line":51,"column":34},"end":{"line":51,"column":50}}]},"4":{"loc":{"start":{"line":63,"column":41},"end":{"line":63,"column":61}},"type":"binary-expr","locations":[{"start":{"line":63,"column":41},"end":{"line":63,"column":55}},{"start":{"line":63,"column":59},"end":{"line":63,"column":61}}]},"5":{"loc":{"start":{"line":64,"column":33},"end":{"line":64,"column":103}},"type":"binary-expr","locations":[{"start":{"line":64,"column":33},"end":{"line":64,"column":65}},{"start":{"line":64,"column":69},"end":{"line":64,"column":103}}]},"6":{"loc":{"start":{"line":67,"column":8},"end":{"line":69,"column":9}},"type":"if","locations":[{"start":{"line":67,"column":8},"end":{"line":69,"column":9}}]},"7":{"loc":{"start":{"line":67,"column":12},"end":{"line":67,"column":51}},"type":"binary-expr","locations":[{"start":{"line":67,"column":12},"end":{"line":67,"column":30}},{"start":{"line":67,"column":34},"end":{"line":67,"column":51}}]}},"s":{"0":0,"1":0,"2":0,"3":0,"4":0,"5":0,"6":0,"7":0,"8":0,"9":0,"10":0,"11":0,"12":0,"13":0,"14":0,"15":0,"16":0,"17":0,"18":0,"19":0,"20":0,"21":0,"22":0,"23":0,"24":0,"25":0,"26":0,"27":0,"28":0,"29":0,"30":0,"31":0,"32":0},"f":{"0":0,"1":0,"2":0,"3":0,"4":0,"5":0,"6":0},"b":{"0":[0,0],"1":[0,0],"2":[0],"3":[0,0],"4":[0,0],"5":[0,0],"6":[0],"7":[0,0]}}
,"C:\\Users\\BigPoppa\\Desktop\\minivirson\\server\\src\\users\\users.module.ts": {"path":"C:\\Users\\BigPoppa\\Desktop\\minivirson\\server\\src\\users\\users.module.ts","statementMap":{"0":{"start":{"line":1,"column":0},"end":{"line":1,"column":40}},"1":{"start":{"line":2,"column":0},"end":{"line":2,"column":53}},"2":{"start":{"line":3,"column":0},"end":{"line":3,"column":47}},"3":{"start":{"line":10,"column":7},"end":{"line":10,"column":null}},"4":{"start":{"line":10,"column":13},"end":{"line":10,"column":24}},"5":{"start":{"line":10,"column":13},"end":{"line":10,"column":null}}},"fnMap":{},"branchMap":{},"s":{"0":0,"1":0,"2":0,"3":0,"4":0,"5":0},"f":{},"b":{}}
,"C:\\Users\\BigPoppa\\Desktop\\minivirson\\server\\src\\users\\users.service.ts": {"path":"C:\\Users\\BigPoppa\\Desktop\\minivirson\\server\\src\\users\\users.service.ts","statementMap":{"0":{"start":{"line":1,"column":0},"end":{"line":1,"column":63}},"1":{"start":{"line":2,"column":0},"end":{"line":2,"column":57}},"2":{"start":{"line":3,"column":0},"end":{"line":3,"column":77}},"3":{"start":{"line":6,"column":26},"end":{"line":6,"column":28}},"4":{"start":{"line":7,"column":22},"end":{"line":7,"column":25}},"5":{"start":{"line":9,"column":27},"end":{"line":17,"column":2}},"6":{"start":{"line":20,"column":7},"end":{"line":236,"column":null}},"7":{"start":{"line":21,"column":24},"end":{"line":21,"column":32}},"8":{"start":{"line":24,"column":25},"end":{"line":24,"column":68}},"9":{"start":{"line":25,"column":21},"end":{"line":25,"column":55}},"10":{"start":{"line":27,"column":22},"end":{"line":27,"column":63}},"11":{"start":{"line":29,"column":31},"end":{"line":38,"column":10}},"12":{"start":{"line":40,"column":8},"end":{"line":48,"column":10}},"13":{"start":{"line":52,"column":27},"end":{"line":52,"column":33}},"14":{"start":{"line":53,"column":8},"end":{"line":55,"column":9}},"15":{"start":{"line":54,"column":12},"end":{"line":54,"column":35}},"16":{"start":{"line":57,"column":21},"end":{"line":60,"column":10}},"17":{"start":{"line":61,"column":8},"end":{"line":61,"column":31}},"18":{"start":{"line":61,"column":19},"end":{"line":61,"column":31}},"19":{"start":{"line":62,"column":8},"end":{"line":62,"column":34}},"20":{"start":{"line":66,"column":21},"end":{"line":75,"column":10}},"21":{"start":{"line":76,"column":8},"end":{"line":76,"column":31}},"22":{"start":{"line":76,"column":19},"end":{"line":76,"column":31}},"23":{"start":{"line":77,"column":8},"end":{"line":83,"column":10}},"24":{"start":{"line":82,"column":46},"end":{"line":82,"column":58}},"25":{"start":{"line":87,"column":25},"end":{"line":87,"column":68}},"26":{"start":{"line":88,"column":21},"end":{"line":88,"column":55}},"27":{"start":{"line":90,"column":31},"end":{"line":107,"column":10}},"28":{"start":{"line":109,"column":8},"end":{"line":117,"column":10}},"29":{"start":{"line":121,"column":26},"end":{"line":128,"column":10}},"30":{"start":{"line":129,"column":8},"end":{"line":129,"column":61}},"31":{"start":{"line":129,"column":36},"end":{"line":129,"column":59}},"32":{"start":{"line":133,"column":27},"end":{"line":133,"column":57}},"33":{"start":{"line":134,"column":8},"end":{"line":136,"column":9}},"34":{"start":{"line":135,"column":12},"end":{"line":135,"column":35}},"35":{"start":{"line":138,"column":21},"end":{"line":141,"column":10}},"36":{"start":{"line":142,"column":8},"end":{"line":142,"column":31}},"37":{"start":{"line":142,"column":19},"end":{"line":142,"column":31}},"38":{"start":{"line":143,"column":8},"end":{"line":143,"column":34}},"39":{"start":{"line":149,"column":21},"end":{"line":155,"column":10}},"40":{"start":{"line":157,"column":8},"end":{"line":159,"column":9}},"41":{"start":{"line":158,"column":12},"end":{"line":158,"column":58}},"42":{"start":{"line":161,"column":29},"end":{"line":161,"column":87}},"43":{"start":{"line":163,"column":8},"end":{"line":174,"column":10}},"44":{"start":{"line":181,"column":21},"end":{"line":187,"column":10}},"45":{"start":{"line":189,"column":8},"end":{"line":191,"column":9}},"46":{"start":{"line":190,"column":12},"end":{"line":190,"column":58}},"47":{"start":{"line":194,"column":30},"end":{"line":194,"column":88}},"48":{"start":{"line":195,"column":29},"end":{"line":204,"column":10}},"49":{"start":{"line":207,"column":24},"end":{"line":219,"column":10}},"50":{"start":{"line":221,"column":29},"end":{"line":221,"column":90}},"51":{"start":{"line":223,"column":8},"end":{"line":234,"column":10}},"52":{"start":{"line":20,"column":13},"end":{"line":20,"column":25}},"53":{"start":{"line":20,"column":13},"end":{"line":236,"column":null}}},"fnMap":{"0":{"name":"(anonymous_2)","decl":{"start":{"line":21,"column":4},"end":{"line":21,"column":24}},"loc":{"start":{"line":21,"column":45},"end":{"line":21,"column":50}}},"1":{"name":"(anonymous_3)","decl":{"start":{"line":23,"column":4},"end":{"line":23,"column":9}},"loc":{"start":{"line":23,"column":102},"end":{"line":49,"column":5}}},"2":{"name":"(anonymous_4)","decl":{"start":{"line":51,"column":4},"end":{"line":51,"column":9}},"loc":{"start":{"line":51,"column":62},"end":{"line":63,"column":5}}},"3":{"name":"(anonymous_5)","decl":{"start":{"line":65,"column":4},"end":{"line":65,"column":9}},"loc":{"start":{"line":65,"column":38},"end":{"line":84,"column":5}}},"4":{"name":"(anonymous_6)","decl":{"start":{"line":82,"column":38},"end":{"line":82,"column":39}},"loc":{"start":{"line":82,"column":46},"end":{"line":82,"column":58}}},"5":{"name":"(anonymous_7)","decl":{"start":{"line":86,"column":4},"end":{"line":86,"column":9}},"loc":{"start":{"line":86,"column":90},"end":{"line":118,"column":5}}},"6":{"name":"(anonymous_8)","decl":{"start":{"line":120,"column":4},"end":{"line":120,"column":9}},"loc":{"start":{"line":120,"column":44},"end":{"line":130,"column":5}}},"7":{"name":"(anonymous_9)","decl":{"start":{"line":129,"column":29},"end":{"line":129,"column":30}},"loc":{"start":{"line":129,"column":36},"end":{"line":129,"column":59}}},"8":{"name":"(anonymous_10)","decl":{"start":{"line":132,"column":4},"end":{"line":132,"column":9}},"loc":{"start":{"line":132,"column":68},"end":{"line":144,"column":5}}},"9":{"name":"(anonymous_11)","decl":{"start":{"line":148,"column":4},"end":{"line":148,"column":9}},"loc":{"start":{"line":148,"column":51},"end":{"line":175,"column":5}}},"10":{"name":"(anonymous_12)","decl":{"start":{"line":177,"column":4},"end":{"line":177,"column":9}},"loc":{"start":{"line":179,"column":39},"end":{"line":235,"column":5}}}},"branchMap":{"0":{"loc":{"start":{"line":23,"column":18},"end":{"line":23,"column":34}},"type":"default-arg","locations":[{"start":{"line":23,"column":33},"end":{"line":23,"column":34}}]},"1":{"loc":{"start":{"line":23,"column":36},"end":{"line":23,"column":69}},"type":"default-arg","locations":[{"start":{"line":23,"column":52},"end":{"line":23,"column":69}}]},"2":{"loc":{"start":{"line":23,"column":71},"end":{"line":23,"column":102}},"type":"default-arg","locations":[{"start":{"line":23,"column":97},"end":{"line":23,"column":102}}]},"3":{"loc":{"start":{"line":27,"column":22},"end":{"line":27,"column":63}},"type":"cond-expr","locations":[{"start":{"line":27,"column":39},"end":{"line":27,"column":41}},{"start":{"line":27,"column":44},"end":{"line":27,"column":63}}]},"4":{"loc":{"start":{"line":51,"column":31},"end":{"line":51,"column":62}},"type":"default-arg","locations":[{"start":{"line":51,"column":57},"end":{"line":51,"column":62}}]},"5":{"loc":{"start":{"line":53,"column":8},"end":{"line":55,"column":9}},"type":"if","locations":[{"start":{"line":53,"column":8},"end":{"line":55,"column":9}}]},"6":{"loc":{"start":{"line":61,"column":8},"end":{"line":61,"column":31}},"type":"if","locations":[{"start":{"line":61,"column":8},"end":{"line":61,"column":31}}]},"7":{"loc":{"start":{"line":76,"column":8},"end":{"line":76,"column":31}},"type":"if","locations":[{"start":{"line":76,"column":8},"end":{"line":76,"column":31}}]},"8":{"loc":{"start":{"line":86,"column":39},"end":{"line":86,"column":55}},"type":"default-arg","locations":[{"start":{"line":86,"column":54},"end":{"line":86,"column":55}}]},"9":{"loc":{"start":{"line":86,"column":57},"end":{"line":86,"column":90}},"type":"default-arg","locations":[{"start":{"line":86,"column":73},"end":{"line":86,"column":90}}]},"10":{"loc":{"start":{"line":132,"column":37},"end":{"line":132,"column":68}},"type":"default-arg","locations":[{"start":{"line":132,"column":63},"end":{"line":132,"column":68}}]},"11":{"loc":{"start":{"line":134,"column":8},"end":{"line":136,"column":9}},"type":"if","locations":[{"start":{"line":134,"column":8},"end":{"line":136,"column":9}}]},"12":{"loc":{"start":{"line":142,"column":8},"end":{"line":142,"column":31}},"type":"if","locations":[{"start":{"line":142,"column":8},"end":{"line":142,"column":31}}]},"13":{"loc":{"start":{"line":157,"column":8},"end":{"line":159,"column":9}},"type":"if","locations":[{"start":{"line":157,"column":8},"end":{"line":159,"column":9}}]},"14":{"loc":{"start":{"line":161,"column":29},"end":{"line":161,"column":87}},"type":"binary-expr","locations":[{"start":{"line":161,"column":29},"end":{"line":161,"column":81}},{"start":{"line":161,"column":85},"end":{"line":161,"column":87}}]},"15":{"loc":{"start":{"line":166,"column":29},"end":{"line":166,"column":86}},"type":"binary-expr","locations":[{"start":{"line":166,"column":29},"end":{"line":166,"column":52}},{"start":{"line":166,"column":56},"end":{"line":166,"column":86}}]},"16":{"loc":{"start":{"line":167,"column":25},"end":{"line":167,"column":74}},"type":"binary-expr","locations":[{"start":{"line":167,"column":25},"end":{"line":167,"column":44}},{"start":{"line":167,"column":48},"end":{"line":167,"column":74}}]},"17":{"loc":{"start":{"line":168,"column":24},"end":{"line":168,"column":71}},"type":"binary-expr","locations":[{"start":{"line":168,"column":24},"end":{"line":168,"column":42}},{"start":{"line":168,"column":46},"end":{"line":168,"column":71}}]},"18":{"loc":{"start":{"line":169,"column":33},"end":{"line":169,"column":98}},"type":"binary-expr","locations":[{"start":{"line":169,"column":33},"end":{"line":169,"column":60}},{"start":{"line":169,"column":64},"end":{"line":169,"column":98}}]},"19":{"loc":{"start":{"line":170,"column":34},"end":{"line":170,"column":101}},"type":"binary-expr","locations":[{"start":{"line":170,"column":34},"end":{"line":170,"column":62}},{"start":{"line":170,"column":66},"end":{"line":170,"column":101}}]},"20":{"loc":{"start":{"line":171,"column":37},"end":{"line":171,"column":110}},"type":"binary-expr","locations":[{"start":{"line":171,"column":37},"end":{"line":171,"column":68}},{"start":{"line":171,"column":72},"end":{"line":171,"column":110}}]},"21":{"loc":{"start":{"line":172,"column":30},"end":{"line":172,"column":89}},"type":"binary-expr","locations":[{"start":{"line":172,"column":30},"end":{"line":172,"column":54}},{"start":{"line":172,"column":58},"end":{"line":172,"column":89}}]},"22":{"loc":{"start":{"line":189,"column":8},"end":{"line":191,"column":9}},"type":"if","locations":[{"start":{"line":189,"column":8},"end":{"line":191,"column":9}}]},"23":{"loc":{"start":{"line":194,"column":30},"end":{"line":194,"column":88}},"type":"binary-expr","locations":[{"start":{"line":194,"column":30},"end":{"line":194,"column":82}},{"start":{"line":194,"column":86},"end":{"line":194,"column":88}}]},"24":{"loc":{"start":{"line":197,"column":16},"end":{"line":197,"column":81}},"type":"binary-expr","locations":[{"start":{"line":197,"column":16},"end":{"line":197,"column":45}},{"start":{"line":197,"column":49},"end":{"line":197,"column":81}}]},"25":{"loc":{"start":{"line":198,"column":16},"end":{"line":198,"column":69}},"type":"binary-expr","locations":[{"start":{"line":198,"column":16},"end":{"line":198,"column":41}},{"start":{"line":198,"column":45},"end":{"line":198,"column":69}}]},"26":{"loc":{"start":{"line":199,"column":16},"end":{"line":199,"column":66}},"type":"binary-expr","locations":[{"start":{"line":199,"column":16},"end":{"line":199,"column":40}},{"start":{"line":199,"column":44},"end":{"line":199,"column":66}}]},"27":{"loc":{"start":{"line":200,"column":16},"end":{"line":200,"column":93}},"type":"binary-expr","locations":[{"start":{"line":200,"column":16},"end":{"line":200,"column":49}},{"start":{"line":200,"column":53},"end":{"line":200,"column":93}}]},"28":{"loc":{"start":{"line":201,"column":16},"end":{"line":201,"column":96}},"type":"binary-expr","locations":[{"start":{"line":201,"column":16},"end":{"line":201,"column":50}},{"start":{"line":201,"column":54},"end":{"line":201,"column":96}}]},"29":{"loc":{"start":{"line":202,"column":16},"end":{"line":202,"column":105}},"type":"binary-expr","locations":[{"start":{"line":202,"column":16},"end":{"line":202,"column":53}},{"start":{"line":202,"column":57},"end":{"line":202,"column":105}}]},"30":{"loc":{"start":{"line":203,"column":16},"end":{"line":203,"column":84}},"type":"binary-expr","locations":[{"start":{"line":203,"column":16},"end":{"line":203,"column":46}},{"start":{"line":203,"column":50},"end":{"line":203,"column":84}}]},"31":{"loc":{"start":{"line":210,"column":20},"end":{"line":212,"column":18}},"type":"binary-expr","locations":[{"start":{"line":210,"column":20},"end":{"line":210,"column":63}},{"start":{"line":210,"column":67},"end":{"line":212,"column":18}}]},"32":{"loc":{"start":{"line":221,"column":29},"end":{"line":221,"column":90}},"type":"binary-expr","locations":[{"start":{"line":221,"column":29},"end":{"line":221,"column":84}},{"start":{"line":221,"column":88},"end":{"line":221,"column":90}}]},"33":{"loc":{"start":{"line":226,"column":29},"end":{"line":226,"column":86}},"type":"binary-expr","locations":[{"start":{"line":226,"column":29},"end":{"line":226,"column":52}},{"start":{"line":226,"column":56},"end":{"line":226,"column":86}}]},"34":{"loc":{"start":{"line":227,"column":25},"end":{"line":227,"column":74}},"type":"binary-expr","locations":[{"start":{"line":227,"column":25},"end":{"line":227,"column":44}},{"start":{"line":227,"column":48},"end":{"line":227,"column":74}}]},"35":{"loc":{"start":{"line":228,"column":24},"end":{"line":228,"column":71}},"type":"binary-expr","locations":[{"start":{"line":228,"column":24},"end":{"line":228,"column":42}},{"start":{"line":228,"column":46},"end":{"line":228,"column":71}}]},"36":{"loc":{"start":{"line":229,"column":33},"end":{"line":229,"column":98}},"type":"binary-expr","locations":[{"start":{"line":229,"column":33},"end":{"line":229,"column":60}},{"start":{"line":229,"column":64},"end":{"line":229,"column":98}}]},"37":{"loc":{"start":{"line":230,"column":34},"end":{"line":230,"column":101}},"type":"binary-expr","locations":[{"start":{"line":230,"column":34},"end":{"line":230,"column":62}},{"start":{"line":230,"column":66},"end":{"line":230,"column":101}}]},"38":{"loc":{"start":{"line":231,"column":37},"end":{"line":231,"column":110}},"type":"binary-expr","locations":[{"start":{"line":231,"column":37},"end":{"line":231,"column":68}},{"start":{"line":231,"column":72},"end":{"line":231,"column":110}}]},"39":{"loc":{"start":{"line":232,"column":30},"end":{"line":232,"column":89}},"type":"binary-expr","locations":[{"start":{"line":232,"column":30},"end":{"line":232,"column":54}},{"start":{"line":232,"column":58},"end":{"line":232,"column":89}}]}},"s":{"0":0,"1":0,"2":0,"3":0,"4":0,"5":0,"6":0,"7":0,"8":0,"9":0,"10":0,"11":0,"12":0,"13":0,"14":0,"15":0,"16":0,"17":0,"18":0,"19":0,"20":0,"21":0,"22":0,"23":0,"24":0,"25":0,"26":0,"27":0,"28":0,"29":0,"30":0,"31":0,"32":0,"33":0,"34":0,"35":0,"36":0,"37":0,"38":0,"39":0,"40":0,"41":0,"42":0,"43":0,"44":0,"45":0,"46":0,"47":0,"48":0,"49":0,"50":0,"51":0,"52":0,"53":0},"f":{"0":0,"1":0,"2":0,"3":0,"4":0,"5":0,"6":0,"7":0,"8":0,"9":0,"10":0},"b":{"0":[0],"1":[0],"2":[0],"3":[0,0],"4":[0],"5":[0],"6":[0],"7":[0],"8":[0],"9":[0],"10":[0],"11":[0],"12":[0],"13":[0],"14":[0,0],"15":[0,0],"16":[0,0],"17":[0,0],"18":[0,0],"19":[0,0],"20":[0,0],"21":[0,0],"22":[0],"23":[0,0],"24":[0,0],"25":[0,0],"26":[0,0],"27":[0,0],"28":[0,0],"29":[0,0],"30":[0,0],"31":[0,0],"32":[0,0],"33":[0,0],"34":[0,0],"35":[0,0],"36":[0,0],"37":[0,0],"38":[0,0],"39":[0,0]}}
}
