TN:
SF:src\app.module.ts
FN:21,(anonymous_1)
FNF:1
FNH:0
FNDA:0,(anonymous_1)
DA:1,0
DA:2,0
DA:3,0
DA:4,0
DA:5,0
DA:6,0
DA:7,0
DA:8,0
DA:9,0
DA:10,0
DA:11,0
DA:12,0
DA:13,0
DA:14,0
DA:23,0
DA:24,0
DA:26,0
DA:27,0
DA:29,0
DA:54,0
LF:20
LH:0
BRDA:23,0,0,0
BRDA:26,1,0,0
BRF:2
BRH:0
end_of_record
TN:
SF:src\main.ts
FN:12,bootstrap
FN:40,(anonymous_1)
FNF:2
FNH:0
FNDA:0,bootstrap
FNDA:0,(anonymous_1)
DA:1,0
DA:2,0
DA:3,0
DA:4,0
DA:5,0
DA:6,0
DA:7,0
DA:8,0
DA:10,0
DA:13,0
DA:14,0
DA:17,0
DA:31,0
DA:34,0
DA:39,0
DA:42,0
DA:43,0
DA:45,0
DA:46,0
DA:55,0
DA:64,0
DA:65,0
DA:68,0
DA:69,0
DA:75,0
DA:76,0
DA:80,0
DA:82,0
DA:83,0
DA:84,0
DA:85,0
DA:88,0
LF:32
LH:0
BRDA:24,0,0,0
BRDA:24,0,1,0
BRDA:34,1,0,0
BRDA:34,1,1,0
BRDA:42,2,0,0
BRDA:42,2,1,0
BRDA:42,3,0,0
BRDA:42,3,1,0
BRDA:68,4,0,0
BRDA:82,5,0,0
BRDA:82,5,1,0
BRF:11
BRH:0
end_of_record
TN:
SF:src\attendance\attendance.controller.ts
FN:17,(anonymous_4)
FN:24,(anonymous_5)
FN:33,(anonymous_6)
FN:42,(anonymous_7)
FN:51,(anonymous_8)
FN:63,(anonymous_9)
FN:74,(anonymous_10)
FN:84,(anonymous_11)
FN:96,(anonymous_12)
FN:107,(anonymous_13)
FNF:10
FNH:0
FNDA:0,(anonymous_4)
FNDA:0,(anonymous_5)
FNDA:0,(anonymous_6)
FNDA:0,(anonymous_7)
FNDA:0,(anonymous_8)
FNDA:0,(anonymous_9)
FNDA:0,(anonymous_10)
FNDA:0,(anonymous_11)
FNDA:0,(anonymous_12)
FNDA:0,(anonymous_13)
DA:1,0
DA:4,0
DA:5,0
DA:10,0
DA:11,0
DA:12,0
DA:16,0
DA:17,0
DA:24,0
DA:29,0
DA:33,0
DA:38,0
DA:42,0
DA:43,0
DA:51,0
DA:57,0
DA:63,0
DA:68,0
DA:74,0
DA:80,0
DA:84,0
DA:90,0
DA:96,0
DA:101,0
DA:107,0
DA:112,0
LF:26
LH:0
BRF:0
BRH:0
end_of_record
TN:
SF:src\attendance\attendance.module.ts
FNF:0
FNH:0
DA:1,0
DA:2,0
DA:3,0
DA:10,0
LF:4
LH:0
BRF:0
BRH:0
end_of_record
TN:
SF:src\attendance\attendance.service.ts
FN:17,(anonymous_2)
FN:21,(anonymous_3)
FN:51,(anonymous_4)
FN:97,(anonymous_5)
FN:127,(anonymous_6)
FN:158,(anonymous_7)
FN:163,(anonymous_8)
FN:192,(anonymous_9)
FN:218,(anonymous_10)
FN:219,(anonymous_11)
FN:220,(anonymous_12)
FN:221,(anonymous_13)
FN:236,(anonymous_14)
FN:295,(anonymous_15)
FN:345,(anonymous_16)
FN:353,(anonymous_17)
FN:357,(anonymous_18)
FN:388,(anonymous_19)
FN:395,(anonymous_20)
FN:397,(anonymous_21)
FN:398,(anonymous_22)
FN:399,(anonymous_23)
FN:400,(anonymous_24)
FNF:23
FNH:0
FNDA:0,(anonymous_2)
FNDA:0,(anonymous_3)
FNDA:0,(anonymous_4)
FNDA:0,(anonymous_5)
FNDA:0,(anonymous_6)
FNDA:0,(anonymous_7)
FNDA:0,(anonymous_8)
FNDA:0,(anonymous_9)
FNDA:0,(anonymous_10)
FNDA:0,(anonymous_11)
FNDA:0,(anonymous_12)
FNDA:0,(anonymous_13)
FNDA:0,(anonymous_14)
FNDA:0,(anonymous_15)
FNDA:0,(anonymous_16)
FNDA:0,(anonymous_17)
FNDA:0,(anonymous_18)
FNDA:0,(anonymous_19)
FNDA:0,(anonymous_20)
FNDA:0,(anonymous_21)
FNDA:0,(anonymous_22)
FNDA:0,(anonymous_23)
FNDA:0,(anonymous_24)
DA:1,0
DA:2,0
DA:3,0
DA:10,0
DA:11,0
DA:14,0
DA:15,0
DA:17,0
DA:22,0
DA:23,0
DA:25,0
DA:27,0
DA:29,0
DA:32,0
DA:34,0
DA:58,0
DA:59,0
DA:61,0
DA:62,0
DA:63,0
DA:64,0
DA:65,0
DA:68,0
DA:86,0
DA:98,0
DA:121,0
DA:122,0
DA:128,0
DA:129,0
DA:132,0
DA:133,0
DA:134,0
DA:137,0
DA:159,0
DA:160,0
DA:163,0
DA:165,0
DA:169,0
DA:170,0
DA:181,0
DA:182,0
DA:183,0
DA:184,0
DA:191,0
DA:193,0
DA:216,0
DA:218,0
DA:219,0
DA:220,0
DA:221,0
DA:224,0
DA:226,0
DA:244,0
DA:245,0
DA:247,0
DA:248,0
DA:249,0
DA:250,0
DA:251,0
DA:252,0
DA:253,0
DA:256,0
DA:276,0
DA:281,0
DA:283,0
DA:296,0
DA:297,0
DA:298,0
DA:300,0
DA:316,0
DA:325,0
DA:326,0
DA:327,0
DA:328,0
DA:329,0
DA:334,0
DA:335,0
DA:336,0
DA:337,0
DA:338,0
DA:339,0
DA:340,0
DA:345,0
DA:351,0
DA:353,0
DA:358,0
DA:359,0
DA:363,0
DA:364,0
DA:365,0
DA:367,0
DA:384,0
DA:388,0
DA:396,0
DA:397,0
DA:398,0
DA:399,0
DA:400,0
DA:402,0
LF:99
LH:0
BRDA:23,0,0,0
BRDA:32,1,0,0
BRDA:55,2,0,0
BRDA:56,3,0,0
BRDA:62,4,0,0
BRDA:62,5,0,0
BRDA:62,5,1,0
BRDA:64,6,0,0
BRDA:65,7,0,0
BRDA:121,8,0,0
BRDA:129,9,0,0
BRDA:133,10,0,0
BRDA:169,11,0,0
BRDA:183,12,0,0
BRDA:241,13,0,0
BRDA:242,14,0,0
BRDA:248,15,0,0
BRDA:249,16,0,0
BRDA:249,17,0,0
BRDA:249,17,1,0
BRDA:250,18,0,0
BRDA:250,18,1,0
BRDA:252,19,0,0
BRDA:253,20,0,0
BRDA:297,21,0,0
BRDA:298,22,0,0
BRDA:303,23,0,0
BRDA:303,23,1,0
BRDA:328,24,0,0
BRDA:336,25,0,0
BRDA:336,25,1,0
BRDA:336,25,2,0
BRDA:336,25,3,0
BRDA:348,26,0,0
BRDA:348,26,1,0
BRDA:358,27,0,0
BRDA:364,28,0,0
BRDA:365,29,0,0
BRDA:369,30,0,0
BRDA:369,30,1,0
BRDA:379,31,0,0
BRDA:379,31,1,0
BRDA:386,32,0,0
BRDA:386,32,1,0
BRDA:408,33,0,0
BRDA:408,33,1,0
BRF:46
BRH:0
end_of_record
TN:
SF:src\attendance\dto\attendance.dto.ts
FN:4,(anonymous_2)
FN:57,(anonymous_3)
FNF:2
FNH:0
FNDA:0,(anonymous_2)
FNDA:0,(anonymous_3)
DA:1,0
DA:2,0
DA:4,0
DA:5,0
DA:6,0
DA:7,0
DA:8,0
DA:13,0
DA:15,0
DA:20,0
DA:25,0
DA:28,0
DA:33,0
DA:36,0
DA:38,0
DA:42,0
DA:47,0
DA:50,0
DA:52,0
DA:57,0
DA:58,0
DA:63,0
DA:68,0
DA:71,0
DA:75,0
LF:25
LH:0
BRDA:4,0,0,0
BRDA:4,0,1,0
BRF:2
BRH:0
end_of_record
TN:
SF:src\auth\auth.controller.ts
FN:10,(anonymous_4)
FN:16,(anonymous_5)
FN:25,(anonymous_6)
FN:34,(anonymous_7)
FN:44,(anonymous_8)
FN:54,(anonymous_9)
FNF:6
FNH:0
FNDA:0,(anonymous_4)
FNDA:0,(anonymous_5)
FNDA:0,(anonymous_6)
FNDA:0,(anonymous_7)
FNDA:0,(anonymous_8)
FNDA:0,(anonymous_9)
DA:1,0
DA:2,0
DA:3,0
DA:4,0
DA:5,0
DA:9,0
DA:10,0
DA:16,0
DA:17,0
DA:25,0
DA:26,0
DA:34,0
DA:35,0
DA:44,0
DA:45,0
DA:54,0
DA:55,0
LF:17
LH:0
BRF:0
BRH:0
end_of_record
TN:
SF:src\auth\auth.module.ts
FNF:0
FNH:0
DA:1,0
DA:2,0
DA:3,0
DA:4,0
DA:5,0
DA:6,0
DA:20,0
LF:7
LH:0
BRDA:12,0,0,0
BRDA:12,0,1,0
BRF:2
BRH:0
end_of_record
TN:
SF:src\auth\auth.service.ts
FN:20,(anonymous_2)
FN:26,(anonymous_3)
FN:73,(anonymous_4)
FN:100,(anonymous_5)
FN:111,(anonymous_6)
FN:126,(anonymous_7)
FN:137,(anonymous_8)
FN:146,(anonymous_9)
FN:162,(anonymous_10)
FNF:9
FNH:7
FNDA:10,(anonymous_2)
FNDA:3,(anonymous_3)
FNDA:4,(anonymous_4)
FNDA:1,(anonymous_5)
FNDA:3,(anonymous_6)
FNDA:1,(anonymous_7)
FNDA:0,(anonymous_8)
FNDA:0,(anonymous_9)
FNDA:3,(anonymous_10)
DA:1,1
DA:2,1
DA:3,1
DA:4,1
DA:5,1
DA:6,1
DA:8,1
DA:17,1
DA:18,10
DA:21,10
DA:22,10
DA:23,10
DA:28,3
DA:31,3
DA:32,1
DA:36,2
DA:39,2
DA:42,2
DA:43,1
DA:47,1
DA:63,1
DA:66,1
DA:67,1
DA:74,4
DA:81,4
DA:82,1
DA:85,3
DA:86,1
DA:89,2
DA:90,2
DA:91,1
DA:95,1
DA:100,1
DA:101,1
DA:103,1
DA:105,1
DA:112,3
DA:119,3
DA:120,2
DA:124,1
DA:126,1
DA:127,1
DA:129,1
DA:131,1
DA:138,0
DA:142,0
DA:143,0
DA:148,0
DA:149,0
DA:153,0
DA:158,0
DA:159,0
DA:163,3
DA:165,3
DA:166,3
DA:167,3
DA:168,3
DA:170,3
DA:171,0
DA:174,3
DA:179,3
DA:180,3
DA:182,3
DA:183,3
DA:185,3
DA:193,3
LF:66
LH:57
BRDA:31,0,0,1
BRDA:42,1,0,1
BRDA:81,2,0,1
BRDA:85,3,0,1
BRDA:90,4,0,1
BRDA:119,5,0,2
BRDA:119,6,0,3
BRDA:119,6,1,2
BRDA:142,7,0,0
BRDA:148,8,0,0
BRDA:148,8,1,0
BRDA:170,9,0,0
BRDA:182,10,0,3
BRDA:182,10,1,0
BRF:14
BRH:9
end_of_record
TN:
SF:src\auth\decorators\roles.decorator.ts
FN:4,(anonymous_0)
FNF:1
FNH:0
FNDA:0,(anonymous_0)
DA:1,0
DA:2,0
DA:4,0
LF:3
LH:0
BRF:0
BRH:0
end_of_record
TN:
SF:src\auth\dto\auth.dto.ts
FNF:0
FNH:0
DA:1,0
DA:3,0
DA:6,0
DA:14,0
DA:19,0
DA:24,0
DA:29,0
DA:33,0
DA:36,0
DA:39,0
DA:44,0
DA:47,0
DA:50,0
LF:13
LH:0
BRF:0
BRH:0
end_of_record
TN:
SF:src\auth\guards\jwt-auth.guard.ts
FNF:0
FNH:0
DA:1,0
DA:2,0
DA:5,0
LF:3
LH:0
BRF:0
BRH:0
end_of_record
TN:
SF:src\auth\guards\roles.guard.ts
FN:8,(anonymous_2)
FN:10,(anonymous_3)
FN:25,(anonymous_4)
FNF:3
FNH:0
FNDA:0,(anonymous_2)
FNDA:0,(anonymous_3)
FNDA:0,(anonymous_4)
DA:1,0
DA:2,0
DA:4,0
DA:7,0
DA:8,0
DA:11,0
DA:16,0
DA:17,0
DA:20,0
DA:21,0
DA:22,0
DA:25,0
DA:26,0
DA:27,0
DA:30,0
LF:15
LH:0
BRDA:16,0,0,0
BRDA:21,1,0,0
BRDA:21,2,0,0
BRDA:21,2,1,0
BRDA:26,3,0,0
BRF:5
BRH:0
end_of_record
TN:
SF:src\auth\strategies\jwt.strategy.ts
FN:7,(anonymous_2)
FN:20,(anonymous_3)
FNF:2
FNH:0
FNDA:0,(anonymous_2)
FNDA:0,(anonymous_3)
DA:1,0
DA:2,0
DA:3,0
DA:6,0
DA:8,0
DA:9,0
DA:10,0
DA:13,0
DA:21,0
LF:9
LH:0
BRDA:9,0,0,0
BRF:1
BRH:0
end_of_record
TN:
SF:src\common\guards\ws-rate-limit.guard.ts
FN:17,(anonymous_1)
FN:25,(anonymous_2)
FN:34,(anonymous_3)
FN:65,(anonymous_4)
FNF:4
FNH:0
FNDA:0,(anonymous_1)
FNDA:0,(anonymous_2)
FNDA:0,(anonymous_3)
FNDA:0,(anonymous_4)
DA:1,0
DA:17,0
DA:18,0
DA:20,0
DA:28,0
DA:29,0
DA:31,0
DA:35,0
DA:36,0
DA:38,0
DA:39,0
DA:42,0
DA:43,0
DA:45,0
DA:47,0
DA:51,0
DA:54,0
DA:55,0
DA:58,0
DA:59,0
DA:66,0
LF:21
LH:0
BRDA:38,0,0,0
BRDA:45,1,0,0
BRDA:45,2,0,0
BRDA:45,2,1,0
BRDA:54,3,0,0
BRF:5
BRH:0
end_of_record
TN:
SF:src\common\interceptors\logging.interceptor.ts
FN:15,(anonymous_1)
FN:18,(anonymous_2)
FN:28,(anonymous_3)
FN:50,(anonymous_4)
FN:70,(anonymous_5)
FNF:5
FNH:0
FNDA:0,(anonymous_1)
FNDA:0,(anonymous_2)
FNDA:0,(anonymous_3)
FNDA:0,(anonymous_4)
FNDA:0,(anonymous_5)
DA:1,0
DA:3,0
DA:15,0
DA:16,0
DA:19,0
DA:20,0
DA:21,0
DA:24,0
DA:26,0
DA:29,0
DA:30,0
DA:31,0
DA:33,0
DA:44,0
DA:45,0
DA:47,0
DA:51,0
DA:53,0
DA:64,0
DA:71,0
DA:73,0
DA:74,0
DA:76,0
DA:77,0
DA:78,0
DA:82,0
LF:26
LH:0
BRDA:41,0,0,0
BRDA:41,0,1,0
BRDA:44,1,0,0
BRDA:44,1,1,0
BRDA:56,2,0,0
BRDA:56,2,1,0
BRDA:61,3,0,0
BRDA:61,3,1,0
BRDA:71,4,0,0
BRDA:71,5,0,0
BRDA:71,5,1,0
BRDA:77,6,0,0
BRF:12
BRH:0
end_of_record
TN:
SF:src\common\utils\audit-helper.ts
FN:16,createAuditLog
FNF:1
FNH:1
FNDA:3,createAuditLog
DA:16,1
DA:20,3
DA:21,3
DA:33,1
DA:40,1
LF:5
LH:5
BRDA:24,0,0,3
BRDA:24,0,1,2
BRDA:25,1,0,3
BRDA:25,1,1,2
BRDA:27,2,0,3
BRDA:27,2,1,3
BRDA:28,3,0,3
BRDA:28,3,1,2
BRF:8
BRH:8
end_of_record
TN:
SF:src\common\utils\user-sanitizer.ts
FN:29,sanitizeUser
FN:33,(anonymous_1)
FN:40,sanitizeUsers
FNF:3
FNH:3
FNDA:8,sanitizeUser
FNDA:9,(anonymous_1)
FNDA:2,sanitizeUsers
DA:29,2
DA:30,8
DA:31,8
DA:33,9
DA:40,2
DA:41,2
LF:6
LH:6
BRDA:33,0,0,8
BRDA:33,0,1,1
BRF:2
BRH:2
end_of_record
TN:
SF:src\courses\courses.controller.ts
FN:21,(anonymous_4)
FN:29,(anonymous_5)
FN:40,(anonymous_6)
FN:56,(anonymous_7)
FN:64,(anonymous_8)
FN:72,(anonymous_9)
FN:84,(anonymous_10)
FN:90,(anonymous_11)
FN:102,(anonymous_12)
FN:120,(anonymous_13)
FN:130,(anonymous_14)
FN:138,(anonymous_15)
FN:146,(anonymous_16)
FN:156,(anonymous_17)
FN:164,(anonymous_18)
FN:172,(anonymous_19)
FN:180,(anonymous_20)
FN:198,(anonymous_21)
FN:204,(anonymous_22)
FN:212,(anonymous_23)
FNF:20
FNH:0
FNDA:0,(anonymous_4)
FNDA:0,(anonymous_5)
FNDA:0,(anonymous_6)
FNDA:0,(anonymous_7)
FNDA:0,(anonymous_8)
FNDA:0,(anonymous_9)
FNDA:0,(anonymous_10)
FNDA:0,(anonymous_11)
FNDA:0,(anonymous_12)
FNDA:0,(anonymous_13)
FNDA:0,(anonymous_14)
FNDA:0,(anonymous_15)
FNDA:0,(anonymous_16)
FNDA:0,(anonymous_17)
FNDA:0,(anonymous_18)
FNDA:0,(anonymous_19)
FNDA:0,(anonymous_20)
FNDA:0,(anonymous_21)
FNDA:0,(anonymous_22)
FNDA:0,(anonymous_23)
DA:1,0
DA:4,0
DA:5,0
DA:6,0
DA:12,0
DA:13,0
DA:14,0
DA:20,0
DA:21,0
DA:29,0
DA:30,0
DA:40,0
DA:47,0
DA:56,0
DA:57,0
DA:64,0
DA:65,0
DA:72,0
DA:73,0
DA:83,0
DA:84,0
DA:90,0
DA:91,0
DA:102,0
DA:110,0
DA:120,0
DA:121,0
DA:122,0
DA:123,0
DA:125,0
DA:130,0
DA:131,0
DA:138,0
DA:139,0
DA:146,0
DA:147,0
DA:156,0
DA:157,0
DA:164,0
DA:165,0
DA:172,0
DA:173,0
DA:180,0
DA:185,0
DA:198,0
DA:199,0
DA:204,0
DA:205,0
DA:212,0
DA:213,0
LF:50
LH:0
BRDA:49,0,0,0
BRDA:49,0,1,0
BRDA:51,1,0,0
BRDA:51,1,1,0
BRDA:51,2,0,0
BRDA:51,2,1,0
BRDA:112,3,0,0
BRDA:112,3,1,0
BRDA:113,4,0,0
BRDA:113,4,1,0
BRDA:121,5,0,0
BRDA:121,5,1,0
BRDA:122,6,0,0
BRDA:187,7,0,0
BRDA:187,7,1,0
BRDA:188,8,0,0
BRDA:188,8,1,0
BRF:17
BRH:0
end_of_record
TN:
SF:src\courses\courses.module.ts
FNF:0
FNH:0
DA:1,0
DA:2,0
DA:3,0
DA:10,0
LF:4
LH:0
BRF:0
BRH:0
end_of_record
TN:
SF:src\courses\courses.service.ts
FN:17,(anonymous_2)
FN:21,(anonymous_3)
FN:36,(anonymous_4)
FN:76,(anonymous_5)
FN:93,(anonymous_6)
FN:98,(anonymous_7)
FN:105,(anonymous_8)
FN:126,(anonymous_9)
FN:169,(anonymous_10)
FN:190,(anonymous_11)
FN:202,(anonymous_12)
FN:209,(anonymous_13)
FN:239,(anonymous_14)
FN:264,(anonymous_15)
FN:298,(anonymous_16)
FN:303,(anonymous_17)
FN:315,(anonymous_18)
FN:343,(anonymous_19)
FN:382,(anonymous_20)
FN:391,(anonymous_21)
FN:404,(anonymous_22)
FN:411,(anonymous_23)
FN:417,(anonymous_24)
FNF:23
FNH:0
FNDA:0,(anonymous_2)
FNDA:0,(anonymous_3)
FNDA:0,(anonymous_4)
FNDA:0,(anonymous_5)
FNDA:0,(anonymous_6)
FNDA:0,(anonymous_7)
FNDA:0,(anonymous_8)
FNDA:0,(anonymous_9)
FNDA:0,(anonymous_10)
FNDA:0,(anonymous_11)
FNDA:0,(anonymous_12)
FNDA:0,(anonymous_13)
FNDA:0,(anonymous_14)
FNDA:0,(anonymous_15)
FNDA:0,(anonymous_16)
FNDA:0,(anonymous_17)
FNDA:0,(anonymous_18)
FNDA:0,(anonymous_19)
FNDA:0,(anonymous_20)
FNDA:0,(anonymous_21)
FNDA:0,(anonymous_22)
FNDA:0,(anonymous_23)
FNDA:0,(anonymous_24)
DA:1,0
DA:2,0
DA:10,0
DA:11,0
DA:14,0
DA:15,0
DA:17,0
DA:22,0
DA:23,0
DA:25,0
DA:41,0
DA:42,0
DA:44,0
DA:45,0
DA:46,0
DA:47,0
DA:48,0
DA:54,0
DA:65,0
DA:77,0
DA:89,0
DA:90,0
DA:94,0
DA:95,0
DA:99,0
DA:100,0
DA:107,0
DA:108,0
DA:110,0
DA:131,0
DA:132,0
DA:134,0
DA:135,0
DA:136,0
DA:137,0
DA:138,0
DA:139,0
DA:142,0
DA:158,0
DA:170,0
DA:186,0
DA:187,0
DA:191,0
DA:192,0
DA:203,0
DA:204,0
DA:210,0
DA:214,0
DA:216,0
DA:217,0
DA:220,0
DA:223,0
DA:224,0
DA:226,0
DA:233,0
DA:241,0
DA:242,0
DA:243,0
DA:246,0
DA:250,0
DA:252,0
DA:253,0
DA:254,0
DA:264,0
DA:265,0
DA:267,0
DA:268,0
DA:269,0
DA:273,0
DA:274,0
DA:275,0
DA:277,0
DA:281,0
DA:284,0
DA:288,0
DA:291,0
DA:295,0
DA:298,0
DA:300,0
DA:304,0
DA:307,0
DA:309,0
DA:316,0
DA:317,0
DA:319,0
DA:332,0
DA:344,0
DA:345,0
DA:347,0
DA:348,0
DA:350,0
DA:369,0
DA:384,0
DA:385,0
DA:388,0
DA:390,0
DA:392,0
DA:405,0
DA:412,0
DA:418,0
DA:419,0
DA:421,0
DA:422,0
DA:424,0
DA:439,0
LF:105
LH:0
BRDA:23,0,0,0
BRDA:30,1,0,0
BRDA:30,1,1,0
BRDA:38,2,0,0
BRDA:39,3,0,0
BRDA:45,4,0,0
BRDA:46,5,0,0
BRDA:47,6,0,0
BRDA:89,7,0,0
BRDA:108,8,0,0
BRDA:128,9,0,0
BRDA:129,10,0,0
BRDA:135,11,0,0
BRDA:136,12,0,0
BRDA:137,13,0,0
BRDA:138,14,0,0
BRDA:186,15,0,0
BRDA:214,16,0,0
BRDA:216,17,0,0
BRDA:216,18,0,0
BRDA:216,18,1,0
BRDA:223,19,0,0
BRDA:224,20,0,0
BRDA:242,21,0,0
BRDA:250,22,0,0
BRDA:252,23,0,0
BRDA:252,23,1,0
BRDA:253,24,0,0
BRDA:273,25,0,0
BRDA:273,25,1,0
BRDA:274,26,0,0
BRDA:274,26,1,0
BRDA:298,27,0,0
BRDA:298,27,1,0
BRDA:307,28,0,0
BRDA:315,29,0,0
BRDA:315,30,0,0
BRDA:343,31,0,0
BRDA:343,32,0,0
BRDA:348,33,0,0
BRDA:384,34,0,0
BRDA:417,35,0,0
BRDA:417,36,0,0
BRDA:422,37,0,0
BRF:44
BRH:0
end_of_record
TN:
SF:src\courses\dto\courses.dto.ts
FN:154,(anonymous_2)
FNF:1
FNH:0
FNDA:0,(anonymous_2)
DA:1,0
DA:2,0
DA:6,0
DA:9,0
DA:13,0
DA:18,0
DA:24,0
DA:29,0
DA:32,0
DA:36,0
DA:41,0
DA:47,0
DA:52,0
DA:56,0
DA:61,0
DA:63,0
DA:66,0
DA:70,0
DA:75,0
DA:80,0
DA:86,0
DA:89,0
DA:92,0
DA:97,0
DA:102,0
DA:107,0
DA:113,0
DA:117,0
DA:122,0
DA:124,0
DA:127,0
DA:131,0
DA:136,0
DA:140,0
DA:144,0
DA:148,0
DA:151,0
DA:154,0
DA:155,0
LF:39
LH:0
BRF:0
BRH:0
end_of_record
TN:
SF:src\files\files.controller.ts
FN:26,(anonymous_4)
FN:65,(anonymous_5)
FN:114,(anonymous_6)
FN:126,(anonymous_7)
FN:132,(anonymous_8)
FN:138,(anonymous_9)
FN:144,(anonymous_10)
FN:166,(anonymous_11)
FN:179,(anonymous_12)
FN:189,(anonymous_13)
FN:195,(anonymous_14)
FN:203,(anonymous_15)
FN:36,(anonymous_16)
FN:46,(anonymous_17)
FNF:14
FNH:0
FNDA:0,(anonymous_4)
FNDA:0,(anonymous_5)
FNDA:0,(anonymous_6)
FNDA:0,(anonymous_7)
FNDA:0,(anonymous_8)
FNDA:0,(anonymous_9)
FNDA:0,(anonymous_10)
FNDA:0,(anonymous_11)
FNDA:0,(anonymous_12)
FNDA:0,(anonymous_13)
FNDA:0,(anonymous_14)
FNDA:0,(anonymous_15)
FNDA:0,(anonymous_16)
FNDA:0,(anonymous_17)
DA:1,0
DA:5,0
DA:6,0
DA:7,0
DA:9,0
DA:10,0
DA:11,0
DA:12,0
DA:13,0
DA:14,0
DA:15,0
DA:16,0
DA:19,0
DA:25,0
DA:26,0
DA:38,0
DA:39,0
DA:40,0
DA:48,0
DA:58,0
DA:59,0
DA:61,0
DA:65,0
DA:76,0
DA:78,0
DA:80,0
DA:92,0
DA:93,0
DA:98,0
DA:101,0
DA:102,0
DA:106,0
DA:114,0
DA:121,0
DA:126,0
DA:127,0
DA:132,0
DA:133,0
DA:138,0
DA:139,0
DA:144,0
DA:149,0
DA:152,0
DA:153,0
DA:155,0
DA:159,0
DA:160,0
DA:161,0
DA:162,0
DA:165,0
DA:166,0
DA:167,0
DA:168,0
DA:169,0
DA:172,0
DA:179,0
DA:180,0
DA:189,0
DA:190,0
DA:195,0
DA:196,0
DA:203,0
DA:204,0
LF:63
LH:0
BRDA:76,0,0,0
BRDA:168,1,0,0
BRDA:58,2,0,0
BRDA:58,2,1,0
BRF:4
BRH:0
end_of_record
TN:
SF:src\files\files.module.ts
FNF:0
FNH:0
DA:1,0
DA:2,0
DA:3,0
DA:10,0
LF:4
LH:0
BRF:0
BRH:0
end_of_record
TN:
SF:src\files\files.service.ts
FN:39,(anonymous_2)
FN:44,(anonymous_3)
FN:54,(anonymous_4)
FN:117,(anonymous_5)
FN:150,(anonymous_6)
FN:177,(anonymous_7)
FN:194,(anonymous_8)
FN:214,(anonymous_9)
FN:233,(anonymous_10)
FN:243,(anonymous_11)
FN:247,(anonymous_12)
FN:266,(anonymous_13)
FN:274,(anonymous_14)
FN:302,(anonymous_15)
FN:312,(anonymous_16)
FN:313,(anonymous_17)
FN:319,(anonymous_18)
FN:330,(anonymous_19)
FN:338,(anonymous_20)
FNF:19
FNH:0
FNDA:0,(anonymous_2)
FNDA:0,(anonymous_3)
FNDA:0,(anonymous_4)
FNDA:0,(anonymous_5)
FNDA:0,(anonymous_6)
FNDA:0,(anonymous_7)
FNDA:0,(anonymous_8)
FNDA:0,(anonymous_9)
FNDA:0,(anonymous_10)
FNDA:0,(anonymous_11)
FNDA:0,(anonymous_12)
FNDA:0,(anonymous_13)
FNDA:0,(anonymous_14)
FNDA:0,(anonymous_15)
FNDA:0,(anonymous_16)
FNDA:0,(anonymous_17)
FNDA:0,(anonymous_18)
FNDA:0,(anonymous_19)
FNDA:0,(anonymous_20)
DA:1,0
DA:2,0
DA:4,0
DA:5,0
DA:6,0
DA:9,0
DA:32,0
DA:35,0
DA:36,0
DA:39,0
DA:40,0
DA:41,0
DA:45,0
DA:46,0
DA:48,0
DA:60,0
DA:61,0
DA:67,0
DA:68,0
DA:74,0
DA:75,0
DA:79,0
DA:80,0
DA:81,0
DA:82,0
DA:85,0
DA:86,0
DA:88,0
DA:91,0
DA:94,0
DA:96,0
DA:98,0
DA:122,0
DA:123,0
DA:126,0
DA:127,0
DA:130,0
DA:157,0
DA:158,0
DA:159,0
DA:160,0
DA:161,0
DA:162,0
DA:163,0
DA:166,0
DA:178,0
DA:190,0
DA:191,0
DA:195,0
DA:198,0
DA:200,0
DA:202,0
DA:203,0
DA:204,0
DA:209,0
DA:215,0
DA:217,0
DA:234,0
DA:244,0
DA:254,0
DA:257,0
DA:260,0
DA:265,0
DA:266,0
DA:269,0
DA:275,0
DA:277,0
DA:278,0
DA:279,0
DA:280,0
DA:285,0
DA:286,0
DA:287,0
DA:289,0
DA:290,0
DA:291,0
DA:294,0
DA:297,0
DA:303,0
DA:305,0
DA:312,0
DA:313,0
DA:315,0
DA:319,0
DA:331,0
DA:332,0
DA:333,0
DA:334,0
DA:335,0
DA:340,0
DA:341,0
DA:343,0
DA:344,0
DA:346,0
LF:94
LH:0
BRDA:60,0,0,0
BRDA:67,1,0,0
BRDA:74,2,0,0
BRDA:122,3,0,0
BRDA:126,4,0,0
BRDA:158,5,0,0
BRDA:159,6,0,0
BRDA:160,7,0,0
BRDA:161,8,0,0
BRDA:162,9,0,0
BRDA:190,10,0,0
BRDA:198,11,0,0
BRDA:200,12,0,0
BRDA:203,13,0,0
BRDA:222,14,0,0
BRDA:222,14,1,0
BRDA:223,15,0,0
BRDA:223,15,1,0
BRDA:224,16,0,0
BRDA:224,16,1,0
BRDA:257,17,0,0
BRDA:277,18,0,0
BRDA:277,19,0,0
BRDA:277,19,1,0
BRDA:279,20,0,0
BRDA:289,21,0,0
BRDA:303,22,0,0
BRDA:303,22,1,0
BRDA:313,23,0,0
BRDA:313,23,1,0
BRDA:322,24,0,0
BRDA:322,24,1,0
BRDA:323,25,0,0
BRDA:323,25,1,0
BRDA:331,26,0,0
BRDA:343,27,0,0
BRF:36
BRH:0
end_of_record
TN:
SF:src\files\dto\files.dto.ts
FN:3,(anonymous_2)
FNF:1
FNH:0
FNDA:0,(anonymous_2)
DA:1,0
DA:3,0
DA:4,0
DA:5,0
DA:6,0
DA:9,0
DA:12,0
DA:16,0
DA:20,0
DA:25,0
DA:30,0
DA:33,0
DA:36,0
DA:40,0
DA:44,0
DA:48,0
DA:52,0
LF:17
LH:0
BRDA:3,0,0,0
BRDA:3,0,1,0
BRF:2
BRH:0
end_of_record
TN:
SF:src\grading\grading.controller.ts
FN:17,(anonymous_4)
FN:24,(anonymous_5)
FN:33,(anonymous_6)
FN:41,(anonymous_7)
FN:48,(anonymous_8)
FN:59,(anonymous_9)
FN:68,(anonymous_10)
FN:79,(anonymous_11)
FN:84,(anonymous_12)
FN:96,(anonymous_13)
FN:107,(anonymous_14)
FN:120,(anonymous_15)
FN:125,(anonymous_16)
FN:133,(anonymous_17)
FNF:14
FNH:0
FNDA:0,(anonymous_4)
FNDA:0,(anonymous_5)
FNDA:0,(anonymous_6)
FNDA:0,(anonymous_7)
FNDA:0,(anonymous_8)
FNDA:0,(anonymous_9)
FNDA:0,(anonymous_10)
FNDA:0,(anonymous_11)
FNDA:0,(anonymous_12)
FNDA:0,(anonymous_13)
FNDA:0,(anonymous_14)
FNDA:0,(anonymous_15)
FNDA:0,(anonymous_16)
FNDA:0,(anonymous_17)
DA:1,0
DA:4,0
DA:5,0
DA:10,0
DA:11,0
DA:12,0
DA:16,0
DA:17,0
DA:24,0
DA:29,0
DA:33,0
DA:37,0
DA:41,0
DA:42,0
DA:48,0
DA:53,0
DA:59,0
DA:60,0
DA:68,0
DA:73,0
DA:79,0
DA:80,0
DA:84,0
DA:88,0
DA:96,0
DA:101,0
DA:107,0
DA:112,0
DA:120,0
DA:121,0
DA:125,0
DA:129,0
DA:133,0
DA:134,0
LF:34
LH:0
BRF:0
BRH:0
end_of_record
TN:
SF:src\grading\grading.module.ts
FNF:0
FNH:0
DA:1,0
DA:2,0
DA:3,0
DA:10,0
LF:4
LH:0
BRF:0
BRH:0
end_of_record
TN:
SF:src\grading\grading.service.ts
FN:16,(anonymous_2)
FN:20,(anonymous_3)
FN:40,(anonymous_4)
FN:72,(anonymous_5)
FN:97,(anonymous_6)
FN:109,(anonymous_7)
FN:120,(anonymous_8)
FN:164,(anonymous_9)
FN:193,(anonymous_10)
FN:204,(anonymous_11)
FN:255,(anonymous_12)
FN:264,(anonymous_13)
FN:312,(anonymous_14)
FN:312,(anonymous_15)
FN:319,(anonymous_16)
FN:335,(anonymous_17)
FN:350,(anonymous_18)
FN:352,(anonymous_19)
FN:358,(anonymous_20)
FN:359,(anonymous_21)
FN:360,(anonymous_22)
FN:374,(anonymous_23)
FN:384,(anonymous_24)
FN:421,(anonymous_25)
FNF:24
FNH:0
FNDA:0,(anonymous_2)
FNDA:0,(anonymous_3)
FNDA:0,(anonymous_4)
FNDA:0,(anonymous_5)
FNDA:0,(anonymous_6)
FNDA:0,(anonymous_7)
FNDA:0,(anonymous_8)
FNDA:0,(anonymous_9)
FNDA:0,(anonymous_10)
FNDA:0,(anonymous_11)
FNDA:0,(anonymous_12)
FNDA:0,(anonymous_13)
FNDA:0,(anonymous_14)
FNDA:0,(anonymous_15)
FNDA:0,(anonymous_16)
FNDA:0,(anonymous_17)
FNDA:0,(anonymous_18)
FNDA:0,(anonymous_19)
FNDA:0,(anonymous_20)
FNDA:0,(anonymous_21)
FNDA:0,(anonymous_22)
FNDA:0,(anonymous_23)
FNDA:0,(anonymous_24)
FNDA:0,(anonymous_25)
DA:1,0
DA:2,0
DA:9,0
DA:10,0
DA:13,0
DA:14,0
DA:16,0
DA:21,0
DA:22,0
DA:24,0
DA:41,0
DA:42,0
DA:44,0
DA:45,0
DA:47,0
DA:61,0
DA:73,0
DA:93,0
DA:94,0
DA:98,0
DA:99,0
DA:100,0
DA:103,0
DA:104,0
DA:106,0
DA:110,0
DA:111,0
DA:112,0
DA:115,0
DA:121,0
DA:125,0
DA:127,0
DA:128,0
DA:131,0
DA:134,0
DA:138,0
DA:140,0
DA:152,0
DA:165,0
DA:166,0
DA:168,0
DA:182,0
DA:194,0
DA:198,0
DA:199,0
DA:205,0
DA:209,0
DA:212,0
DA:213,0
DA:218,0
DA:220,0
DA:222,0
DA:238,0
DA:256,0
DA:257,0
DA:264,0
DA:265,0
DA:267,0
DA:269,0
DA:270,0
DA:275,0
DA:278,0
DA:280,0
DA:281,0
DA:303,0
DA:305,0
DA:309,0
DA:312,0
DA:314,0
DA:320,0
DA:326,0
DA:334,0
DA:335,0
DA:339,0
DA:340,0
DA:341,0
DA:342,0
DA:350,0
DA:351,0
DA:352,0
DA:358,0
DA:359,0
DA:360,0
DA:361,0
DA:362,0
DA:364,0
DA:371,0
DA:375,0
DA:378,0
DA:379,0
DA:380,0
DA:384,0
DA:387,0
DA:388,0
DA:390,0
DA:408,0
DA:422,0
DA:423,0
DA:424,0
DA:425,0
DA:426,0
DA:427,0
DA:428,0
DA:429,0
DA:430,0
DA:431,0
DA:432,0
DA:433,0
DA:434,0
LF:109
LH:0
BRDA:22,0,0,0
BRDA:30,1,0,0
BRDA:30,1,1,0
BRDA:31,2,0,0
BRDA:31,2,1,0
BRDA:40,3,0,0
BRDA:40,4,0,0
BRDA:45,5,0,0
BRDA:93,6,0,0
BRDA:99,7,0,0
BRDA:104,8,0,0
BRDA:111,9,0,0
BRDA:111,10,0,0
BRDA:111,10,1,0
BRDA:125,11,0,0
BRDA:127,12,0,0
BRDA:138,13,0,0
BRDA:144,14,0,0
BRDA:144,14,1,0
BRDA:157,15,0,0
BRDA:157,15,1,0
BRDA:164,16,0,0
BRDA:164,17,0,0
BRDA:198,18,0,0
BRDA:209,19,0,0
BRDA:212,20,0,0
BRDA:218,21,0,0
BRDA:218,21,1,0
BRDA:220,22,0,0
BRDA:257,23,0,0
BRDA:269,24,0,0
BRDA:278,25,0,0
BRDA:278,25,1,0
BRDA:341,26,0,0
BRDA:351,27,0,0
BRDA:351,27,1,0
BRDA:354,28,0,0
BRDA:354,28,1,0
BRDA:361,29,0,0
BRDA:361,29,1,0
BRDA:362,30,0,0
BRDA:362,30,1,0
BRDA:374,31,0,0
BRDA:374,32,0,0
BRDA:379,33,0,0
BRDA:388,34,0,0
BRDA:423,35,0,0
BRDA:424,36,0,0
BRDA:425,37,0,0
BRDA:426,38,0,0
BRDA:427,39,0,0
BRDA:428,40,0,0
BRDA:429,41,0,0
BRDA:430,42,0,0
BRDA:431,43,0,0
BRDA:432,44,0,0
BRDA:433,45,0,0
BRF:57
BRH:0
end_of_record
TN:
SF:src\grading\dto\grading.dto.ts
FN:4,(anonymous_2)
FN:127,(anonymous_3)
FNF:2
FNH:0
FNDA:0,(anonymous_2)
FNDA:0,(anonymous_3)
DA:1,0
DA:2,0
DA:4,0
DA:5,0
DA:6,0
DA:7,0
DA:8,0
DA:13,0
DA:16,0
DA:21,0
DA:24,0
DA:30,0
DA:35,0
DA:38,0
DA:42,0
DA:47,0
DA:51,0
DA:57,0
DA:62,0
DA:66,0
DA:71,0
DA:75,0
DA:81,0
DA:86,0
DA:90,0
DA:95,0
DA:100,0
DA:106,0
DA:111,0
DA:116,0
DA:121,0
DA:124,0
DA:127,0
DA:128,0
LF:34
LH:0
BRDA:4,0,0,0
BRDA:4,0,1,0
BRF:2
BRH:0
end_of_record
TN:
SF:src\health\health.controller.ts
FN:12,(anonymous_2)
FN:18,(anonymous_3)
FN:68,(anonymous_4)
FN:79,(anonymous_5)
FNF:4
FNH:0
FNDA:0,(anonymous_2)
FNDA:0,(anonymous_3)
FNDA:0,(anonymous_4)
FNDA:0,(anonymous_5)
DA:1,0
DA:2,0
DA:3,0
DA:8,0
DA:9,0
DA:10,0
DA:12,0
DA:18,0
DA:19,0
DA:20,0
DA:23,0
DA:24,0
DA:25,0
DA:26,0
DA:31,0
DA:32,0
DA:36,0
DA:40,0
DA:41,0
DA:42,0
DA:43,0
DA:47,0
DA:49,0
DA:55,0
DA:63,0
DA:68,0
DA:69,0
DA:70,0
DA:71,0
DA:73,0
DA:79,0
DA:80,0
LF:32
LH:0
BRDA:42,0,0,0
BRDA:42,0,1,0
BRDA:47,1,0,0
BRDA:59,2,0,0
BRDA:59,2,1,0
BRF:5
BRH:0
end_of_record
TN:
SF:src\health\health.module.ts
FNF:0
FNH:0
DA:1,0
DA:2,0
DA:3,0
DA:9,0
LF:4
LH:0
BRF:0
BRH:0
end_of_record
TN:
SF:src\messaging\messaging.controller.ts
FN:20,(anonymous_4)
FN:23,(anonymous_5)
FN:28,(anonymous_6)
FN:33,(anonymous_7)
FN:38,(anonymous_8)
FN:43,(anonymous_9)
FN:48,(anonymous_10)
FN:63,(anonymous_11)
FN:72,(anonymous_12)
FN:81,(anonymous_13)
FNF:10
FNH:0
FNDA:0,(anonymous_4)
FNDA:0,(anonymous_5)
FNDA:0,(anonymous_6)
FNDA:0,(anonymous_7)
FNDA:0,(anonymous_8)
FNDA:0,(anonymous_9)
FNDA:0,(anonymous_10)
FNDA:0,(anonymous_11)
FNDA:0,(anonymous_12)
FNDA:0,(anonymous_13)
DA:1,0
DA:13,0
DA:14,0
DA:15,0
DA:19,0
DA:20,0
DA:23,0
DA:24,0
DA:28,0
DA:29,0
DA:33,0
DA:34,0
DA:38,0
DA:39,0
DA:43,0
DA:44,0
DA:48,0
DA:54,0
DA:63,0
DA:68,0
DA:72,0
DA:77,0
DA:81,0
DA:82,0
LF:24
LH:0
BRDA:58,0,0,0
BRDA:58,0,1,0
BRF:2
BRH:0
end_of_record
TN:
SF:src\messaging\messaging.gateway.ts
FN:76,(anonymous_4)
FN:83,(anonymous_5)
FN:103,(anonymous_6)
FN:137,(anonymous_7)
FN:158,(anonymous_8)
FN:170,(anonymous_9)
FN:188,(anonymous_10)
FN:216,(anonymous_11)
FN:243,(anonymous_12)
FN:269,(anonymous_13)
FN:306,(anonymous_14)
FN:324,(anonymous_15)
FN:341,(anonymous_16)
FN:357,(anonymous_17)
FN:361,(anonymous_18)
FN:36,(anonymous_19)
FNF:16
FNH:0
FNDA:0,(anonymous_4)
FNDA:0,(anonymous_5)
FNDA:0,(anonymous_6)
FNDA:0,(anonymous_7)
FNDA:0,(anonymous_8)
FNDA:0,(anonymous_9)
FNDA:0,(anonymous_10)
FNDA:0,(anonymous_11)
FNDA:0,(anonymous_12)
FNDA:0,(anonymous_13)
FNDA:0,(anonymous_14)
FNDA:0,(anonymous_15)
FNDA:0,(anonymous_16)
FNDA:0,(anonymous_17)
FNDA:0,(anonymous_18)
FNDA:0,(anonymous_19)
DA:1,0
DA:11,0
DA:12,0
DA:13,0
DA:14,0
DA:15,0
DA:16,0
DA:17,0
DA:18,0
DA:37,0
DA:41,0
DA:42,0
DA:44,0
DA:55,0
DA:57,0
DA:59,0
DA:64,0
DA:67,0
DA:77,0
DA:78,0
DA:79,0
DA:80,0
DA:85,0
DA:86,0
DA:88,0
DA:89,0
DA:91,0
DA:96,0
DA:97,0
DA:99,0
DA:104,0
DA:106,0
DA:109,0
DA:110,0
DA:111,0
DA:112,0
DA:115,0
DA:116,0
DA:117,0
DA:120,0
DA:121,0
DA:124,0
DA:127,0
DA:128,0
DA:132,0
DA:137,0
DA:140,0
DA:141,0
DA:145,0
DA:146,0
DA:148,0
DA:151,0
DA:153,0
DA:154,0
DA:160,0
DA:162,0
DA:163,0
DA:165,0
DA:170,0
DA:172,0
DA:173,0
DA:175,0
DA:178,0
DA:180,0
DA:189,0
DA:190,0
DA:192,0
DA:193,0
DA:195,0
DA:196,0
DA:198,0
DA:200,0
DA:204,0
DA:207,0
DA:208,0
DA:211,0
DA:212,0
DA:216,0
DA:220,0
DA:223,0
DA:224,0
DA:227,0
DA:228,0
DA:234,0
DA:235,0
DA:237,0
DA:238,0
DA:243,0
DA:247,0
DA:249,0
DA:250,0
DA:253,0
DA:254,0
DA:260,0
DA:261,0
DA:263,0
DA:264,0
DA:269,0
DA:273,0
DA:275,0
DA:276,0
DA:279,0
DA:280,0
DA:284,0
DA:285,0
DA:288,0
DA:294,0
DA:298,0
DA:300,0
DA:301,0
DA:306,0
DA:310,0
DA:312,0
DA:313,0
DA:316,0
DA:324,0
DA:328,0
DA:330,0
DA:331,0
DA:334,0
DA:341,0
DA:345,0
DA:347,0
DA:348,0
DA:351,0
DA:352,0
DA:358,0
DA:364,0
LF:128
LH:0
BRDA:86,0,0,0
BRDA:86,0,1,0
BRDA:106,1,0,0
BRDA:106,1,1,0
BRDA:109,2,0,0
BRDA:116,3,0,0
BRDA:127,4,0,0
BRDA:145,5,0,0
BRDA:145,5,1,0
BRDA:162,6,0,0
BRDA:172,7,0,0
BRDA:172,7,1,0
BRDA:190,8,0,0
BRDA:193,9,0,0
BRDA:198,10,0,0
BRDA:198,11,0,0
BRDA:198,11,1,0
BRDA:207,12,0,0
BRDA:220,13,0,0
BRDA:223,14,0,0
BRDA:247,15,0,0
BRDA:249,16,0,0
BRDA:273,17,0,0
BRDA:275,18,0,0
BRDA:284,19,0,0
BRDA:310,20,0,0
BRDA:312,21,0,0
BRDA:328,22,0,0
BRDA:330,23,0,0
BRDA:345,24,0,0
BRDA:347,25,0,0
BRDA:37,26,0,0
BRDA:37,26,1,0
BRDA:41,27,0,0
BRDA:41,27,1,0
BRDA:41,28,0,0
BRDA:41,28,1,0
BRF:37
BRH:0
end_of_record
TN:
SF:src\messaging\messaging.module.ts
FN:12,(anonymous_1)
FNF:1
FNH:0
FNDA:0,(anonymous_1)
DA:1,0
DA:2,0
DA:3,0
DA:4,0
DA:5,0
DA:6,0
DA:12,0
DA:22,0
LF:8
LH:0
BRF:0
BRH:0
end_of_record
TN:
SF:src\messaging\messaging.service.ts
FN:11,(anonymous_2)
FN:15,(anonymous_3)
FN:25,(anonymous_4)
FN:48,(anonymous_5)
FN:73,(anonymous_6)
FN:80,(anonymous_7)
FN:94,(anonymous_8)
FN:100,(anonymous_9)
FN:109,(anonymous_10)
FN:117,(anonymous_11)
FN:161,(anonymous_12)
FN:170,(anonymous_13)
FN:212,(anonymous_14)
FN:238,(anonymous_15)
FNF:14
FNH:0
FNDA:0,(anonymous_2)
FNDA:0,(anonymous_3)
FNDA:0,(anonymous_4)
FNDA:0,(anonymous_5)
FNDA:0,(anonymous_6)
FNDA:0,(anonymous_7)
FNDA:0,(anonymous_8)
FNDA:0,(anonymous_9)
FNDA:0,(anonymous_10)
FNDA:0,(anonymous_11)
FNDA:0,(anonymous_12)
FNDA:0,(anonymous_13)
FNDA:0,(anonymous_14)
FNDA:0,(anonymous_15)
DA:1,0
DA:2,0
DA:4,0
DA:6,0
DA:7,0
DA:10,0
DA:11,0
DA:16,0
DA:25,0
DA:39,0
DA:45,0
DA:50,0
DA:73,0
DA:81,0
DA:92,0
DA:94,0
DA:95,0
DA:97,0
DA:101,0
DA:110,0
DA:119,0
DA:122,0
DA:125,0
DA:126,0
DA:128,0
DA:155,0
DA:163,0
DA:166,0
DA:167,0
DA:168,0
DA:170,0
DA:171,0
DA:193,0
DA:198,0
DA:202,0
DA:209,0
DA:213,0
DA:214,0
DA:215,0
DA:216,0
DA:218,0
DA:228,0
DA:235,0
DA:239,0
DA:240,0
DA:242,0
DA:243,0
DA:244,0
DA:247,0
DA:252,0
DA:259,0
LF:51
LH:0
BRDA:25,0,0,0
BRDA:25,0,1,0
BRDA:75,1,0,0
BRDA:75,1,1,0
BRDA:92,2,0,0
BRDA:95,3,0,0
BRDA:100,4,0,0
BRDA:117,5,0,0
BRDA:125,6,0,0
BRDA:126,7,0,0
BRDA:134,8,0,0
BRDA:134,8,1,0
BRDA:157,9,0,0
BRDA:157,9,1,0
BRDA:166,10,0,0
BRDA:167,11,0,0
BRDA:168,12,0,0
BRDA:214,13,0,0
BRDA:215,14,0,0
BRDA:216,15,0,0
BRDA:240,16,0,0
BRDA:243,17,0,0
BRDA:243,18,0,0
BRDA:243,18,1,0
BRF:24
BRH:0
end_of_record
TN:
SF:src\messaging\dto\messaging.dto.ts
FNF:0
FNH:0
DA:1,0
DA:3,0
DA:6,0
DA:11,0
DA:15,0
DA:21,0
DA:24,0
DA:27,0
DA:32,0
DA:35,0
DA:38,0
DA:43,0
LF:12
LH:0
BRF:0
BRH:0
end_of_record
TN:
SF:src\moderation\moderation.controller.ts
FN:20,(anonymous_4)
FN:23,(anonymous_5)
FN:32,(anonymous_6)
FN:41,(anonymous_7)
FN:50,(anonymous_8)
FN:59,(anonymous_9)
FN:64,(anonymous_10)
FN:69,(anonymous_11)
FN:74,(anonymous_12)
FN:79,(anonymous_13)
FNF:10
FNH:0
FNDA:0,(anonymous_4)
FNDA:0,(anonymous_5)
FNDA:0,(anonymous_6)
FNDA:0,(anonymous_7)
FNDA:0,(anonymous_8)
FNDA:0,(anonymous_9)
FNDA:0,(anonymous_10)
FNDA:0,(anonymous_11)
FNDA:0,(anonymous_12)
FNDA:0,(anonymous_13)
DA:1,0
DA:11,0
DA:12,0
DA:13,0
DA:14,0
DA:19,0
DA:20,0
DA:23,0
DA:28,0
DA:32,0
DA:37,0
DA:41,0
DA:46,0
DA:50,0
DA:55,0
DA:59,0
DA:60,0
DA:64,0
DA:65,0
DA:69,0
DA:70,0
DA:74,0
DA:75,0
DA:79,0
DA:84,0
LF:25
LH:0
BRDA:86,0,0,0
BRDA:86,0,1,0
BRDA:87,1,0,0
BRDA:87,1,1,0
BRF:4
BRH:0
end_of_record
TN:
SF:src\moderation\moderation.module.ts
FNF:0
FNH:0
DA:1,0
DA:2,0
DA:3,0
DA:10,0
LF:4
LH:0
BRF:0
BRH:0
end_of_record
TN:
SF:src\moderation\moderation.service.ts
FN:9,(anonymous_2)
FN:11,(anonymous_3)
FN:33,(anonymous_4)
FN:50,(anonymous_5)
FN:72,(anonymous_6)
FN:89,(anonymous_7)
FN:109,(anonymous_8)
FN:128,(anonymous_9)
FN:144,(anonymous_10)
FN:175,(anonymous_11)
FNF:10
FNH:0
FNDA:0,(anonymous_2)
FNDA:0,(anonymous_3)
FNDA:0,(anonymous_4)
FNDA:0,(anonymous_5)
FNDA:0,(anonymous_6)
FNDA:0,(anonymous_7)
FNDA:0,(anonymous_8)
FNDA:0,(anonymous_9)
FNDA:0,(anonymous_10)
FNDA:0,(anonymous_11)
DA:1,0
DA:2,0
DA:3,0
DA:6,0
DA:7,0
DA:9,0
DA:12,0
DA:15,0
DA:17,0
DA:22,0
DA:29,0
DA:30,0
DA:34,0
DA:39,0
DA:46,0
DA:47,0
DA:51,0
DA:54,0
DA:56,0
DA:61,0
DA:68,0
DA:69,0
DA:73,0
DA:78,0
DA:85,0
DA:86,0
DA:90,0
DA:91,0
DA:93,0
DA:98,0
DA:105,0
DA:106,0
DA:110,0
DA:111,0
DA:113,0
DA:118,0
DA:124,0
DA:125,0
DA:129,0
DA:134,0
DA:140,0
DA:141,0
DA:145,0
DA:146,0
DA:148,0
DA:165,0
DA:176,0
LF:47
LH:0
BRDA:15,0,0,0
BRDA:54,1,0,0
BRDA:91,2,0,0
BRDA:111,3,0,0
BRDA:144,4,0,0
BRDA:144,5,0,0
BRDA:150,6,0,0
BRDA:150,6,1,0
BRDA:161,7,0,0
BRDA:161,7,1,0
BRF:10
BRH:0
end_of_record
TN:
SF:src\prisma\prisma.module.ts
FNF:0
FNH:0
DA:1,0
DA:2,0
DA:9,0
LF:3
LH:0
BRF:0
BRH:0
end_of_record
TN:
SF:src\prisma\prisma.service.ts
FN:8,(anonymous_2)
FN:25,(anonymous_3)
FN:35,(anonymous_4)
FN:43,(anonymous_5)
FN:55,(anonymous_6)
FNF:5
FNH:0
FNDA:0,(anonymous_2)
FNDA:0,(anonymous_3)
FNDA:0,(anonymous_4)
FNDA:0,(anonymous_5)
FNDA:0,(anonymous_6)
DA:1,1
DA:2,1
DA:5,1
DA:6,0
DA:10,0
DA:12,0
DA:26,0
DA:27,0
DA:30,0
DA:31,0
DA:36,0
DA:37,0
DA:44,0
DA:45,0
DA:47,0
DA:48,0
DA:56,0
DA:57,0
DA:58,0
DA:60,0
LF:20
LH:3
BRDA:19,0,0,0
BRDA:19,0,1,0
BRDA:30,1,0,0
BRF:3
BRH:0
end_of_record
TN:
SF:src\users\users.controller.ts
FN:13,(anonymous_4)
FN:21,(anonymous_5)
FN:34,(anonymous_6)
FN:44,(anonymous_7)
FN:50,(anonymous_8)
FNF:5
FNH:0
FNDA:0,(anonymous_4)
FNDA:0,(anonymous_5)
FNDA:0,(anonymous_6)
FNDA:0,(anonymous_7)
FNDA:0,(anonymous_8)
DA:1,0
DA:2,0
DA:3,0
DA:4,0
DA:5,0
DA:6,0
DA:12,0
DA:13,0
DA:21,0
DA:25,0
DA:34,0
DA:39,0
DA:44,0
DA:45,0
DA:50,0
DA:51,0
LF:16
LH:0
BRF:0
BRH:0
end_of_record
TN:
SF:src\users\users.module.ts
FNF:0
FNH:0
DA:1,0
DA:2,0
DA:3,0
DA:10,0
LF:4
LH:0
BRF:0
BRH:0
end_of_record
TN:
SF:src\users\users.service.ts
FN:10,(anonymous_2)
FN:12,(anonymous_3)
FN:37,(anonymous_4)
FN:46,(anonymous_5)
FN:80,(anonymous_6)
FN:89,(anonymous_7)
FN:92,(anonymous_8)
FNF:7
FNH:0
FNDA:0,(anonymous_2)
FNDA:0,(anonymous_3)
FNDA:0,(anonymous_4)
FNDA:0,(anonymous_5)
FNDA:0,(anonymous_6)
FNDA:0,(anonymous_7)
FNDA:0,(anonymous_8)
DA:1,0
DA:2,0
DA:3,0
DA:5,0
DA:6,0
DA:9,0
DA:10,0
DA:13,0
DA:14,0
DA:16,0
DA:26,0
DA:38,0
DA:42,0
DA:43,0
DA:47,0
DA:48,0
DA:50,0
DA:69,0
DA:81,0
DA:89,0
DA:93,0
DA:97,0
DA:98,0
LF:23
LH:0
BRDA:12,0,0,0
BRDA:12,1,0,0
BRDA:42,2,0,0
BRDA:46,3,0,0
BRDA:46,4,0,0
BRDA:97,5,0,0
BRF:6
BRH:0
end_of_record
