TN:
SF:src\app.module.ts
FN:33,(anonymous_1)
FNF:1
FNH:0
FNDA:0,(anonymous_1)
DA:1,0
DA:2,0
DA:3,0
DA:4,0
DA:5,0
DA:6,0
DA:7,0
DA:8,0
DA:9,0
DA:10,0
DA:11,0
DA:12,0
DA:13,0
DA:14,0
DA:15,0
DA:16,0
DA:17,0
DA:18,0
DA:19,0
DA:20,0
DA:21,0
DA:22,0
DA:23,0
DA:24,0
DA:25,0
DA:35,0
DA:36,0
DA:38,0
DA:39,0
DA:41,0
DA:75,0
LF:31
LH:0
BRDA:35,0,0,0
BRDA:38,1,0,0
BRF:2
BRH:0
end_of_record
TN:
SF:src\main.ts
FN:18,bootstrap
FN:66,(anonymous_11)
FNF:2
FNH:0
FNDA:0,bootstrap
FNDA:0,(anonymous_11)
DA:1,0
DA:2,0
DA:3,0
DA:4,0
DA:5,0
DA:6,0
DA:7,0
DA:8,0
DA:9,0
DA:10,0
DA:11,0
DA:13,0
DA:14,0
DA:16,0
DA:19,0
DA:20,0
DA:23,0
DA:24,0
DA:25,0
DA:29,0
DA:34,0
DA:52,0
DA:55,0
DA:58,0
DA:63,0
DA:65,0
DA:68,0
DA:69,0
DA:70,0
DA:74,0
DA:75,0
DA:76,0
DA:81,0
DA:82,0
DA:83,0
DA:84,0
DA:85,0
DA:89,0
DA:90,0
DA:99,0
DA:112,0
DA:115,0
DA:116,0
DA:122,0
DA:123,0
DA:127,0
DA:128,0
DA:131,0
DA:133,0
DA:134,0
DA:135,0
DA:136,0
DA:139,0
LF:53
LH:0
BRDA:24,0,0,0
BRDA:41,1,0,0
BRDA:41,1,1,0
BRDA:45,2,0,0
BRDA:45,2,1,0
BRDA:58,3,0,0
BRDA:58,3,1,0
BRDA:68,4,0,0
BRDA:74,5,0,0
BRDA:81,6,0,0
BRDA:83,7,0,0
BRDA:115,8,0,0
BRDA:133,9,0,0
BRDA:133,9,1,0
BRF:14
BRH:0
end_of_record
TN:
SF:src\admin\admin.controller.ts
FN:39,(anonymous_4)
FN:46,(anonymous_5)
FN:53,(anonymous_6)
FN:59,(anonymous_7)
FN:72,(anonymous_8)
FN:84,(anonymous_9)
FN:94,(anonymous_10)
FN:100,(anonymous_11)
FN:106,(anonymous_12)
FN:112,(anonymous_13)
FN:118,(anonymous_14)
FN:124,(anonymous_15)
FN:134,(anonymous_16)
FN:140,(anonymous_17)
FN:150,(anonymous_18)
FN:161,(anonymous_19)
FN:167,(anonymous_20)
FN:181,(anonymous_21)
FN:196,(anonymous_22)
FN:205,(anonymous_23)
FN:214,(anonymous_24)
FN:223,(anonymous_25)
FN:229,(anonymous_26)
FN:235,(anonymous_27)
FN:243,(anonymous_28)
FN:249,(anonymous_29)
FN:255,(anonymous_30)
FN:264,(anonymous_31)
FN:275,(anonymous_32)
FN:281,(anonymous_33)
FN:287,(anonymous_34)
FN:295,(anonymous_35)
FN:301,(anonymous_36)
FNF:33
FNH:0
FNDA:0,(anonymous_4)
FNDA:0,(anonymous_5)
FNDA:0,(anonymous_6)
FNDA:0,(anonymous_7)
FNDA:0,(anonymous_8)
FNDA:0,(anonymous_9)
FNDA:0,(anonymous_10)
FNDA:0,(anonymous_11)
FNDA:0,(anonymous_12)
FNDA:0,(anonymous_13)
FNDA:0,(anonymous_14)
FNDA:0,(anonymous_15)
FNDA:0,(anonymous_16)
FNDA:0,(anonymous_17)
FNDA:0,(anonymous_18)
FNDA:0,(anonymous_19)
FNDA:0,(anonymous_20)
FNDA:0,(anonymous_21)
FNDA:0,(anonymous_22)
FNDA:0,(anonymous_23)
FNDA:0,(anonymous_24)
FNDA:0,(anonymous_25)
FNDA:0,(anonymous_26)
FNDA:0,(anonymous_27)
FNDA:0,(anonymous_28)
FNDA:0,(anonymous_29)
FNDA:0,(anonymous_30)
FNDA:0,(anonymous_31)
FNDA:0,(anonymous_32)
FNDA:0,(anonymous_33)
FNDA:0,(anonymous_34)
FNDA:0,(anonymous_35)
FNDA:0,(anonymous_36)
DA:1,0
DA:16,0
DA:17,0
DA:18,0
DA:19,0
DA:20,0
DA:21,0
DA:29,0
DA:30,0
DA:31,0
DA:38,0
DA:39,0
DA:46,0
DA:47,0
DA:53,0
DA:54,0
DA:59,0
DA:60,0
DA:72,0
DA:79,0
DA:84,0
DA:89,0
DA:94,0
DA:95,0
DA:100,0
DA:101,0
DA:106,0
DA:107,0
DA:112,0
DA:113,0
DA:118,0
DA:119,0
DA:124,0
DA:129,0
DA:134,0
DA:135,0
DA:140,0
DA:141,0
DA:150,0
DA:154,0
DA:161,0
DA:162,0
DA:167,0
DA:168,0
DA:181,0
DA:189,0
DA:196,0
DA:197,0
DA:198,0
DA:205,0
DA:209,0
DA:214,0
DA:218,0
DA:223,0
DA:224,0
DA:229,0
DA:230,0
DA:235,0
DA:236,0
DA:243,0
DA:244,0
DA:249,0
DA:250,0
DA:255,0
DA:259,0
DA:264,0
DA:268,0
DA:275,0
DA:276,0
DA:281,0
DA:282,0
DA:287,0
DA:288,0
DA:295,0
DA:296,0
DA:301,0
DA:302,0
LF:77
LH:0
BRDA:46,0,0,0
BRDA:53,1,0,0
BRF:2
BRH:0
end_of_record
TN:
SF:src\admin\admin.gateway.ts
FN:65,(anonymous_4)
FN:71,(anonymous_5)
FN:95,(anonymous_6)
FN:100,(anonymous_7)
FN:141,(anonymous_8)
FN:150,(anonymous_9)
FN:172,(anonymous_10)
FN:188,(anonymous_11)
FN:203,(anonymous_12)
FN:227,(anonymous_13)
FN:239,(anonymous_14)
FN:252,(anonymous_15)
FN:261,(anonymous_16)
FN:270,(anonymous_17)
FN:277,(anonymous_18)
FN:286,(anonymous_19)
FN:293,(anonymous_20)
FN:300,(anonymous_21)
FN:310,(anonymous_22)
FN:317,(anonymous_23)
FN:325,(anonymous_24)
FN:329,(anonymous_25)
FN:330,(anonymous_26)
FN:30,(anonymous_27)
FNF:24
FNH:0
FNDA:0,(anonymous_4)
FNDA:0,(anonymous_5)
FNDA:0,(anonymous_6)
FNDA:0,(anonymous_7)
FNDA:0,(anonymous_8)
FNDA:0,(anonymous_9)
FNDA:0,(anonymous_10)
FNDA:0,(anonymous_11)
FNDA:0,(anonymous_12)
FNDA:0,(anonymous_13)
FNDA:0,(anonymous_14)
FNDA:0,(anonymous_15)
FNDA:0,(anonymous_16)
FNDA:0,(anonymous_17)
FNDA:0,(anonymous_18)
FNDA:0,(anonymous_19)
FNDA:0,(anonymous_20)
FNDA:0,(anonymous_21)
FNDA:0,(anonymous_22)
FNDA:0,(anonymous_23)
FNDA:0,(anonymous_24)
FNDA:0,(anonymous_25)
FNDA:0,(anonymous_26)
FNDA:0,(anonymous_27)
DA:1,0
DA:10,0
DA:11,0
DA:12,0
DA:13,0
DA:14,0
DA:15,0
DA:16,0
DA:17,0
DA:18,0
DA:31,0
DA:35,0
DA:36,0
DA:37,0
DA:39,0
DA:46,0
DA:48,0
DA:50,0
DA:51,0
DA:58,0
DA:66,0
DA:67,0
DA:68,0
DA:72,0
DA:74,0
DA:75,0
DA:76,0
DA:80,0
DA:81,0
DA:82,0
DA:83,0
DA:85,0
DA:87,0
DA:89,0
DA:90,0
DA:94,0
DA:95,0
DA:96,0
DA:101,0
DA:102,0
DA:104,0
DA:105,0
DA:106,0
DA:107,0
DA:110,0
DA:111,0
DA:112,0
DA:115,0
DA:118,0
DA:119,0
DA:120,0
DA:121,0
DA:124,0
DA:125,0
DA:128,0
DA:129,0
DA:132,0
DA:134,0
DA:136,0
DA:137,0
DA:142,0
DA:143,0
DA:144,0
DA:151,0
DA:152,0
DA:154,0
DA:155,0
DA:156,0
DA:157,0
DA:159,0
DA:161,0
DA:164,0
DA:165,0
DA:172,0
DA:173,0
DA:174,0
DA:175,0
DA:176,0
DA:177,0
DA:180,0
DA:181,0
DA:188,0
DA:189,0
DA:191,0
DA:192,0
DA:196,0
DA:197,0
DA:199,0
DA:203,0
DA:204,0
DA:206,0
DA:207,0
DA:210,0
DA:211,0
DA:216,0
DA:217,0
DA:219,0
DA:221,0
DA:222,0
DA:227,0
DA:228,0
DA:230,0
DA:231,0
DA:234,0
DA:235,0
DA:239,0
DA:240,0
DA:242,0
DA:243,0
DA:246,0
DA:247,0
DA:253,0
DA:254,0
DA:255,0
DA:257,0
DA:262,0
DA:263,0
DA:264,0
DA:266,0
DA:271,0
DA:278,0
DA:287,0
DA:294,0
DA:301,0
DA:310,0
DA:311,0
DA:312,0
DA:317,0
DA:318,0
DA:319,0
DA:326,0
DA:330,0
LF:132
LH:0
BRDA:75,0,0,0
BRDA:102,1,0,0
BRDA:102,1,1,0
BRDA:104,2,0,0
BRDA:111,3,0,0
BRDA:118,4,0,0
BRDA:143,5,0,0
BRDA:152,6,0,0
BRDA:157,7,0,0
BRDA:175,8,0,0
BRDA:180,9,0,0
BRDA:189,10,0,0
BRDA:191,11,0,0
BRDA:204,12,0,0
BRDA:206,13,0,0
BRDA:228,14,0,0
BRDA:230,15,0,0
BRDA:240,16,0,0
BRDA:242,17,0,0
BRDA:311,18,0,0
BRDA:318,19,0,0
BRDA:31,20,0,0
BRDA:31,20,1,0
BRDA:35,21,0,0
BRDA:35,21,1,0
BRDA:36,22,0,0
BRDA:36,22,1,0
BRDA:36,23,0,0
BRDA:36,23,1,0
BRDA:36,23,2,0
BRF:30
BRH:0
end_of_record
TN:
SF:src\admin\admin.module.ts
FNF:0
FNH:0
DA:1,0
DA:2,0
DA:3,0
DA:4,0
DA:5,0
DA:6,0
DA:7,0
DA:15,0
LF:8
LH:0
BRF:0
BRH:0
end_of_record
TN:
SF:src\admin\admin.service.ts
FN:7,(anonymous_11)
FN:13,(anonymous_12)
FN:103,(anonymous_13)
FN:107,(anonymous_14)
FN:144,(anonymous_15)
FN:156,(anonymous_16)
FN:157,(anonymous_17)
FN:193,(anonymous_18)
FN:204,(anonymous_19)
FN:216,(anonymous_20)
FN:296,(anonymous_21)
FN:331,(anonymous_22)
FN:362,(anonymous_23)
FN:387,(anonymous_24)
FN:412,(anonymous_25)
FN:434,(anonymous_26)
FN:482,(anonymous_27)
FN:531,(anonymous_28)
FN:532,(anonymous_29)
FN:593,(anonymous_30)
FN:619,(anonymous_31)
FN:625,(anonymous_32)
FN:631,(anonymous_33)
FN:644,(anonymous_34)
FN:666,(anonymous_35)
FN:675,(anonymous_36)
FN:701,(anonymous_37)
FN:705,(anonymous_38)
FN:753,(anonymous_39)
FN:774,(anonymous_40)
FN:799,(anonymous_41)
FN:804,(anonymous_42)
FN:832,(anonymous_43)
FN:868,(anonymous_44)
FN:876,(anonymous_45)
FN:909,(anonymous_46)
FN:946,(anonymous_47)
FN:958,(anonymous_48)
FN:968,(anonymous_49)
FN:995,(anonymous_50)
FN:1019,(anonymous_51)
FN:1042,(anonymous_52)
FN:1054,(anonymous_53)
FN:1072,(anonymous_54)
FN:1103,(anonymous_55)
FN:1127,(anonymous_56)
FN:1159,(anonymous_57)
FN:1169,(anonymous_58)
FN:1200,(anonymous_59)
FN:1220,(anonymous_60)
FN:1249,(anonymous_61)
FN:1258,(anonymous_62)
FN:1279,(anonymous_63)
FN:1343,(anonymous_64)
FN:1357,(anonymous_65)
FN:1382,(anonymous_66)
FN:1385,(anonymous_67)
FN:1394,(anonymous_68)
FN:1411,(anonymous_69)
FN:1415,(anonymous_70)
FN:1426,(anonymous_71)
FN:1451,(anonymous_72)
FN:1459,(anonymous_73)
FN:1471,(anonymous_74)
FN:1500,(anonymous_75)
FN:1521,(anonymous_76)
FN:1535,(anonymous_77)
FN:1541,(anonymous_78)
FN:1552,(anonymous_79)
FN:1567,(anonymous_80)
FN:1592,(anonymous_81)
FN:1597,(anonymous_82)
FN:1606,(anonymous_83)
FNF:73
FNH:0
FNDA:0,(anonymous_11)
FNDA:0,(anonymous_12)
FNDA:0,(anonymous_13)
FNDA:0,(anonymous_14)
FNDA:0,(anonymous_15)
FNDA:0,(anonymous_16)
FNDA:0,(anonymous_17)
FNDA:0,(anonymous_18)
FNDA:0,(anonymous_19)
FNDA:0,(anonymous_20)
FNDA:0,(anonymous_21)
FNDA:0,(anonymous_22)
FNDA:0,(anonymous_23)
FNDA:0,(anonymous_24)
FNDA:0,(anonymous_25)
FNDA:0,(anonymous_26)
FNDA:0,(anonymous_27)
FNDA:0,(anonymous_28)
FNDA:0,(anonymous_29)
FNDA:0,(anonymous_30)
FNDA:0,(anonymous_31)
FNDA:0,(anonymous_32)
FNDA:0,(anonymous_33)
FNDA:0,(anonymous_34)
FNDA:0,(anonymous_35)
FNDA:0,(anonymous_36)
FNDA:0,(anonymous_37)
FNDA:0,(anonymous_38)
FNDA:0,(anonymous_39)
FNDA:0,(anonymous_40)
FNDA:0,(anonymous_41)
FNDA:0,(anonymous_42)
FNDA:0,(anonymous_43)
FNDA:0,(anonymous_44)
FNDA:0,(anonymous_45)
FNDA:0,(anonymous_46)
FNDA:0,(anonymous_47)
FNDA:0,(anonymous_48)
FNDA:0,(anonymous_49)
FNDA:0,(anonymous_50)
FNDA:0,(anonymous_51)
FNDA:0,(anonymous_52)
FNDA:0,(anonymous_53)
FNDA:0,(anonymous_54)
FNDA:0,(anonymous_55)
FNDA:0,(anonymous_56)
FNDA:0,(anonymous_57)
FNDA:0,(anonymous_58)
FNDA:0,(anonymous_59)
FNDA:0,(anonymous_60)
FNDA:0,(anonymous_61)
FNDA:0,(anonymous_62)
FNDA:0,(anonymous_63)
FNDA:0,(anonymous_64)
FNDA:0,(anonymous_65)
FNDA:0,(anonymous_66)
FNDA:0,(anonymous_67)
FNDA:0,(anonymous_68)
FNDA:0,(anonymous_69)
FNDA:0,(anonymous_70)
FNDA:0,(anonymous_71)
FNDA:0,(anonymous_72)
FNDA:0,(anonymous_73)
FNDA:0,(anonymous_74)
FNDA:0,(anonymous_75)
FNDA:0,(anonymous_76)
FNDA:0,(anonymous_77)
FNDA:0,(anonymous_78)
FNDA:0,(anonymous_79)
FNDA:0,(anonymous_80)
FNDA:0,(anonymous_81)
FNDA:0,(anonymous_82)
FNDA:0,(anonymous_83)
DA:1,0
DA:2,0
DA:3,0
DA:4,0
DA:7,0
DA:8,0
DA:9,0
DA:10,0
DA:13,0
DA:14,0
DA:15,0
DA:16,0
DA:17,0
DA:18,0
DA:19,0
DA:20,0
DA:21,0
DA:22,0
DA:23,0
DA:31,0
DA:32,0
DA:98,0
DA:99,0
DA:100,0
DA:101,0
DA:103,0
DA:108,0
DA:109,0
DA:112,0
DA:113,0
DA:116,0
DA:117,0
DA:119,0
DA:132,0
DA:141,0
DA:145,0
DA:149,0
DA:154,0
DA:156,0
DA:157,0
DA:159,0
DA:160,0
DA:163,0
DA:172,0
DA:174,0
DA:181,0
DA:190,0
DA:194,0
DA:198,0
DA:205,0
DA:206,0
DA:208,0
DA:210,0
DA:212,0
DA:235,0
DA:237,0
DA:240,0
DA:241,0
DA:244,0
DA:246,0
DA:247,0
DA:254,0
DA:255,0
DA:258,0
DA:259,0
DA:268,0
DA:270,0
DA:293,0
DA:297,0
DA:324,0
DA:325,0
DA:328,0
DA:332,0
DA:336,0
DA:337,0
DA:340,0
DA:349,0
DA:359,0
DA:363,0
DA:364,0
DA:365,0
DA:366,0
DA:369,0
DA:374,0
DA:384,0
DA:388,0
DA:389,0
DA:390,0
DA:391,0
DA:394,0
DA:399,0
DA:409,0
DA:413,0
DA:414,0
DA:416,0
DA:421,0
DA:431,0
DA:435,0
DA:436,0
DA:437,0
DA:438,0
DA:441,0
DA:443,0
DA:444,0
DA:447,0
DA:460,0
DA:484,0
DA:485,0
DA:488,0
DA:489,0
DA:490,0
DA:491,0
DA:507,0
DA:531,0
DA:532,0
DA:533,0
DA:534,0
DA:537,0
DA:538,0
DA:539,0
DA:540,0
DA:543,0
DA:584,0
DA:585,0
DA:599,0
DA:600,0
DA:601,0
DA:605,0
DA:618,0
DA:619,0
DA:620,0
DA:624,0
DA:625,0
DA:626,0
DA:627,0
DA:632,0
DA:633,0
DA:634,0
DA:636,0
DA:637,0
DA:638,0
DA:641,0
DA:646,0
DA:653,0
DA:654,0
DA:655,0
DA:656,0
DA:658,0
DA:665,0
DA:666,0
DA:677,0
DA:678,0
DA:679,0
DA:681,0
DA:685,0
DA:687,0
DA:702,0
DA:706,0
DA:709,0
DA:710,0
DA:712,0
DA:713,0
DA:715,0
DA:716,0
DA:717,0
DA:718,0
DA:722,0
DA:723,0
DA:726,0
DA:727,0
DA:728,0
DA:730,0
DA:731,0
DA:733,0
DA:734,0
DA:736,0
DA:737,0
DA:739,0
DA:740,0
DA:742,0
DA:744,0
DA:745,0
DA:749,0
DA:750,0
DA:754,0
DA:756,0
DA:757,0
DA:759,0
DA:760,0
DA:763,0
DA:764,0
DA:767,0
DA:768,0
DA:770,0
DA:775,0
DA:776,0
DA:778,0
DA:780,0
DA:784,0
DA:793,0
DA:795,0
DA:800,0
DA:801,0
DA:805,0
DA:807,0
DA:808,0
DA:810,0
DA:822,0
DA:825,0
DA:827,0
DA:828,0
DA:838,0
DA:839,0
DA:841,0
DA:842,0
DA:843,0
DA:846,0
DA:849,0
DA:867,0
DA:868,0
DA:873,0
DA:877,0
DA:879,0
DA:880,0
DA:883,0
DA:885,0
DA:892,0
DA:901,0
DA:904,0
DA:914,0
DA:915,0
DA:916,0
DA:917,0
DA:919,0
DA:920,0
DA:921,0
DA:922,0
DA:923,0
DA:924,0
DA:925,0
DA:928,0
DA:943,0
DA:947,0
DA:948,0
DA:950,0
DA:954,0
DA:955,0
DA:959,0
DA:960,0
DA:973,0
DA:974,0
DA:976,0
DA:977,0
DA:979,0
DA:992,0
DA:999,0
DA:1000,0
DA:1002,0
DA:1016,0
DA:1020,0
DA:1021,0
DA:1023,0
DA:1028,0
DA:1037,0
DA:1044,0
DA:1056,0
DA:1058,0
DA:1067,0
DA:1078,0
DA:1093,0
DA:1105,0
DA:1109,0
DA:1110,0
DA:1114,0
DA:1115,0
DA:1118,0
DA:1122,0
DA:1123,0
DA:1127,0
DA:1128,0
DA:1140,0
DA:1148,0
DA:1149,0
DA:1157,0
DA:1158,0
DA:1159,0
DA:1167,0
DA:1168,0
DA:1169,0
DA:1177,0
DA:1181,0
DA:1194,0
DA:1197,0
DA:1201,0
DA:1202,0
DA:1203,0
DA:1205,0
DA:1206,0
DA:1207,0
DA:1208,0
DA:1209,0
DA:1211,0
DA:1212,0
DA:1216,0
DA:1217,0
DA:1221,0
DA:1222,0
DA:1225,0
DA:1226,0
DA:1228,0
DA:1236,0
DA:1245,0
DA:1246,0
DA:1251,0
DA:1252,0
DA:1253,0
DA:1259,0
DA:1260,0
DA:1261,0
DA:1263,0
DA:1281,0
DA:1287,0
DA:1290,0
DA:1293,0
DA:1296,0
DA:1301,0
DA:1304,0
DA:1305,0
DA:1311,0
DA:1330,0
DA:1339,0
DA:1340,0
DA:1344,0
DA:1347,0
DA:1349,0
DA:1353,0
DA:1354,0
DA:1358,0
DA:1382,0
DA:1385,0
DA:1395,0
DA:1411,0
DA:1415,0
DA:1427,0
DA:1451,0
DA:1459,0
DA:1473,0
DA:1474,0
DA:1476,0
DA:1497,0
DA:1502,0
DA:1505,0
DA:1506,0
DA:1507,0
DA:1510,0
DA:1516,0
DA:1522,0
DA:1525,0
DA:1527,0
DA:1536,0
DA:1542,0
DA:1554,0
DA:1559,0
DA:1568,0
DA:1569,0
DA:1571,0
DA:1581,0
DA:1582,0
DA:1583,0
DA:1584,0
DA:1585,0
DA:1586,0
DA:1588,0
DA:1591,0
DA:1593,0
DA:1594,0
DA:1595,0
DA:1598,0
DA:1599,0
DA:1600,0
DA:1603,0
DA:1607,0
DA:1608,0
DA:1610,0
DA:1620,0
DA:1621,0
DA:1623,0
DA:1624,0
DA:1625,0
DA:1627,0
DA:1628,0
DA:1632,0
DA:1634,0
DA:1638,0
DA:1643,0
DA:1649,0
DA:1657,0
DA:1658,0
LF:398
LH:0
BRDA:7,0,0,0
BRDA:7,0,1,0
BRDA:13,1,0,0
BRDA:13,1,1,0
BRDA:109,2,0,0
BRDA:113,3,0,0
BRDA:116,4,0,0
BRDA:116,4,1,0
BRDA:154,5,0,0
BRDA:154,6,0,0
BRDA:154,6,1,0
BRDA:159,7,0,0
BRDA:160,8,0,0
BRDA:172,9,0,0
BRDA:206,10,0,0
BRDA:206,10,1,0
BRDA:206,10,2,0
BRDA:227,11,0,0
BRDA:228,12,0,0
BRDA:232,13,0,0
BRDA:233,14,0,0
BRDA:234,15,0,0
BRDA:240,16,0,0
BRDA:244,17,0,0
BRDA:254,18,0,0
BRDA:258,19,0,0
BRDA:324,20,0,0
BRDA:336,21,0,0
BRDA:364,22,0,0
BRDA:365,23,0,0
BRDA:389,24,0,0
BRDA:390,25,0,0
BRDA:414,26,0,0
BRDA:434,27,0,0
BRDA:436,28,0,0
BRDA:437,29,0,0
BRDA:441,30,0,0
BRDA:441,30,1,0
BRDA:443,31,0,0
BRDA:484,32,0,0
BRDA:484,33,0,0
BRDA:484,33,1,0
BRDA:532,34,0,0
BRDA:532,34,1,0
BRDA:540,35,0,0
BRDA:540,35,1,0
BRDA:565,36,0,0
BRDA:565,36,1,0
BRDA:627,37,0,0
BRDA:627,37,1,0
BRDA:653,38,0,0
BRDA:653,38,1,0
BRDA:653,39,0,0
BRDA:653,39,1,0
BRDA:653,39,2,0
BRDA:709,40,0,0
BRDA:709,41,0,0
BRDA:709,41,1,0
BRDA:712,42,0,0
BRDA:717,43,0,0
BRDA:717,44,0,0
BRDA:717,44,1,0
BRDA:728,45,0,0
BRDA:728,45,1,0
BRDA:728,45,2,0
BRDA:728,45,3,0
BRDA:754,46,0,0
BRDA:754,46,1,0
BRDA:754,46,2,0
BRDA:754,46,3,0
BRDA:754,46,4,0
BRDA:776,47,0,0
BRDA:778,48,0,0
BRDA:778,48,1,0
BRDA:822,49,0,0
BRDA:838,50,0,0
BRDA:838,51,0,0
BRDA:838,52,0,0
BRDA:841,53,0,0
BRDA:841,54,0,0
BRDA:841,54,1,0
BRDA:843,55,0,0
BRDA:879,56,0,0
BRDA:883,57,0,0
BRDA:895,58,0,0
BRDA:895,58,1,0
BRDA:914,59,0,0
BRDA:914,59,1,0
BRDA:915,60,0,0
BRDA:915,60,1,0
BRDA:916,61,0,0
BRDA:916,61,1,0
BRDA:920,62,0,0
BRDA:921,63,0,0
BRDA:922,64,0,0
BRDA:922,65,0,0
BRDA:922,65,1,0
BRDA:924,66,0,0
BRDA:925,67,0,0
BRDA:946,68,0,0
BRDA:973,69,0,0
BRDA:973,70,0,0
BRDA:977,71,0,0
BRDA:999,72,0,0
BRDA:999,73,0,0
BRDA:1021,74,0,0
BRDA:1031,75,0,0
BRDA:1031,75,1,0
BRDA:1109,76,0,0
BRDA:1122,77,0,0
BRDA:1148,78,0,0
BRDA:1148,79,0,0
BRDA:1148,79,1,0
BRDA:1157,80,0,0
BRDA:1157,81,0,0
BRDA:1157,81,1,0
BRDA:1157,81,2,0
BRDA:1167,82,0,0
BRDA:1167,83,0,0
BRDA:1167,83,1,0
BRDA:1167,83,2,0
BRDA:1222,84,0,0
BRDA:1260,85,0,0
BRDA:1261,86,0,0
BRDA:1287,87,0,0
BRDA:1293,88,0,0
BRDA:1301,89,0,0
BRDA:1304,90,0,0
BRDA:1315,91,0,0
BRDA:1315,91,1,0
BRDA:1347,92,0,0
BRDA:1457,93,0,0
BRDA:1457,93,1,0
BRDA:1474,94,0,0
BRDA:1505,95,0,0
BRDA:1506,96,0,0
BRDA:1525,97,0,0
BRDA:1569,98,0,0
BRDA:1584,99,0,0
BRDA:1588,100,0,0
BRDA:1588,100,1,0
BRDA:1594,101,0,0
BRDA:1594,101,1,0
BRDA:1598,102,0,0
BRDA:1598,102,1,0
BRDA:1599,103,0,0
BRDA:1599,103,1,0
BRDA:1608,104,0,0
BRDA:1625,105,0,0
BRDA:1627,106,0,0
BRDA:1627,106,1,0
BRF:151
BRH:0
end_of_record
TN:
SF:src\admin\dto\admin.dto.ts
FN:5,(anonymous_2)
FN:13,(anonymous_3)
FN:22,(anonymous_4)
FN:36,(anonymous_5)
FN:53,(anonymous_6)
FN:59,(anonymous_7)
FNF:6
FNH:0
FNDA:0,(anonymous_2)
FNDA:0,(anonymous_3)
FNDA:0,(anonymous_4)
FNDA:0,(anonymous_5)
FNDA:0,(anonymous_6)
FNDA:0,(anonymous_7)
DA:1,0
DA:2,0
DA:3,0
DA:5,0
DA:6,0
DA:7,0
DA:8,0
DA:9,0
DA:10,0
DA:13,0
DA:14,0
DA:15,0
DA:16,0
DA:17,0
DA:22,0
DA:25,0
DA:29,0
DA:33,0
DA:36,0
DA:40,0
DA:45,0
DA:50,0
DA:53,0
DA:56,0
DA:59,0
DA:63,0
DA:66,0
DA:68,0
DA:73,0
DA:76,0
DA:78,0
DA:81,0
DA:86,0
DA:89,0
DA:94,0
DA:99,0
DA:103,0
DA:108,0
DA:113,0
DA:118,0
LF:40
LH:0
BRDA:5,0,0,0
BRDA:5,0,1,0
BRDA:13,1,0,0
BRDA:13,1,1,0
BRF:4
BRH:0
end_of_record
TN:
SF:src\admin\dto\create-user.dto.ts
FN:3,(anonymous_2)
FNF:1
FNH:0
FNDA:0,(anonymous_2)
DA:1,0
DA:3,0
DA:4,0
DA:5,0
DA:6,0
DA:7,0
DA:10,0
DA:13,0
DA:17,0
DA:21,0
DA:25,0
DA:30,0
DA:33,0
DA:36,0
DA:40,0
LF:15
LH:0
BRDA:3,0,0,0
BRDA:3,0,1,0
BRF:2
BRH:0
end_of_record
TN:
SF:src\admin\dto\invite-user.dto.ts
FNF:0
FNH:0
DA:1,0
DA:2,0
DA:4,0
DA:7,0
DA:12,0
DA:17,0
DA:21,0
DA:27,0
DA:32,0
DA:36,0
DA:41,0
DA:44,0
DA:46,0
LF:13
LH:0
BRF:0
BRH:0
end_of_record
TN:
SF:src\admin\dto\moderate-content.dto.ts
FNF:0
FNH:0
DA:1,0
DA:2,0
DA:4,0
DA:7,0
DA:11,0
DA:16,0
LF:6
LH:0
BRF:0
BRH:0
end_of_record
TN:
SF:src\admin\dto\system-settings.dto.ts
FNF:0
FNH:0
DA:1,0
DA:4,0
DA:7,0
DA:11,0
DA:15,0
DA:19,0
DA:26,0
DA:30,0
LF:8
LH:0
BRF:0
BRH:0
end_of_record
TN:
SF:src\admin\dto\update-user-status.dto.ts
FNF:0
FNH:0
DA:1,0
DA:2,0
DA:4,0
DA:7,0
DA:12,0
LF:5
LH:0
BRF:0
BRH:0
end_of_record
TN:
SF:src\admin\dto\update-user.dto.ts
FNF:0
FNH:0
DA:1,0
DA:2,0
DA:4,0
DA:8,0
DA:14,0
DA:20,0
DA:26,0
DA:31,0
DA:36,0
LF:9
LH:0
BRF:0
BRH:0
end_of_record
TN:
SF:src\analytics\analytics.controller.ts
FN:34,(anonymous_4)
FN:46,(anonymous_5)
FN:64,(anonymous_6)
FN:84,(anonymous_7)
FN:98,(anonymous_8)
FN:110,(anonymous_9)
FN:122,(anonymous_10)
FN:147,(anonymous_11)
FN:170,(anonymous_12)
FNF:9
FNH:0
FNDA:0,(anonymous_4)
FNDA:0,(anonymous_5)
FNDA:0,(anonymous_6)
FNDA:0,(anonymous_7)
FNDA:0,(anonymous_8)
FNDA:0,(anonymous_9)
FNDA:0,(anonymous_10)
FNDA:0,(anonymous_11)
FNDA:0,(anonymous_12)
DA:1,0
DA:9,0
DA:11,0
DA:12,0
DA:24,0
DA:25,0
DA:26,0
DA:33,0
DA:34,0
DA:46,0
DA:47,0
DA:64,0
DA:67,0
DA:84,0
DA:87,0
DA:98,0
DA:99,0
DA:110,0
DA:111,0
DA:122,0
DA:123,0
DA:147,0
DA:151,0
DA:153,0
DA:154,0
DA:158,0
DA:159,0
DA:160,0
DA:170,0
DA:171,0
LF:30
LH:0
BRDA:67,0,0,0
BRDA:67,0,1,0
BRDA:87,1,0,0
BRDA:87,1,1,0
BRDA:151,2,0,0
BRDA:151,2,1,0
BRDA:154,3,0,0
BRDA:154,3,1,0
BRF:8
BRH:0
end_of_record
TN:
SF:src\analytics\analytics.module.ts
FNF:0
FNH:0
DA:1,0
DA:2,0
DA:3,0
DA:4,0
DA:5,0
DA:6,0
DA:18,0
LF:7
LH:0
BRF:0
BRH:0
end_of_record
TN:
SF:src\analytics\analytics.service.ts
FN:23,(anonymous_2)
FN:29,(anonymous_3)
FN:33,(anonymous_4)
FN:42,(anonymous_5)
FN:55,(anonymous_6)
FN:66,(anonymous_7)
FN:125,(anonymous_8)
FN:137,(anonymous_9)
FN:145,(anonymous_10)
FN:153,(anonymous_11)
FN:161,(anonymous_12)
FN:169,(anonymous_13)
FN:176,(anonymous_14)
FN:181,(anonymous_15)
FN:188,(anonymous_16)
FN:198,(anonymous_17)
FN:247,(anonymous_18)
FN:248,(anonymous_19)
FN:249,(anonymous_20)
FN:261,(anonymous_21)
FN:271,(anonymous_22)
FN:301,(anonymous_23)
FN:319,(anonymous_24)
FN:341,(anonymous_25)
FN:357,(anonymous_26)
FN:363,(anonymous_27)
FN:366,(anonymous_28)
FN:391,(anonymous_29)
FN:402,(anonymous_30)
FN:440,(anonymous_31)
FN:447,(anonymous_32)
FN:454,(anonymous_33)
FN:467,(anonymous_34)
FN:474,(anonymous_35)
FN:489,(anonymous_36)
FN:497,(anonymous_37)
FN:508,(anonymous_38)
FN:547,(anonymous_39)
FN:555,(anonymous_40)
FN:563,(anonymous_41)
FN:571,(anonymous_42)
FN:591,(anonymous_43)
FN:599,(anonymous_44)
FN:607,(anonymous_45)
FN:625,(anonymous_46)
FN:656,(anonymous_47)
FN:674,(anonymous_48)
FN:690,(anonymous_49)
FN:705,(anonymous_50)
FN:708,(anonymous_51)
FN:715,(anonymous_52)
FN:723,(anonymous_53)
FN:727,(anonymous_54)
FN:728,(anonymous_55)
FN:743,(anonymous_56)
FNF:55
FNH:0
FNDA:0,(anonymous_2)
FNDA:0,(anonymous_3)
FNDA:0,(anonymous_4)
FNDA:0,(anonymous_5)
FNDA:0,(anonymous_6)
FNDA:0,(anonymous_7)
FNDA:0,(anonymous_8)
FNDA:0,(anonymous_9)
FNDA:0,(anonymous_10)
FNDA:0,(anonymous_11)
FNDA:0,(anonymous_12)
FNDA:0,(anonymous_13)
FNDA:0,(anonymous_14)
FNDA:0,(anonymous_15)
FNDA:0,(anonymous_16)
FNDA:0,(anonymous_17)
FNDA:0,(anonymous_18)
FNDA:0,(anonymous_19)
FNDA:0,(anonymous_20)
FNDA:0,(anonymous_21)
FNDA:0,(anonymous_22)
FNDA:0,(anonymous_23)
FNDA:0,(anonymous_24)
FNDA:0,(anonymous_25)
FNDA:0,(anonymous_26)
FNDA:0,(anonymous_27)
FNDA:0,(anonymous_28)
FNDA:0,(anonymous_29)
FNDA:0,(anonymous_30)
FNDA:0,(anonymous_31)
FNDA:0,(anonymous_32)
FNDA:0,(anonymous_33)
FNDA:0,(anonymous_34)
FNDA:0,(anonymous_35)
FNDA:0,(anonymous_36)
FNDA:0,(anonymous_37)
FNDA:0,(anonymous_38)
FNDA:0,(anonymous_39)
FNDA:0,(anonymous_40)
FNDA:0,(anonymous_41)
FNDA:0,(anonymous_42)
FNDA:0,(anonymous_43)
FNDA:0,(anonymous_44)
FNDA:0,(anonymous_45)
FNDA:0,(anonymous_46)
FNDA:0,(anonymous_47)
FNDA:0,(anonymous_48)
FNDA:0,(anonymous_49)
FNDA:0,(anonymous_50)
FNDA:0,(anonymous_51)
FNDA:0,(anonymous_52)
FNDA:0,(anonymous_53)
FNDA:0,(anonymous_54)
FNDA:0,(anonymous_55)
FNDA:0,(anonymous_56)
DA:1,0
DA:2,0
DA:3,0
DA:4,0
DA:5,0
DA:18,0
DA:19,0
DA:20,0
DA:21,0
DA:24,0
DA:25,0
DA:30,0
DA:34,0
DA:35,0
DA:36,0
DA:38,0
DA:43,0
DA:44,0
DA:50,0
DA:56,0
DA:57,0
DA:58,0
DA:59,0
DA:60,0
DA:67,0
DA:68,0
DA:69,0
DA:86,0
DA:103,0
DA:121,0
DA:122,0
DA:126,0
DA:134,0
DA:138,0
DA:139,0
DA:140,0
DA:146,0
DA:150,0
DA:154,0
DA:155,0
DA:156,0
DA:162,0
DA:163,0
DA:164,0
DA:170,0
DA:173,0
DA:177,0
DA:180,0
DA:181,0
DA:182,0
DA:189,0
DA:190,0
DA:191,0
DA:193,0
DA:194,0
DA:197,0
DA:199,0
DA:200,0
DA:201,0
DA:202,0
DA:204,0
DA:234,0
DA:243,0
DA:247,0
DA:248,0
DA:249,0
DA:254,0
DA:255,0
DA:262,0
DA:263,0
DA:264,0
DA:266,0
DA:267,0
DA:270,0
DA:272,0
DA:273,0
DA:274,0
DA:275,0
DA:277,0
DA:284,0
DA:292,0
DA:301,0
DA:303,0
DA:312,0
DA:313,0
DA:320,0
DA:321,0
DA:322,0
DA:330,0
DA:338,0
DA:341,0
DA:353,0
DA:354,0
DA:358,0
DA:363,0
DA:367,0
DA:382,0
DA:392,0
DA:393,0
DA:394,0
DA:403,0
DA:404,0
DA:405,0
DA:415,0
DA:425,0
DA:436,0
DA:437,0
DA:441,0
DA:447,0
DA:455,0
DA:467,0
DA:475,0
DA:489,0
DA:498,0
DA:499,0
DA:500,0
DA:509,0
DA:510,0
DA:511,0
DA:521,0
DA:531,0
DA:543,0
DA:544,0
DA:548,0
DA:549,0
DA:550,0
DA:556,0
DA:557,0
DA:558,0
DA:564,0
DA:565,0
DA:566,0
DA:572,0
DA:573,0
DA:574,0
DA:575,0
DA:577,0
DA:584,0
DA:592,0
DA:596,0
DA:600,0
DA:604,0
DA:608,0
DA:617,0
DA:618,0
DA:619,0
DA:626,0
DA:627,0
DA:629,0
DA:631,0
DA:633,0
DA:634,0
DA:636,0
DA:637,0
DA:639,0
DA:640,0
DA:643,0
DA:644,0
DA:648,0
DA:657,0
DA:675,0
DA:676,0
DA:677,0
DA:691,0
DA:706,0
DA:708,0
DA:709,0
DA:710,0
DA:711,0
DA:712,0
DA:713,0
DA:714,0
DA:715,0
DA:717,0
DA:720,0
DA:723,0
DA:724,0
DA:725,0
DA:728,0
DA:729,0
DA:730,0
DA:731,0
DA:732,0
DA:736,0
DA:743,0
DA:744,0
DA:745,0
DA:747,0
DA:748,0
DA:761,0
DA:762,0
DA:764,0
LF:192
LH:0
BRDA:36,0,0,0
BRDA:36,0,1,0
BRDA:58,1,0,0
BRDA:58,1,1,0
BRDA:58,2,0,0
BRDA:58,2,1,0
BRDA:69,3,0,0
BRDA:150,4,0,0
BRDA:150,4,1,0
BRDA:173,5,0,0
BRDA:173,5,1,0
BRDA:180,6,0,0
BRDA:181,7,0,0
BRDA:181,7,1,0
BRDA:191,8,0,0
BRDA:194,9,0,0
BRDA:194,9,1,0
BRDA:194,10,0,0
BRDA:194,10,1,0
BRDA:264,11,0,0
BRDA:267,12,0,0
BRDA:267,12,1,0
BRDA:267,13,0,0
BRDA:267,13,1,0
BRDA:322,14,0,0
BRDA:405,15,0,0
BRDA:449,16,0,0
BRDA:449,16,1,0
BRDA:511,17,0,0
BRDA:585,18,0,0
BRDA:585,18,1,0
BRDA:586,19,0,0
BRDA:586,19,1,0
BRDA:587,20,0,0
BRDA:587,20,1,0
BRDA:596,21,0,0
BRDA:596,21,1,0
BRDA:604,22,0,0
BRDA:604,22,1,0
BRDA:618,23,0,0
BRDA:631,24,0,0
BRDA:631,24,1,0
BRDA:631,24,2,0
BRDA:643,25,0,0
BRDA:706,26,0,0
BRDA:708,27,0,0
BRDA:710,28,0,0
BRDA:710,28,1,0
BRDA:711,29,0,0
BRDA:711,29,1,0
BRDA:712,30,0,0
BRDA:712,30,1,0
BRDA:712,31,0,0
BRDA:712,31,1,0
BRDA:712,31,2,0
BRDA:714,32,0,0
BRDA:714,32,1,0
BRDA:715,33,0,0
BRDA:715,33,1,0
BRDA:730,34,0,0
BRDA:730,35,0,0
BRDA:730,35,1,0
BRDA:732,36,0,0
BRDA:732,36,1,0
BRDA:732,37,0,0
BRDA:732,37,1,0
BRDA:732,37,2,0
BRF:67
BRH:0
end_of_record
TN:
SF:src\analytics\index.ts
FNF:0
FNH:0
DA:1,0
DA:2,0
DA:3,0
DA:4,0
LF:4
LH:0
BRF:0
BRH:0
end_of_record
TN:
SF:src\analytics\dto\analytics.dto.ts
FN:3,(anonymous_2)
FN:9,(anonymous_3)
FN:14,(anonymous_4)
FN:20,(anonymous_5)
FN:26,(anonymous_6)
FN:43,(anonymous_7)
FN:53,(anonymous_8)
FNF:7
FNH:0
FNDA:0,(anonymous_2)
FNDA:0,(anonymous_3)
FNDA:0,(anonymous_4)
FNDA:0,(anonymous_5)
FNDA:0,(anonymous_6)
FNDA:0,(anonymous_7)
FNDA:0,(anonymous_8)
DA:1,0
DA:3,0
DA:4,0
DA:5,0
DA:6,0
DA:9,0
DA:10,0
DA:11,0
DA:14,0
DA:15,0
DA:16,0
DA:17,0
DA:20,0
DA:23,0
DA:26,0
DA:28,0
DA:32,0
DA:36,0
DA:40,0
DA:43,0
DA:46,0
DA:50,0
DA:53,0
DA:56,0
DA:60,0
LF:25
LH:0
BRDA:3,0,0,0
BRDA:3,0,1,0
BRDA:9,1,0,0
BRDA:9,1,1,0
BRDA:14,2,0,0
BRDA:14,2,1,0
BRF:6
BRH:0
end_of_record
TN:
SF:src\attendance\attendance.controller.ts
FN:20,(anonymous_4)
FN:27,(anonymous_5)
FN:36,(anonymous_6)
FN:45,(anonymous_7)
FN:54,(anonymous_8)
FN:66,(anonymous_9)
FN:77,(anonymous_10)
FN:87,(anonymous_11)
FN:99,(anonymous_12)
FN:110,(anonymous_13)
FN:121,(anonymous_14)
FNF:11
FNH:0
FNDA:0,(anonymous_4)
FNDA:0,(anonymous_5)
FNDA:0,(anonymous_6)
FNDA:0,(anonymous_7)
FNDA:0,(anonymous_8)
FNDA:0,(anonymous_9)
FNDA:0,(anonymous_10)
FNDA:0,(anonymous_11)
FNDA:0,(anonymous_12)
FNDA:0,(anonymous_13)
FNDA:0,(anonymous_14)
DA:1,0
DA:4,0
DA:5,0
DA:6,0
DA:11,0
DA:12,0
DA:13,0
DA:19,0
DA:20,0
DA:27,0
DA:32,0
DA:36,0
DA:41,0
DA:45,0
DA:46,0
DA:54,0
DA:60,0
DA:66,0
DA:71,0
DA:77,0
DA:83,0
DA:87,0
DA:93,0
DA:99,0
DA:104,0
DA:110,0
DA:115,0
DA:121,0
DA:126,0
LF:29
LH:0
BRF:0
BRH:0
end_of_record
TN:
SF:src\attendance\attendance.module.ts
FNF:0
FNH:0
DA:1,0
DA:2,0
DA:3,0
DA:10,0
LF:4
LH:0
BRF:0
BRH:0
end_of_record
TN:
SF:src\attendance\attendance.service.ts
FN:17,(anonymous_2)
FN:21,(anonymous_3)
FN:53,(anonymous_4)
FN:99,(anonymous_5)
FN:129,(anonymous_6)
FN:160,(anonymous_7)
FN:166,(anonymous_8)
FN:196,(anonymous_9)
FN:222,(anonymous_10)
FN:223,(anonymous_11)
FN:224,(anonymous_12)
FN:225,(anonymous_13)
FN:240,(anonymous_14)
FN:312,(anonymous_15)
FN:371,(anonymous_16)
FN:421,(anonymous_17)
FN:429,(anonymous_18)
FN:433,(anonymous_19)
FN:464,(anonymous_20)
FN:471,(anonymous_21)
FN:473,(anonymous_22)
FN:474,(anonymous_23)
FN:475,(anonymous_24)
FN:476,(anonymous_25)
FNF:24
FNH:0
FNDA:0,(anonymous_2)
FNDA:0,(anonymous_3)
FNDA:0,(anonymous_4)
FNDA:0,(anonymous_5)
FNDA:0,(anonymous_6)
FNDA:0,(anonymous_7)
FNDA:0,(anonymous_8)
FNDA:0,(anonymous_9)
FNDA:0,(anonymous_10)
FNDA:0,(anonymous_11)
FNDA:0,(anonymous_12)
FNDA:0,(anonymous_13)
FNDA:0,(anonymous_14)
FNDA:0,(anonymous_15)
FNDA:0,(anonymous_16)
FNDA:0,(anonymous_17)
FNDA:0,(anonymous_18)
FNDA:0,(anonymous_19)
FNDA:0,(anonymous_20)
FNDA:0,(anonymous_21)
FNDA:0,(anonymous_22)
FNDA:0,(anonymous_23)
FNDA:0,(anonymous_24)
FNDA:0,(anonymous_25)
DA:1,0
DA:2,0
DA:3,0
DA:10,0
DA:11,0
DA:14,0
DA:15,0
DA:17,0
DA:22,0
DA:23,0
DA:25,0
DA:27,0
DA:28,0
DA:30,0
DA:33,0
DA:35,0
DA:60,0
DA:61,0
DA:63,0
DA:64,0
DA:65,0
DA:66,0
DA:67,0
DA:70,0
DA:88,0
DA:100,0
DA:123,0
DA:124,0
DA:130,0
DA:131,0
DA:134,0
DA:135,0
DA:136,0
DA:139,0
DA:161,0
DA:162,0
DA:163,0
DA:166,0
DA:168,0
DA:172,0
DA:173,0
DA:185,0
DA:186,0
DA:187,0
DA:188,0
DA:195,0
DA:197,0
DA:220,0
DA:222,0
DA:223,0
DA:224,0
DA:225,0
DA:228,0
DA:230,0
DA:241,0
DA:242,0
DA:244,0
DA:247,0
DA:266,0
DA:268,0
DA:274,0
DA:275,0
DA:282,0
DA:283,0
DA:284,0
DA:286,0
DA:288,0
DA:289,0
DA:295,0
DA:296,0
DA:297,0
DA:299,0
DA:303,0
DA:320,0
DA:321,0
DA:323,0
DA:324,0
DA:325,0
DA:326,0
DA:327,0
DA:328,0
DA:329,0
DA:332,0
DA:352,0
DA:357,0
DA:359,0
DA:372,0
DA:373,0
DA:374,0
DA:376,0
DA:392,0
DA:401,0
DA:402,0
DA:403,0
DA:404,0
DA:405,0
DA:410,0
DA:411,0
DA:412,0
DA:413,0
DA:414,0
DA:415,0
DA:416,0
DA:421,0
DA:427,0
DA:429,0
DA:434,0
DA:435,0
DA:439,0
DA:440,0
DA:441,0
DA:443,0
DA:460,0
DA:464,0
DA:472,0
DA:473,0
DA:474,0
DA:475,0
DA:476,0
DA:478,0
LF:120
LH:0
BRDA:23,0,0,0
BRDA:28,1,0,0
BRDA:28,1,1,0
BRDA:33,2,0,0
BRDA:57,3,0,0
BRDA:58,4,0,0
BRDA:64,5,0,0
BRDA:64,6,0,0
BRDA:64,6,1,0
BRDA:66,7,0,0
BRDA:67,8,0,0
BRDA:123,9,0,0
BRDA:131,10,0,0
BRDA:135,11,0,0
BRDA:163,12,0,0
BRDA:163,12,1,0
BRDA:172,13,0,0
BRDA:187,14,0,0
BRDA:288,15,0,0
BRDA:296,16,0,0
BRDA:317,17,0,0
BRDA:318,18,0,0
BRDA:324,19,0,0
BRDA:325,20,0,0
BRDA:325,21,0,0
BRDA:325,21,1,0
BRDA:326,22,0,0
BRDA:326,22,1,0
BRDA:328,23,0,0
BRDA:329,24,0,0
BRDA:373,25,0,0
BRDA:374,26,0,0
BRDA:379,27,0,0
BRDA:379,27,1,0
BRDA:404,28,0,0
BRDA:412,29,0,0
BRDA:412,29,1,0
BRDA:412,29,2,0
BRDA:412,29,3,0
BRDA:424,30,0,0
BRDA:424,30,1,0
BRDA:434,31,0,0
BRDA:440,32,0,0
BRDA:441,33,0,0
BRDA:445,34,0,0
BRDA:445,34,1,0
BRDA:455,35,0,0
BRDA:455,35,1,0
BRDA:462,36,0,0
BRDA:462,36,1,0
BRDA:484,37,0,0
BRDA:484,37,1,0
BRF:52
BRH:0
end_of_record
TN:
SF:src\attendance\dto\attendance.dto.ts
FN:5,(anonymous_2)
FN:73,(anonymous_3)
FNF:2
FNH:0
FNDA:0,(anonymous_2)
FNDA:0,(anonymous_3)
DA:1,0
DA:2,0
DA:3,0
DA:5,0
DA:6,0
DA:7,0
DA:8,0
DA:9,0
DA:14,0
DA:16,0
DA:22,0
DA:28,0
DA:33,0
DA:36,0
DA:42,0
DA:45,0
DA:47,0
DA:51,0
DA:57,0
DA:60,0
DA:62,0
DA:68,0
DA:73,0
DA:74,0
DA:80,0
DA:85,0
DA:88,0
DA:92,0
LF:28
LH:0
BRDA:5,0,0,0
BRDA:5,0,1,0
BRF:2
BRH:0
end_of_record
TN:
SF:src\auth\auth.controller.ts
FN:18,(anonymous_4)
FN:29,(anonymous_5)
FN:39,(anonymous_6)
FN:60,(anonymous_7)
FN:69,(anonymous_8)
FN:87,(anonymous_9)
FN:109,(anonymous_10)
FN:129,(anonymous_11)
FNF:8
FNH:0
FNDA:0,(anonymous_4)
FNDA:0,(anonymous_5)
FNDA:0,(anonymous_6)
FNDA:0,(anonymous_7)
FNDA:0,(anonymous_8)
FNDA:0,(anonymous_9)
FNDA:0,(anonymous_10)
FNDA:0,(anonymous_11)
DA:1,0
DA:2,0
DA:4,0
DA:5,0
DA:6,0
DA:7,0
DA:8,0
DA:9,0
DA:12,0
DA:15,0
DA:18,0
DA:28,0
DA:30,0
DA:31,0
DA:39,0
DA:40,0
DA:41,0
DA:45,0
DA:47,0
DA:49,0
DA:50,0
DA:60,0
DA:61,0
DA:69,0
DA:73,0
DA:75,0
DA:77,0
DA:79,0
DA:87,0
DA:93,0
DA:94,0
DA:95,0
DA:97,0
DA:99,0
DA:100,0
DA:109,0
DA:114,0
DA:115,0
DA:118,0
DA:120,0
DA:129,0
DA:130,0
LF:42
LH:0
BRDA:40,0,0,0
BRDA:49,1,0,0
BRDA:49,1,1,0
BRDA:77,2,0,0
BRDA:77,2,1,0
BRDA:93,3,0,0
BRDA:93,3,1,0
BRDA:94,4,0,0
BRDA:114,5,0,0
BRDA:114,5,1,0
BRF:10
BRH:0
end_of_record
TN:
SF:src\auth\auth.module.ts
FN:14,(anonymous_1)
FNF:1
FNH:0
FNDA:0,(anonymous_1)
DA:1,0
DA:2,0
DA:3,0
DA:4,0
DA:5,0
DA:6,0
DA:7,0
DA:15,0
DA:16,0
DA:17,0
DA:19,0
DA:31,0
LF:12
LH:0
BRDA:16,0,0,0
BRF:1
BRH:0
end_of_record
TN:
SF:src\auth\auth.service.ts
FN:23,(anonymous_11)
FN:33,(anonymous_12)
FN:38,(anonymous_13)
FN:85,(anonymous_14)
FN:117,(anonymous_15)
FN:128,(anonymous_16)
FN:145,(anonymous_17)
FN:149,(anonymous_18)
FN:163,(anonymous_19)
FN:172,(anonymous_20)
FN:200,(anonymous_21)
FN:242,(anonymous_22)
FNF:12
FNH:11
FNDA:32,(anonymous_11)
FNDA:0,(anonymous_12)
FNDA:7,(anonymous_13)
FNDA:9,(anonymous_14)
FNDA:3,(anonymous_15)
FNDA:6,(anonymous_16)
FNDA:2,(anonymous_17)
FNDA:1,(anonymous_18)
FNDA:3,(anonymous_19)
FNDA:3,(anonymous_20)
FNDA:13,(anonymous_21)
FNDA:14,(anonymous_22)
DA:1,1
DA:2,1
DA:3,1
DA:4,1
DA:5,1
DA:6,1
DA:8,1
DA:9,1
DA:19,1
DA:20,32
DA:24,32
DA:25,32
DA:26,32
DA:28,32
DA:29,32
DA:30,0
DA:32,32
DA:33,32
DA:34,0
DA:40,7
DA:43,7
DA:44,2
DA:48,5
DA:51,5
DA:54,5
DA:55,2
DA:59,3
DA:75,3
DA:78,3
DA:79,3
DA:86,9
DA:93,9
DA:94,2
DA:98,7
DA:99,2
DA:102,5
DA:103,2
DA:106,3
DA:107,3
DA:108,1
DA:112,2
DA:117,3
DA:118,2
DA:120,2
DA:122,2
DA:129,6
DA:136,6
DA:137,2
DA:141,4
DA:142,2
DA:145,2
DA:149,2
DA:150,1
DA:151,1
DA:152,1
DA:155,2
DA:157,2
DA:164,3
DA:168,3
DA:169,2
DA:174,3
DA:175,2
DA:179,1
DA:185,3
DA:186,1
DA:187,1
DA:188,1
DA:196,3
DA:197,3
DA:201,13
DA:202,13
DA:204,13
DA:205,13
DA:206,13
DA:207,13
DA:210,13
DA:211,1
DA:216,12
DA:221,12
DA:222,12
DA:224,12
DA:227,12
DA:235,12
DA:243,14
DA:244,14
DA:245,1
DA:246,1
DA:248,13
DA:249,13
DA:250,13
DA:257,13
LF:91
LH:89
BRDA:29,0,0,0
BRDA:43,1,0,2
BRDA:54,2,0,2
BRDA:93,3,0,2
BRDA:98,4,0,2
BRDA:102,5,0,2
BRDA:107,6,0,1
BRDA:136,7,0,2
BRDA:136,8,0,6
BRDA:136,8,1,5
BRDA:141,9,0,2
BRDA:168,10,0,1
BRDA:174,11,0,2
BRDA:174,11,1,1
BRDA:185,12,0,1
BRDA:210,13,0,1
BRDA:210,14,0,13
BRDA:210,14,1,13
BRDA:244,15,0,1
BRF:19
BRH:18
end_of_record
TN:
SF:src\auth\decorators\roles.decorator.ts
FN:4,(anonymous_0)
FNF:1
FNH:1
FNDA:4,(anonymous_0)
DA:1,1
DA:2,1
DA:4,4
LF:3
LH:3
BRF:0
BRH:0
end_of_record
TN:
SF:src\auth\dto\auth.dto.ts
FN:4,(anonymous_2)
FNF:1
FNH:0
FNDA:0,(anonymous_2)
DA:1,0
DA:2,0
DA:4,0
DA:5,0
DA:6,0
DA:7,0
DA:8,0
DA:11,0
DA:16,0
DA:25,0
DA:32,0
DA:39,0
DA:46,0
DA:52,0
DA:55,0
DA:60,0
DA:66,0
DA:69,0
DA:73,0
DA:76,0
DA:81,0
DA:84,0
DA:87,0
DA:96,0
DA:99,0
DA:102,0
DA:111,0
LF:27
LH:0
BRDA:4,0,0,0
BRDA:4,0,1,0
BRF:2
BRH:0
end_of_record
TN:
SF:src\auth\guards\jwt-auth.guard.ts
FNF:0
FNH:0
DA:1,1
DA:2,1
DA:5,1
LF:3
LH:3
BRF:0
BRH:0
end_of_record
TN:
SF:src\auth\guards\roles.guard.ts
FN:8,(anonymous_2)
FN:10,(anonymous_3)
FN:25,(anonymous_4)
FNF:3
FNH:1
FNDA:8,(anonymous_2)
FNDA:0,(anonymous_3)
FNDA:0,(anonymous_4)
DA:1,1
DA:2,1
DA:4,1
DA:7,1
DA:8,8
DA:11,0
DA:16,0
DA:17,0
DA:20,0
DA:21,0
DA:22,0
DA:25,0
DA:26,0
DA:27,0
DA:30,0
LF:15
LH:5
BRDA:16,0,0,0
BRDA:21,1,0,0
BRDA:21,2,0,0
BRDA:21,2,1,0
BRDA:26,3,0,0
BRF:5
BRH:0
end_of_record
TN:
SF:src\auth\strategies\jwt.strategy.ts
FN:11,(anonymous_2)
FN:29,(anonymous_3)
FN:35,(anonymous_4)
FNF:3
FNH:0
FNDA:0,(anonymous_2)
FNDA:0,(anonymous_3)
FNDA:0,(anonymous_4)
DA:1,0
DA:2,0
DA:3,0
DA:4,0
DA:5,0
DA:8,0
DA:11,0
DA:12,0
DA:13,0
DA:14,0
DA:17,0
DA:24,0
DA:25,0
DA:26,0
DA:28,0
DA:29,0
DA:31,0
DA:37,0
DA:38,0
DA:39,0
DA:40,0
DA:41,0
DA:44,0
DA:46,0
DA:50,0
LF:25
LH:0
BRDA:13,0,0,0
BRDA:25,1,0,0
BRDA:37,2,0,0
BRDA:40,3,0,0
BRDA:44,4,0,0
BRF:5
BRH:0
end_of_record
TN:
SF:src\common\decorators\index.ts
FN:2,(anonymous_0)
FN:3,(anonymous_1)
FN:4,(anonymous_2)
FN:5,(anonymous_3)
FN:6,(anonymous_4)
FN:7,(anonymous_5)
FNF:6
FNH:0
FNDA:0,(anonymous_0)
FNDA:0,(anonymous_1)
FNDA:0,(anonymous_2)
FNDA:0,(anonymous_3)
FNDA:0,(anonymous_4)
FNDA:0,(anonymous_5)
DA:1,0
DA:2,0
DA:3,0
DA:4,0
DA:5,0
DA:6,0
DA:7,0
LF:7
LH:0
BRF:0
BRH:0
end_of_record
TN:
SF:src\common\decorators\sanitize.decorator.ts
FN:26,(anonymous_0)
FN:74,sanitizeValue
FN:101,Sanitize
FN:102,(anonymous_3)
FN:139,SanitizePlainText
FN:140,(anonymous_5)
FN:173,SanitizeHtml
FN:174,(anonymous_7)
FN:205,Sanitizable
FN:206,(anonymous_9)
FN:218,getSanitizeOptions
FNF:11
FNH:2
FNDA:0,(anonymous_0)
FNDA:0,sanitizeValue
FNDA:0,Sanitize
FNDA:0,(anonymous_3)
FNDA:13,SanitizePlainText
FNDA:0,(anonymous_5)
FNDA:5,SanitizeHtml
FNDA:0,(anonymous_7)
FNDA:0,Sanitizable
FNDA:0,(anonymous_9)
FNDA:0,getSanitizeOptions
DA:1,1
DA:2,1
DA:3,1
DA:4,1
DA:7,1
DA:8,1
DA:12,1
DA:28,0
DA:29,0
DA:35,0
DA:36,0
DA:42,0
DA:55,1
DA:62,1
DA:75,0
DA:76,0
DA:79,0
DA:80,0
DA:83,0
DA:101,1
DA:102,0
DA:103,0
DA:104,0
DA:107,0
DA:110,0
DA:112,0
DA:121,0
DA:139,1
DA:140,13
DA:141,0
DA:142,0
DA:146,0
DA:149,0
DA:173,1
DA:174,5
DA:175,0
DA:176,0
DA:180,0
DA:189,1
DA:205,1
DA:206,0
DA:207,0
DA:208,0
DA:218,1
DA:219,0
LF:45
LH:17
BRDA:28,0,0,0
BRDA:28,0,1,0
BRDA:29,1,0,0
BRDA:29,1,1,0
BRDA:29,1,2,0
BRDA:29,1,3,0
BRDA:29,1,4,0
BRDA:35,2,0,0
BRDA:74,3,0,0
BRDA:75,4,0,0
BRDA:79,5,0,0
BRDA:79,5,1,0
BRDA:101,6,0,0
BRDA:103,7,0,0
BRDA:110,8,0,0
BRDA:110,9,0,0
BRDA:110,9,1,0
BRDA:141,10,0,0
BRDA:175,11,0,0
BRDA:205,12,0,0
BRF:20
BRH:0
end_of_record
TN:
SF:src\common\guards\ws-rate-limit.guard.ts
FN:30,(anonymous_2)
FN:32,(anonymous_3)
FN:35,(anonymous_4)
FN:60,(anonymous_5)
FN:92,(anonymous_6)
FN:112,(anonymous_7)
FN:126,(anonymous_8)
FN:128,(anonymous_9)
FN:134,(anonymous_10)
FN:151,(anonymous_11)
FN:159,(anonymous_12)
FN:172,(anonymous_13)
FN:182,(anonymous_14)
FNF:13
FNH:0
FNDA:0,(anonymous_2)
FNDA:0,(anonymous_3)
FNDA:0,(anonymous_4)
FNDA:0,(anonymous_5)
FNDA:0,(anonymous_6)
FNDA:0,(anonymous_7)
FNDA:0,(anonymous_8)
FNDA:0,(anonymous_9)
FNDA:0,(anonymous_10)
FNDA:0,(anonymous_11)
FNDA:0,(anonymous_12)
FNDA:0,(anonymous_13)
FNDA:0,(anonymous_14)
DA:1,0
DA:2,0
DA:15,0
DA:16,0
DA:17,0
DA:21,0
DA:30,0
DA:32,0
DA:38,0
DA:39,0
DA:40,0
DA:41,0
DA:43,0
DA:44,0
DA:45,0
DA:48,0
DA:49,0
DA:52,0
DA:53,0
DA:54,0
DA:55,0
DA:59,0
DA:60,0
DA:63,0
DA:64,0
DA:65,0
DA:67,0
DA:70,0
DA:71,0
DA:80,0
DA:84,0
DA:86,0
DA:98,0
DA:99,0
DA:100,0
DA:102,0
DA:103,0
DA:111,0
DA:112,0
DA:113,0
DA:115,0
DA:127,0
DA:128,0
DA:129,0
DA:131,0
DA:132,0
DA:134,0
DA:137,0
DA:138,0
DA:139,0
DA:143,0
DA:144,0
DA:152,0
DA:153,0
DA:164,0
DA:165,0
DA:166,0
DA:169,0
DA:173,0
DA:174,0
DA:183,0
DA:184,0
LF:62
LH:0
BRDA:43,0,0,0
BRDA:48,1,0,0
BRDA:48,1,1,0
BRDA:53,2,0,0
BRDA:63,3,0,0
BRDA:70,4,0,0
BRDA:92,5,0,0
BRDA:98,6,0,0
BRDA:98,6,1,0
BRDA:102,7,0,0
BRDA:113,8,0,0
BRDA:113,8,1,0
BRDA:137,9,0,0
BRDA:143,10,0,0
BRF:14
BRH:0
end_of_record
TN:
SF:src\common\interceptors\logging.interceptor.ts
FN:26,(anonymous_4)
FN:31,(anonymous_5)
FN:62,(anonymous_6)
FN:81,(anonymous_7)
FN:108,(anonymous_8)
FNF:5
FNH:0
FNDA:0,(anonymous_4)
FNDA:0,(anonymous_5)
FNDA:0,(anonymous_6)
FNDA:0,(anonymous_7)
FNDA:0,(anonymous_8)
DA:1,0
DA:9,0
DA:11,0
DA:12,0
DA:13,0
DA:25,0
DA:28,0
DA:32,0
DA:33,0
DA:34,0
DA:37,0
DA:38,0
DA:41,0
DA:42,0
DA:45,0
DA:53,0
DA:60,0
DA:63,0
DA:64,0
DA:65,0
DA:67,0
DA:75,0
DA:76,0
DA:78,0
DA:82,0
DA:83,0
DA:85,0
DA:98,0
DA:99,0
DA:101,0
DA:109,0
LF:31
LH:0
BRDA:37,0,0,0
BRDA:37,0,1,0
BRDA:47,1,0,0
BRDA:47,1,1,0
BRDA:57,2,0,0
BRDA:57,2,1,0
BRDA:75,3,0,0
BRDA:75,3,1,0
BRDA:83,4,0,0
BRDA:83,4,1,0
BRDA:94,5,0,0
BRDA:94,5,1,0
BRDA:98,6,0,0
BRDA:98,6,1,0
BRF:14
BRH:0
end_of_record
TN:
SF:src\common\interceptors\metrics.interceptor.ts
FN:25,(anonymous_2)
FN:27,(anonymous_3)
FN:38,(anonymous_4)
FN:41,(anonymous_5)
FN:58,(anonymous_6)
FN:81,(anonymous_7)
FN:96,(anonymous_8)
FNF:7
FNH:0
FNDA:0,(anonymous_2)
FNDA:0,(anonymous_3)
FNDA:0,(anonymous_4)
FNDA:0,(anonymous_5)
FNDA:0,(anonymous_6)
FNDA:0,(anonymous_7)
FNDA:0,(anonymous_8)
DA:1,0
DA:9,0
DA:11,0
DA:22,0
DA:23,0
DA:25,0
DA:28,0
DA:29,0
DA:30,0
DA:32,0
DA:34,0
DA:36,0
DA:39,0
DA:42,0
DA:43,0
DA:45,0
DA:60,0
DA:61,0
DA:65,0
DA:66,0
DA:68,0
DA:70,0
DA:71,0
DA:74,0
DA:83,0
DA:84,0
DA:87,0
DA:88,0
DA:90,0
DA:102,0
DA:104,0
DA:105,0
DA:108,0
DA:109,0
DA:115,0
LF:35
LH:0
BRDA:34,0,0,0
BRDA:34,0,1,0
BRDA:34,0,2,0
BRDA:42,1,0,0
BRDA:42,1,1,0
BRDA:46,2,0,0
BRDA:46,2,1,0
BRDA:60,3,0,0
BRDA:65,4,0,0
BRDA:65,4,1,0
BRDA:66,5,0,0
BRDA:66,5,1,0
BRDA:68,6,0,0
BRDA:68,7,0,0
BRDA:68,7,1,0
BRDA:108,8,0,0
BRF:16
BRH:0
end_of_record
TN:
SF:src\common\logger\index.ts
FN:1,(anonymous_0)
FN:1,(anonymous_1)
FN:1,(anonymous_2)
FN:2,(anonymous_3)
FNF:4
FNH:0
FNDA:0,(anonymous_0)
FNDA:0,(anonymous_1)
FNDA:0,(anonymous_2)
FNDA:0,(anonymous_3)
DA:1,0
DA:2,0
LF:2
LH:0
BRF:0
BRH:0
end_of_record
TN:
SF:src\common\logger\logger.module.ts
FNF:0
FNH:0
DA:1,0
DA:2,0
DA:3,0
DA:12,0
LF:4
LH:0
BRF:0
BRH:0
end_of_record
TN:
SF:src\common\logger\winston.config.ts
FN:103,sanitizeLogData
FN:109,(anonymous_10)
FN:122,createRequestLogger
FNF:3
FNH:0
FNDA:0,sanitizeLogData
FNDA:0,(anonymous_10)
FNDA:0,createRequestLogger
DA:1,0
DA:2,0
DA:3,0
DA:6,0
DA:13,0
DA:24,0
DA:27,0
DA:30,0
DA:32,0
DA:34,0
DA:54,0
DA:62,0
DA:103,0
DA:104,0
DA:105,0
DA:108,0
DA:109,0
DA:112,0
DA:113,0
DA:114,0
DA:115,0
DA:118,0
DA:122,0
DA:123,0
LF:24
LH:0
BRDA:32,0,0,0
BRDA:32,0,1,0
BRDA:72,1,0,0
BRDA:72,1,1,0
BRDA:75,2,0,0
BRDA:75,2,1,0
BRDA:79,3,0,0
BRDA:79,3,1,0
BRDA:89,4,0,0
BRDA:89,4,1,0
BRDA:103,5,0,0
BRDA:104,6,0,0
BRDA:104,7,0,0
BRDA:104,7,1,0
BRDA:108,8,0,0
BRDA:114,9,0,0
BRDA:125,10,0,0
BRDA:125,10,1,0
BRF:18
BRH:0
end_of_record
TN:
SF:src\common\pipes\index.ts
FN:1,(anonymous_0)
FN:1,(anonymous_1)
FN:1,(anonymous_2)
FN:1,(anonymous_3)
FNF:4
FNH:0
FNDA:0,(anonymous_0)
FNDA:0,(anonymous_1)
FNDA:0,(anonymous_2)
FNDA:0,(anonymous_3)
DA:1,0
LF:1
LH:0
BRF:0
BRH:0
end_of_record
TN:
SF:src\common\pipes\sanitize.pipe.ts
FN:28,(anonymous_4)
FN:54,sanitizeString
FN:69,sanitizeObject
FN:75,(anonymous_7)
FN:106,(anonymous_8)
FN:117,(anonymous_9)
FN:132,(anonymous_10)
FN:134,(anonymous_11)
FNF:8
FNH:0
FNDA:0,(anonymous_4)
FNDA:0,sanitizeString
FNDA:0,sanitizeObject
FNDA:0,(anonymous_7)
FNDA:0,(anonymous_8)
FNDA:0,(anonymous_9)
FNDA:0,(anonymous_10)
FNDA:0,(anonymous_11)
DA:1,0
DA:2,0
DA:4,0
DA:5,0
DA:8,0
DA:9,0
DA:13,0
DA:29,0
DA:42,0
DA:54,0
DA:55,0
DA:56,0
DA:59,0
DA:60,0
DA:69,0
DA:70,0
DA:71,0
DA:74,0
DA:75,0
DA:78,0
DA:79,0
DA:80,0
DA:81,0
DA:83,0
DA:86,0
DA:103,0
DA:107,0
DA:108,0
DA:119,0
DA:122,0
DA:131,0
DA:132,0
DA:135,0
LF:33
LH:0
BRDA:54,0,0,0
BRDA:55,1,0,0
BRDA:59,2,0,0
BRDA:59,2,1,0
BRDA:69,3,0,0
BRDA:70,4,0,0
BRDA:74,5,0,0
BRDA:78,6,0,0
BRDA:78,7,0,0
BRDA:78,7,1,0
BRDA:107,8,0,0
BRDA:107,8,1,0
BRDA:132,9,0,0
BRF:13
BRH:0
end_of_record
TN:
SF:src\common\redis\redis.module.ts
FNF:0
FNH:0
DA:1,0
DA:2,0
DA:8,0
LF:3
LH:0
BRF:0
BRH:0
end_of_record
TN:
SF:src\common\redis\redis.service.ts
FN:11,(anonymous_3)
FN:13,(anonymous_4)
FN:17,(anonymous_5)
FN:28,(anonymous_6)
FN:33,(anonymous_7)
FN:46,(anonymous_8)
FN:53,(anonymous_9)
FN:62,(anonymous_10)
FN:75,(anonymous_11)
FN:84,(anonymous_12)
FN:93,(anonymous_13)
FN:97,(anonymous_14)
FNF:12
FNH:0
FNDA:0,(anonymous_3)
FNDA:0,(anonymous_4)
FNDA:0,(anonymous_5)
FNDA:0,(anonymous_6)
FNDA:0,(anonymous_7)
FNDA:0,(anonymous_8)
FNDA:0,(anonymous_9)
FNDA:0,(anonymous_10)
FNDA:0,(anonymous_11)
FNDA:0,(anonymous_12)
FNDA:0,(anonymous_13)
FNDA:0,(anonymous_14)
DA:1,0
DA:2,0
DA:3,0
DA:6,0
DA:7,0
DA:8,0
DA:9,0
DA:11,0
DA:14,0
DA:15,0
DA:16,0
DA:18,0
DA:19,0
DA:20,0
DA:22,0
DA:28,0
DA:29,0
DA:30,0
DA:33,0
DA:34,0
DA:35,0
DA:39,0
DA:41,0
DA:42,0
DA:47,0
DA:48,0
DA:49,0
DA:54,0
DA:55,0
DA:56,0
DA:58,0
DA:63,0
DA:64,0
DA:65,0
DA:66,0
DA:68,0
DA:76,0
DA:77,0
DA:78,0
DA:85,0
DA:86,0
DA:87,0
DA:94,0
DA:98,0
LF:44
LH:0
BRDA:15,0,0,0
BRDA:15,0,1,0
BRDA:18,1,0,0
BRDA:47,2,0,0
BRDA:54,3,0,0
BRDA:54,4,0,0
BRDA:54,4,1,0
BRDA:63,5,0,0
BRDA:63,6,0,0
BRDA:63,6,1,0
BRDA:65,7,0,0
BRDA:65,7,1,0
BRDA:76,8,0,0
BRDA:76,9,0,0
BRDA:76,9,1,0
BRDA:85,10,0,0
BRDA:85,11,0,0
BRDA:85,11,1,0
BRF:18
BRH:0
end_of_record
TN:
SF:src\common\soft-delete\index.ts
FNF:0
FNH:0
DA:1,0
DA:2,0
DA:3,0
DA:4,0
LF:4
LH:0
BRF:0
BRH:0
end_of_record
TN:
SF:src\common\soft-delete\soft-delete-cleanup.service.ts
FN:10,(anonymous_2)
FN:20,(anonymous_3)
FN:52,(anonymous_4)
FN:78,(anonymous_5)
FNF:4
FNH:0
FNDA:0,(anonymous_2)
FNDA:0,(anonymous_3)
FNDA:0,(anonymous_4)
FNDA:0,(anonymous_5)
DA:1,0
DA:2,0
DA:3,0
DA:6,0
DA:7,0
DA:8,0
DA:10,0
DA:20,0
DA:22,0
DA:23,0
DA:24,0
DA:27,0
DA:28,0
DA:30,0
DA:31,0
DA:32,0
DA:33,0
DA:35,0
DA:43,0
DA:45,0
DA:57,0
DA:58,0
DA:61,0
DA:62,0
DA:64,0
DA:65,0
DA:66,0
DA:68,0
DA:69,0
DA:71,0
DA:79,0
LF:31
LH:0
BRDA:22,0,0,0
BRDA:57,1,0,0
BRF:2
BRH:0
end_of_record
TN:
SF:src\common\soft-delete\soft-delete.controller.ts
FN:30,(anonymous_4)
FN:36,(anonymous_5)
FN:69,(anonymous_6)
FN:98,(anonymous_7)
FN:111,(anonymous_8)
FN:121,(anonymous_9)
FNF:6
FNH:0
FNDA:0,(anonymous_4)
FNDA:0,(anonymous_5)
FNDA:0,(anonymous_6)
FNDA:0,(anonymous_7)
FNDA:0,(anonymous_8)
FNDA:0,(anonymous_9)
DA:1,0
DA:14,0
DA:15,0
DA:16,0
DA:17,0
DA:18,0
DA:29,0
DA:30,0
DA:36,0
DA:42,0
DA:47,0
DA:49,0
DA:51,0
DA:53,0
DA:55,0
DA:57,0
DA:59,0
DA:61,0
DA:69,0
DA:74,0
DA:76,0
DA:78,0
DA:80,0
DA:82,0
DA:84,0
DA:86,0
DA:88,0
DA:90,0
DA:98,0
DA:103,0
DA:111,0
DA:114,0
DA:121,0
DA:122,0
DA:125,0
DA:136,0
LF:36
LH:0
BRDA:47,0,0,0
BRDA:47,0,1,0
BRDA:47,0,2,0
BRDA:47,0,3,0
BRDA:47,0,4,0
BRDA:47,0,5,0
BRDA:47,0,6,0
BRDA:76,1,0,0
BRDA:76,1,1,0
BRDA:76,1,2,0
BRDA:76,1,3,0
BRDA:76,1,4,0
BRDA:76,1,5,0
BRDA:76,1,6,0
BRF:14
BRH:0
end_of_record
TN:
SF:src\common\soft-delete\soft-delete.module.ts
FNF:0
FNH:0
DA:1,0
DA:2,0
DA:3,0
DA:4,0
DA:5,0
DA:13,0
LF:6
LH:0
BRF:0
BRH:0
end_of_record
TN:
SF:src\common\soft-delete\soft-delete.service.ts
FN:28,(anonymous_2)
FN:36,(anonymous_3)
FN:53,(anonymous_4)
FN:98,(anonymous_5)
FN:143,(anonymous_6)
FN:183,(anonymous_7)
FN:226,(anonymous_8)
FN:268,(anonymous_9)
FN:312,(anonymous_10)
FN:353,(anonymous_11)
FN:397,(anonymous_12)
FN:436,(anonymous_13)
FN:478,(anonymous_14)
FN:518,(anonymous_15)
FN:561,(anonymous_16)
FN:582,(anonymous_17)
FN:610,(anonymous_18)
FN:638,(anonymous_19)
FN:658,(anonymous_20)
FN:686,(anonymous_21)
FN:714,(anonymous_22)
FN:740,(anonymous_23)
FN:749,(anonymous_24)
FN:758,(anonymous_25)
FN:770,(anonymous_26)
FN:793,(anonymous_27)
FN:813,(anonymous_28)
FN:834,(anonymous_29)
FN:854,(anonymous_30)
FN:871,(anonymous_31)
FN:880,(anonymous_32)
FNF:31
FNH:0
FNDA:0,(anonymous_2)
FNDA:0,(anonymous_3)
FNDA:0,(anonymous_4)
FNDA:0,(anonymous_5)
FNDA:0,(anonymous_6)
FNDA:0,(anonymous_7)
FNDA:0,(anonymous_8)
FNDA:0,(anonymous_9)
FNDA:0,(anonymous_10)
FNDA:0,(anonymous_11)
FNDA:0,(anonymous_12)
FNDA:0,(anonymous_13)
FNDA:0,(anonymous_14)
FNDA:0,(anonymous_15)
FNDA:0,(anonymous_16)
FNDA:0,(anonymous_17)
FNDA:0,(anonymous_18)
FNDA:0,(anonymous_19)
FNDA:0,(anonymous_20)
FNDA:0,(anonymous_21)
FNDA:0,(anonymous_22)
FNDA:0,(anonymous_23)
FNDA:0,(anonymous_24)
FNDA:0,(anonymous_25)
FNDA:0,(anonymous_26)
FNDA:0,(anonymous_27)
FNDA:0,(anonymous_28)
FNDA:0,(anonymous_29)
FNDA:0,(anonymous_30)
FNDA:0,(anonymous_31)
FNDA:0,(anonymous_32)
DA:1,0
DA:2,0
DA:3,0
DA:22,0
DA:25,0
DA:26,0
DA:28,0
DA:37,0
DA:39,0
DA:44,0
DA:45,0
DA:48,0
DA:49,0
DA:53,0
DA:54,0
DA:55,0
DA:61,0
DA:62,0
DA:67,0
DA:77,0
DA:84,0
DA:86,0
DA:99,0
DA:103,0
DA:104,0
DA:107,0
DA:108,0
DA:111,0
DA:121,0
DA:128,0
DA:130,0
DA:144,0
DA:146,0
DA:150,0
DA:151,0
DA:154,0
DA:163,0
DA:170,0
DA:172,0
DA:184,0
DA:188,0
DA:189,0
DA:192,0
DA:193,0
DA:196,0
DA:205,0
DA:212,0
DA:214,0
DA:227,0
DA:229,0
DA:233,0
DA:234,0
DA:237,0
DA:247,0
DA:255,0
DA:257,0
DA:269,0
DA:273,0
DA:274,0
DA:277,0
DA:278,0
DA:281,0
DA:291,0
DA:299,0
DA:301,0
DA:313,0
DA:315,0
DA:319,0
DA:320,0
DA:323,0
DA:332,0
DA:339,0
DA:341,0
DA:354,0
DA:358,0
DA:359,0
DA:362,0
DA:363,0
DA:366,0
DA:375,0
DA:382,0
DA:384,0
DA:398,0
DA:400,0
DA:404,0
DA:405,0
DA:408,0
DA:417,0
DA:424,0
DA:426,0
DA:437,0
DA:441,0
DA:442,0
DA:445,0
DA:446,0
DA:449,0
DA:458,0
DA:465,0
DA:467,0
DA:479,0
DA:481,0
DA:485,0
DA:486,0
DA:489,0
DA:498,0
DA:505,0
DA:507,0
DA:519,0
DA:523,0
DA:524,0
DA:527,0
DA:528,0
DA:531,0
DA:540,0
DA:547,0
DA:549,0
DA:562,0
DA:564,0
DA:566,0
DA:568,0
DA:570,0
DA:572,0
DA:574,0
DA:576,0
DA:578,0
DA:583,0
DA:587,0
DA:588,0
DA:591,0
DA:592,0
DA:595,0
DA:596,0
DA:597,0
DA:598,0
DA:603,0
DA:605,0
DA:607,0
DA:611,0
DA:615,0
DA:616,0
DA:619,0
DA:620,0
DA:623,0
DA:624,0
DA:625,0
DA:626,0
DA:631,0
DA:633,0
DA:635,0
DA:639,0
DA:643,0
DA:644,0
DA:647,0
DA:648,0
DA:651,0
DA:653,0
DA:655,0
DA:659,0
DA:663,0
DA:664,0
DA:667,0
DA:668,0
DA:671,0
DA:672,0
DA:673,0
DA:674,0
DA:679,0
DA:681,0
DA:683,0
DA:687,0
DA:691,0
DA:692,0
DA:695,0
DA:696,0
DA:699,0
DA:700,0
DA:701,0
DA:702,0
DA:707,0
DA:709,0
DA:711,0
DA:715,0
DA:719,0
DA:720,0
DA:723,0
DA:724,0
DA:728,0
DA:730,0
DA:732,0
DA:741,0
DA:742,0
DA:744,0
DA:745,0
DA:749,0
DA:758,0
DA:766,0
DA:767,0
DA:770,0
DA:785,0
DA:786,0
DA:793,0
DA:809,0
DA:810,0
DA:813,0
DA:829,0
DA:830,0
DA:834,0
DA:850,0
DA:851,0
DA:854,0
DA:871,0
DA:889,0
DA:890,0
DA:892,0
DA:894,0
DA:904,0
DA:906,0
DA:909,0
DA:910,0
DA:911,0
DA:913,0
DA:916,0
DA:918,0
DA:921,0
DA:922,0
DA:923,0
DA:925,0
DA:928,0
DA:930,0
DA:933,0
DA:934,0
DA:935,0
DA:937,0
DA:940,0
DA:942,0
DA:945,0
DA:946,0
DA:947,0
DA:949,0
DA:952,0
DA:954,0
DA:960,0
DA:961,0
DA:962,0
DA:964,0
DA:968,0
DA:969,0
DA:975,0
DA:976,0
DA:977,0
DA:979,0
DA:982,0
DA:984,0
LF:253
LH:0
BRDA:36,0,0,0
BRDA:44,1,0,0
BRDA:48,2,0,0
BRDA:48,3,0,0
BRDA:48,3,1,0
BRDA:54,4,0,0
BRDA:61,5,0,0
BRDA:79,6,0,0
BRDA:79,6,1,0
BRDA:84,7,0,0
BRDA:84,7,1,0
BRDA:103,8,0,0
BRDA:107,9,0,0
BRDA:123,10,0,0
BRDA:123,10,1,0
BRDA:128,11,0,0
BRDA:128,11,1,0
BRDA:143,12,0,0
BRDA:150,13,0,0
BRDA:165,14,0,0
BRDA:165,14,1,0
BRDA:170,15,0,0
BRDA:170,15,1,0
BRDA:188,16,0,0
BRDA:192,17,0,0
BRDA:207,18,0,0
BRDA:207,18,1,0
BRDA:212,19,0,0
BRDA:212,19,1,0
BRDA:226,20,0,0
BRDA:233,21,0,0
BRDA:242,22,0,0
BRDA:242,22,1,0
BRDA:249,23,0,0
BRDA:249,23,1,0
BRDA:255,24,0,0
BRDA:255,24,1,0
BRDA:273,25,0,0
BRDA:277,26,0,0
BRDA:293,27,0,0
BRDA:293,27,1,0
BRDA:299,28,0,0
BRDA:299,28,1,0
BRDA:312,29,0,0
BRDA:319,30,0,0
BRDA:334,31,0,0
BRDA:334,31,1,0
BRDA:339,32,0,0
BRDA:339,32,1,0
BRDA:358,33,0,0
BRDA:362,34,0,0
BRDA:377,35,0,0
BRDA:377,35,1,0
BRDA:382,36,0,0
BRDA:382,36,1,0
BRDA:397,37,0,0
BRDA:404,38,0,0
BRDA:419,39,0,0
BRDA:419,39,1,0
BRDA:424,40,0,0
BRDA:424,40,1,0
BRDA:441,41,0,0
BRDA:445,42,0,0
BRDA:460,43,0,0
BRDA:460,43,1,0
BRDA:465,44,0,0
BRDA:465,44,1,0
BRDA:478,45,0,0
BRDA:485,46,0,0
BRDA:500,47,0,0
BRDA:500,47,1,0
BRDA:505,48,0,0
BRDA:505,48,1,0
BRDA:523,49,0,0
BRDA:527,50,0,0
BRDA:542,51,0,0
BRDA:542,51,1,0
BRDA:547,52,0,0
BRDA:547,52,1,0
BRDA:564,53,0,0
BRDA:564,53,1,0
BRDA:564,53,2,0
BRDA:564,53,3,0
BRDA:564,53,4,0
BRDA:564,53,5,0
BRDA:564,53,6,0
BRDA:587,54,0,0
BRDA:591,55,0,0
BRDA:596,56,0,0
BRDA:605,57,0,0
BRDA:605,57,1,0
BRDA:615,58,0,0
BRDA:619,59,0,0
BRDA:624,60,0,0
BRDA:633,61,0,0
BRDA:633,61,1,0
BRDA:643,62,0,0
BRDA:647,63,0,0
BRDA:653,64,0,0
BRDA:653,64,1,0
BRDA:663,65,0,0
BRDA:667,66,0,0
BRDA:672,67,0,0
BRDA:681,68,0,0
BRDA:681,68,1,0
BRDA:691,69,0,0
BRDA:695,70,0,0
BRDA:700,71,0,0
BRDA:709,72,0,0
BRDA:709,72,1,0
BRDA:719,73,0,0
BRDA:723,74,0,0
BRDA:730,75,0,0
BRDA:730,75,1,0
BRDA:744,76,0,0
BRDA:744,77,0,0
BRDA:744,77,1,0
BRDA:766,78,0,0
BRDA:766,79,0,0
BRDA:766,79,1,0
BRDA:785,80,0,0
BRDA:785,81,0,0
BRDA:785,81,1,0
BRDA:796,82,0,0
BRDA:796,82,1,0
BRDA:799,83,0,0
BRDA:799,83,1,0
BRDA:803,84,0,0
BRDA:803,84,1,0
BRDA:809,85,0,0
BRDA:809,86,0,0
BRDA:809,86,1,0
BRDA:829,87,0,0
BRDA:829,88,0,0
BRDA:829,88,1,0
BRDA:850,89,0,0
BRDA:850,90,0,0
BRDA:850,90,1,0
BRDA:857,91,0,0
BRDA:857,91,1,0
BRDA:864,92,0,0
BRDA:864,92,1,0
BRF:142
BRH:0
end_of_record
TN:
SF:src\common\utils\audit-helper.ts
FN:4,(anonymous_0)
FN:36,createAuditLog
FNF:2
FNH:1
FNDA:2,(anonymous_0)
FNDA:0,createAuditLog
DA:1,2
DA:4,2
DA:5,2
DA:6,2
DA:7,2
DA:8,2
DA:9,2
DA:10,2
DA:11,2
DA:12,2
DA:13,2
DA:14,2
DA:15,2
DA:16,2
DA:17,2
DA:18,2
DA:19,2
DA:20,2
DA:21,2
DA:22,2
DA:34,2
DA:36,2
DA:37,0
DA:38,0
DA:50,0
LF:25
LH:22
BRDA:4,0,0,2
BRDA:4,0,1,2
BRDA:45,1,0,0
BRDA:45,1,1,0
BRF:4
BRH:2
end_of_record
TN:
SF:src\common\utils\user-sanitizer.ts
FN:1,sanitizeUser
FN:6,(anonymous_1)
FN:10,sanitizeUsers
FN:11,(anonymous_3)
FNF:4
FNH:4
FNDA:14,sanitizeUser
FNDA:16,(anonymous_1)
FNDA:2,sanitizeUsers
FNDA:2,(anonymous_3)
DA:1,2
DA:2,14
DA:3,14
DA:4,14
DA:6,16
DA:10,2
DA:11,2
LF:7
LH:7
BRDA:2,0,0,0
BRDA:6,1,0,14
BRDA:6,1,1,1
BRF:3
BRH:2
end_of_record
TN:
SF:src\config\env.validation.ts
FN:15,(anonymous_11)
FN:21,(anonymous_12)
FN:75,validateEnv
FN:87,(anonymous_14)
FN:101,validateSecuritySettings
FN:128,(anonymous_16)
FN:134,(anonymous_17)
FNF:7
FNH:0
FNDA:0,(anonymous_11)
FNDA:0,(anonymous_12)
FNDA:0,validateEnv
FNDA:0,(anonymous_14)
FNDA:0,validateSecuritySettings
FNDA:0,(anonymous_16)
FNDA:0,(anonymous_17)
DA:1,0
DA:2,0
DA:3,0
DA:6,0
DA:15,0
DA:16,0
DA:17,0
DA:18,0
DA:24,0
DA:29,0
DA:33,0
DA:37,0
DA:41,0
DA:45,0
DA:49,0
DA:53,0
DA:57,0
DA:62,0
DA:67,0
DA:72,0
DA:75,0
DA:76,0
DA:82,0
DA:86,0
DA:87,0
DA:88,0
DA:89,0
DA:92,0
DA:97,0
DA:101,0
DA:102,0
DA:103,0
DA:106,0
DA:107,0
DA:108,0
DA:111,0
DA:112,0
DA:115,0
DA:116,0
DA:120,0
DA:121,0
DA:126,0
DA:127,0
DA:128,0
DA:132,0
DA:133,0
DA:134,0
LF:47
LH:0
BRDA:15,0,0,0
BRDA:15,0,1,0
BRDA:86,1,0,0
BRDA:88,2,0,0
BRDA:88,2,1,0
BRDA:106,3,0,0
BRDA:107,4,0,0
BRDA:107,5,0,0
BRDA:107,5,1,0
BRDA:111,6,0,0
BRDA:111,7,0,0
BRDA:111,7,1,0
BRDA:115,8,0,0
BRDA:120,9,0,0
BRDA:120,10,0,0
BRDA:120,10,1,0
BRDA:126,11,0,0
BRDA:132,12,0,0
BRF:18
BRH:0
end_of_record
TN:
SF:src\courses\courses.controller.ts
FN:21,(anonymous_4)
FN:29,(anonymous_5)
FN:40,(anonymous_6)
FN:56,(anonymous_7)
FN:64,(anonymous_8)
FN:72,(anonymous_9)
FN:84,(anonymous_10)
FN:90,(anonymous_11)
FN:98,(anonymous_12)
FN:110,(anonymous_13)
FN:128,(anonymous_14)
FN:138,(anonymous_15)
FN:146,(anonymous_16)
FN:154,(anonymous_17)
FN:164,(anonymous_18)
FN:172,(anonymous_19)
FN:180,(anonymous_20)
FN:188,(anonymous_21)
FN:206,(anonymous_22)
FN:212,(anonymous_23)
FN:220,(anonymous_24)
FNF:21
FNH:0
FNDA:0,(anonymous_4)
FNDA:0,(anonymous_5)
FNDA:0,(anonymous_6)
FNDA:0,(anonymous_7)
FNDA:0,(anonymous_8)
FNDA:0,(anonymous_9)
FNDA:0,(anonymous_10)
FNDA:0,(anonymous_11)
FNDA:0,(anonymous_12)
FNDA:0,(anonymous_13)
FNDA:0,(anonymous_14)
FNDA:0,(anonymous_15)
FNDA:0,(anonymous_16)
FNDA:0,(anonymous_17)
FNDA:0,(anonymous_18)
FNDA:0,(anonymous_19)
FNDA:0,(anonymous_20)
FNDA:0,(anonymous_21)
FNDA:0,(anonymous_22)
FNDA:0,(anonymous_23)
FNDA:0,(anonymous_24)
DA:1,0
DA:4,0
DA:5,0
DA:6,0
DA:12,0
DA:13,0
DA:14,0
DA:20,0
DA:21,0
DA:29,0
DA:30,0
DA:40,0
DA:47,0
DA:56,0
DA:57,0
DA:64,0
DA:65,0
DA:72,0
DA:73,0
DA:83,0
DA:84,0
DA:90,0
DA:91,0
DA:98,0
DA:99,0
DA:110,0
DA:118,0
DA:128,0
DA:129,0
DA:130,0
DA:131,0
DA:133,0
DA:138,0
DA:139,0
DA:146,0
DA:147,0
DA:154,0
DA:155,0
DA:164,0
DA:165,0
DA:172,0
DA:173,0
DA:180,0
DA:181,0
DA:188,0
DA:193,0
DA:206,0
DA:207,0
DA:212,0
DA:213,0
DA:220,0
DA:221,0
LF:52
LH:0
BRDA:49,0,0,0
BRDA:49,0,1,0
BRDA:51,1,0,0
BRDA:51,1,1,0
BRDA:51,2,0,0
BRDA:51,2,1,0
BRDA:120,3,0,0
BRDA:120,3,1,0
BRDA:121,4,0,0
BRDA:121,4,1,0
BRDA:129,5,0,0
BRDA:129,5,1,0
BRDA:130,6,0,0
BRDA:195,7,0,0
BRDA:195,7,1,0
BRDA:196,8,0,0
BRDA:196,8,1,0
BRF:17
BRH:0
end_of_record
TN:
SF:src\courses\courses.module.ts
FNF:0
FNH:0
DA:1,0
DA:2,0
DA:3,0
DA:10,0
LF:4
LH:0
BRF:0
BRH:0
end_of_record
TN:
SF:src\courses\courses.service.ts
FN:17,(anonymous_2)
FN:21,(anonymous_3)
FN:36,(anonymous_4)
FN:82,(anonymous_5)
FN:104,(anonymous_6)
FN:109,(anonymous_7)
FN:129,(anonymous_8)
FN:150,(anonymous_9)
FN:199,(anonymous_10)
FN:225,(anonymous_11)
FN:237,(anonymous_12)
FN:257,(anonymous_13)
FN:287,(anonymous_14)
FN:312,(anonymous_15)
FN:346,(anonymous_16)
FN:351,(anonymous_17)
FN:363,(anonymous_18)
FN:391,(anonymous_19)
FN:430,(anonymous_20)
FN:439,(anonymous_21)
FN:452,(anonymous_22)
FN:459,(anonymous_23)
FN:465,(anonymous_24)
FN:498,(anonymous_25)
FN:534,(anonymous_26)
FN:535,(anonymous_27)
FNF:26
FNH:24
FNDA:47,(anonymous_2)
FNDA:5,(anonymous_3)
FNDA:6,(anonymous_4)
FNDA:9,(anonymous_5)
FNDA:2,(anonymous_6)
FNDA:3,(anonymous_7)
FNDA:2,(anonymous_8)
FNDA:4,(anonymous_9)
FNDA:3,(anonymous_10)
FNDA:0,(anonymous_11)
FNDA:0,(anonymous_12)
FNDA:4,(anonymous_13)
FNDA:3,(anonymous_14)
FNDA:2,(anonymous_15)
FNDA:3,(anonymous_16)
FNDA:2,(anonymous_17)
FNDA:1,(anonymous_18)
FNDA:2,(anonymous_19)
FNDA:2,(anonymous_20)
FNDA:2,(anonymous_21)
FNDA:1,(anonymous_22)
FNDA:1,(anonymous_23)
FNDA:2,(anonymous_24)
FNDA:2,(anonymous_25)
FNDA:1,(anonymous_26)
FNDA:4,(anonymous_27)
DA:1,1
DA:2,1
DA:10,1
DA:11,1
DA:14,1
DA:15,47
DA:17,47
DA:22,5
DA:23,5
DA:25,3
DA:41,6
DA:42,6
DA:44,6
DA:47,6
DA:48,5
DA:51,6
DA:52,6
DA:53,6
DA:54,1
DA:60,6
DA:71,6
DA:83,9
DA:84,9
DA:85,5
DA:88,9
DA:100,9
DA:101,6
DA:105,2
DA:106,1
DA:110,3
DA:112,2
DA:114,1
DA:123,1
DA:131,2
DA:132,2
DA:134,1
DA:155,4
DA:156,4
DA:158,4
DA:161,4
DA:162,4
DA:165,4
DA:166,4
DA:167,4
DA:168,4
DA:169,1
DA:172,4
DA:188,4
DA:200,3
DA:201,3
DA:202,3
DA:205,3
DA:221,3
DA:222,2
DA:226,0
DA:227,0
DA:238,0
DA:240,0
DA:242,0
DA:251,0
DA:258,4
DA:262,4
DA:264,4
DA:265,1
DA:268,3
DA:271,3
DA:272,2
DA:274,1
DA:281,1
DA:289,3
DA:290,3
DA:291,1
DA:294,2
DA:298,2
DA:300,2
DA:301,2
DA:302,0
DA:312,2
DA:313,2
DA:315,2
DA:316,3
DA:317,3
DA:321,3
DA:322,1
DA:323,1
DA:325,0
DA:329,0
DA:332,2
DA:336,2
DA:339,0
DA:343,2
DA:346,3
DA:348,2
DA:352,2
DA:355,2
DA:357,1
DA:364,1
DA:365,1
DA:367,1
DA:380,1
DA:392,2
DA:393,2
DA:395,2
DA:396,2
DA:398,2
DA:417,2
DA:432,2
DA:433,1
DA:436,1
DA:438,1
DA:440,2
DA:453,1
DA:460,1
DA:466,2
DA:467,2
DA:469,2
DA:470,2
DA:472,2
DA:487,2
DA:499,2
DA:500,2
DA:501,2
DA:502,2
DA:504,2
DA:526,2
DA:528,2
DA:529,2
DA:530,2
DA:533,2
DA:534,2
DA:535,1
DA:536,4
DA:537,3
DA:542,2
DA:553,2
LF:135
LH:125
BRDA:23,0,0,2
BRDA:30,1,0,3
BRDA:30,1,1,1
BRDA:38,2,0,4
BRDA:39,3,0,4
BRDA:47,4,0,5
BRDA:51,5,0,1
BRDA:52,6,0,1
BRDA:53,7,0,1
BRDA:82,8,0,5
BRDA:84,9,0,5
BRDA:100,10,0,3
BRDA:109,11,0,2
BRDA:112,12,0,1
BRDA:112,12,1,1
BRDA:132,13,0,1
BRDA:152,14,0,4
BRDA:153,15,0,4
BRDA:161,16,0,4
BRDA:165,17,0,1
BRDA:166,18,0,1
BRDA:167,19,0,0
BRDA:168,20,0,1
BRDA:199,21,0,3
BRDA:201,22,0,3
BRDA:221,23,0,1
BRDA:237,24,0,0
BRDA:240,25,0,0
BRDA:240,25,1,0
BRDA:262,26,0,0
BRDA:264,27,0,1
BRDA:264,28,0,4
BRDA:264,28,1,4
BRDA:271,29,0,2
BRDA:272,30,0,1
BRDA:290,31,0,1
BRDA:298,32,0,0
BRDA:300,33,0,2
BRDA:300,33,1,0
BRDA:301,34,0,0
BRDA:321,35,0,1
BRDA:321,35,1,2
BRDA:322,36,0,1
BRDA:322,36,1,0
BRDA:346,37,0,3
BRDA:346,37,1,1
BRDA:355,38,0,1
BRDA:363,39,0,1
BRDA:363,40,0,1
BRDA:391,41,0,2
BRDA:391,42,0,2
BRDA:396,43,0,1
BRDA:432,44,0,1
BRDA:465,45,0,2
BRDA:465,46,0,2
BRDA:470,47,0,1
BRDA:529,48,0,2
BRDA:529,48,1,0
BRDA:530,49,0,2
BRDA:536,50,0,3
BRDA:536,51,0,4
BRDA:536,51,1,2
BRDA:546,52,0,2
BRDA:546,52,1,0
BRF:64
BRH:53
end_of_record
TN:
SF:src\courses\dto\courses.dto.ts
FN:170,(anonymous_2)
FNF:1
FNH:0
FNDA:0,(anonymous_2)
DA:1,0
DA:2,0
DA:3,0
DA:7,0
DA:11,0
DA:16,0
DA:22,0
DA:28,0
DA:34,0
DA:37,0
DA:42,0
DA:48,0
DA:54,0
DA:60,0
DA:64,0
DA:69,0
DA:71,0
DA:74,0
DA:79,0
DA:85,0
DA:91,0
DA:97,0
DA:100,0
DA:103,0
DA:109,0
DA:115,0
DA:121,0
DA:127,0
DA:131,0
DA:136,0
DA:138,0
DA:141,0
DA:145,0
DA:150,0
DA:154,0
DA:159,0
DA:164,0
DA:167,0
DA:170,0
DA:171,0
LF:40
LH:0
BRF:0
BRH:0
end_of_record
TN:
SF:src\files\files.controller.ts
FN:61,(anonymous_13)
FN:118,(anonymous_14)
FN:209,(anonymous_15)
FN:238,(anonymous_16)
FN:292,(anonymous_17)
FN:308,(anonymous_18)
FN:317,(anonymous_19)
FN:323,(anonymous_20)
FN:334,(anonymous_21)
FN:348,(anonymous_22)
FN:377,(anonymous_23)
FN:391,(anonymous_24)
FN:407,(anonymous_25)
FN:445,(anonymous_26)
FN:458,(anonymous_27)
FN:475,(anonymous_28)
FN:496,(anonymous_29)
FN:506,(anonymous_30)
FN:512,(anonymous_31)
FN:529,(anonymous_32)
FN:542,(anonymous_33)
FN:554,(anonymous_34)
FN:566,(anonymous_35)
FN:87,(anonymous_36)
FN:98,(anonymous_37)
FNF:25
FNH:0
FNDA:0,(anonymous_13)
FNDA:0,(anonymous_14)
FNDA:0,(anonymous_15)
FNDA:0,(anonymous_16)
FNDA:0,(anonymous_17)
FNDA:0,(anonymous_18)
FNDA:0,(anonymous_19)
FNDA:0,(anonymous_20)
FNDA:0,(anonymous_21)
FNDA:0,(anonymous_22)
FNDA:0,(anonymous_23)
FNDA:0,(anonymous_24)
FNDA:0,(anonymous_25)
FNDA:0,(anonymous_26)
FNDA:0,(anonymous_27)
FNDA:0,(anonymous_28)
FNDA:0,(anonymous_29)
FNDA:0,(anonymous_30)
FNDA:0,(anonymous_31)
FNDA:0,(anonymous_32)
FNDA:0,(anonymous_33)
FNDA:0,(anonymous_34)
FNDA:0,(anonymous_35)
FNDA:0,(anonymous_36)
FNDA:0,(anonymous_37)
DA:1,0
DA:7,0
DA:8,0
DA:9,0
DA:11,0
DA:12,0
DA:13,0
DA:14,0
DA:15,0
DA:16,0
DA:17,0
DA:18,0
DA:19,0
DA:20,0
DA:21,0
DA:22,0
DA:24,0
DA:39,0
DA:51,0
DA:60,0
DA:62,0
DA:63,0
DA:64,0
DA:66,0
DA:89,0
DA:90,0
DA:91,0
DA:100,0
DA:101,0
DA:104,0
DA:108,0
DA:109,0
DA:112,0
DA:115,0
DA:118,0
DA:123,0
DA:124,0
DA:128,0
DA:129,0
DA:130,0
DA:131,0
DA:136,0
DA:138,0
DA:139,0
DA:140,0
DA:143,0
DA:144,0
DA:145,0
DA:152,0
DA:160,0
DA:161,0
DA:170,0
DA:173,0
DA:175,0
DA:176,0
DA:181,0
DA:183,0
DA:196,0
DA:197,0
DA:209,0
DA:210,0
DA:211,0
DA:212,0
DA:215,0
DA:223,0
DA:238,0
DA:239,0
DA:292,0
DA:300,0
DA:302,0
DA:303,0
DA:308,0
DA:309,0
DA:311,0
DA:312,0
DA:317,0
DA:318,0
DA:323,0
DA:324,0
DA:325,0
DA:327,0
DA:328,0
DA:330,0
DA:332,0
DA:333,0
DA:334,0
DA:336,0
DA:337,0
DA:341,0
DA:348,0
DA:354,0
DA:357,0
DA:358,0
DA:360,0
DA:365,0
DA:368,0
DA:369,0
DA:370,0
DA:371,0
DA:372,0
DA:373,0
DA:376,0
DA:377,0
DA:378,0
DA:379,0
DA:380,0
DA:383,0
DA:391,0
DA:400,0
DA:402,0
DA:403,0
DA:405,0
DA:406,0
DA:407,0
DA:408,0
DA:409,0
DA:414,0
DA:415,0
DA:422,0
DA:426,0
DA:435,0
DA:436,0
DA:440,0
DA:441,0
DA:442,0
DA:444,0
DA:445,0
DA:446,0
DA:447,0
DA:450,0
DA:458,0
DA:463,0
DA:464,0
DA:470,0
DA:471,0
DA:472,0
DA:474,0
DA:475,0
DA:476,0
DA:477,0
DA:480,0
DA:482,0
DA:483,0
DA:485,0
DA:486,0
DA:488,0
DA:496,0
DA:497,0
DA:506,0
DA:507,0
DA:512,0
DA:513,0
DA:514,0
DA:516,0
DA:517,0
DA:518,0
DA:519,0
DA:522,0
DA:529,0
DA:530,0
DA:542,0
DA:543,0
DA:554,0
DA:557,0
DA:558,0
DA:559,0
DA:561,0
DA:567,0
DA:568,0
DA:569,0
DA:570,0
LF:171
LH:0
BRDA:123,0,0,0
BRDA:129,1,0,0
BRDA:138,2,0,0
BRDA:138,2,1,0
BRDA:143,3,0,0
BRDA:210,4,0,0
BRDA:210,4,1,0
BRDA:302,5,0,0
BRDA:302,5,1,0
BRDA:311,6,0,0
BRDA:311,6,1,0
BRDA:325,7,0,0
BRDA:330,8,0,0
BRDA:330,9,0,0
BRDA:330,9,1,0
BRDA:334,10,0,0
BRDA:334,10,1,0
BRDA:336,11,0,0
BRDA:365,12,0,0
BRDA:365,12,1,0
BRDA:379,13,0,0
BRDA:405,14,0,0
BRDA:405,15,0,0
BRDA:405,15,1,0
BRDA:407,16,0,0
BRDA:407,16,1,0
BRDA:408,17,0,0
BRDA:414,18,0,0
BRDA:422,19,0,0
BRDA:422,19,1,0
BRDA:430,20,0,0
BRDA:430,20,1,0
BRDA:431,21,0,0
BRDA:431,21,1,0
BRDA:435,22,0,0
BRDA:446,23,0,0
BRDA:467,24,0,0
BRDA:467,24,1,0
BRDA:476,25,0,0
BRDA:482,26,0,0
BRDA:485,27,0,0
BRDA:514,28,0,0
BRDA:518,29,0,0
BRDA:518,30,0,0
BRDA:518,30,1,0
BRDA:557,31,0,0
BRDA:557,31,1,0
BRDA:558,32,0,0
BRDA:558,33,0,0
BRDA:558,33,1,0
BRDA:567,34,0,0
BRDA:100,35,0,0
BRDA:108,36,0,0
BRF:53
BRH:0
end_of_record
TN:
SF:src\files\files.module.ts
FNF:0
FNH:0
DA:1,0
DA:2,0
DA:3,0
DA:4,0
DA:5,0
DA:6,0
DA:33,0
LF:7
LH:0
BRF:0
BRH:0
end_of_record
TN:
SF:src\files\files.service.ts
FN:70,(anonymous_13)
FN:84,(anonymous_14)
FN:99,(anonymous_15)
FN:123,(anonymous_16)
FN:143,(anonymous_17)
FN:157,(anonymous_18)
FN:158,(anonymous_19)
FN:173,(anonymous_20)
FN:177,(anonymous_21)
FN:181,(anonymous_22)
FN:206,(anonymous_23)
FN:225,(anonymous_24)
FN:231,(anonymous_25)
FN:232,(anonymous_26)
FN:246,(anonymous_27)
FN:250,(anonymous_28)
FN:254,(anonymous_29)
FN:276,(anonymous_30)
FN:298,(anonymous_31)
FN:299,(anonymous_32)
FN:301,(anonymous_33)
FN:302,(anonymous_34)
FN:309,(anonymous_35)
FN:331,(anonymous_36)
FN:345,(anonymous_37)
FN:356,(anonymous_38)
FN:365,(anonymous_39)
FN:375,(anonymous_40)
FN:392,(anonymous_41)
FN:400,(anonymous_42)
FN:408,(anonymous_43)
FN:419,(anonymous_44)
FN:443,(anonymous_45)
FN:456,(anonymous_46)
FN:480,(anonymous_47)
FN:503,(anonymous_48)
FN:637,(anonymous_49)
FN:649,(anonymous_50)
FN:663,(anonymous_51)
FN:664,(anonymous_52)
FN:668,(anonymous_53)
FN:669,(anonymous_54)
FN:674,(anonymous_55)
FN:684,(anonymous_56)
FN:696,(anonymous_57)
FN:736,(anonymous_58)
FN:760,(anonymous_59)
FN:798,(anonymous_60)
FN:837,(anonymous_61)
FN:847,(anonymous_62)
FN:848,(anonymous_63)
FN:853,(anonymous_64)
FN:868,(anonymous_65)
FN:904,(anonymous_66)
FN:922,(anonymous_67)
FN:938,(anonymous_68)
FN:951,(anonymous_69)
FN:988,(anonymous_70)
FN:1006,(anonymous_71)
FN:1073,(anonymous_72)
FNF:60
FNH:0
FNDA:0,(anonymous_13)
FNDA:0,(anonymous_14)
FNDA:0,(anonymous_15)
FNDA:0,(anonymous_16)
FNDA:0,(anonymous_17)
FNDA:0,(anonymous_18)
FNDA:0,(anonymous_19)
FNDA:0,(anonymous_20)
FNDA:0,(anonymous_21)
FNDA:0,(anonymous_22)
FNDA:0,(anonymous_23)
FNDA:0,(anonymous_24)
FNDA:0,(anonymous_25)
FNDA:0,(anonymous_26)
FNDA:0,(anonymous_27)
FNDA:0,(anonymous_28)
FNDA:0,(anonymous_29)
FNDA:0,(anonymous_30)
FNDA:0,(anonymous_31)
FNDA:0,(anonymous_32)
FNDA:0,(anonymous_33)
FNDA:0,(anonymous_34)
FNDA:0,(anonymous_35)
FNDA:0,(anonymous_36)
FNDA:0,(anonymous_37)
FNDA:0,(anonymous_38)
FNDA:0,(anonymous_39)
FNDA:0,(anonymous_40)
FNDA:0,(anonymous_41)
FNDA:0,(anonymous_42)
FNDA:0,(anonymous_43)
FNDA:0,(anonymous_44)
FNDA:0,(anonymous_45)
FNDA:0,(anonymous_46)
FNDA:0,(anonymous_47)
FNDA:0,(anonymous_48)
FNDA:0,(anonymous_49)
FNDA:0,(anonymous_50)
FNDA:0,(anonymous_51)
FNDA:0,(anonymous_52)
FNDA:0,(anonymous_53)
FNDA:0,(anonymous_54)
FNDA:0,(anonymous_55)
FNDA:0,(anonymous_56)
FNDA:0,(anonymous_57)
FNDA:0,(anonymous_58)
FNDA:0,(anonymous_59)
FNDA:0,(anonymous_60)
FNDA:0,(anonymous_61)
FNDA:0,(anonymous_62)
FNDA:0,(anonymous_63)
FNDA:0,(anonymous_64)
FNDA:0,(anonymous_65)
FNDA:0,(anonymous_66)
FNDA:0,(anonymous_67)
FNDA:0,(anonymous_68)
FNDA:0,(anonymous_69)
FNDA:0,(anonymous_70)
FNDA:0,(anonymous_71)
FNDA:0,(anonymous_72)
DA:1,0
DA:9,0
DA:12,0
DA:13,0
DA:14,0
DA:15,0
DA:16,0
DA:18,0
DA:19,0
DA:20,0
DA:22,0
DA:23,0
DA:36,0
DA:44,0
DA:47,0
DA:50,0
DA:53,0
DA:54,0
DA:57,0
DA:58,0
DA:61,0
DA:62,0
DA:68,0
DA:71,0
DA:73,0
DA:76,0
DA:77,0
DA:78,0
DA:81,0
DA:85,0
DA:86,0
DA:87,0
DA:88,0
DA:90,0
DA:100,0
DA:101,0
DA:102,0
DA:104,0
DA:106,0
DA:108,0
DA:109,0
DA:112,0
DA:113,0
DA:116,0
DA:117,0
DA:124,0
DA:125,0
DA:127,0
DA:128,0
DA:131,0
DA:150,0
DA:152,0
DA:153,0
DA:154,0
DA:157,0
DA:158,0
DA:159,0
DA:166,0
DA:168,0
DA:170,0
DA:171,0
DA:173,0
DA:174,0
DA:177,0
DA:178,0
DA:181,0
DA:182,0
DA:184,0
DA:186,0
DA:187,0
DA:189,0
DA:190,0
DA:198,0
DA:206,0
DA:207,0
DA:209,0
DA:212,0
DA:213,0
DA:231,0
DA:232,0
DA:233,0
DA:240,0
DA:241,0
DA:243,0
DA:244,0
DA:246,0
DA:247,0
DA:250,0
DA:251,0
DA:254,0
DA:255,0
DA:257,0
DA:258,0
DA:259,0
DA:260,0
DA:261,0
DA:268,0
DA:276,0
DA:277,0
DA:278,0
DA:285,0
DA:286,0
DA:299,0
DA:300,0
DA:301,0
DA:302,0
DA:310,0
DA:311,0
DA:313,0
DA:314,0
DA:315,0
DA:316,0
DA:317,0
DA:322,0
DA:337,0
DA:338,0
DA:341,0
DA:342,0
DA:343,0
DA:345,0
DA:347,0
DA:356,0
DA:357,0
DA:358,0
DA:360,0
DA:361,0
DA:365,0
DA:367,0
DA:380,0
DA:381,0
DA:384,0
DA:385,0
DA:386,0
DA:388,0
DA:389,0
DA:390,0
DA:392,0
DA:393,0
DA:400,0
DA:401,0
DA:402,0
DA:404,0
DA:408,0
DA:409,0
DA:426,0
DA:427,0
DA:428,0
DA:429,0
DA:430,0
DA:435,0
DA:443,0
DA:445,0
DA:461,0
DA:463,0
DA:464,0
DA:472,0
DA:486,0
DA:489,0
DA:490,0
DA:494,0
DA:495,0
DA:496,0
DA:497,0
DA:503,0
DA:506,0
DA:507,0
DA:508,0
DA:509,0
DA:513,0
DA:514,0
DA:515,0
DA:516,0
DA:520,0
DA:522,0
DA:523,0
DA:524,0
DA:525,0
DA:527,0
DA:528,0
DA:529,0
DA:530,0
DA:535,0
DA:536,0
DA:539,0
DA:542,0
DA:543,0
DA:547,0
DA:548,0
DA:549,0
DA:553,0
DA:554,0
DA:555,0
DA:557,0
DA:559,0
DA:560,0
DA:561,0
DA:563,0
DA:565,0
DA:567,0
DA:570,0
DA:573,0
DA:574,0
DA:583,0
DA:597,0
DA:600,0
DA:610,0
DA:616,0
DA:617,0
DA:619,0
DA:622,0
DA:625,0
DA:626,0
DA:627,0
DA:628,0
DA:630,0
DA:638,0
DA:639,0
DA:640,0
DA:642,0
DA:650,0
DA:651,0
DA:652,0
DA:653,0
DA:654,0
DA:656,0
DA:664,0
DA:665,0
DA:666,0
DA:668,0
DA:669,0
DA:670,0
DA:675,0
DA:676,0
DA:677,0
DA:678,0
DA:685,0
DA:686,0
DA:687,0
DA:688,0
DA:704,0
DA:706,0
DA:710,0
DA:711,0
DA:712,0
DA:713,0
DA:714,0
DA:715,0
DA:721,0
DA:737,0
DA:753,0
DA:754,0
DA:757,0
DA:765,0
DA:769,0
DA:779,0
DA:780,0
DA:784,0
DA:789,0
DA:790,0
DA:792,0
DA:795,0
DA:803,0
DA:807,0
DA:813,0
DA:814,0
DA:818,0
DA:820,0
DA:821,0
DA:824,0
DA:828,0
DA:829,0
DA:831,0
DA:834,0
DA:841,0
DA:845,0
DA:847,0
DA:848,0
DA:849,0
DA:850,0
DA:853,0
DA:854,0
DA:857,0
DA:858,0
DA:859,0
DA:860,0
DA:862,0
DA:873,0
DA:877,0
DA:879,0
DA:880,0
DA:883,0
DA:884,0
DA:889,0
DA:897,0
DA:899,0
DA:905,0
DA:908,0
DA:910,0
DA:923,0
DA:926,0
DA:928,0
DA:939,0
DA:942,0
DA:944,0
DA:956,0
DA:957,0
DA:959,0
DA:967,0
DA:968,0
DA:970,0
DA:971,0
DA:972,0
DA:974,0
DA:975,0
DA:976,0
DA:979,0
DA:992,0
DA:996,0
DA:1001,0
DA:1010,0
DA:1011,0
DA:1013,0
DA:1020,0
DA:1022,0
DA:1023,0
DA:1027,0
DA:1028,0
DA:1029,0
DA:1031,0
DA:1035,0
DA:1036,0
DA:1037,0
DA:1038,0
DA:1043,0
DA:1044,0
DA:1045,0
DA:1053,0
DA:1060,0
DA:1062,0
DA:1080,0
DA:1084,0
DA:1085,0
DA:1094,0
DA:1095,0
DA:1100,0
DA:1101,0
DA:1102,0
DA:1103,0
DA:1105,0
DA:1109,0
DA:1110,0
DA:1111,0
DA:1112,0
DA:1113,0
DA:1114,0
DA:1115,0
DA:1118,0
DA:1122,0
LF:358
LH:0
BRDA:106,0,0,0
BRDA:106,1,0,0
BRDA:106,1,1,0
BRDA:112,2,0,0
BRDA:127,3,0,0
BRDA:152,4,0,0
BRDA:184,5,0,0
BRDA:184,5,1,0
BRDA:187,6,0,0
BRDA:187,6,1,0
BRDA:201,7,0,0
BRDA:201,7,1,0
BRDA:257,8,0,0
BRDA:257,8,1,0
BRDA:259,9,0,0
BRDA:259,9,1,0
BRDA:271,10,0,0
BRDA:271,10,1,0
BRDA:314,11,0,0
BRDA:316,12,0,0
BRDA:334,13,0,0
BRDA:335,14,0,0
BRDA:337,15,0,0
BRDA:357,16,0,0
BRDA:357,16,1,0
BRDA:378,17,0,0
BRDA:380,18,0,0
BRDA:384,19,0,0
BRDA:384,19,1,0
BRDA:385,20,0,0
BRDA:385,20,1,0
BRDA:386,21,0,0
BRDA:386,21,1,0
BRDA:401,22,0,0
BRDA:401,22,1,0
BRDA:429,23,0,0
BRDA:429,24,0,0
BRDA:429,24,1,0
BRDA:463,25,0,0
BRDA:484,26,0,0
BRDA:489,27,0,0
BRDA:495,28,0,0
BRDA:503,29,0,0
BRDA:503,29,1,0
BRDA:507,30,0,0
BRDA:514,31,0,0
BRDA:522,32,0,0
BRDA:522,32,1,0
BRDA:522,33,0,0
BRDA:522,33,1,0
BRDA:523,34,0,0
BRDA:523,34,1,0
BRDA:527,35,0,0
BRDA:535,36,0,0
BRDA:535,37,0,0
BRDA:535,37,1,0
BRDA:549,38,0,0
BRDA:549,38,1,0
BRDA:554,39,0,0
BRDA:573,40,0,0
BRDA:573,41,0,0
BRDA:573,41,1,0
BRDA:586,42,0,0
BRDA:586,42,1,0
BRDA:613,43,0,0
BRDA:613,43,1,0
BRDA:616,44,0,0
BRDA:627,45,0,0
BRDA:675,46,0,0
BRDA:685,47,0,0
BRDA:710,48,0,0
BRDA:711,49,0,0
BRDA:712,50,0,0
BRDA:713,51,0,0
BRDA:714,52,0,0
BRDA:753,53,0,0
BRDA:769,54,0,0
BRDA:769,54,1,0
BRDA:769,54,2,0
BRDA:779,55,0,0
BRDA:784,56,0,0
BRDA:784,56,1,0
BRDA:807,57,0,0
BRDA:807,57,1,0
BRDA:807,57,2,0
BRDA:813,58,0,0
BRDA:820,59,0,0
BRDA:824,60,0,0
BRDA:824,60,1,0
BRDA:841,61,0,0
BRDA:841,61,1,0
BRDA:877,62,0,0
BRDA:877,62,1,0
BRDA:879,63,0,0
BRDA:883,64,0,0
BRDA:908,65,0,0
BRDA:915,66,0,0
BRDA:915,66,1,0
BRDA:916,67,0,0
BRDA:916,67,1,0
BRDA:917,68,0,0
BRDA:917,68,1,0
BRDA:926,69,0,0
BRDA:942,70,0,0
BRDA:957,71,0,0
BRDA:971,72,0,0
BRDA:1006,73,0,0
BRDA:1023,74,0,0
BRDA:1023,74,1,0
BRDA:1036,75,0,0
BRDA:1084,76,0,0
BRDA:1095,77,0,0
BRDA:1095,77,1,0
BRDA:1110,78,0,0
BRDA:1113,79,0,0
BRDA:1123,80,0,0
BRDA:1123,80,1,0
BRF:117
BRH:0
end_of_record
TN:
SF:src\files\files.validation.ts
FN:57,(anonymous_0)
FN:177,getFileCategory
FN:184,getMaxFileSize
FN:193,validateFileExtension
FN:205,validateMimeType
FN:212,readMagicBytes
FN:213,(anonymous_6)
FN:217,(anonymous_7)
FN:218,(anonymous_8)
FN:226,validateMagicNumber
FN:239,(anonymous_10)
FN:241,(anonymous_11)
FN:252,validateSvgFile
FN:254,(anonymous_13)
FN:258,(anonymous_14)
FN:259,(anonymous_15)
FN:264,(anonymous_16)
FN:270,(anonymous_17)
FN:284,validateFileSize
FN:302,validateFile
FN:350,isPreviewableImage
FN:363,requiresVirusScan
FN:386,getSafeFilename
FN:398,formatFileSize
FNF:24
FNH:0
FNDA:0,(anonymous_0)
FNDA:0,getFileCategory
FNDA:0,getMaxFileSize
FNDA:0,validateFileExtension
FNDA:0,validateMimeType
FNDA:0,readMagicBytes
FNDA:0,(anonymous_6)
FNDA:0,(anonymous_7)
FNDA:0,(anonymous_8)
FNDA:0,validateMagicNumber
FNDA:0,(anonymous_10)
FNDA:0,(anonymous_11)
FNDA:0,validateSvgFile
FNDA:0,(anonymous_13)
FNDA:0,(anonymous_14)
FNDA:0,(anonymous_15)
FNDA:0,(anonymous_16)
FNDA:0,(anonymous_17)
FNDA:0,validateFileSize
FNDA:0,validateFile
FNDA:0,isPreviewableImage
FNDA:0,requiresVirusScan
FNDA:0,getSafeFilename
FNDA:0,formatFileSize
DA:2,0
DA:3,0
DA:12,0
DA:57,0
DA:58,0
DA:59,0
DA:60,0
DA:61,0
DA:62,0
DA:63,0
DA:67,0
DA:112,0
DA:122,0
DA:125,0
DA:133,0
DA:153,0
DA:159,0
DA:177,0
DA:178,0
DA:184,0
DA:185,0
DA:186,0
DA:187,0
DA:193,0
DA:194,0
DA:195,0
DA:196,0
DA:198,0
DA:199,0
DA:205,0
DA:206,0
DA:212,0
DA:213,0
DA:214,0
DA:215,0
DA:217,0
DA:218,0
DA:219,0
DA:226,0
DA:228,0
DA:229,0
DA:232,0
DA:233,0
DA:235,0
DA:238,0
DA:239,0
DA:241,0
DA:242,0
DA:245,0
DA:252,0
DA:253,0
DA:254,0
DA:255,0
DA:256,0
DA:258,0
DA:259,0
DA:260,0
DA:264,0
DA:265,0
DA:266,0
DA:270,0
DA:271,0
DA:272,0
DA:275,0
DA:277,0
DA:284,0
DA:285,0
DA:286,0
DA:302,0
DA:306,0
DA:309,0
DA:310,0
DA:311,0
DA:319,0
DA:322,0
DA:323,0
DA:327,0
DA:328,0
DA:329,0
DA:330,0
DA:334,0
DA:335,0
DA:336,0
DA:339,0
DA:350,0
DA:351,0
DA:363,0
DA:365,0
DA:380,0
DA:386,0
DA:388,0
DA:398,0
DA:399,0
DA:400,0
DA:401,0
DA:402,0
DA:403,0
LF:97
LH:0
BRDA:57,0,0,0
BRDA:57,0,1,0
BRDA:178,1,0,0
BRDA:178,1,1,0
BRDA:185,2,0,0
BRDA:185,2,1,0
BRDA:186,3,0,0
BRDA:186,3,1,0
BRDA:186,4,0,0
BRDA:186,4,1,0
BRDA:195,5,0,0
BRDA:212,6,0,0
BRDA:228,7,0,0
BRDA:233,8,0,0
BRDA:233,9,0,0
BRDA:233,9,1,0
BRDA:265,10,0,0
BRDA:271,11,0,0
BRDA:309,12,0,0
BRDA:322,13,0,0
BRDA:328,14,0,0
BRDA:335,15,0,0
BRDA:399,16,0,0
BRF:23
BRH:0
end_of_record
TN:
SF:src\files\index.ts
FN:2,(anonymous_4)
FN:5,(anonymous_5)
FN:14,(anonymous_6)
FNF:3
FNH:0
FNDA:0,(anonymous_4)
FNDA:0,(anonymous_5)
FNDA:0,(anonymous_6)
DA:2,0
DA:5,0
DA:8,0
DA:11,0
DA:14,0
LF:5
LH:0
BRF:0
BRH:0
end_of_record
TN:
SF:src\files\storage.service.ts
FN:37,(anonymous_11)
FN:39,(anonymous_12)
FN:47,(anonymous_13)
FN:85,(anonymous_14)
FN:103,(anonymous_15)
FN:115,(anonymous_16)
FN:132,(anonymous_17)
FN:169,(anonymous_18)
FN:206,(anonymous_19)
FN:238,(anonymous_20)
FN:271,(anonymous_21)
FN:299,(anonymous_22)
FN:322,(anonymous_23)
FN:332,(anonymous_24)
FN:339,(anonymous_25)
FNF:15
FNH:15
FNDA:22,(anonymous_11)
FNDA:26,(anonymous_12)
FNDA:26,(anonymous_13)
FNDA:9,(anonymous_14)
FNDA:26,(anonymous_15)
FNDA:7,(anonymous_16)
FNDA:2,(anonymous_17)
FNDA:6,(anonymous_18)
FNDA:3,(anonymous_19)
FNDA:3,(anonymous_20)
FNDA:2,(anonymous_21)
FNDA:1,(anonymous_22)
FNDA:7,(anonymous_23)
FNDA:4,(anonymous_24)
FNDA:2,(anonymous_25)
DA:1,1
DA:2,1
DA:3,1
DA:4,1
DA:5,1
DA:7,1
DA:8,1
DA:31,1
DA:32,22
DA:33,22
DA:37,22
DA:40,26
DA:41,26
DA:42,9
DA:44,26
DA:48,26
DA:50,26
DA:51,10
DA:52,10
DA:53,10
DA:54,10
DA:55,10
DA:57,10
DA:58,1
DA:59,1
DA:62,9
DA:64,9
DA:75,9
DA:78,16
DA:79,16
DA:82,26
DA:86,9
DA:88,9
DA:90,9
DA:100,9
DA:104,26
DA:105,26
DA:107,0
DA:120,7
DA:122,7
DA:123,2
DA:126,5
DA:137,2
DA:139,2
DA:140,2
DA:148,2
DA:150,1
DA:152,1
DA:159,1
DA:161,1
DA:162,1
DA:173,6
DA:174,6
DA:176,6
DA:177,6
DA:179,6
DA:180,5
DA:181,1
DA:182,1
DA:184,0
DA:187,6
DA:189,6
DA:196,0
DA:197,0
DA:210,3
DA:211,1
DA:212,1
DA:217,1
DA:218,1
DA:220,0
DA:226,2
DA:227,2
DA:228,2
DA:229,1
DA:231,1
DA:239,3
DA:240,0
DA:241,0
DA:246,0
DA:247,0
DA:248,0
DA:250,0
DA:256,3
DA:257,3
DA:258,3
DA:259,1
DA:261,2
DA:262,1
DA:263,1
DA:272,2
DA:273,0
DA:274,0
DA:279,0
DA:280,0
DA:282,0
DA:286,2
DA:287,2
DA:288,2
DA:289,1
DA:291,1
DA:300,1
DA:301,0
DA:302,0
DA:307,0
DA:308,0
DA:310,0
DA:311,0
DA:315,1
DA:316,1
DA:323,7
DA:324,7
DA:325,7
DA:326,7
DA:333,4
DA:344,2
LF:115
LH:93
BRDA:41,0,0,9
BRDA:50,1,0,10
BRDA:50,1,1,16
BRDA:57,2,0,1
BRDA:57,2,1,9
BRDA:57,3,0,10
BRDA:57,3,1,9
BRDA:57,3,2,9
BRDA:57,3,3,9
BRDA:62,4,0,9
BRDA:62,4,1,8
BRDA:72,5,0,9
BRDA:72,5,1,8
BRDA:72,5,2,8
BRDA:86,6,0,0
BRDA:117,7,0,1
BRDA:122,8,0,2
BRDA:122,9,0,7
BRDA:122,9,1,2
BRDA:143,10,0,2
BRDA:143,10,1,0
BRDA:179,11,0,5
BRDA:179,11,1,1
BRDA:181,12,0,1
BRDA:181,12,1,0
BRDA:208,13,0,3
BRDA:210,14,0,1
BRDA:210,15,0,3
BRDA:210,15,1,1
BRDA:210,15,2,1
BRDA:239,16,0,0
BRDA:239,17,0,3
BRDA:239,17,1,0
BRDA:239,17,2,0
BRDA:261,18,0,1
BRDA:272,19,0,0
BRDA:272,20,0,2
BRDA:272,20,1,0
BRDA:272,20,2,0
BRDA:300,21,0,0
BRDA:300,22,0,1
BRDA:300,22,1,0
BRDA:300,22,2,0
BRF:43
BRH:31
end_of_record
TN:
SF:src\files\dto\file-upload.dto.ts
FN:7,(anonymous_2)
FN:20,(anonymous_3)
FN:29,(anonymous_4)
FN:289,(anonymous_5)
FNF:4
FNH:0
FNDA:0,(anonymous_2)
FNDA:0,(anonymous_3)
FNDA:0,(anonymous_4)
FNDA:0,(anonymous_5)
DA:1,0
DA:2,0
DA:7,0
DA:8,0
DA:9,0
DA:10,0
DA:11,0
DA:12,0
DA:13,0
DA:14,0
DA:20,0
DA:21,0
DA:22,0
DA:23,0
DA:29,0
DA:37,0
DA:46,0
DA:56,0
DA:67,0
DA:76,0
DA:86,0
DA:96,0
DA:104,0
DA:116,0
DA:128,0
DA:136,0
DA:146,0
DA:152,0
DA:161,0
DA:171,0
DA:181,0
DA:190,0
DA:199,0
DA:205,0
DA:212,0
DA:220,0
DA:228,0
DA:234,0
DA:236,0
DA:239,0
DA:242,0
DA:245,0
DA:248,0
DA:251,0
DA:254,0
DA:257,0
DA:260,0
DA:266,0
DA:268,0
DA:271,0
DA:274,0
DA:277,0
DA:280,0
DA:283,0
DA:289,0
DA:300,0
DA:312,0
DA:321,0
LF:58
LH:0
BRDA:7,0,0,0
BRDA:7,0,1,0
BRDA:20,1,0,0
BRDA:20,1,1,0
BRF:4
BRH:0
end_of_record
TN:
SF:src\files\dto\files.dto.ts
FN:54,(anonymous_2)
FN:55,(anonymous_3)
FN:56,(anonymous_4)
FN:57,(anonymous_5)
FN:58,(anonymous_6)
FN:59,(anonymous_7)
FN:60,(anonymous_8)
FN:61,(anonymous_9)
FNF:8
FNH:0
FNDA:0,(anonymous_2)
FNDA:0,(anonymous_3)
FNDA:0,(anonymous_4)
FNDA:0,(anonymous_5)
FNDA:0,(anonymous_6)
FNDA:0,(anonymous_7)
FNDA:0,(anonymous_8)
FNDA:0,(anonymous_9)
DA:1,0
DA:6,0
DA:9,0
DA:13,0
DA:17,0
DA:22,0
DA:27,0
DA:30,0
DA:33,0
DA:37,0
DA:41,0
DA:45,0
DA:49,0
DA:53,0
DA:54,0
DA:55,0
DA:56,0
DA:57,0
DA:58,0
DA:59,0
DA:60,0
DA:61,0
LF:22
LH:0
BRF:0
BRH:0
end_of_record
TN:
SF:src\grading\grading.controller.ts
FN:20,(anonymous_4)
FN:27,(anonymous_5)
FN:36,(anonymous_6)
FN:44,(anonymous_7)
FN:51,(anonymous_8)
FN:62,(anonymous_9)
FN:71,(anonymous_10)
FN:82,(anonymous_11)
FN:87,(anonymous_12)
FN:99,(anonymous_13)
FN:110,(anonymous_14)
FN:123,(anonymous_15)
FN:128,(anonymous_16)
FN:136,(anonymous_17)
FNF:14
FNH:0
FNDA:0,(anonymous_4)
FNDA:0,(anonymous_5)
FNDA:0,(anonymous_6)
FNDA:0,(anonymous_7)
FNDA:0,(anonymous_8)
FNDA:0,(anonymous_9)
FNDA:0,(anonymous_10)
FNDA:0,(anonymous_11)
FNDA:0,(anonymous_12)
FNDA:0,(anonymous_13)
FNDA:0,(anonymous_14)
FNDA:0,(anonymous_15)
FNDA:0,(anonymous_16)
FNDA:0,(anonymous_17)
DA:1,0
DA:4,0
DA:5,0
DA:6,0
DA:11,0
DA:12,0
DA:13,0
DA:19,0
DA:20,0
DA:27,0
DA:32,0
DA:36,0
DA:40,0
DA:44,0
DA:45,0
DA:51,0
DA:56,0
DA:62,0
DA:63,0
DA:71,0
DA:76,0
DA:82,0
DA:83,0
DA:87,0
DA:91,0
DA:99,0
DA:104,0
DA:110,0
DA:115,0
DA:123,0
DA:124,0
DA:128,0
DA:132,0
DA:136,0
DA:137,0
LF:35
LH:0
BRF:0
BRH:0
end_of_record
TN:
SF:src\grading\grading.module.ts
FNF:0
FNH:0
DA:1,0
DA:2,0
DA:3,0
DA:10,0
LF:4
LH:0
BRF:0
BRH:0
end_of_record
TN:
SF:src\grading\grading.service.ts
FN:16,(anonymous_2)
FN:20,(anonymous_3)
FN:40,(anonymous_4)
FN:72,(anonymous_5)
FN:97,(anonymous_6)
FN:109,(anonymous_7)
FN:120,(anonymous_8)
FN:164,(anonymous_9)
FN:193,(anonymous_10)
FN:204,(anonymous_11)
FN:255,(anonymous_12)
FN:264,(anonymous_13)
FN:312,(anonymous_14)
FN:312,(anonymous_15)
FN:319,(anonymous_16)
FN:335,(anonymous_17)
FN:350,(anonymous_18)
FN:352,(anonymous_19)
FN:358,(anonymous_20)
FN:359,(anonymous_21)
FN:360,(anonymous_22)
FN:374,(anonymous_23)
FN:384,(anonymous_24)
FN:421,(anonymous_25)
FNF:24
FNH:0
FNDA:0,(anonymous_2)
FNDA:0,(anonymous_3)
FNDA:0,(anonymous_4)
FNDA:0,(anonymous_5)
FNDA:0,(anonymous_6)
FNDA:0,(anonymous_7)
FNDA:0,(anonymous_8)
FNDA:0,(anonymous_9)
FNDA:0,(anonymous_10)
FNDA:0,(anonymous_11)
FNDA:0,(anonymous_12)
FNDA:0,(anonymous_13)
FNDA:0,(anonymous_14)
FNDA:0,(anonymous_15)
FNDA:0,(anonymous_16)
FNDA:0,(anonymous_17)
FNDA:0,(anonymous_18)
FNDA:0,(anonymous_19)
FNDA:0,(anonymous_20)
FNDA:0,(anonymous_21)
FNDA:0,(anonymous_22)
FNDA:0,(anonymous_23)
FNDA:0,(anonymous_24)
FNDA:0,(anonymous_25)
DA:1,0
DA:2,0
DA:9,0
DA:10,0
DA:13,0
DA:14,0
DA:16,0
DA:21,0
DA:22,0
DA:24,0
DA:41,0
DA:42,0
DA:44,0
DA:45,0
DA:47,0
DA:61,0
DA:73,0
DA:93,0
DA:94,0
DA:98,0
DA:99,0
DA:100,0
DA:103,0
DA:104,0
DA:106,0
DA:110,0
DA:111,0
DA:112,0
DA:115,0
DA:121,0
DA:125,0
DA:127,0
DA:128,0
DA:131,0
DA:134,0
DA:138,0
DA:140,0
DA:152,0
DA:165,0
DA:166,0
DA:168,0
DA:182,0
DA:194,0
DA:198,0
DA:199,0
DA:205,0
DA:209,0
DA:212,0
DA:213,0
DA:218,0
DA:220,0
DA:222,0
DA:238,0
DA:256,0
DA:257,0
DA:264,0
DA:265,0
DA:267,0
DA:269,0
DA:270,0
DA:275,0
DA:278,0
DA:280,0
DA:281,0
DA:303,0
DA:305,0
DA:309,0
DA:312,0
DA:314,0
DA:320,0
DA:326,0
DA:334,0
DA:335,0
DA:339,0
DA:340,0
DA:341,0
DA:342,0
DA:350,0
DA:351,0
DA:352,0
DA:358,0
DA:359,0
DA:360,0
DA:361,0
DA:362,0
DA:364,0
DA:371,0
DA:375,0
DA:378,0
DA:379,0
DA:380,0
DA:384,0
DA:387,0
DA:388,0
DA:390,0
DA:408,0
DA:422,0
DA:423,0
DA:424,0
DA:425,0
DA:426,0
DA:427,0
DA:428,0
DA:429,0
DA:430,0
DA:431,0
DA:432,0
DA:433,0
DA:434,0
LF:109
LH:0
BRDA:22,0,0,0
BRDA:30,1,0,0
BRDA:30,1,1,0
BRDA:31,2,0,0
BRDA:31,2,1,0
BRDA:40,3,0,0
BRDA:40,4,0,0
BRDA:45,5,0,0
BRDA:93,6,0,0
BRDA:99,7,0,0
BRDA:104,8,0,0
BRDA:111,9,0,0
BRDA:111,10,0,0
BRDA:111,10,1,0
BRDA:125,11,0,0
BRDA:127,12,0,0
BRDA:138,13,0,0
BRDA:144,14,0,0
BRDA:144,14,1,0
BRDA:157,15,0,0
BRDA:157,15,1,0
BRDA:164,16,0,0
BRDA:164,17,0,0
BRDA:198,18,0,0
BRDA:209,19,0,0
BRDA:212,20,0,0
BRDA:218,21,0,0
BRDA:218,21,1,0
BRDA:220,22,0,0
BRDA:257,23,0,0
BRDA:269,24,0,0
BRDA:278,25,0,0
BRDA:278,25,1,0
BRDA:341,26,0,0
BRDA:351,27,0,0
BRDA:351,27,1,0
BRDA:354,28,0,0
BRDA:354,28,1,0
BRDA:361,29,0,0
BRDA:361,29,1,0
BRDA:362,30,0,0
BRDA:362,30,1,0
BRDA:374,31,0,0
BRDA:374,32,0,0
BRDA:379,33,0,0
BRDA:388,34,0,0
BRDA:423,35,0,0
BRDA:424,36,0,0
BRDA:425,37,0,0
BRDA:426,38,0,0
BRDA:427,39,0,0
BRDA:428,40,0,0
BRDA:429,41,0,0
BRDA:430,42,0,0
BRDA:431,43,0,0
BRDA:432,44,0,0
BRDA:433,45,0,0
BRF:57
BRH:0
end_of_record
TN:
SF:src\grading\dto\grading.dto.ts
FN:5,(anonymous_2)
FN:137,(anonymous_3)
FNF:2
FNH:0
FNDA:0,(anonymous_2)
FNDA:0,(anonymous_3)
DA:1,0
DA:2,0
DA:3,0
DA:5,0
DA:6,0
DA:7,0
DA:8,0
DA:9,0
DA:14,0
DA:18,0
DA:24,0
DA:27,0
DA:33,0
DA:38,0
DA:41,0
DA:46,0
DA:52,0
DA:56,0
DA:62,0
DA:67,0
DA:71,0
DA:76,0
DA:81,0
DA:87,0
DA:92,0
DA:96,0
DA:102,0
DA:108,0
DA:114,0
DA:119,0
DA:125,0
DA:131,0
DA:134,0
DA:137,0
DA:138,0
LF:35
LH:0
BRDA:5,0,0,0
BRDA:5,0,1,0
BRF:2
BRH:0
end_of_record
TN:
SF:src\health\health.controller.ts
FN:15,(anonymous_2)
FN:19,(anonymous_3)
FN:28,(anonymous_4)
FN:104,(anonymous_5)
FN:115,(anonymous_6)
FNF:5
FNH:4
FNDA:5,(anonymous_2)
FNDA:0,(anonymous_3)
FNDA:2,(anonymous_4)
FNDA:2,(anonymous_5)
FNDA:1,(anonymous_6)
DA:1,1
DA:2,1
DA:3,1
DA:5,1
DA:9,1
DA:10,5
DA:11,5
DA:12,5
DA:13,5
DA:15,5
DA:17,5
DA:18,5
DA:19,5
DA:20,0
DA:28,1
DA:29,2
DA:30,2
DA:33,2
DA:34,2
DA:35,2
DA:36,1
DA:41,1
DA:42,1
DA:46,1
DA:50,2
DA:51,2
DA:52,2
DA:53,2
DA:54,2
DA:59,0
DA:63,0
DA:66,0
DA:67,0
DA:71,0
DA:75,2
DA:76,2
DA:77,2
DA:78,0
DA:82,0
DA:84,2
DA:90,2
DA:99,2
DA:104,1
DA:105,2
DA:106,2
DA:107,1
DA:109,1
DA:115,1
DA:116,1
LF:49
LH:41
BRDA:12,0,0,5
BRDA:12,0,1,5
BRDA:17,1,0,5
BRDA:17,1,1,0
BRDA:52,2,0,2
BRDA:52,2,1,0
BRDA:63,3,0,0
BRDA:71,4,0,0
BRDA:77,5,0,0
BRDA:77,5,1,2
BRDA:82,6,0,0
BRDA:94,7,0,2
BRDA:94,7,1,0
BRF:13
BRH:6
end_of_record
TN:
SF:src\health\health.module.ts
FN:8,(anonymous_2)
FN:12,(anonymous_3)
FNF:2
FNH:0
FNDA:0,(anonymous_2)
FNDA:0,(anonymous_3)
DA:1,0
DA:2,0
DA:3,0
DA:7,0
DA:8,0
DA:12,0
DA:13,0
DA:14,0
DA:27,0
LF:9
LH:0
BRDA:15,0,0,0
BRDA:15,0,1,0
BRDA:18,1,0,0
BRDA:18,1,1,0
BRF:4
BRH:0
end_of_record
TN:
SF:src\mentions\mentions.controller.ts
FN:23,(anonymous_4)
FN:28,(anonymous_5)
[...]
DA:29,0
DA:30,0
DA:39,0
DA:40,0
DA:43,0
DA:44,0
DA:50,0
DA:53,0
DA:55,0
DA:56,0
LF:25
LH:0
BRDA:16,0,0,0
BRDA:22,1,0,0
BRDA:22,1,1,0
BRDA:24,2,0,0
BRDA:39,3,0,0
BRDA:39,4,0,0
BRDA:39,4,1,0
BRDA:43,5,0,0
BRF:8
BRH:0
end_of_record
TN:
SF:src\messaging\guards\index.ts
FN:1,(anonymous_0)
FNF:1
FNH:0
FNDA:0,(anonymous_0)
DA:1,0
LF:1
LH:0
BRF:0
BRH:0
end_of_record
TN:
SF:src\messaging\handlers\channel.handler.ts
FN:18,(anonymous_2)
FN:25,(anonymous_3)
FN:54,(anonymous_4)
FNF:3
FNH:0
FNDA:0,(anonymous_2)
FNDA:0,(anonymous_3)
FNDA:0,(anonymous_4)
DA:1,0
DA:3,0
DA:15,0
DA:16,0
DA:19,0
DA:29,0
DA:30,0
DA:34,0
DA:43,0
DA:44,0
DA:47,0
DA:48,0
DA:58,0
DA:59,0
DA:62,0
DA:63,0
LF:16
LH:0
BRDA:29,0,0,0
BRDA:43,1,0,0
BRDA:43,2,0,0
BRDA:43,2,1,0
BRDA:58,3,0,0
BRF:5
BRH:0
end_of_record
TN:
SF:src\messaging\handlers\index.ts
FN:1,(anonymous_0)
FN:2,(anonymous_1)
FN:3,(anonymous_2)
FN:4,(anonymous_3)
FNF:4
FNH:0
FNDA:0,(anonymous_0)
FNDA:0,(anonymous_1)
FNDA:0,(anonymous_2)
FNDA:0,(anonymous_3)
DA:1,0
DA:2,0
DA:3,0
DA:4,0
LF:4
LH:0
BRF:0
BRH:0
end_of_record
TN:
SF:src\messaging\handlers\message.handler.ts
FN:25,(anonymous_2)
FN:33,(anonymous_3)
FN:60,(anonymous_4)
FN:94,(anonymous_5)
FN:135,(anonymous_6)
FN:178,(anonymous_7)
FN:193,(anonymous_8)
FNF:7
FNH:7
FNDA:20,(anonymous_2)
FNDA:4,(anonymous_3)
FNDA:3,(anonymous_4)
FNDA:5,(anonymous_5)
FNDA:3,(anonymous_6)
FNDA:5,(anonymous_7)
FNDA:9,(anonymous_8)
DA:1,1
DA:3,1
DA:4,1
DA:22,1
DA:23,20
DA:26,20
DA:27,20
DA:38,4
DA:39,1
DA:42,3
DA:43,3
DA:49,2
DA:50,2
DA:52,1
DA:53,1
DA:65,3
DA:66,1
DA:69,2
DA:70,2
DA:77,1
DA:84,1
DA:86,1
DA:87,1
DA:99,5
DA:100,1
DA:103,4
DA:104,4
DA:108,4
DA:109,1
DA:112,3
DA:119,2
DA:125,2
DA:127,1
DA:128,1
DA:140,3
DA:141,1
DA:144,2
DA:146,2
DA:162,1
DA:168,1
DA:170,1
DA:171,1
DA:183,5
DA:184,1
DA:187,4
DA:189,4
DA:190,4
DA:192,4
DA:194,9
DA:203,3
DA:204,6
DA:211,3
DA:213,1
DA:214,1
LF:54
LH:54
BRDA:38,0,0,1
BRDA:65,1,0,1
BRDA:99,2,0,1
BRDA:108,3,0,1
BRDA:140,4,0,1
BRDA:183,5,0,1
BRF:6
BRH:6
end_of_record
TN:
SF:src\messaging\handlers\reaction.handler.ts
FN:19,(anonymous_2)
FN:27,(anonymous_3)
FN:70,(anonymous_4)
FNF:3
FNH:0
FNDA:0,(anonymous_2)
FNDA:0,(anonymous_3)
FNDA:0,(anonymous_4)
DA:1,0
DA:3,0
DA:4,0
DA:16,0
DA:17,0
DA:20,0
DA:21,0
DA:32,0
DA:33,0
DA:36,0
DA:37,0
DA:44,0
DA:49,0
DA:50,0
DA:60,0
DA:62,0
DA:63,0
DA:75,0
DA:76,0
DA:79,0
DA:80,0
DA:87,0
DA:92,0
DA:93,0
DA:101,0
DA:103,0
DA:104,0
LF:27
LH:0
BRDA:32,0,0,0
BRDA:49,1,0,0
BRDA:75,2,0,0
BRDA:92,3,0,0
BRF:4
BRH:0
end_of_record
TN:
SF:src\messaging\handlers\typing.handler.ts
FN:18,(anonymous_2)
FN:25,(anonymous_3)
FN:67,(anonymous_4)
FN:98,(anonymous_5)
FNF:4
FNH:0
FNDA:0,(anonymous_2)
FNDA:0,(anonymous_3)
FNDA:0,(anonymous_4)
FNDA:0,(anonymous_5)
DA:1,0
DA:3,0
DA:15,0
DA:16,0
DA:19,0
DA:29,0
DA:31,0
DA:34,0
DA:40,0
DA:41,0
DA:45,0
DA:48,0
DA:56,0
DA:71,0
DA:73,0
DA:76,0
DA:79,0
DA:87,0
DA:102,0
DA:103,0
DA:106,0
DA:108,0
DA:113,0
DA:119,0
DA:120,0
LF:25
LH:0
BRDA:29,0,0,0
BRDA:31,1,0,0
BRDA:31,1,1,0
BRDA:40,2,0,0
BRDA:71,3,0,0
BRDA:73,4,0,0
BRDA:73,4,1,0
BRDA:102,5,0,0
BRF:8
BRH:0
end_of_record
TN:
SF:src\metrics\index.ts
FNF:0
FNH:0
DA:1,0
DA:2,0
DA:3,0
LF:3
LH:0
BRF:0
BRH:0
end_of_record
TN:
SF:src\metrics\metrics.controller.ts
FN:19,(anonymous_4)
FN:30,(anonymous_5)
FN:47,(anonymous_6)
FN:60,(anonymous_7)
FN:81,(anonymous_8)
FN:100,(anonymous_9)
FNF:6
FNH:0
FNDA:0,(anonymous_4)
FNDA:0,(anonymous_5)
FNDA:0,(anonymous_6)
FNDA:0,(anonymous_7)
FNDA:0,(anonymous_8)
FNDA:0,(anonymous_9)
DA:1,0
DA:3,0
DA:4,0
DA:5,0
DA:6,0
DA:7,0
DA:8,0
DA:18,0
DA:19,0
DA:30,0
DA:31,0
DA:32,0
DA:33,0
DA:47,0
DA:48,0
DA:51,0
DA:56,0
DA:57,0
DA:60,0
DA:67,0
DA:81,0
DA:82,0
DA:100,0
DA:101,0
LF:24
LH:0
BRF:0
BRH:0
end_of_record
TN:
SF:src\metrics\metrics.module.ts
FNF:0
FNH:0
DA:1,0
DA:2,0
DA:3,0
DA:4,0
DA:29,0
LF:5
LH:0
BRF:0
BRH:0
end_of_record
TN:
SF:src\metrics\metrics.service.ts
FN:53,(anonymous_2)
FN:176,(anonymous_3)
FN:188,(anonymous_4)
FN:197,(anonymous_5)
FN:204,(anonymous_6)
FN:211,(anonymous_7)
FN:218,(anonymous_8)
FN:225,(anonymous_9)
FN:233,(anonymous_10)
FN:240,(anonymous_11)
FN:249,(anonymous_12)
FN:259,(anonymous_13)
FN:266,(anonymous_14)
FN:277,(anonymous_15)
FN:290,(anonymous_16)
FN:297,(anonymous_17)
FN:308,(anonymous_18)
FN:316,(anonymous_19)
FN:323,(anonymous_20)
FN:330,(anonymous_21)
FN:337,(anonymous_22)
FN:344,(anonymous_23)
FN:351,(anonymous_24)
FN:358,(anonymous_25)
FNF:24
FNH:0
FNDA:0,(anonymous_2)
FNDA:0,(anonymous_3)
FNDA:0,(anonymous_4)
FNDA:0,(anonymous_5)
FNDA:0,(anonymous_6)
FNDA:0,(anonymous_7)
FNDA:0,(anonymous_8)
FNDA:0,(anonymous_9)
FNDA:0,(anonymous_10)
FNDA:0,(anonymous_11)
FNDA:0,(anonymous_12)
FNDA:0,(anonymous_13)
FNDA:0,(anonymous_14)
FNDA:0,(anonymous_15)
FNDA:0,(anonymous_16)
FNDA:0,(anonymous_17)
FNDA:0,(anonymous_18)
FNDA:0,(anonymous_19)
FNDA:0,(anonymous_20)
FNDA:0,(anonymous_21)
FNDA:0,(anonymous_22)
FNDA:0,(anonymous_23)
FNDA:0,(anonymous_24)
FNDA:0,(anonymous_25)
DA:1,0
DA:2,0
DA:3,0
DA:15,0
DA:16,0
DA:50,0
DA:51,0
DA:53,0
DA:55,0
DA:62,0
DA:68,0
DA:74,0
DA:79,0
DA:84,0
DA:90,0
DA:96,0
DA:102,0
DA:107,0
DA:113,0
DA:119,0
DA:126,0
DA:132,0
DA:138,0
DA:144,0
DA:150,0
DA:157,0
DA:158,0
DA:159,0
DA:160,0
DA:161,0
DA:162,0
DA:163,0
DA:164,0
DA:165,0
DA:166,0
DA:167,0
DA:168,0
DA:169,0
DA:170,0
DA:171,0
DA:172,0
DA:173,0
DA:178,0
DA:182,0
DA:189,0
DA:198,0
DA:205,0
DA:212,0
DA:219,0
DA:226,0
DA:227,0
DA:234,0
DA:241,0
DA:242,0
DA:243,0
DA:250,0
DA:251,0
DA:252,0
DA:253,0
DA:260,0
DA:267,0
DA:268,0
DA:269,0
DA:270,0
DA:278,0
DA:279,0
DA:280,0
DA:281,0
DA:282,0
DA:291,0
DA:298,0
DA:299,0
DA:300,0
DA:301,0
DA:309,0
DA:310,0
DA:317,0
DA:324,0
DA:331,0
DA:338,0
DA:345,0
DA:352,0
DA:359,0
LF:83
LH:0
BRDA:241,0,0,0
BRDA:241,0,1,0
BRDA:250,1,0,0
BRDA:250,1,1,0
BRDA:259,2,0,0
BRDA:268,3,0,0
BRDA:269,4,0,0
BRDA:269,4,1,0
BRDA:279,5,0,0
BRDA:280,6,0,0
BRDA:280,6,1,0
BRDA:281,7,0,0
BRDA:297,8,0,0
BRDA:298,9,0,0
BRDA:298,9,1,0
BRDA:300,10,0,0
BRDA:323,11,0,0
BRDA:330,12,0,0
BRF:18
BRH:0
end_of_record
TN:
SF:src\moderation\moderation.controller.ts
FN:25,(anonymous_4)
FN:30,(anonymous_5)
FN:44,(anonymous_6)
FN:50,(anonymous_7)
FN:60,(anonymous_8)
FN:69,(anonymous_9)
FN:78,(anonymous_10)
FN:87,(anonymous_11)
FN:96,(anonymous_12)
FN:101,(anonymous_13)
FN:106,(anonymous_14)
FN:111,(anonymous_15)
FN:116,(anonymous_16)
FNF:13
FNH:0
FNDA:0,(anonymous_4)
FNDA:0,(anonymous_5)
FNDA:0,(anonymous_6)
FNDA:0,(anonymous_7)
FNDA:0,(anonymous_8)
FNDA:0,(anonymous_9)
FNDA:0,(anonymous_10)
FNDA:0,(anonymous_11)
FNDA:0,(anonymous_12)
FNDA:0,(anonymous_13)
FNDA:0,(anonymous_14)
FNDA:0,(anonymous_15)
FNDA:0,(anonymous_16)
DA:1,0
DA:13,0
DA:14,0
DA:15,0
DA:16,0
DA:17,0
DA:24,0
DA:25,0
DA:30,0
DA:35,0
DA:44,0
DA:45,0
DA:50,0
DA:55,0
DA:60,0
DA:65,0
DA:69,0
DA:74,0
DA:78,0
DA:83,0
DA:87,0
DA:92,0
DA:96,0
DA:97,0
DA:101,0
DA:102,0
DA:106,0
DA:107,0
DA:111,0
DA:112,0
DA:116,0
DA:121,0
LF:32
LH:0
BRDA:37,0,0,0
BRDA:37,0,1,0
BRDA:38,1,0,0
BRDA:38,1,1,0
BRDA:123,2,0,0
BRDA:123,2,1,0
BRDA:123,3,0,0
BRDA:123,3,1,0
BRDA:124,4,0,0
BRDA:124,4,1,0
BRDA:124,5,0,0
BRDA:124,5,1,0
BRF:12
BRH:0
end_of_record
TN:
SF:src\moderation\moderation.module.ts
FNF:0
FNH:0
DA:1,0
DA:2,0
DA:3,0
DA:10,0
LF:4
LH:0
BRF:0
BRH:0
end_of_record
TN:
SF:src\moderation\moderation.service.ts
FN:9,(anonymous_2)
FN:11,(anonymous_3)
FN:33,(anonymous_4)
FN:55,(anonymous_5)
FN:77,(anonymous_6)
FN:99,(anonymous_7)
FN:119,(anonymous_8)
FN:138,(anonymous_9)
FN:157,(anonymous_10)
FN:188,(anonymous_11)
FN:208,(anonymous_12)
FN:237,(anonymous_13)
FN:247,(anonymous_14)
FNF:13
FNH:0
FNDA:0,(anonymous_2)
FNDA:0,(anonymous_3)
FNDA:0,(anonymous_4)
FNDA:0,(anonymous_5)
FNDA:0,(anonymous_6)
FNDA:0,(anonymous_7)
FNDA:0,(anonymous_8)
FNDA:0,(anonymous_9)
FNDA:0,(anonymous_10)
FNDA:0,(anonymous_11)
FNDA:0,(anonymous_12)
FNDA:0,(anonymous_13)
FNDA:0,(anonymous_14)
DA:1,0
DA:2,0
DA:3,0
DA:6,0
DA:7,0
DA:9,0
DA:12,0
DA:15,0
DA:17,0
DA:22,0
DA:29,0
DA:30,0
DA:34,0
DA:37,0
DA:39,0
DA:44,0
DA:51,0
DA:52,0
DA:56,0
DA:59,0
DA:61,0
DA:66,0
DA:73,0
DA:74,0
DA:78,0
DA:81,0
DA:83,0
DA:88,0
DA:95,0
DA:96,0
DA:100,0
DA:101,0
DA:103,0
DA:108,0
DA:115,0
DA:116,0
DA:120,0
DA:121,0
DA:123,0
DA:128,0
DA:134,0
DA:135,0
DA:139,0
DA:140,0
DA:142,0
DA:147,0
DA:153,0
DA:154,0
DA:158,0
DA:159,0
DA:161,0
DA:178,0
DA:189,0
DA:209,0
DA:210,0
DA:211,0
DA:213,0
DA:234,0
DA:238,0
DA:244,0
DA:248,0
DA:249,0
DA:251,0
DA:255,0
DA:256,0
DA:257,0
DA:260,0
DA:269,0
DA:276,0
DA:277,0
LF:70
LH:0
BRDA:15,0,0,0
BRDA:37,1,0,0
BRDA:59,2,0,0
BRDA:81,3,0,0
BRDA:101,4,0,0
BRDA:121,5,0,0
BRDA:140,6,0,0
BRDA:157,7,0,0
BRDA:157,8,0,0
BRDA:163,9,0,0
BRDA:163,9,1,0
BRDA:174,10,0,0
BRDA:174,10,1,0
BRDA:209,11,0,0
BRDA:209,12,0,0
BRDA:211,13,0,0
BRDA:211,13,1,0
BRDA:249,14,0,0
BRDA:255,15,0,0
BRDA:256,16,0,0
BRDA:256,17,0,0
BRDA:256,17,1,0
BRF:22
BRH:0
end_of_record
TN:
SF:src\notifications\email.service.ts
FN:28,(anonymous_11)
FN:36,(anonymous_12)
FN:64,(anonymous_13)
FN:73,(anonymous_14)
FN:75,(anonymous_15)
FN:84,(anonymous_16)
FN:91,(anonymous_17)
FN:115,(anonymous_18)
FN:133,(anonymous_19)
FN:162,(anonymous_20)
FN:190,(anonymous_21)
FN:219,(anonymous_22)
FN:246,(anonymous_23)
FN:268,(anonymous_24)
FN:293,(anonymous_25)
FN:319,(anonymous_26)
FNF:16
FNH:0
FNDA:0,(anonymous_11)
FNDA:0,(anonymous_12)
FNDA:0,(anonymous_13)
FNDA:0,(anonymous_14)
FNDA:0,(anonymous_15)
FNDA:0,(anonymous_16)
FNDA:0,(anonymous_17)
FNDA:0,(anonymous_18)
FNDA:0,(anonymous_19)
FNDA:0,(anonymous_20)
FNDA:0,(anonymous_21)
FNDA:0,(anonymous_22)
FNDA:0,(anonymous_23)
FNDA:0,(anonymous_24)
FNDA:0,(anonymous_25)
FNDA:0,(anonymous_26)
DA:1,3
DA:2,3
DA:3,3
DA:5,3
DA:6,3
DA:23,3
DA:25,0
DA:29,0
DA:30,0
DA:32,0
DA:33,0
DA:37,0
DA:38,0
DA:39,0
DA:40,0
DA:41,0
DA:43,0
DA:44,0
DA:46,0
DA:47,0
DA:50,0
DA:64,0
DA:65,0
DA:66,0
DA:68,0
DA:74,0
DA:76,0
DA:77,0
DA:78,0
DA:79,0
DA:80,0
DA:81,0
DA:82,0
DA:84,0
DA:92,0
DA:93,0
DA:94,0
DA:96,0
DA:104,0
DA:105,0
DA:107,0
DA:108,0
DA:116,0
DA:126,0
DA:127,0
DA:144,0
DA:151,0
DA:170,0
DA:179,0
DA:201,0
DA:208,0
DA:225,0
DA:226,0
DA:228,0
DA:235,0
DA:251,0
DA:257,0
DA:269,0
DA:277,0
DA:278,0
DA:282,0
DA:283,0
DA:284,0
DA:287,0
DA:300,0
DA:307,0
DA:320,0
DA:321,0
DA:323,0
DA:330,0
DA:331,0
LF:71
LH:6
BRDA:37,0,0,0
BRDA:37,0,1,0
BRDA:38,1,0,0
BRDA:38,1,1,0
BRDA:43,2,0,0
BRDA:43,3,0,0
BRDA:43,3,1,0
BRDA:65,4,0,0
BRDA:65,4,1,0
BRDA:93,5,0,0
BRDA:93,5,1,0
BRDA:94,6,0,0
BRDA:94,6,1,0
BRDA:97,7,0,0
BRDA:97,7,1,0
BRDA:142,8,0,0
BRDA:148,9,0,0
BRDA:148,9,1,0
BRDA:168,10,0,0
BRDA:176,11,0,0
BRDA:176,11,1,0
BRDA:205,12,0,0
BRDA:205,12,1,0
BRDA:223,13,0,0
BRDA:225,14,0,0
BRDA:225,14,1,0
BRDA:254,15,0,0
BRDA:254,15,1,0
BRDA:277,16,0,0
BRDA:277,17,0,0
BRDA:277,17,1,0
BRDA:283,18,0,0
BRDA:283,19,0,0
BRDA:283,19,1,0
BRDA:319,20,0,0
BRF:35
BRH:0
end_of_record
TN:
SF:src\notifications\index.ts
FNF:0
FNH:0
DA:2,0
DA:3,0
DA:4,0
DA:5,0
LF:4
LH:0
BRF:0
BRH:0
end_of_record
TN:
SF:src\notifications\notifications.module.ts
FNF:0
FNH:0
DA:1,0
DA:2,0
DA:3,0
DA:4,0
DA:5,0
DA:15,0
LF:6
LH:0
BRF:0
BRH:0
end_of_record
TN:
SF:src\notifications\queue.processor.ts
FN:20,(anonymous_2)
FN:30,(anonymous_3)
FN:48,(anonymous_4)
FN:57,(anonymous_5)
FN:66,(anonymous_6)
FN:75,(anonymous_7)
FN:103,(anonymous_8)
FN:107,(anonymous_9)
FN:136,(anonymous_10)
FN:206,(anonymous_11)
FN:214,(anonymous_12)
FN:277,(anonymous_13)
FN:338,(anonymous_14)
FN:342,(anonymous_15)
FN:347,(anonymous_16)
FN:360,(anonymous_17)
FN:361,(anonymous_18)
FN:367,(anonymous_19)
FN:374,(anonymous_20)
FN:387,(anonymous_21)
FNF:20
FNH:0
FNDA:0,(anonymous_2)
FNDA:0,(anonymous_3)
FNDA:0,(anonymous_4)
FNDA:0,(anonymous_5)
FNDA:0,(anonymous_6)
FNDA:0,(anonymous_7)
FNDA:0,(anonymous_8)
FNDA:0,(anonymous_9)
FNDA:0,(anonymous_10)
FNDA:0,(anonymous_11)
FNDA:0,(anonymous_12)
FNDA:0,(anonymous_13)
FNDA:0,(anonymous_14)
FNDA:0,(anonymous_15)
FNDA:0,(anonymous_16)
FNDA:0,(anonymous_17)
FNDA:0,(anonymous_18)
FNDA:0,(anonymous_19)
FNDA:0,(anonymous_20)
FNDA:0,(anonymous_21)
DA:1,0
DA:2,0
DA:3,0
DA:4,0
DA:13,0
DA:14,0
DA:15,0
DA:16,0
DA:17,0
DA:18,0
DA:21,0
DA:22,0
DA:30,0
DA:31,0
DA:32,0
DA:33,0
DA:36,0
DA:37,0
DA:38,0
DA:40,0
DA:48,0
DA:49,0
DA:50,0
DA:57,0
DA:58,0
DA:59,0
DA:66,0
DA:67,0
DA:68,0
DA:69,0
DA:76,0
DA:78,0
DA:80,0
DA:91,0
DA:92,0
DA:95,0
DA:98,0
DA:99,0
DA:102,0
DA:103,0
DA:107,0
DA:108,0
DA:109,0
DA:110,0
DA:112,0
DA:117,0
DA:118,0
DA:122,0
DA:127,0
DA:130,0
DA:137,0
DA:139,0
DA:148,0
DA:154,0
DA:156,0
DA:163,0
DA:164,0
DA:166,0
DA:170,0
DA:173,0
DA:177,0
DA:179,0
DA:183,0
DA:186,0
DA:187,0
DA:190,0
DA:196,0
DA:199,0
DA:208,0
DA:215,0
DA:217,0
DA:232,0
DA:233,0
DA:234,0
DA:236,0
DA:239,0
DA:240,0
DA:242,0
DA:243,0
DA:245,0
DA:246,0
DA:250,0
DA:252,0
DA:253,0
DA:257,0
DA:265,0
DA:270,0
DA:282,0
DA:291,0
DA:293,0
DA:294,0
DA:311,0
DA:312,0
DA:313,0
DA:323,0
DA:332,0
DA:342,0
DA:344,0
DA:347,0
DA:361,0
DA:368,0
DA:378,0
DA:388,0
DA:392,0
DA:393,0
DA:396,0
DA:397,0
DA:401,0
DA:410,0
LF:109
LH:0
BRDA:31,0,0,0
BRDA:75,1,0,0
BRDA:91,2,0,0
BRDA:109,3,0,0
BRDA:109,3,1,0
BRDA:109,4,0,0
BRDA:109,4,1,0
BRDA:117,5,0,0
BRDA:154,6,0,0
BRDA:154,6,1,0
BRDA:166,7,0,0
BRDA:166,7,1,0
BRDA:177,8,0,0
BRDA:177,8,1,0
BRDA:177,9,0,0
BRDA:177,9,1,0
BRDA:186,10,0,0
BRDA:186,10,1,0
BRDA:233,11,0,0
BRDA:233,11,1,0
BRDA:243,12,0,0
BRDA:243,12,1,0
BRDA:245,13,0,0
BRDA:245,14,0,0
BRDA:245,14,1,0
BRDA:252,15,0,0
BRDA:259,16,0,0
BRDA:259,16,1,0
BRDA:300,17,0,0
BRDA:300,17,1,0
BRDA:311,18,0,0
BRDA:319,19,0,0
BRDA:319,19,1,0
BRDA:324,20,0,0
BRDA:324,20,1,0
BRDA:345,21,0,0
BRDA:345,21,1,0
BRDA:349,22,0,0
BRDA:349,22,1,0
BRDA:351,23,0,0
BRDA:351,23,1,0
BRDA:392,24,0,0
BRDA:396,25,0,0
BRF:43
BRH:0
end_of_record
TN:
SF:src\notifications\dto\notification-preferences.dto.ts
FNF:0
FNH:0
DA:1,0
DA:3,0
DA:6,0
DA:10,0
DA:14,0
DA:18,0
DA:23,0
DA:27,0
DA:31,0
DA:35,0
LF:10
LH:0
BRF:0
BRH:0
end_of_record
TN:
SF:src\notifications\templates\email-templates.ts
FN:43,(anonymous_0)
FN:49,(anonymous_1)
FN:79,(anonymous_2)
FN:140,(anonymous_3)
FN:155,(anonymous_4)
FN:159,(anonymous_5)
FN:204,(anonymous_6)
FN:222,(anonymous_7)
FN:334,(anonymous_8)
FN:407,(anonymous_9)
FNF:10
FNH:0
FNDA:0,(anonymous_0)
FNDA:0,(anonymous_1)
FNDA:0,(anonymous_2)
FNDA:0,(anonymous_3)
FNDA:0,(anonymous_4)
FNDA:0,(anonymous_5)
FNDA:0,(anonymous_6)
FNDA:0,(anonymous_7)
FNDA:0,(anonymous_8)
FNDA:0,(anonymous_9)
DA:18,3
DA:31,3
DA:43,0
DA:49,3
DA:75,3
DA:87,0
DA:89,0
DA:93,0
DA:97,0
DA:122,0
DA:134,0
DA:151,0
DA:153,0
DA:155,0
DA:157,0
DA:159,0
DA:170,0
DA:198,0
DA:204,0
DA:216,0
DA:233,0
DA:235,0
DA:242,0
DA:243,0
DA:248,0
DA:311,0
DA:328,0
DA:340,0
DA:342,0
DA:344,0
DA:386,0
DA:401,0
DA:412,0
DA:414,0
DA:421,0
DA:423,0
DA:476,0
DA:495,0
LF:38
LH:4
BRDA:89,0,0,0
BRDA:89,0,1,0
BRDA:93,1,0,0
BRDA:93,1,1,0
BRDA:106,2,0,0
BRDA:106,2,1,0
BRDA:126,3,0,0
BRDA:126,3,1,0
BRDA:153,4,0,0
BRDA:153,4,1,0
BRDA:157,5,0,0
BRDA:157,5,1,0
BRDA:163,6,0,0
BRDA:163,6,1,0
BRDA:166,7,0,0
BRDA:166,7,1,0
BRDA:175,8,0,0
BRDA:175,8,1,0
BRDA:179,9,0,0
BRDA:179,9,1,0
BRDA:180,10,0,0
BRDA:180,10,1,0
BRDA:200,11,0,0
BRDA:200,11,1,0
BRDA:202,12,0,0
BRDA:202,12,1,0
BRDA:202,13,0,0
BRDA:202,13,1,0
BRDA:205,14,0,0
BRDA:205,14,1,0
BRDA:207,15,0,0
BRDA:207,15,1,0
BRDA:267,16,0,0
BRDA:267,16,1,0
BRDA:273,17,0,0
BRDA:273,17,1,0
BRDA:279,18,0,0
BRDA:279,18,1,0
BRDA:288,19,0,0
BRDA:288,19,1,0
BRDA:297,20,0,0
BRDA:297,20,1,0
BRDA:298,21,0,0
BRDA:298,21,1,0
BRDA:318,22,0,0
BRDA:318,22,1,0
BRDA:318,23,0,0
BRDA:318,23,1,0
BRDA:318,24,0,0
BRDA:318,24,1,0
BRDA:320,25,0,0
BRDA:320,25,1,0
BRDA:438,26,0,0
BRDA:438,26,1,0
BRDA:482,27,0,0
BRDA:482,27,1,0
BRF:56
BRH:0
end_of_record
TN:
SF:src\prisma\prisma.module.ts
FNF:0
FNH:0
DA:1,0
DA:2,0
DA:9,0
LF:3
LH:0
BRF:0
BRH:0
end_of_record
TN:
SF:src\prisma\prisma.service.ts
FN:8,(anonymous_2)
FN:25,(anonymous_3)
FN:35,(anonymous_4)
FN:43,(anonymous_5)
FN:55,(anonymous_6)
FNF:5
FNH:0
FNDA:0,(anonymous_2)
FNDA:0,(anonymous_3)
FNDA:0,(anonymous_4)
FNDA:0,(anonymous_5)
FNDA:0,(anonymous_6)
DA:1,6
DA:2,6
DA:5,6
DA:6,0
DA:10,0
DA:12,0
DA:26,0
DA:27,0
DA:30,0
DA:31,0
DA:36,0
DA:37,0
DA:44,0
DA:45,0
DA:47,0
DA:48,0
DA:56,0
DA:57,0
DA:58,0
DA:60,0
LF:20
LH:3
BRDA:19,0,0,0
BRDA:19,0,1,0
BRDA:30,1,0,0
BRF:3
BRH:0
end_of_record
TN:
SF:src\redis\index.ts
FN:1,(anonymous_0)
FN:1,(anonymous_1)
FNF:2
FNH:0
FNDA:0,(anonymous_0)
FNDA:0,(anonymous_1)
DA:1,0
LF:1
LH:0
BRF:0
BRH:0
end_of_record
TN:
SF:src\redis\redis.module.ts
FN:13,(anonymous_1)
FNF:1
FNH:0
FNDA:0,(anonymous_1)
DA:1,0
DA:2,0
DA:3,0
DA:5,0
DA:14,0
DA:15,0
DA:18,0
DA:19,0
DA:26,0
LF:9
LH:0
BRDA:14,0,0,0
BRDA:14,0,1,0
BRF:2
BRH:0
end_of_record
TN:
SF:src\update\update.controller.ts
FN:25,(anonymous_4)
FN:35,(anonymous_5)
FN:44,(anonymous_6)
FN:66,(anonymous_7)
FN:76,(anonymous_8)
FNF:5
FNH:0
FNDA:0,(anonymous_4)
FNDA:0,(anonymous_5)
FNDA:0,(anonymous_6)
FNDA:0,(anonymous_7)
FNDA:0,(anonymous_8)
DA:1,0
DA:2,0
DA:4,0
DA:5,0
DA:9,0
DA:11,0
DA:27,0
DA:28,0
DA:35,0
DA:36,0
DA:44,0
DA:45,0
DA:47,0
DA:48,0
DA:51,0
DA:66,0
DA:67,0
DA:76,0
DA:77,0
DA:78,0
DA:81,0
DA:82,0
DA:86,0
DA:88,0
DA:93,0
LF:25
LH:0
BRDA:27,0,0,0
BRDA:27,0,1,0
BRDA:28,1,0,0
BRDA:28,1,1,0
BRDA:48,2,0,0
BRDA:48,2,1,0
BRDA:48,2,2,0
BRDA:56,3,0,0
BRDA:56,3,1,0
BRDA:58,4,0,0
BRDA:58,4,1,0
BRDA:81,5,0,0
BRF:12
BRH:0
end_of_record
TN:
SF:src\update\update.module.ts
FNF:0
FNH:0
DA:1,0
DA:2,0
DA:7,0
LF:3
LH:0
BRF:0
BRH:0
end_of_record
TN:
SF:src\users\users.controller.ts
FN:14,(anonymous_4)
FN:22,(anonymous_5)
FN:35,(anonymous_6)
FN:45,(anonymous_7)
FN:61,(anonymous_8)
FN:78,(anonymous_9)
FN:84,(anonymous_10)
FNF:7
FNH:0
FNDA:0,(anonymous_4)
FNDA:0,(anonymous_5)
FNDA:0,(anonymous_6)
FNDA:0,(anonymous_7)
FNDA:0,(anonymous_8)
FNDA:0,(anonymous_9)
FNDA:0,(anonymous_10)
DA:1,0
DA:2,0
DA:3,0
DA:4,0
DA:5,0
DA:6,0
DA:7,0
DA:13,0
DA:14,0
DA:22,0
DA:26,0
DA:35,0
DA:40,0
DA:45,0
DA:46,0
DA:47,0
DA:48,0
DA:51,0
DA:52,0
DA:56,0
DA:61,0
DA:62,0
DA:63,0
DA:64,0
DA:67,0
DA:68,0
DA:71,0
DA:78,0
DA:79,0
DA:84,0
DA:88,0
LF:31
LH:0
BRDA:47,0,0,0
BRDA:47,0,1,0
BRDA:48,1,0,0
BRDA:48,1,1,0
BRDA:51,2,0,0
BRDA:51,3,0,0
BRDA:51,3,1,0
BRDA:63,4,0,0
BRDA:63,4,1,0
BRDA:64,5,0,0
BRDA:64,5,1,0
BRDA:67,6,0,0
BRDA:67,7,0,0
BRDA:67,7,1,0
BRF:14
BRH:0
end_of_record
TN:
SF:src\users\users.module.ts
FNF:0
FNH:0
DA:1,0
DA:2,0
DA:3,0
DA:10,0
LF:4
LH:0
BRF:0
BRH:0
end_of_record
TN:
SF:src\users\users.service.ts
FN:21,(anonymous_2)
FN:23,(anonymous_3)
FN:51,(anonymous_4)
FN:65,(anonymous_5)
FN:82,(anonymous_6)
FN:86,(anonymous_7)
FN:120,(anonymous_8)
FN:129,(anonymous_9)
FN:132,(anonymous_10)
FN:148,(anonymous_11)
FN:177,(anonymous_12)
FNF:11
FNH:0
FNDA:0,(anonymous_2)
FNDA:0,(anonymous_3)
FNDA:0,(anonymous_4)
FNDA:0,(anonymous_5)
FNDA:0,(anonymous_6)
FNDA:0,(anonymous_7)
FNDA:0,(anonymous_8)
FNDA:0,(anonymous_9)
FNDA:0,(anonymous_10)
FNDA:0,(anonymous_11)
FNDA:0,(anonymous_12)
DA:1,0
DA:2,0
DA:3,0
DA:6,0
DA:7,0
DA:9,0
DA:20,0
DA:21,0
DA:24,0
DA:25,0
DA:27,0
DA:29,0
DA:40,0
DA:52,0
DA:53,0
DA:54,0
DA:57,0
DA:61,0
DA:62,0
DA:66,0
DA:76,0
DA:77,0
DA:82,0
DA:87,0
DA:88,0
DA:90,0
DA:109,0
DA:121,0
DA:129,0
DA:133,0
DA:134,0
DA:135,0
DA:138,0
DA:142,0
DA:143,0
DA:149,0
DA:157,0
DA:158,0
DA:161,0
DA:163,0
DA:181,0
DA:189,0
DA:190,0
DA:194,0
DA:195,0
DA:207,0
DA:221,0
DA:223,0
LF:48
LH:0
BRDA:23,0,0,0
BRDA:23,1,0,0
BRDA:23,2,0,0
BRDA:27,3,0,0
BRDA:27,3,1,0
BRDA:51,4,0,0
BRDA:53,5,0,0
BRDA:61,6,0,0
BRDA:76,7,0,0
BRDA:86,8,0,0
BRDA:86,9,0,0
BRDA:132,10,0,0
BRDA:134,11,0,0
BRDA:142,12,0,0
BRDA:157,13,0,0
BRDA:161,14,0,0
BRDA:161,14,1,0
BRDA:166,15,0,0
BRDA:166,15,1,0
BRDA:167,16,0,0
BRDA:167,16,1,0
BRDA:168,17,0,0
BRDA:168,17,1,0
BRDA:169,18,0,0
BRDA:169,18,1,0
BRDA:170,19,0,0
BRDA:170,19,1,0
BRDA:171,20,0,0
BRDA:171,20,1,0
BRDA:172,21,0,0
BRDA:172,21,1,0
BRDA:189,22,0,0
BRDA:194,23,0,0
BRDA:194,23,1,0
BRDA:197,24,0,0
BRDA:197,24,1,0
BRDA:198,25,0,0
BRDA:198,25,1,0
BRDA:199,26,0,0
BRDA:199,26,1,0
BRDA:200,27,0,0
BRDA:200,27,1,0
BRDA:201,28,0,0
BRDA:201,28,1,0
BRDA:202,29,0,0
BRDA:202,29,1,0
BRDA:203,30,0,0
BRDA:203,30,1,0
BRDA:210,31,0,0
BRDA:210,31,1,0
BRDA:221,32,0,0
BRDA:221,32,1,0
BRDA:226,33,0,0
BRDA:226,33,1,0
BRDA:227,34,0,0
BRDA:227,34,1,0
BRDA:228,35,0,0
BRDA:228,35,1,0
BRDA:229,36,0,0
BRDA:229,36,1,0
BRDA:230,37,0,0
BRDA:230,37,1,0
BRDA:231,38,0,0
BRDA:231,38,1,0
BRDA:232,39,0,0
BRDA:232,39,1,0
BRF:66
BRH:0
end_of_record
